<?xml version="1.0" encoding="utf-8"?><testsuites name="pytest tests"><testsuite name="pytest" errors="0" failures="1" skipped="2" tests="17" time="5.529" timestamp="2026-02-17T10:56:01.482177+00:00" hostname="agent-env-7e275610-be01-4c70-addb-fd1961c52c11"><testcase classname="backend.tests.test_admin_password_reset.TestAdminPasswordResetEndpoint" name="test_reset_password_for_resident_returns_success" time="1.429" /><testcase classname="backend.tests.test_admin_password_reset.TestAdminPasswordResetEndpoint" name="test_reset_password_for_guard_returns_success" time="0.421" /><testcase classname="backend.tests.test_admin_password_reset.TestAdminPasswordResetEndpoint" name="test_cannot_reset_own_password" time="0.464" /><testcase classname="backend.tests.test_admin_password_reset.TestAdminPasswordResetEndpoint" name="test_cannot_reset_superadmin_password" time="0.170"><skipped type="pytest.skip" message="No SuperAdmin found in user list">/app/backend/tests/test_admin_password_reset.py:151: No SuperAdmin found in user list</skipped></testcase><testcase classname="backend.tests.test_admin_password_reset.TestAdminPasswordResetEndpoint" name="test_admin_cannot_reset_other_admin_password" time="0.122"><skipped type="pytest.skip" message="No other admin found">/app/backend/tests/test_admin_password_reset.py:180: No other admin found</skipped></testcase><testcase classname="backend.tests.test_admin_password_reset.TestAdminPasswordResetEndpoint" name="test_resident_cannot_access_reset_endpoint" time="0.577" /><testcase classname="backend.tests.test_admin_password_reset.TestAdminPasswordResetEndpoint" name="test_reset_nonexistent_user_returns_404" time="0.107" /><testcase classname="backend.tests.test_admin_password_reset.TestVerifyResetTokenEndpoint" name="test_verify_invalid_token_returns_invalid" time="0.151" /><testcase classname="backend.tests.test_admin_password_reset.TestVerifyResetTokenEndpoint" name="test_verify_empty_token_returns_invalid" time="0.186" /><testcase classname="backend.tests.test_admin_password_reset.TestVerifyResetTokenEndpoint" name="test_verify_malformed_jwt_returns_invalid" time="0.117" /><testcase classname="backend.tests.test_admin_password_reset.TestCompletePasswordResetEndpoint" name="test_complete_with_invalid_token_returns_error" time="0.182" /><testcase classname="backend.tests.test_admin_password_reset.TestCompletePasswordResetEndpoint" name="test_complete_with_weak_password_returns_error" time="0.124"><failure message="AssertionError: Expected 400, got 422: {&quot;detail&quot;:[{&quot;type&quot;:&quot;string_too_short&quot;,&quot;loc&quot;:[&quot;body&quot;,&quot;new_password&quot;],&quot;msg&quot;:&quot;String should have at least 8 characters&quot;,&quot;input&quot;:&quot;weak&quot;,&quot;ctx&quot;:{&quot;min_length&quot;:8},&quot;url&quot;:&quot;https://errors.pydantic.dev/2.12/v/string_too_short&quot;}]}&#10;assert 422 == 400&#10; +  where 422 = &lt;Response [422]&gt;.status_code">backend/tests/test_admin_password_reset.py:288: in test_complete_with_weak_password_returns_error
    assert response.status_code == 400, f"Expected 400, got {response.status_code}: {response.text}"
E   AssertionError: Expected 400, got 422: {"detail":[{"type":"string_too_short","loc":["body","new_password"],"msg":"String should have at least 8 characters","input":"weak","ctx":{"min_length":8},"url":"https://errors.pydantic.dev/2.12/v/string_too_short"}]}
E   assert 422 == 400
E    +  where 422 = &lt;Response [422]&gt;.status_code</failure></testcase><testcase classname="backend.tests.test_admin_password_reset.TestCompletePasswordResetEndpoint" name="test_complete_without_token_returns_validation_error" time="0.166" /><testcase classname="backend.tests.test_admin_password_reset.TestCompletePasswordResetEndpoint" name="test_complete_without_password_returns_validation_error" time="0.161" /><testcase classname="backend.tests.test_admin_password_reset.TestPasswordResetFullFlow" name="test_reset_invalidates_existing_sessions" time="0.327" /><testcase classname="backend.tests.test_admin_password_reset.TestPasswordResetFullFlow" name="test_reset_sets_password_reset_required_flag" time="0.281" /><testcase classname="backend.tests.test_admin_password_reset.TestAuditLogging" name="test_reset_creates_audit_log" time="0.445" /></testsuite></testsuites>