<?xml version="1.0" encoding="utf-8"?><testsuites name="pytest tests"><testsuite name="pytest" errors="0" failures="0" skipped="0" tests="11" time="3.308" timestamp="2026-02-26T18:49:44.497390+00:00" hostname="agent-env-532d258b-1f4a-4e7d-a114-33f4967e7991"><testcase classname="backend.tests.test_admin_seat_upgrade_request.TestSeatUpgradeRequestFeature" name="test_01_superadmin_login" time="0.505" /><testcase classname="backend.tests.test_admin_seat_upgrade_request.TestSeatUpgradeRequestFeature" name="test_02_admin_login" time="0.445" /><testcase classname="backend.tests.test_admin_seat_upgrade_request.TestSeatUpgradeRequestFeature" name="test_03_upgrade_seats_requires_superadmin" time="0.132" /><testcase classname="backend.tests.test_admin_seat_upgrade_request.TestSeatUpgradeRequestFeature" name="test_04_admin_can_get_billing_info" time="0.104" /><testcase classname="backend.tests.test_admin_seat_upgrade_request.TestSeatUpgradeRequestFeature" name="test_05_admin_can_request_seat_upgrade" time="0.211" /><testcase classname="backend.tests.test_admin_seat_upgrade_request.TestSeatUpgradeRequestFeature" name="test_06_admin_can_get_pending_request" time="0.111" /><testcase classname="backend.tests.test_admin_seat_upgrade_request.TestSeatUpgradeRequestFeature" name="test_07_superadmin_can_list_upgrade_requests" time="0.133" /><testcase classname="backend.tests.test_admin_seat_upgrade_request.TestSeatUpgradeRequestFeature" name="test_08_admin_cannot_list_upgrade_requests" time="0.196" /><testcase classname="backend.tests.test_admin_seat_upgrade_request.TestSeatUpgradeRequestFeature" name="test_09_admin_cannot_approve_requests" time="0.130" /><testcase classname="backend.tests.test_admin_seat_upgrade_request.TestSeatUpgradeRequestFeature" name="test_10_superadmin_can_directly_upgrade" time="0.673" /><testcase classname="backend.tests.test_admin_seat_upgrade_request.TestSecurityValidation" name="test_unauthenticated_cannot_access_billing_endpoints" time="0.605" /></testsuite></testsuites>