<?xml version="1.0" encoding="utf-8"?><testsuites name="pytest tests"><testsuite name="pytest" errors="0" failures="0" skipped="7" tests="11" time="3.410" timestamp="2026-02-26T18:45:14.589108+00:00" hostname="agent-env-532d258b-1f4a-4e7d-a114-33f4967e7991"><testcase classname="backend.tests.test_admin_seat_upgrade_request.TestSeatUpgradeRequestFeature" name="test_01_superadmin_login" time="0.475" /><testcase classname="backend.tests.test_admin_seat_upgrade_request.TestSeatUpgradeRequestFeature" name="test_02_get_or_create_admin_user" time="0.537"><skipped type="pytest.skip" message="Could not create Admin user for testing">/app/backend/tests/test_admin_seat_upgrade_request.py:175: Could not create Admin user for testing</skipped></testcase><testcase classname="backend.tests.test_admin_seat_upgrade_request.TestSeatUpgradeRequestFeature" name="test_03_upgrade_seats_requires_superadmin" time="0.000"><skipped type="pytest.skip" message="No admin token available">/app/backend/tests/test_admin_seat_upgrade_request.py:182: No admin token available</skipped></testcase><testcase classname="backend.tests.test_admin_seat_upgrade_request.TestSeatUpgradeRequestFeature" name="test_04_admin_can_request_seat_upgrade" time="0.000"><skipped type="pytest.skip" message="No admin token available">/app/backend/tests/test_admin_seat_upgrade_request.py:202: No admin token available</skipped></testcase><testcase classname="backend.tests.test_admin_seat_upgrade_request.TestSeatUpgradeRequestFeature" name="test_05_admin_can_get_pending_request" time="0.000"><skipped type="pytest.skip" message="No admin token available">/app/backend/tests/test_admin_seat_upgrade_request.py:251: No admin token available</skipped></testcase><testcase classname="backend.tests.test_admin_seat_upgrade_request.TestSeatUpgradeRequestFeature" name="test_06_superadmin_can_list_upgrade_requests" time="0.143" /><testcase classname="backend.tests.test_admin_seat_upgrade_request.TestSeatUpgradeRequestFeature" name="test_07_admin_cannot_list_upgrade_requests" time="0.000"><skipped type="pytest.skip" message="No admin token available">/app/backend/tests/test_admin_seat_upgrade_request.py:296: No admin token available</skipped></testcase><testcase classname="backend.tests.test_admin_seat_upgrade_request.TestSeatUpgradeRequestFeature" name="test_08_superadmin_can_approve_request" time="0.161"><skipped type="pytest.skip" message="No pending request available to approve">/app/backend/tests/test_admin_seat_upgrade_request.py:328: No pending request available to approve</skipped></testcase><testcase classname="backend.tests.test_admin_seat_upgrade_request.TestSeatUpgradeRequestFeature" name="test_09_admin_cannot_approve_requests" time="0.000"><skipped type="pytest.skip" message="No admin token available">/app/backend/tests/test_admin_seat_upgrade_request.py:355: No admin token available</skipped></testcase><testcase classname="backend.tests.test_admin_seat_upgrade_request.TestSeatUpgradeRequestFeature" name="test_10_superadmin_can_directly_upgrade" time="0.858" /><testcase classname="backend.tests.test_admin_seat_upgrade_request.TestSecurityValidation" name="test_unauthenticated_cannot_access_billing_endpoints" time="1.171" /></testsuite></testsuites>