<?xml version="1.0" encoding="utf-8"?><testsuites name="pytest tests"><testsuite name="pytest" errors="0" failures="0" skipped="0" tests="27" time="4.102" timestamp="2026-04-16T21:09:02.712319+00:00" hostname="agent-env-88fa0ccb-5e4b-4f79-99eb-11b2d25f1b83"><testcase classname="backend.tests.test_asamblea_module.TestAsambleaListAndDetail" name="test_list_assemblies_admin" time="0.598" /><testcase classname="backend.tests.test_asamblea_module.TestAsambleaListAndDetail" name="test_list_assemblies_resident" time="0.535" /><testcase classname="backend.tests.test_asamblea_module.TestAsambleaListAndDetail" name="test_get_assembly_detail_admin" time="0.108" /><testcase classname="backend.tests.test_asamblea_module.TestAsambleaListAndDetail" name="test_get_assembly_detail_resident" time="0.057" /><testcase classname="backend.tests.test_asamblea_module.TestAsambleaListAndDetail" name="test_get_nonexistent_assembly" time="0.096" /><testcase classname="backend.tests.test_asamblea_module.TestAsambleaCreate" name="test_create_assembly_admin" time="0.086" /><testcase classname="backend.tests.test_asamblea_module.TestAsambleaCreate" name="test_create_assembly_virtual_with_link" time="0.065" /><testcase classname="backend.tests.test_asamblea_module.TestAsambleaCreate" name="test_create_assembly_resident_forbidden" time="0.053" /><testcase classname="backend.tests.test_asamblea_module.TestAsambleaAttendance" name="test_confirm_attendance_resident" time="0.069" /><testcase classname="backend.tests.test_asamblea_module.TestAsambleaAttendance" name="test_confirm_attendance_idempotent" time="0.116" /><testcase classname="backend.tests.test_asamblea_module.TestAsambleaAttendance" name="test_confirm_attendance_nonexistent_assembly" time="0.054" /><testcase classname="backend.tests.test_asamblea_module.TestAsambleaVoting" name="test_cast_vote_yes" time="0.125" /><testcase classname="backend.tests.test_asamblea_module.TestAsambleaVoting" name="test_cast_vote_no" time="0.115" /><testcase classname="backend.tests.test_asamblea_module.TestAsambleaVoting" name="test_cast_vote_abstain" time="0.152" /><testcase classname="backend.tests.test_asamblea_module.TestAsambleaVoting" name="test_update_vote_allowed" time="0.167" /><testcase classname="backend.tests.test_asamblea_module.TestAsambleaVoting" name="test_vote_nonvotable_item_rejected" time="0.155" /><testcase classname="backend.tests.test_asamblea_module.TestAsambleaResults" name="test_get_results" time="0.058" /><testcase classname="backend.tests.test_asamblea_module.TestAsambleaAgenda" name="test_add_agenda_item_admin" time="0.062" /><testcase classname="backend.tests.test_asamblea_module.TestAsambleaAgenda" name="test_add_agenda_item_resident_forbidden" time="0.050" /><testcase classname="backend.tests.test_asamblea_module.TestAsambleaStatusUpdate" name="test_update_status_to_in_progress" time="0.057" /><testcase classname="backend.tests.test_asamblea_module.TestAsambleaStatusUpdate" name="test_update_status_to_completed" time="0.063" /><testcase classname="backend.tests.test_asamblea_module.TestAsambleaStatusUpdate" name="test_update_status_to_cancelled" time="0.073" /><testcase classname="backend.tests.test_asamblea_module.TestAsambleaStatusUpdate" name="test_update_status_invalid_rejected" time="0.053" /><testcase classname="backend.tests.test_asamblea_module.TestAsambleaStatusUpdate" name="test_update_status_resident_forbidden" time="0.048" /><testcase classname="backend.tests.test_asamblea_module.TestAsambleaActaGeneration" name="test_generate_acta_admin" time="0.257" /><testcase classname="backend.tests.test_asamblea_module.TestAsambleaActaGeneration" name="test_generate_acta_resident_forbidden" time="0.051" /><testcase classname="backend.tests.test_asamblea_module.TestAsambleaIntegration" name="test_full_assembly_workflow" time="0.666" /></testsuite></testsuites>