<?xml version="1.0" encoding="utf-8"?><testsuites name="pytest tests"><testsuite name="pytest" errors="0" failures="2" skipped="0" tests="14" time="6.133" timestamp="2026-02-19T10:29:02.576301+00:00" hostname="agent-env-be5c1e54-6faa-408e-9443-708466aa6f22"><testcase classname="backend.tests.test_audit_export.TestAuditExportPDF" name="test_admin_export_pdf_returns_200" time="0.635" /><testcase classname="backend.tests.test_audit_export.TestAuditExportPDF" name="test_admin_export_content_type_is_pdf" time="0.480" /><testcase classname="backend.tests.test_audit_export.TestAuditExportPDF" name="test_admin_export_file_is_valid_pdf" time="0.502" /><testcase classname="backend.tests.test_audit_export.TestAuditExportPDF" name="test_admin_export_has_content_disposition" time="0.445" /><testcase classname="backend.tests.test_audit_export.TestAuditExportPDF" name="test_superadmin_export_pdf_returns_200" time="0.615" /><testcase classname="backend.tests.test_audit_export.TestAuditExportPDF" name="test_superadmin_export_is_valid_pdf" time="0.595" /><testcase classname="backend.tests.test_audit_export.TestAuditExportPDF" name="test_guard_export_returns_403" time="0.479" /><testcase classname="backend.tests.test_audit_export.TestAuditExportPDF" name="test_export_with_event_type_filter" time="0.440" /><testcase classname="backend.tests.test_audit_export.TestAuditExportPDF" name="test_export_with_from_date_filter" time="0.432" /><testcase classname="backend.tests.test_audit_export.TestAuditExportPDF" name="test_export_with_to_date_filter" time="0.165"><failure message="AssertionError: Failed to get admin token&#10;assert None is not None">backend/tests/test_audit_export.py:152: in test_export_with_to_date_filter
    assert token is not None, "Failed to get admin token"
E   AssertionError: Failed to get admin token
E   assert None is not None</failure></testcase><testcase classname="backend.tests.test_audit_export.TestAuditExportPDF" name="test_export_with_all_filters" time="0.444" /><testcase classname="backend.tests.test_audit_export.TestAuditExportPDF" name="test_export_without_token_returns_401" time="0.096" /><testcase classname="backend.tests.test_audit_export.TestAuditExportTenantFilter" name="test_admin_export_applies_tenant_filter" time="0.109"><failure message="AssertionError: Failed to get admin token&#10;assert None is not None">backend/tests/test_audit_export.py:210: in test_admin_export_applies_tenant_filter
    assert token is not None, "Failed to get admin token"
E   AssertionError: Failed to get admin token
E   assert None is not None</failure></testcase><testcase classname="backend.tests.test_audit_export.TestAuditExportTenantFilter" name="test_superadmin_sees_all_data" time="0.585" /></testsuite></testsuites>