<?xml version="1.0" encoding="utf-8"?><testsuites name="pytest tests"><testsuite name="pytest" errors="0" failures="0" skipped="0" tests="12" time="4.678" timestamp="2026-02-19T10:43:33.988974+00:00" hostname="agent-env-be5c1e54-6faa-408e-9443-708466aa6f22"><testcase classname="backend.tests.test_audit_export_fix.TestAuditExportFix" name="test_superadmin_export_returns_pdf" time="0.612" /><testcase classname="backend.tests.test_audit_export_fix.TestAuditExportFix" name="test_pdf_has_content_not_empty" time="0.290" /><testcase classname="backend.tests.test_audit_export_fix.TestAuditExportFix" name="test_pdf_is_valid_format" time="0.292" /><testcase classname="backend.tests.test_audit_export_fix.TestAuditExportFix" name="test_pdf_content_disposition_header" time="0.302" /><testcase classname="backend.tests.test_audit_export_fix.TestAuditExportFix" name="test_admin_export_returns_pdf" time="0.617" /><testcase classname="backend.tests.test_audit_export_fix.TestAuditExportFix" name="test_superadmin_sees_more_logs_than_admin" time="0.561" /><testcase classname="backend.tests.test_audit_export_fix.TestAuditExportFix" name="test_export_with_date_filter" time="0.270" /><testcase classname="backend.tests.test_audit_export_fix.TestAuditExportFix" name="test_export_with_event_type_filter" time="0.255" /><testcase classname="backend.tests.test_audit_export_fix.TestAuditExportAccess" name="test_unauthorized_without_token" time="0.108" /><testcase classname="backend.tests.test_audit_export_fix.TestAuditExportAccess" name="test_guard_cannot_export" time="0.428" /><testcase classname="backend.tests.test_audit_export_fix.TestAuditLogsExistence" name="test_audit_logs_list_exists" time="0.463" /><testcase classname="backend.tests.test_audit_export_fix.TestAuditLogsExistence" name="test_pdf_reflects_actual_data" time="0.422" /></testsuite></testsuites>