<?xml version="1.0" encoding="utf-8"?><testsuites name="pytest tests"><testsuite name="pytest" errors="0" failures="0" skipped="6" tests="16" time="6.295" timestamp="2026-02-26T19:47:11.142489+00:00" hostname="agent-env-1650a21b-9430-4530-aee4-88c7c69b3f87"><testcase classname="backend.tests.test_billing_overview_pagination.TestBillingOverviewAPI" name="test_basic_pagination" time="0.638" /><testcase classname="backend.tests.test_billing_overview_pagination.TestBillingOverviewAPI" name="test_custom_page_size" time="0.500" /><testcase classname="backend.tests.test_billing_overview_pagination.TestBillingOverviewAPI" name="test_page_navigation" time="0.533" /><testcase classname="backend.tests.test_billing_overview_pagination.TestBillingOverviewAPI" name="test_filter_by_single_billing_status" time="0.443" /><testcase classname="backend.tests.test_billing_overview_pagination.TestBillingOverviewAPI" name="test_filter_by_multiple_billing_statuses" time="0.535" /><testcase classname="backend.tests.test_billing_overview_pagination.TestBillingOverviewAPI" name="test_filter_by_billing_provider_sinpe" time="0.467" /><testcase classname="backend.tests.test_billing_overview_pagination.TestBillingOverviewAPI" name="test_filter_by_billing_provider_stripe" time="0.524" /><testcase classname="backend.tests.test_billing_overview_pagination.TestBillingOverviewAPI" name="test_filter_by_billing_provider_manual" time="0.149"><skipped type="pytest.skip" message="SuperAdmin login failed: 429 - {&quot;error&quot;:&quot;Too many login attempts. Please try again later.&quot;,&quot;detail&quot;:&quot;Too many login attempts. Please try again later.&quot;,&quot;request_id&quot;:&quot;15399d64-1ec0-4226-acde-1af657187a20&quot;}">/app/backend/tests/test_billing_overview_pagination.py:193: SuperAdmin login failed: 429 - {"error":"Too many login attempts. Please try again later.","detail":"Too many login attempts. Please try again later.","request_id":"15399d64-1ec0-4226-acde-1af657187a20"}</skipped></testcase><testcase classname="backend.tests.test_billing_overview_pagination.TestBillingOverviewAPI" name="test_search_by_name" time="0.624" /><testcase classname="backend.tests.test_billing_overview_pagination.TestBillingOverviewAPI" name="test_sort_by_next_invoice_amount_desc" time="0.434" /><testcase classname="backend.tests.test_billing_overview_pagination.TestBillingOverviewAPI" name="test_sort_by_paid_seats_asc" time="0.239"><skipped type="pytest.skip" message="SuperAdmin login failed: 429 - {&quot;error&quot;:&quot;Too many login attempts. Please try again later.&quot;,&quot;detail&quot;:&quot;Too many login attempts. Please try again later.&quot;,&quot;request_id&quot;:&quot;0f15babf-6401-4d24-ac93-2de78907636d&quot;}">/app/backend/tests/test_billing_overview_pagination.py:265: SuperAdmin login failed: 429 - {"error":"Too many login attempts. Please try again later.","detail":"Too many login attempts. Please try again later.","request_id":"0f15babf-6401-4d24-ac93-2de78907636d"}</skipped></testcase><testcase classname="backend.tests.test_billing_overview_pagination.TestBillingOverviewAPI" name="test_sort_by_condominium_name" time="0.258"><skipped type="pytest.skip" message="SuperAdmin login failed: 429 - {&quot;error&quot;:&quot;Too many login attempts. Please try again later.&quot;,&quot;detail&quot;:&quot;Too many login attempts. Please try again later.&quot;,&quot;request_id&quot;:&quot;7b913adc-87fc-4101-bdcc-866fa26973fb&quot;}">/app/backend/tests/test_billing_overview_pagination.py:285: SuperAdmin login failed: 429 - {"error":"Too many login attempts. Please try again later.","detail":"Too many login attempts. Please try again later.","request_id":"7b913adc-87fc-4101-bdcc-866fa26973fb"}</skipped></testcase><testcase classname="backend.tests.test_billing_overview_pagination.TestBillingOverviewAPI" name="test_totals_calculation" time="0.460" /><testcase classname="backend.tests.test_billing_overview_pagination.TestBillingOverviewAPI" name="test_combined_filters" time="0.148"><skipped type="pytest.skip" message="SuperAdmin login failed: 429 - {&quot;error&quot;:&quot;Too many login attempts. Please try again later.&quot;,&quot;detail&quot;:&quot;Too many login attempts. Please try again later.&quot;,&quot;request_id&quot;:&quot;11d56b4d-39fb-498d-af88-31858eadb347&quot;}">/app/backend/tests/test_billing_overview_pagination.py:328: SuperAdmin login failed: 429 - {"error":"Too many login attempts. Please try again later.","detail":"Too many login attempts. Please try again later.","request_id":"11d56b4d-39fb-498d-af88-31858eadb347"}</skipped></testcase><testcase classname="backend.tests.test_billing_overview_pagination.TestBillingOverviewAPI" name="test_unauthorized_access" time="0.136"><skipped type="pytest.skip" message="SuperAdmin login failed: 429 - {&quot;error&quot;:&quot;Too many login attempts. Please try again later.&quot;,&quot;detail&quot;:&quot;Too many login attempts. Please try again later.&quot;,&quot;request_id&quot;:&quot;e99a9ce5-afd0-4707-89e6-d471da60e7ef&quot;}">/app/backend/tests/test_billing_overview_pagination.py:349: SuperAdmin login failed: 429 - {"error":"Too many login attempts. Please try again later.","detail":"Too many login attempts. Please try again later.","request_id":"e99a9ce5-afd0-4707-89e6-d471da60e7ef"}</skipped></testcase><testcase classname="backend.tests.test_billing_overview_pagination.TestBillingOverviewAPI" name="test_response_condo_fields" time="0.125"><skipped type="pytest.skip" message="SuperAdmin login failed: 429 - {&quot;error&quot;:&quot;Too many login attempts. Please try again later.&quot;,&quot;detail&quot;:&quot;Too many login attempts. Please try again later.&quot;,&quot;request_id&quot;:&quot;ce364e62-422b-473e-b06a-3d0f974bd727&quot;}">/app/backend/tests/test_billing_overview_pagination.py:362: SuperAdmin login failed: 429 - {"error":"Too many login attempts. Please try again later.","detail":"Too many login attempts. Please try again later.","request_id":"ce364e62-422b-473e-b06a-3d0f974bd727"}</skipped></testcase></testsuite></testsuites>