<?xml version="1.0" encoding="utf-8"?><testsuites name="pytest tests"><testsuite name="pytest" errors="0" failures="1" skipped="12" tests="25" time="7.489" timestamp="2026-02-26T21:30:36.138994+00:00" hostname="agent-env-43638c86-f26d-4f34-a4cd-34daaf611925"><testcase classname="backend.tests.test_billing_router_phase2.TestBillingRouterPhase2" name="test_scheduler_status_endpoint" time="0.743"><failure message="AssertionError: Response should have 'status'&#10;assert 'status' in {'is_running': True, 'last_run': {'created_at': '2026-02-26T21:06:12.419138+00:00', 'emails_sent': 0, 'errors': 0, 'run_date': '2026-02-26', ...}, 'next_run_scheduled': '2026-02-27T02:00:00+00:00'}">backend/tests/test_billing_router_phase2.py:77: in test_scheduler_status_endpoint
    assert "status" in data, "Response should have 'status'"
E   AssertionError: Response should have 'status'
E   assert 'status' in {'is_running': True, 'last_run': {'created_at': '2026-02-26T21:06:12.419138+00:00', 'emails_sent': 0, 'errors': 0, 'run_date': '2026-02-26', ...}, 'next_run_scheduled': '2026-02-27T02:00:00+00:00'}</failure></testcase><testcase classname="backend.tests.test_billing_router_phase2.TestBillingRouterPhase2" name="test_scheduler_history_endpoint" time="0.488" /><testcase classname="backend.tests.test_billing_router_phase2.TestBillingRouterPhase2" name="test_scheduler_run_now_endpoint" time="0.485" /><testcase classname="backend.tests.test_billing_router_phase2.TestBillingRouterPhase2" name="test_billing_preview_endpoint" time="0.529" /><testcase classname="backend.tests.test_billing_router_phase2.TestBillingRouterPhase2" name="test_billing_preview_yearly_discount" time="0.491" /><testcase classname="backend.tests.test_billing_router_phase2.TestBillingRouterPhase2" name="test_balance_endpoint" time="0.534" /><testcase classname="backend.tests.test_billing_router_phase2.TestBillingRouterPhase2" name="test_balance_nonexistent_condo" time="0.508" /><testcase classname="backend.tests.test_billing_router_phase2.TestBillingRouterPhase2" name="test_payments_list_endpoint" time="0.528" /><testcase classname="backend.tests.test_billing_router_phase2.TestBillingRouterPhase2" name="test_payments_by_condo_endpoint" time="0.505" /><testcase classname="backend.tests.test_billing_router_phase2.TestBillingRouterPhase2" name="test_confirm_payment_validation" time="0.542" /><testcase classname="backend.tests.test_billing_router_phase2.TestBillingRouterPhase2" name="test_confirm_payment_nonexistent_condo" time="0.140"><skipped type="pytest.skip" message="SuperAdmin login failed: 429">/app/backend/tests/test_billing_router_phase2.py:223: SuperAdmin login failed: 429</skipped></testcase><testcase classname="backend.tests.test_billing_router_phase2.TestBillingRouterPhase2" name="test_upgrade_requests_list_endpoint" time="0.133"><skipped type="pytest.skip" message="SuperAdmin login failed: 429">/app/backend/tests/test_billing_router_phase2.py:243: SuperAdmin login failed: 429</skipped></testcase><testcase classname="backend.tests.test_billing_router_phase2.TestBillingRouterPhase2" name="test_seat_status_endpoint" time="0.112"><skipped type="pytest.skip" message="SuperAdmin login failed: 429">/app/backend/tests/test_billing_router_phase2.py:254: SuperAdmin login failed: 429</skipped></testcase><testcase classname="backend.tests.test_billing_router_phase2.TestBillingRouterPhase2" name="test_approve_upgrade_invalid_request" time="0.131"><skipped type="pytest.skip" message="SuperAdmin login failed: 429">/app/backend/tests/test_billing_router_phase2.py:268: SuperAdmin login failed: 429</skipped></testcase><testcase classname="backend.tests.test_billing_router_phase2.TestBillingRouterPhase2" name="test_billing_info_endpoint" time="0.129"><skipped type="pytest.skip" message="SuperAdmin login failed: 429">/app/backend/tests/test_billing_router_phase2.py:285: SuperAdmin login failed: 429</skipped></testcase><testcase classname="backend.tests.test_billing_router_phase2.TestBillingRouterPhase2" name="test_can_create_user_endpoint" time="0.128"><skipped type="pytest.skip" message="SuperAdmin login failed: 429">/app/backend/tests/test_billing_router_phase2.py:299: SuperAdmin login failed: 429</skipped></testcase><testcase classname="backend.tests.test_billing_router_phase2.TestBillingRouterPhase2" name="test_superadmin_billing_overview_pagination" time="0.118"><skipped type="pytest.skip" message="SuperAdmin login failed: 429">/app/backend/tests/test_billing_router_phase2.py:314: SuperAdmin login failed: 429</skipped></testcase><testcase classname="backend.tests.test_billing_router_phase2.TestBillingRouterPhase2" name="test_superadmin_billing_overview_filtering" time="0.124"><skipped type="pytest.skip" message="SuperAdmin login failed: 429">/app/backend/tests/test_billing_router_phase2.py:330: SuperAdmin login failed: 429</skipped></testcase><testcase classname="backend.tests.test_billing_router_phase2.TestBillingRouterPhase2" name="test_superadmin_billing_overview_search" time="0.134"><skipped type="pytest.skip" message="SuperAdmin login failed: 429">/app/backend/tests/test_billing_router_phase2.py:347: SuperAdmin login failed: 429</skipped></testcase><testcase classname="backend.tests.test_billing_router_phase2.TestBillingRouterPhase2" name="test_get_condominium_billing" time="0.154"><skipped type="pytest.skip" message="SuperAdmin login failed: 429">/app/backend/tests/test_billing_router_phase2.py:357: SuperAdmin login failed: 429</skipped></testcase><testcase classname="backend.tests.test_billing_router_phase2.TestBillingRouterPhase2" name="test_patch_superadmin_condominium_billing" time="0.159"><skipped type="pytest.skip" message="SuperAdmin login failed: 429">/app/backend/tests/test_billing_router_phase2.py:372: SuperAdmin login failed: 429</skipped></testcase><testcase classname="backend.tests.test_billing_router_phase2.TestBillingRouterPhase2" name="test_request_seat_upgrade_requires_admin" time="0.127"><skipped type="pytest.skip" message="SuperAdmin login failed: 429">/app/backend/tests/test_billing_router_phase2.py:395: SuperAdmin login failed: 429</skipped></testcase><testcase classname="backend.tests.test_billing_router_phase2.TestBillingRouterAccessControl" name="test_scheduler_requires_auth" time="0.124" /><testcase classname="backend.tests.test_billing_router_phase2.TestBillingRouterAccessControl" name="test_billing_overview_requires_superadmin" time="0.179" /><testcase classname="backend.tests.test_billing_router_phase2.TestBillingRouterAccessControl" name="test_payments_list_requires_auth" time="0.138" /></testsuite></testsuites>