<?xml version="1.0" encoding="utf-8"?><testsuites name="pytest tests"><testsuite name="pytest" errors="0" failures="0" skipped="0" tests="17" time="3.612" timestamp="2026-02-26T20:16:16.327299+00:00" hostname="agent-env-1650a21b-9430-4530-aee4-88c7c69b3f87"><testcase classname="backend.tests.test_billing_scheduler.TestBillingSchedulerStatus" name="test_scheduler_status_returns_info" time="0.462" /><testcase classname="backend.tests.test_billing_scheduler.TestBillingSchedulerRunNow" name="test_scheduler_run_now_executes_check" time="0.069" /><testcase classname="backend.tests.test_billing_scheduler.TestBillingSchedulerRunNow" name="test_scheduler_is_idempotent" time="0.142" /><testcase classname="backend.tests.test_billing_scheduler.TestBillingSchedulerRunNow" name="test_run_now_returns_detailed_results" time="0.140" /><testcase classname="backend.tests.test_billing_scheduler.TestBillingSchedulerHistory" name="test_scheduler_history_returns_runs" time="0.063" /><testcase classname="backend.tests.test_billing_scheduler.TestBillingSchedulerHistory" name="test_scheduler_history_limit_param" time="0.075" /><testcase classname="backend.tests.test_billing_scheduler.TestBillingSchedulerHistory" name="test_scheduler_history_ordered_by_time" time="0.064" /><testcase classname="backend.tests.test_billing_scheduler.TestGracePeriodUpdate" name="test_update_grace_period_for_condo" time="0.269" /><testcase classname="backend.tests.test_billing_scheduler.TestGracePeriodUpdate" name="test_update_grace_period_invalid_range" time="0.157" /><testcase classname="backend.tests.test_billing_scheduler.TestGracePeriodUpdate" name="test_update_grace_period_nonexistent_condo" time="0.071" /><testcase classname="backend.tests.test_billing_scheduler.TestConfirmPayment" name="test_confirm_payment_restores_active_status" time="0.794" /><testcase classname="backend.tests.test_billing_scheduler.TestConfirmPayment" name="test_confirm_payment_calculates_next_billing_date" time="0.645" /><testcase classname="backend.tests.test_billing_scheduler.TestConfirmPayment" name="test_confirm_payment_demo_condo_rejected" time="0.151" /><testcase classname="backend.tests.test_billing_scheduler.TestBillingEvents" name="test_billing_events_endpoint_exists" time="0.148" /><testcase classname="backend.tests.test_billing_scheduler.TestPartialBlocking" name="test_superadmin_never_blocked" time="0.103" /><testcase classname="backend.tests.test_billing_scheduler.TestPartialBlocking" name="test_billing_routes_always_allowed" time="0.066" /><testcase classname="backend.tests.test_billing_scheduler.TestPartialBlocking" name="test_health_routes_always_allowed" time="0.110" /></testsuite></testsuites>