<?xml version="1.0" encoding="utf-8"?><testsuites name="pytest tests"><testsuite name="pytest" errors="0" failures="1" skipped="0" tests="26" time="2.988" timestamp="2026-02-26T21:32:25.180576+00:00" hostname="agent-env-43638c86-f26d-4f34-a4cd-34daaf611925"><testcase classname="backend.tests.test_billing_router_phase2.TestBillingSchedulerEndpoints" name="test_scheduler_status" time="0.648" /><testcase classname="backend.tests.test_billing_router_phase2.TestBillingSchedulerEndpoints" name="test_scheduler_history" time="0.067" /><testcase classname="backend.tests.test_billing_router_phase2.TestBillingSchedulerEndpoints" name="test_scheduler_run_now" time="0.066" /><testcase classname="backend.tests.test_billing_router_phase2.TestBillingPreviewEndpoint" name="test_billing_preview_monthly" time="0.103" /><testcase classname="backend.tests.test_billing_router_phase2.TestBillingPreviewEndpoint" name="test_billing_preview_yearly" time="0.067" /><testcase classname="backend.tests.test_billing_router_phase2.TestBillingBalanceEndpoint" name="test_balance_valid_condo" time="0.183" /><testcase classname="backend.tests.test_billing_router_phase2.TestBillingBalanceEndpoint" name="test_balance_nonexistent_condo" time="0.068" /><testcase classname="backend.tests.test_billing_router_phase2.TestPaymentHistoryEndpoints" name="test_payments_list" time="0.073" /><testcase classname="backend.tests.test_billing_router_phase2.TestPaymentHistoryEndpoints" name="test_payments_by_condo" time="0.081" /><testcase classname="backend.tests.test_billing_router_phase2.TestPaymentConfirmationEndpoint" name="test_confirm_payment_validation" time="0.084" /><testcase classname="backend.tests.test_billing_router_phase2.TestPaymentConfirmationEndpoint" name="test_confirm_payment_nonexistent_condo" time="0.082" /><testcase classname="backend.tests.test_billing_router_phase2.TestSeatUpgradeWorkflow" name="test_upgrade_requests_list" time="0.076" /><testcase classname="backend.tests.test_billing_router_phase2.TestSeatUpgradeWorkflow" name="test_seat_status" time="0.063" /><testcase classname="backend.tests.test_billing_router_phase2.TestSeatUpgradeWorkflow" name="test_approve_upgrade_nonexistent_request" time="0.067" /><testcase classname="backend.tests.test_billing_router_phase2.TestBillingInfoEndpoints" name="test_billing_info_superadmin" time="0.063" /><testcase classname="backend.tests.test_billing_router_phase2.TestBillingInfoEndpoints" name="test_can_create_user_superadmin" time="0.081" /><testcase classname="backend.tests.test_billing_router_phase2.TestSuperAdminBillingOverview" name="test_billing_overview_basic" time="0.078" /><testcase classname="backend.tests.test_billing_router_phase2.TestSuperAdminBillingOverview" name="test_billing_overview_pagination" time="0.088" /><testcase classname="backend.tests.test_billing_router_phase2.TestSuperAdminBillingOverview" name="test_billing_overview_status_filter" time="0.081" /><testcase classname="backend.tests.test_billing_router_phase2.TestSuperAdminBillingOverview" name="test_billing_overview_search" time="0.080" /><testcase classname="backend.tests.test_billing_router_phase2.TestCondominiumBillingEndpoints" name="test_get_condominium_billing" time="0.078"><failure message="AssertionError: Expected 200, got 403&#10;assert 403 == 200&#10; +  where 403 = &lt;Response [403]&gt;.status_code">backend/tests/test_billing_router_phase2.py:368: in test_get_condominium_billing
    assert response.status_code == 200, f"Expected 200, got {response.status_code}"
E   AssertionError: Expected 200, got 403
E   assert 403 == 200
E    +  where 403 = &lt;Response [403]&gt;.status_code</failure></testcase><testcase classname="backend.tests.test_billing_router_phase2.TestCondominiumBillingEndpoints" name="test_patch_superadmin_condominium_billing_exists" time="0.076" /><testcase classname="backend.tests.test_billing_router_phase2.TestBillingRouterAccessControl" name="test_scheduler_requires_auth" time="0.211" /><testcase classname="backend.tests.test_billing_router_phase2.TestBillingRouterAccessControl" name="test_billing_overview_requires_superadmin" time="0.111" /><testcase classname="backend.tests.test_billing_router_phase2.TestBillingRouterAccessControl" name="test_payments_requires_auth" time="0.134" /><testcase classname="backend.tests.test_billing_router_phase2.TestRequestSeatUpgradeEndpoint" name="test_request_upgrade_requires_admin" time="0.068" /></testsuite></testsuites>