<?xml version="1.0" encoding="utf-8"?><testsuites name="pytest tests"><testsuite name="pytest" errors="0" failures="1" skipped="0" tests="27" time="3.560" timestamp="2026-02-26T21:53:38.502665+00:00" hostname="agent-env-43638c86-f26d-4f34-a4cd-34daaf611925"><testcase classname="backend.tests.test_billing_phase3_decoupling.TestSchedulerEndpoints" name="test_scheduler_status" time="1.517" /><testcase classname="backend.tests.test_billing_phase3_decoupling.TestSchedulerEndpoints" name="test_scheduler_run_now" time="0.067" /><testcase classname="backend.tests.test_billing_phase3_decoupling.TestSchedulerEndpoints" name="test_scheduler_history" time="0.081" /><testcase classname="backend.tests.test_billing_phase3_decoupling.TestBillingPreview" name="test_billing_preview_monthly" time="0.066" /><testcase classname="backend.tests.test_billing_phase3_decoupling.TestBillingPreview" name="test_billing_preview_yearly" time="0.061" /><testcase classname="backend.tests.test_billing_phase3_decoupling.TestPaymentEndpoints" name="test_confirm_payment_invalid_condo" time="0.106" /><testcase classname="backend.tests.test_billing_phase3_decoupling.TestPaymentEndpoints" name="test_confirm_payment_validation" time="0.157" /><testcase classname="backend.tests.test_billing_phase3_decoupling.TestPaymentEndpoints" name="test_payment_history_list" time="0.064" /><testcase classname="backend.tests.test_billing_phase3_decoupling.TestPaymentEndpoints" name="test_payment_history_by_condo" time="0.089" /><testcase classname="backend.tests.test_billing_phase3_decoupling.TestBillingBalance" name="test_billing_balance" time="0.120" /><testcase classname="backend.tests.test_billing_phase3_decoupling.TestBillingBalance" name="test_billing_balance_not_found" time="0.062" /><testcase classname="backend.tests.test_billing_phase3_decoupling.TestSeatManagement" name="test_seat_status" time="0.089"><failure message="AssertionError: Missing remaining_seats&#10;assert 'remaining_seats' in {'billing_status': 'pending_payment', 'can_create': True, 'current_users': 1, 'paid_seats': 100, ...}">backend/tests/test_billing_phase3_decoupling.py:305: in test_seat_status
    assert "remaining_seats" in data, "Missing remaining_seats"
E   AssertionError: Missing remaining_seats
E   assert 'remaining_seats' in {'billing_status': 'pending_payment', 'can_create': True, 'current_users': 1, 'paid_seats': 100, ...}</failure></testcase><testcase classname="backend.tests.test_billing_phase3_decoupling.TestSeatManagement" name="test_update_seats_validation" time="0.073" /><testcase classname="backend.tests.test_billing_phase3_decoupling.TestSeatUpgradeWorkflow" name="test_upgrade_requests_list" time="0.061" /><testcase classname="backend.tests.test_billing_phase3_decoupling.TestSeatUpgradeWorkflow" name="test_request_seat_upgrade_requires_admin" time="0.059" /><testcase classname="backend.tests.test_billing_phase3_decoupling.TestSeatUpgradeWorkflow" name="test_approve_upgrade_invalid_id" time="0.056" /><testcase classname="backend.tests.test_billing_phase3_decoupling.TestBillingOverview" name="test_billing_overview" time="0.069" /><testcase classname="backend.tests.test_billing_phase3_decoupling.TestBillingOverview" name="test_billing_overview_pagination" time="0.069" /><testcase classname="backend.tests.test_billing_phase3_decoupling.TestBillingOverview" name="test_billing_overview_filter" time="0.063" /><testcase classname="backend.tests.test_billing_phase3_decoupling.TestGracePeriod" name="test_update_grace_period" time="0.068" /><testcase classname="backend.tests.test_billing_phase3_decoupling.TestGracePeriod" name="test_update_grace_period_validation" time="0.061" /><testcase classname="backend.tests.test_billing_phase3_decoupling.TestAccessControl" name="test_scheduler_requires_auth" time="0.066" /><testcase classname="backend.tests.test_billing_phase3_decoupling.TestAccessControl" name="test_billing_overview_requires_auth" time="0.058" /><testcase classname="backend.tests.test_billing_phase3_decoupling.TestAccessControl" name="test_payments_requires_auth" time="0.061" /><testcase classname="backend.tests.test_billing_phase3_decoupling.TestBillingModuleImports" name="test_billing_info_endpoint" time="0.055" /><testcase classname="backend.tests.test_billing_phase3_decoupling.TestBillingModuleImports" name="test_can_create_user_endpoint" time="0.071" /><testcase classname="backend.tests.test_billing_phase3_decoupling.TestBillingModuleImports" name="test_billing_events" time="0.077" /></testsuite></testsuites>