<?xml version="1.0" encoding="utf-8"?><testsuites name="pytest tests"><testsuite name="pytest" errors="0" failures="1" skipped="12" tests="17" time="4.447" timestamp="2026-02-26T20:13:50.492196+00:00" hostname="agent-env-1650a21b-9430-4530-aee4-88c7c69b3f87"><testcase classname="backend.tests.test_billing_scheduler.TestBillingSchedulerAPI" name="test_scheduler_status_returns_info" time="0.625" /><testcase classname="backend.tests.test_billing_scheduler.TestBillingSchedulerAPI" name="test_scheduler_run_now_executes_check" time="0.450" /><testcase classname="backend.tests.test_billing_scheduler.TestBillingSchedulerAPI" name="test_scheduler_history_returns_runs" time="0.493" /><testcase classname="backend.tests.test_billing_scheduler.TestBillingSchedulerAPI" name="test_scheduler_history_limit_param" time="0.425" /><testcase classname="backend.tests.test_billing_scheduler.TestBillingSchedulerAPI" name="test_update_grace_period_for_condo" time="0.416"><failure message="assert 404 == 200&#10; +  where 404 = &lt;Response [404]&gt;.status_code">backend/tests/test_billing_scheduler.py:126: in test_update_grace_period_for_condo
    assert condos_resp.status_code == 200
E   assert 404 == 200
E    +  where 404 = &lt;Response [404]&gt;.status_code</failure></testcase><testcase classname="backend.tests.test_billing_scheduler.TestBillingSchedulerAPI" name="test_update_grace_period_invalid_range" time="0.156"><skipped type="pytest.skip" message="SuperAdmin login failed: 429">/app/backend/tests/test_billing_scheduler.py:157: SuperAdmin login failed: 429</skipped></testcase><testcase classname="backend.tests.test_billing_scheduler.TestBillingSchedulerAPI" name="test_update_grace_period_nonexistent_condo" time="0.131"><skipped type="pytest.skip" message="SuperAdmin login failed: 429">/app/backend/tests/test_billing_scheduler.py:173: SuperAdmin login failed: 429</skipped></testcase><testcase classname="backend.tests.test_billing_scheduler.TestBillingStatusTransitions" name="test_scheduler_is_idempotent" time="0.139"><skipped type="pytest.skip" message="SuperAdmin login failed: 429">/app/backend/tests/test_billing_scheduler.py:261: SuperAdmin login failed: 429</skipped></testcase><testcase classname="backend.tests.test_billing_scheduler.TestConfirmPaymentEndpoint" name="test_confirm_payment_restores_active_status" time="0.130"><skipped type="pytest.skip" message="SuperAdmin login failed: 429">/app/backend/tests/test_billing_scheduler.py:320: SuperAdmin login failed: 429</skipped></testcase><testcase classname="backend.tests.test_billing_scheduler.TestConfirmPaymentEndpoint" name="test_confirm_payment_calculates_next_billing_date" time="0.111"><skipped type="pytest.skip" message="SuperAdmin login failed: 429">/app/backend/tests/test_billing_scheduler.py:364: SuperAdmin login failed: 429</skipped></testcase><testcase classname="backend.tests.test_billing_scheduler.TestConfirmPaymentEndpoint" name="test_confirm_payment_demo_condo_rejected" time="0.158"><skipped type="pytest.skip" message="SuperAdmin login failed: 429">/app/backend/tests/test_billing_scheduler.py:405: SuperAdmin login failed: 429</skipped></testcase><testcase classname="backend.tests.test_billing_scheduler.TestBillingEventsLogging" name="test_billing_events_endpoint_exists" time="0.139"><skipped type="pytest.skip" message="SuperAdmin login failed">/app/backend/tests/test_billing_scheduler.py:452: SuperAdmin login failed</skipped></testcase><testcase classname="backend.tests.test_billing_scheduler.TestPartialBlockingMiddleware" name="test_superadmin_never_blocked" time="0.139"><skipped type="pytest.skip" message="SuperAdmin login failed">/app/backend/tests/test_billing_scheduler.py:508: SuperAdmin login failed</skipped></testcase><testcase classname="backend.tests.test_billing_scheduler.TestPartialBlockingMiddleware" name="test_billing_routes_always_allowed" time="0.403"><skipped type="pytest.skip" message="SuperAdmin login failed">/app/backend/tests/test_billing_scheduler.py:518: SuperAdmin login failed</skipped></testcase><testcase classname="backend.tests.test_billing_scheduler.TestPartialBlockingMiddleware" name="test_health_routes_always_allowed" time="0.111"><skipped type="pytest.skip" message="SuperAdmin login failed">/app/backend/tests/test_billing_scheduler.py:524: SuperAdmin login failed</skipped></testcase><testcase classname="backend.tests.test_billing_scheduler.TestSchedulerRunDetails" name="test_run_now_returns_detailed_results" time="0.184"><skipped type="pytest.skip" message="SuperAdmin login failed">/app/backend/tests/test_billing_scheduler.py:554: SuperAdmin login failed</skipped></testcase><testcase classname="backend.tests.test_billing_scheduler.TestSchedulerRunDetails" name="test_scheduler_history_ordered_by_time" time="0.124"><skipped type="pytest.skip" message="SuperAdmin login failed">/app/backend/tests/test_billing_scheduler.py:573: SuperAdmin login failed</skipped></testcase></testsuite></testsuites>