<?xml version="1.0" encoding="utf-8"?><testsuites name="pytest tests"><testsuite name="pytest" errors="0" failures="0" skipped="0" tests="26" time="2.978" timestamp="2026-02-26T21:32:48.025272+00:00" hostname="agent-env-43638c86-f26d-4f34-a4cd-34daaf611925"><testcase classname="backend.tests.test_billing_router_phase2.TestBillingSchedulerEndpoints" name="test_scheduler_status" time="0.482" /><testcase classname="backend.tests.test_billing_router_phase2.TestBillingSchedulerEndpoints" name="test_scheduler_history" time="0.087" /><testcase classname="backend.tests.test_billing_router_phase2.TestBillingSchedulerEndpoints" name="test_scheduler_run_now" time="0.112" /><testcase classname="backend.tests.test_billing_router_phase2.TestBillingPreviewEndpoint" name="test_billing_preview_monthly" time="0.071" /><testcase classname="backend.tests.test_billing_router_phase2.TestBillingPreviewEndpoint" name="test_billing_preview_yearly" time="0.084" /><testcase classname="backend.tests.test_billing_router_phase2.TestBillingBalanceEndpoint" name="test_balance_valid_condo" time="0.152" /><testcase classname="backend.tests.test_billing_router_phase2.TestBillingBalanceEndpoint" name="test_balance_nonexistent_condo" time="0.078" /><testcase classname="backend.tests.test_billing_router_phase2.TestPaymentHistoryEndpoints" name="test_payments_list" time="0.083" /><testcase classname="backend.tests.test_billing_router_phase2.TestPaymentHistoryEndpoints" name="test_payments_by_condo" time="0.108" /><testcase classname="backend.tests.test_billing_router_phase2.TestPaymentConfirmationEndpoint" name="test_confirm_payment_validation" time="0.068" /><testcase classname="backend.tests.test_billing_router_phase2.TestPaymentConfirmationEndpoint" name="test_confirm_payment_nonexistent_condo" time="0.110" /><testcase classname="backend.tests.test_billing_router_phase2.TestSeatUpgradeWorkflow" name="test_upgrade_requests_list" time="0.106" /><testcase classname="backend.tests.test_billing_router_phase2.TestSeatUpgradeWorkflow" name="test_seat_status" time="0.079" /><testcase classname="backend.tests.test_billing_router_phase2.TestSeatUpgradeWorkflow" name="test_approve_upgrade_nonexistent_request" time="0.063" /><testcase classname="backend.tests.test_billing_router_phase2.TestBillingInfoEndpoints" name="test_billing_info_superadmin" time="0.081" /><testcase classname="backend.tests.test_billing_router_phase2.TestBillingInfoEndpoints" name="test_can_create_user_superadmin" time="0.070" /><testcase classname="backend.tests.test_billing_router_phase2.TestSuperAdminBillingOverview" name="test_billing_overview_basic" time="0.176" /><testcase classname="backend.tests.test_billing_router_phase2.TestSuperAdminBillingOverview" name="test_billing_overview_pagination" time="0.092" /><testcase classname="backend.tests.test_billing_router_phase2.TestSuperAdminBillingOverview" name="test_billing_overview_status_filter" time="0.102" /><testcase classname="backend.tests.test_billing_router_phase2.TestSuperAdminBillingOverview" name="test_billing_overview_search" time="0.074" /><testcase classname="backend.tests.test_billing_router_phase2.TestCondominiumBillingEndpoints" name="test_get_condominium_billing_requires_admin" time="0.072" /><testcase classname="backend.tests.test_billing_router_phase2.TestCondominiumBillingEndpoints" name="test_patch_superadmin_condominium_billing_exists" time="0.063" /><testcase classname="backend.tests.test_billing_router_phase2.TestBillingRouterAccessControl" name="test_scheduler_requires_auth" time="0.122" /><testcase classname="backend.tests.test_billing_router_phase2.TestBillingRouterAccessControl" name="test_billing_overview_requires_superadmin" time="0.121" /><testcase classname="backend.tests.test_billing_router_phase2.TestBillingRouterAccessControl" name="test_payments_requires_auth" time="0.152" /><testcase classname="backend.tests.test_billing_router_phase2.TestRequestSeatUpgradeEndpoint" name="test_request_upgrade_requires_admin" time="0.079" /></testsuite></testsuites>