<?xml version="1.0" encoding="utf-8"?><testsuites name="pytest tests"><testsuite name="pytest" errors="0" failures="0" skipped="5" tests="15" time="5.579" timestamp="2026-04-16T23:26:27.342960+00:00" hostname="agent-env-88fa0ccb-5e4b-4f79-99eb-11b2d25f1b83"><testcase classname="backend.tests.test_bulk_charge_fix.TestBulkChargeFix" name="test_01_get_real_units_count" time="0.458" /><testcase classname="backend.tests.test_bulk_charge_fix.TestBulkChargeFix" name="test_02_get_charge_catalog" time="0.402" /><testcase classname="backend.tests.test_bulk_charge_fix.TestBulkChargeFix" name="test_03_bulk_charge_creates_for_5_units" time="0.519" /><testcase classname="backend.tests.test_bulk_charge_fix.TestBulkChargeFix" name="test_04_bulk_charge_duplicate_prevention" time="0.712" /><testcase classname="backend.tests.test_bulk_charge_fix.TestBulkChargeFix" name="test_05_overview_shows_only_real_units" time="0.448" /><testcase classname="backend.tests.test_bulk_charge_fix.TestBulkChargeFix" name="test_06_bulk_charge_response_structure" time="0.480" /><testcase classname="backend.tests.test_bulk_charge_fix.TestBulkChargeFix" name="test_07_charges_have_correct_structure" time="0.133"><skipped type="pytest.skip" message="Admin login failed: 429">/app/backend/tests/test_bulk_charge_fix.py:201: Admin login failed: 429</skipped></testcase><testcase classname="backend.tests.test_bulk_charge_fix.TestBulkChargeFix" name="test_08_balances_increase_after_bulk_charge" time="0.409" /><testcase classname="backend.tests.test_bulk_charge_fix.TestBulkChargeFix" name="test_09_payment_changes_status_to_al_dia" time="0.117"><skipped type="pytest.skip" message="Admin login failed: 429">/app/backend/tests/test_bulk_charge_fix.py:250: Admin login failed: 429</skipped></testcase><testcase classname="backend.tests.test_bulk_charge_fix.TestBulkChargeFix" name="test_10_partial_payment_updates_balance" time="0.466" /><testcase classname="backend.tests.test_bulk_charge_fix.TestBulkChargeFix" name="test_11_unit_account_detail_shows_correct_breakdown" time="0.141"><skipped type="pytest.skip" message="Admin login failed: 429">/app/backend/tests/test_bulk_charge_fix.py:328: Admin login failed: 429</skipped></testcase><testcase classname="backend.tests.test_bulk_charge_fix.TestBulkChargeFix" name="test_12_no_orphan_accounts_in_overview" time="0.522" /><testcase classname="backend.tests.test_bulk_charge_fix.TestBulkChargeEdgeCases" name="test_bulk_charge_invalid_charge_type" time="0.425" /><testcase classname="backend.tests.test_bulk_charge_fix.TestBulkChargeEdgeCases" name="test_bulk_charge_invalid_period_format" time="0.157"><skipped type="pytest.skip" message="Admin login failed">/app/backend/tests/test_bulk_charge_fix.py:406: Admin login failed</skipped></testcase><testcase classname="backend.tests.test_bulk_charge_fix.TestBulkChargeEdgeCases" name="test_bulk_charge_requires_auth" time="0.105"><skipped type="pytest.skip" message="Admin login failed">/app/backend/tests/test_bulk_charge_fix.py:423: Admin login failed</skipped></testcase></testsuite></testsuites>