<?xml version="1.0" encoding="utf-8"?><testsuites name="pytest tests"><testsuite name="pytest" errors="0" failures="0" skipped="4" tests="14" time="6.695" timestamp="2026-04-14T20:09:16.748827+00:00" hostname="agent-env-8f9edb88-4e72-471d-beb3-c857e4d6266c"><testcase classname="backend.tests.test_bulk_charge_generation.TestBulkChargeGeneration" name="test_admin_can_generate_bulk_charges" time="0.653" /><testcase classname="backend.tests.test_bulk_charge_generation.TestBulkChargeGeneration" name="test_bulk_generation_is_idempotent" time="1.558" /><testcase classname="backend.tests.test_bulk_charge_generation.TestBulkChargeGeneration" name="test_resident_cannot_generate_bulk_charges" time="0.718" /><testcase classname="backend.tests.test_bulk_charge_generation.TestBulkChargeGeneration" name="test_invalid_charge_type_returns_404" time="0.403" /><testcase classname="backend.tests.test_bulk_charge_generation.TestBulkChargeGeneration" name="test_invalid_period_format_returns_422" time="0.773" /><testcase classname="backend.tests.test_bulk_charge_generation.TestBulkChargeGeneration" name="test_bulk_generation_with_due_date" time="0.482" /><testcase classname="backend.tests.test_bulk_charge_generation.TestBulkChargeGeneration" name="test_overview_reflects_bulk_charges" time="0.391" /><testcase classname="backend.tests.test_bulk_charge_generation.TestExistingFinanzasEndpoints" name="test_single_charge_creation_works" time="0.456" /><testcase classname="backend.tests.test_bulk_charge_generation.TestExistingFinanzasEndpoints" name="test_payment_registration_works" time="0.148"><skipped type="pytest.skip" message="Admin login failed: 429">/app/backend/tests/test_bulk_charge_generation.py:293: Admin login failed: 429</skipped></testcase><testcase classname="backend.tests.test_bulk_charge_generation.TestExistingFinanzasEndpoints" name="test_charge_catalog_endpoint_works" time="0.217"><skipped type="pytest.skip" message="Admin login failed: 429">/app/backend/tests/test_bulk_charge_generation.py:293: Admin login failed: 429</skipped></testcase><testcase classname="backend.tests.test_bulk_charge_generation.TestOtherEndpointsNotBroken" name="test_casos_endpoint_works" time="0.413" /><testcase classname="backend.tests.test_bulk_charge_generation.TestOtherEndpointsNotBroken" name="test_documentos_endpoint_works" time="0.133"><skipped type="pytest.skip" message="Admin login failed: 429">/app/backend/tests/test_bulk_charge_generation.py:418: Admin login failed: 429</skipped></testcase><testcase classname="backend.tests.test_bulk_charge_generation.TestOtherEndpointsNotBroken" name="test_notifications_endpoint_works" time="0.153"><skipped type="pytest.skip" message="Admin login failed: 429">/app/backend/tests/test_bulk_charge_generation.py:418: Admin login failed: 429</skipped></testcase><testcase classname="backend.tests.test_bulk_charge_generation.TestOtherEndpointsNotBroken" name="test_health_endpoint_works" time="0.126" /></testsuite></testsuites>