<?xml version="1.0" encoding="utf-8"?><testsuites name="pytest tests"><testsuite name="pytest" errors="0" failures="3" skipped="0" tests="14" time="14.525" timestamp="2026-04-16T20:10:33.774946+00:00" hostname="agent-env-88fa0ccb-5e4b-4f79-99eb-11b2d25f1b83"><testcase classname="backend.tests.test_casos_visibility_comments.TestCasoVisibility" name="test_create_private_caso" time="12.868" /><testcase classname="backend.tests.test_casos_visibility_comments.TestCasoVisibility" name="test_create_community_caso" time="0.073" /><testcase classname="backend.tests.test_casos_visibility_comments.TestCasoVisibility" name="test_default_visibility_is_private" time="0.088" /><testcase classname="backend.tests.test_casos_visibility_comments.TestCasoAccessControl" name="test_admin_sees_all_casos" time="0.068" /><testcase classname="backend.tests.test_casos_visibility_comments.TestCasoAccessControl" name="test_resident_sees_own_plus_community" time="0.199" /><testcase classname="backend.tests.test_casos_visibility_comments.TestCasoAccessControl" name="test_resident_can_view_community_case_detail" time="0.135" /><testcase classname="backend.tests.test_casos_visibility_comments.TestCasoAccessControl" name="test_resident_blocked_from_private_case_of_another" time="0.154" /><testcase classname="backend.tests.test_casos_visibility_comments.TestCommunityComments" name="test_any_resident_can_comment_on_community_case" time="0.160" /><testcase classname="backend.tests.test_casos_visibility_comments.TestCommunityComments" name="test_non_creator_blocked_from_commenting_on_private_case" time="0.154" /><testcase classname="backend.tests.test_casos_visibility_comments.TestCommunityComments" name="test_creator_can_comment_on_own_private_case" time="0.147" /><testcase classname="backend.tests.test_casos_visibility_comments.TestCommunityComments" name="test_admin_can_comment_on_any_case" time="0.071"><failure message="assert 429 == 200&#10; +  where 429 = &lt;Response [429]&gt;.status_code">backend/tests/test_casos_visibility_comments.py:375: in test_admin_can_comment_on_any_case
    assert create_response.status_code == 200
E   assert 429 == 200
E    +  where 429 = &lt;Response [429]&gt;.status_code</failure></testcase><testcase classname="backend.tests.test_casos_visibility_comments.TestCommunityResponseFields" name="test_community_case_includes_author_name" time="0.070"><failure message="assert 429 == 200&#10; +  where 429 = &lt;Response [429]&gt;.status_code">backend/tests/test_casos_visibility_comments.py:411: in test_community_case_includes_author_name
    assert create_response.status_code == 200
E   assert 429 == 200
E    +  where 429 = &lt;Response [429]&gt;.status_code</failure></testcase><testcase classname="backend.tests.test_casos_visibility_comments.TestCommunityResponseFields" name="test_community_case_detail_includes_author" time="0.081"><failure message="assert 429 == 200&#10; +  where 429 = &lt;Response [429]&gt;.status_code">backend/tests/test_casos_visibility_comments.py:445: in test_community_case_detail_includes_author
    assert create_response.status_code == 200
E   assert 429 == 200
E    +  where 429 = &lt;Response [429]&gt;.status_code</failure></testcase><testcase classname="backend.tests.test_casos_visibility_comments.TestExistingCasesWithoutVisibility" name="test_existing_cases_treated_as_private" time="0.154" /></testsuite></testsuites>