<?xml version="1.0" encoding="utf-8"?><testsuites name="pytest tests"><testsuite name="pytest" errors="0" failures="2" skipped="1" tests="15" time="7.475" timestamp="2026-04-16T20:24:20.967715+00:00" hostname="agent-env-88fa0ccb-5e4b-4f79-99eb-11b2d25f1b83"><testcase classname="backend.tests.test_casos_enhancements.TestCasosEnhancements" name="test_delete_own_case_success" time="0.808" /><testcase classname="backend.tests.test_casos_enhancements.TestCasosEnhancements" name="test_delete_non_owner_blocked" time="0.493"><skipped type="pytest.skip" message="Admin case creation failed: {&quot;id&quot;:&quot;c3bf06de-0b99-4c9a-9862-af53353dc705&quot;,&quot;condominium_id&quot;:&quot;46b9d344-a735-443a-8c9c-0e3d69c07824&quot;,&quot;created_by&quot;:&quot;1ea2e361-5d9d-433d-a090-41ffb45bd22f&quot;,&quot;created_by_name&quot;:&quot;Carlos Admin&quot;,&quot;title&quot;:&quot;TEST_ADMIN_CASE_NO_DELETE&quot;,&quot;description&quot;:&quot;Admin case that resident cannot delete&quot;,&quot;category&quot;:&quot;seguridad&quot;,&quot;priority&quot;:&quot;medium&quot;,&quot;visibility&quot;:&quot;private&quot;,&quot;status&quot;:&quot;open&quot;,&quot;attachments&quot;:[],&quot;assigned_to&quot;:null,&quot;created_at&quot;:&quot;2026-04-16T20:24:22.331077+00:00&quot;,&quot;updated_at&quot;:&quot;2026-04-16T20:24:22.331077+00:00&quot;,&quot;closed_at&quot;:null}">/app/backend/tests/test_casos_enhancements.py:112: Admin case creation failed: {"id":"c3bf06de-0b99-4c9a-9862-af53353dc705","condominium_id":"46b9d344-a735-443a-8c9c-0e3d69c07824","created_by":"1ea2e361-5d9d-433d-a090-41ffb45bd22f","created_by_name":"Carlos Admin","title":"TEST_ADMIN_CASE_NO_DELETE","description":"Admin case that resident cannot delete","category":"seguridad","priority":"medium","visibility":"private","status":"open","attachments":[],"assigned_to":null,"created_at":"2026-04-16T20:24:22.331077+00:00","updated_at":"2026-04-16T20:24:22.331077+00:00","closed_at":null}</skipped></testcase><testcase classname="backend.tests.test_casos_enhancements.TestCasosEnhancements" name="test_delete_closed_case_blocked" time="0.545" /><testcase classname="backend.tests.test_casos_enhancements.TestCasosEnhancements" name="test_admin_can_delete_any_case" time="0.259" /><testcase classname="backend.tests.test_casos_enhancements.TestCasosEnhancements" name="test_upload_attachment_jpg" time="0.732" /><testcase classname="backend.tests.test_casos_enhancements.TestCasosEnhancements" name="test_upload_attachment_png" time="0.321"><failure message="AssertionError: Upload failed: {&quot;error&quot;:&quot;Error al subir imagen&quot;,&quot;detail&quot;:&quot;Error al subir imagen&quot;,&quot;request_id&quot;:&quot;e2f4eafc-edd6-4f4f-a8b3-22ec85f21583&quot;}&#10;assert 500 == 200&#10; +  where 500 = &lt;Response [500]&gt;.status_code">backend/tests/test_casos_enhancements.py:291: in test_upload_attachment_png
    assert upload_resp.status_code == 200, f"Upload failed: {upload_resp.text}"
E   AssertionError: Upload failed: {"error":"Error al subir imagen","detail":"Error al subir imagen","request_id":"e2f4eafc-edd6-4f4f-a8b3-22ec85f21583"}
E   assert 500 == 200
E    +  where 500 = &lt;Response [500]&gt;.status_code</failure></testcase><testcase classname="backend.tests.test_casos_enhancements.TestCasosEnhancements" name="test_upload_attachment_oversized_rejected" time="0.668" /><testcase classname="backend.tests.test_casos_enhancements.TestCasosEnhancements" name="test_upload_attachment_invalid_format_rejected" time="0.396" /><testcase classname="backend.tests.test_casos_enhancements.TestCasosEnhancements" name="test_guard_update_community_case_in_progress" time="1.253" /><testcase classname="backend.tests.test_casos_enhancements.TestCasosEnhancements" name="test_guard_update_community_case_closed" time="0.490" /><testcase classname="backend.tests.test_casos_enhancements.TestCasosEnhancements" name="test_guard_cannot_update_private_case" time="0.380" /><testcase classname="backend.tests.test_casos_enhancements.TestCasosEnhancements" name="test_guard_invalid_status_rejected" time="0.355" /><testcase classname="backend.tests.test_casos_enhancements.TestCasosEnhancements" name="test_guard_can_view_community_cases" time="0.419" /><testcase classname="backend.tests.test_casos_enhancements.TestCasosEnhancements" name="test_guard_can_comment_on_community_case" time="0.127"><failure message="assert 429 in [200, 201]&#10; +  where 429 = &lt;Response [429]&gt;.status_code">backend/tests/test_casos_enhancements.py:540: in test_guard_can_comment_on_community_case
    assert create_resp.status_code in [200, 201]
E   assert 429 in [200, 201]
E    +  where 429 = &lt;Response [429]&gt;.status_code</failure></testcase><testcase classname="backend.tests.test_casos_enhancements.TestCasosEnhancements" name="test_existing_case_with_attachment" time="0.107" /></testsuite></testsuites>