<?xml version="1.0" encoding="utf-8"?><testsuites name="pytest tests"><testsuite name="pytest" errors="0" failures="0" skipped="0" tests="24" time="31.284" timestamp="2026-04-14T18:27:26.182460+00:00" hostname="agent-env-8f9edb88-4e72-471d-beb3-c857e4d6266c"><testcase classname="backend.tests.test_casos_module" name="test_01_admin_login" time="0.586" /><testcase classname="backend.tests.test_casos_module" name="test_02_resident_login" time="12.292" /><testcase classname="backend.tests.test_casos_module" name="test_03_guard_login" time="12.480" /><testcase classname="backend.tests.test_casos_module" name="test_10_resident_create_caso" time="0.215" /><testcase classname="backend.tests.test_casos_module" name="test_11_admin_create_caso" time="0.204" /><testcase classname="backend.tests.test_casos_module" name="test_12_create_caso_validation" time="0.340" /><testcase classname="backend.tests.test_casos_module" name="test_20_admin_get_all_casos" time="0.219" /><testcase classname="backend.tests.test_casos_module" name="test_21_resident_get_own_casos" time="0.188" /><testcase classname="backend.tests.test_casos_module" name="test_22_filter_casos_by_status" time="0.173" /><testcase classname="backend.tests.test_casos_module" name="test_30_admin_get_stats" time="0.207" /><testcase classname="backend.tests.test_casos_module" name="test_31_resident_cannot_access_stats" time="0.201" /><testcase classname="backend.tests.test_casos_module" name="test_32_guard_cannot_access_stats" time="0.198" /><testcase classname="backend.tests.test_casos_module" name="test_40_get_caso_detail" time="0.469" /><testcase classname="backend.tests.test_casos_module" name="test_41_resident_cannot_see_others_caso" time="0.420" /><testcase classname="backend.tests.test_casos_module" name="test_50_admin_update_caso_status" time="0.364" /><testcase classname="backend.tests.test_casos_module" name="test_52_resident_cannot_update_caso" time="0.390" /><testcase classname="backend.tests.test_casos_module" name="test_53_close_caso_sets_closed_at" time="0.410" /><testcase classname="backend.tests.test_casos_module" name="test_60_add_comment_to_caso" time="0.656" /><testcase classname="backend.tests.test_casos_module" name="test_61_admin_add_internal_comment" time="0.250" /><testcase classname="backend.tests.test_casos_module" name="test_62_resident_cannot_see_internal_comments" time="0.462" /><testcase classname="backend.tests.test_casos_module" name="test_63_admin_can_see_internal_comments" time="0.242" /><testcase classname="backend.tests.test_casos_module" name="test_70_legacy_notifications_still_work" time="0.066" /><testcase classname="backend.tests.test_casos_module" name="test_71_legacy_unread_count_still_works" time="0.081" /><testcase classname="backend.tests.test_casos_module" name="test_72_notifications_v2_still_work" time="0.077" /></testsuite></testsuites>