<?xml version="1.0" encoding="utf-8"?><testsuites name="pytest tests"><testsuite name="pytest" errors="0" failures="0" skipped="0" tests="25" time="19.188" timestamp="2026-04-16T22:57:33.506728+00:00" hostname="agent-env-88fa0ccb-5e4b-4f79-99eb-11b2d25f1b83"><testcase classname="backend.tests.test_casos_image_upload.TestCasoCreation" name="test_create_caso_success" time="0.536" /><testcase classname="backend.tests.test_casos_image_upload.TestCasoCreation" name="test_create_caso_community_visibility" time="0.055" /><testcase classname="backend.tests.test_casos_image_upload.TestCasoAttachmentUpload" name="test_upload_attachment_success" time="0.345" /><testcase classname="backend.tests.test_casos_image_upload.TestCasoAttachmentUpload" name="test_upload_attachment_invalid_format" time="0.138" /><testcase classname="backend.tests.test_casos_image_upload.TestCasoAttachmentUpload" name="test_upload_attachment_empty_file" time="0.117" /><testcase classname="backend.tests.test_casos_image_upload.TestCasoAttachmentUpload" name="test_upload_attachment_nonexistent_caso" time="0.164" /><testcase classname="backend.tests.test_casos_image_upload.TestImageProxy" name="test_image_proxy_success" time="0.235" /><testcase classname="backend.tests.test_casos_image_upload.TestImageProxy" name="test_image_proxy_with_auth_header" time="0.212" /><testcase classname="backend.tests.test_casos_image_upload.TestImageProxy" name="test_image_proxy_missing_token" time="0.132" /><testcase classname="backend.tests.test_casos_image_upload.TestImageProxy" name="test_image_proxy_invalid_token" time="0.115" /><testcase classname="backend.tests.test_casos_image_upload.TestImageProxy" name="test_image_proxy_path_traversal" time="0.133" /><testcase classname="backend.tests.test_casos_image_upload.TestImageProxy" name="test_image_proxy_path_traversal_encoded" time="0.125" /><testcase classname="backend.tests.test_casos_image_upload.TestImageProxy" name="test_image_proxy_wrong_condominium" time="0.118" /><testcase classname="backend.tests.test_casos_image_upload.TestImageProxy" name="test_image_proxy_absolute_path" time="0.140" /><testcase classname="backend.tests.test_casos_image_upload.TestCasoComments" name="test_add_comment_success" time="0.060" /><testcase classname="backend.tests.test_casos_image_upload.TestCasoComments" name="test_add_comment_nonexistent_caso" time="0.057" /><testcase classname="backend.tests.test_casos_image_upload.TestCommentImageUpload" name="test_upload_comment_image_success" time="15.645" /><testcase classname="backend.tests.test_casos_image_upload.TestCommentImageUpload" name="test_upload_comment_image_invalid_format" time="0.171" /><testcase classname="backend.tests.test_casos_image_upload.TestCommentImageUpload" name="test_upload_comment_image_nonexistent_comment" time="0.117" /><testcase classname="backend.tests.test_casos_image_upload.TestCasoDetailWithAttachments" name="test_caso_detail_includes_attachments" time="0.051" /><testcase classname="backend.tests.test_casos_image_upload.TestCasoDetailWithAttachments" name="test_caso_detail_includes_comments_with_images" time="0.050" /><testcase classname="backend.tests.test_casos_image_upload.TestExistingTestCase" name="test_existing_caso_detail" time="0.052" /><testcase classname="backend.tests.test_casos_image_upload.TestExistingTestCase" name="test_existing_caso_image_proxy" time="0.240" /><testcase classname="backend.tests.test_casos_image_upload.TestCleanup" name="test_delete_test_caso" time="0.052" /><testcase classname="backend.tests.test_casos_image_upload.TestCleanup" name="test_delete_community_caso" time="0.055" /></testsuite></testsuites>