<?xml version="1.0" encoding="utf-8"?><testsuites name="pytest tests"><testsuite name="pytest" errors="0" failures="0" skipped="3" tests="8" time="4.047" timestamp="2026-01-29T03:19:50.042482+00:00" hostname="agent-env-c01e7547-dae0-4521-abec-54f41a3d9926"><testcase classname="backend.tests.test_clock_in_out.TestClockInOut" name="test_clock_in_with_valid_shift_returns_shift_id" time="0.800"><skipped type="pytest.skip" message="No valid shift available for testing">/app/backend/tests/test_clock_in_out.py:105: No valid shift available for testing</skipped></testcase><testcase classname="backend.tests.test_clock_in_out.TestClockInOut" name="test_clock_in_without_shift_fails_400" time="0.595" /><testcase classname="backend.tests.test_clock_in_out.TestClockInOut" name="test_double_clock_in_fails_400" time="0.638"><skipped type="pytest.skip" message="Initial clock in failed: {&quot;detail&quot;:&quot;No tienes un turno asignado para hoy. Contacta a tu supervisor.&quot;}">/app/backend/tests/test_clock_in_out.py:176: Initial clock in failed: {"detail":"No tienes un turno asignado para hoy. Contacta a tu supervisor."}</skipped></testcase><testcase classname="backend.tests.test_clock_in_out.TestClockInOut" name="test_clock_out_without_clock_in_fails_400" time="0.593" /><testcase classname="backend.tests.test_clock_in_out.TestClockInOut" name="test_clock_out_completes_shift_correctly" time="0.512"><skipped type="pytest.skip" message="Clock in failed: {&quot;detail&quot;:&quot;No tienes un turno asignado para hoy. Contacta a tu supervisor.&quot;}">/app/backend/tests/test_clock_in_out.py:245: Clock in failed: {"detail":"No tienes un turno asignado para hoy. Contacta a tu supervisor."}</skipped></testcase><testcase classname="backend.tests.test_clock_in_out.TestMultiTenantIsolation" name="test_guard_sees_only_own_condominium_data" time="0.271" /><testcase classname="backend.tests.test_clock_in_out.TestMultiTenantIsolation" name="test_guard_my_shift_scoped_by_condominium" time="0.274" /><testcase classname="backend.tests.test_clock_in_out.TestClockStatusEndpoint" name="test_clock_status_returns_correct_state" time="0.271" /></testsuite></testsuites>