<?xml version="1.0" encoding="utf-8"?><testsuites name="pytest tests"><testsuite name="pytest" errors="0" failures="0" skipped="2" tests="8" time="3.981" timestamp="2026-01-29T03:21:12.833192+00:00" hostname="agent-env-c01e7547-dae0-4521-abec-54f41a3d9926"><testcase classname="backend.tests.test_clock_in_out.TestClockInOut" name="test_clock_in_with_valid_shift_returns_shift_id" time="0.640" /><testcase classname="backend.tests.test_clock_in_out.TestClockInOut" name="test_clock_in_without_shift_fails_400" time="0.580" /><testcase classname="backend.tests.test_clock_in_out.TestClockInOut" name="test_double_clock_in_fails_400" time="0.630"><skipped type="pytest.skip" message="Cannot create shift for testing">/app/backend/tests/test_clock_in_out.py:191: Cannot create shift for testing</skipped></testcase><testcase classname="backend.tests.test_clock_in_out.TestClockInOut" name="test_clock_out_without_clock_in_fails_400" time="0.655" /><testcase classname="backend.tests.test_clock_in_out.TestClockInOut" name="test_clock_out_completes_shift_correctly" time="0.598"><skipped type="pytest.skip" message="Cannot create shift for testing">/app/backend/tests/test_clock_in_out.py:277: Cannot create shift for testing</skipped></testcase><testcase classname="backend.tests.test_clock_in_out.TestMultiTenantIsolation" name="test_guard_sees_only_own_condominium_data" time="0.272" /><testcase classname="backend.tests.test_clock_in_out.TestMultiTenantIsolation" name="test_guard_my_shift_scoped_by_condominium" time="0.269" /><testcase classname="backend.tests.test_clock_in_out.TestClockStatusEndpoint" name="test_clock_status_returns_correct_state" time="0.272" /></testsuite></testsuites>