<?xml version="1.0" encoding="utf-8"?><testsuites name="pytest tests"><testsuite name="pytest" errors="0" failures="0" skipped="0" tests="14" time="4.877" timestamp="2026-02-26T16:42:46.626536+00:00" hostname="agent-env-532d258b-1f4a-4e7d-a114-33f4967e7991"><testcase classname="tests.test_commercial_flexibility.TestCommercialFlexibility" name="test_billing_preview_with_seat_price_override" time="0.618" /><testcase classname="tests.test_commercial_flexibility.TestCommercialFlexibility" name="test_billing_preview_with_yearly_discount_percent" time="0.169" /><testcase classname="tests.test_commercial_flexibility.TestCommercialFlexibility" name="test_billing_preview_combined_custom_pricing" time="0.147" /><testcase classname="tests.test_commercial_flexibility.TestCommercialFlexibility" name="test_billing_preview_discount_validation_max_50" time="0.118" /><testcase classname="tests.test_commercial_flexibility.TestCommercialFlexibility" name="test_billing_preview_discount_validation_min_0" time="0.115" /><testcase classname="tests.test_commercial_flexibility.TestCommercialFlexibility" name="test_billing_preview_seat_limit_10000" time="0.111" /><testcase classname="tests.test_commercial_flexibility.TestCommercialFlexibility" name="test_create_condominium_with_custom_pricing" time="1.564" /><testcase classname="tests.test_commercial_flexibility.TestCommercialFlexibility" name="test_billing_events_logged_on_creation" time="0.506" /><testcase classname="tests.test_commercial_flexibility.TestBillingPreviewValidation" name="test_seat_price_override_max_1000" time="0.485" /><testcase classname="tests.test_commercial_flexibility.TestBillingPreviewValidation" name="test_seat_price_override_positive" time="0.176" /><testcase classname="tests.test_commercial_flexibility.TestBillingPreviewValidation" name="test_initial_units_max_10000" time="0.124" /><testcase classname="tests.test_commercial_flexibility.TestBillingPreviewValidation" name="test_yearly_discount_negative" time="0.187" /><testcase classname="tests.test_commercial_flexibility.TestHealthAndBasics" name="test_health_endpoint" time="0.124" /><testcase classname="tests.test_commercial_flexibility.TestHealthAndBasics" name="test_superadmin_login" time="0.366" /></testsuite></testsuites>