<?xml version="1.0" encoding="utf-8"?><testsuites name="pytest tests"><testsuite name="pytest" errors="0" failures="1" skipped="0" tests="14" time="4.088" timestamp="2026-02-26T16:41:50.254811+00:00" hostname="agent-env-532d258b-1f4a-4e7d-a114-33f4967e7991"><testcase classname="tests.test_commercial_flexibility.TestCommercialFlexibility" name="test_billing_preview_with_seat_price_override" time="0.639" /><testcase classname="tests.test_commercial_flexibility.TestCommercialFlexibility" name="test_billing_preview_with_yearly_discount_percent" time="0.158" /><testcase classname="tests.test_commercial_flexibility.TestCommercialFlexibility" name="test_billing_preview_combined_custom_pricing" time="0.170" /><testcase classname="tests.test_commercial_flexibility.TestCommercialFlexibility" name="test_billing_preview_discount_validation_max_50" time="0.190" /><testcase classname="tests.test_commercial_flexibility.TestCommercialFlexibility" name="test_billing_preview_discount_validation_min_0" time="0.136" /><testcase classname="tests.test_commercial_flexibility.TestCommercialFlexibility" name="test_billing_preview_seat_limit_10000" time="0.136" /><testcase classname="tests.test_commercial_flexibility.TestCommercialFlexibility" name="test_create_condominium_with_custom_pricing" time="0.611"><failure message="AssertionError: Created condo not found in billing overview&#10;assert None is not None">tests/test_commercial_flexibility.py:231: in test_create_condominium_with_custom_pricing
    assert created_condo is not None, f"Created condo not found in billing overview"
E   AssertionError: Created condo not found in billing overview
E   assert None is not None</failure></testcase><testcase classname="tests.test_commercial_flexibility.TestCommercialFlexibility" name="test_billing_events_logged_on_creation" time="0.489" /><testcase classname="tests.test_commercial_flexibility.TestBillingPreviewValidation" name="test_seat_price_override_max_1000" time="0.486" /><testcase classname="tests.test_commercial_flexibility.TestBillingPreviewValidation" name="test_seat_price_override_positive" time="0.149" /><testcase classname="tests.test_commercial_flexibility.TestBillingPreviewValidation" name="test_initial_units_max_10000" time="0.186" /><testcase classname="tests.test_commercial_flexibility.TestBillingPreviewValidation" name="test_yearly_discount_negative" time="0.112" /><testcase classname="tests.test_commercial_flexibility.TestHealthAndBasics" name="test_health_endpoint" time="0.167" /><testcase classname="tests.test_commercial_flexibility.TestHealthAndBasics" name="test_superadmin_login" time="0.369" /></testsuite></testsuites>