<?xml version="1.0" encoding="utf-8"?><testsuites name="pytest tests"><testsuite name="pytest" errors="0" failures="0" skipped="0" tests="14" time="4.118" timestamp="2026-02-02T21:45:42.674251+00:00" hostname="agent-env-50680b83-78be-477e-85a6-d801b83bca32"><testcase classname="backend.tests.test_condominium_settings.TestCondominiumSettingsBackend" name="test_admin_get_settings_returns_200" time="0.379" /><testcase classname="backend.tests.test_condominium_settings.TestCondominiumSettingsBackend" name="test_admin_get_settings_has_default_values" time="0.272" /><testcase classname="backend.tests.test_condominium_settings.TestCondominiumSettingsBackend" name="test_admin_update_general_settings" time="0.298" /><testcase classname="backend.tests.test_condominium_settings.TestCondominiumSettingsBackend" name="test_admin_update_reservations_settings" time="0.342" /><testcase classname="backend.tests.test_condominium_settings.TestCondominiumSettingsBackend" name="test_admin_update_visits_settings" time="0.333" /><testcase classname="backend.tests.test_condominium_settings.TestCondominiumSettingsBackend" name="test_admin_update_notifications_settings" time="0.335" /><testcase classname="backend.tests.test_condominium_settings.TestCondominiumSettingsBackend" name="test_admin_update_persists_to_database" time="0.391" /><testcase classname="backend.tests.test_condominium_settings.TestCondominiumSettingsBackend" name="test_guard_can_read_public_settings" time="0.277" /><testcase classname="backend.tests.test_condominium_settings.TestCondominiumSettingsBackend" name="test_resident_can_read_public_settings" time="0.273" /><testcase classname="backend.tests.test_condominium_settings.TestCondominiumSettingsBackend" name="test_guard_cannot_update_settings" time="0.271" /><testcase classname="backend.tests.test_condominium_settings.TestCondominiumSettingsBackend" name="test_resident_cannot_update_settings" time="0.270" /><testcase classname="backend.tests.test_condominium_settings.TestCondominiumSettingsBackend" name="test_guard_cannot_access_admin_get_settings" time="0.269" /><testcase classname="backend.tests.test_condominium_settings.TestCondominiumSettingsBackend" name="test_resident_cannot_access_admin_get_settings" time="0.276" /><testcase classname="backend.tests.test_condominium_settings.TestCondominiumSettingsBackend" name="test_unauthenticated_cannot_access_settings" time="0.050" /></testsuite></testsuites>