<?xml version="1.0" encoding="utf-8"?><testsuites name="pytest tests"><testsuite name="pytest" errors="0" failures="6" skipped="0" tests="33" time="6.237" timestamp="2026-01-31T02:48:53.627143+00:00" hostname="agent-env-d0567e0b-175a-44ca-83b1-39e6606feb48"><testcase classname="backend.tests.test_crud_forms.TestAuthentication" name="test_admin_login" time="0.358" /><testcase classname="backend.tests.test_crud_forms.TestAuthentication" name="test_hr_login" time="0.269" /><testcase classname="backend.tests.test_crud_forms.TestAuthentication" name="test_guard_login" time="0.305" /><testcase classname="backend.tests.test_crud_forms.TestAuthentication" name="test_resident_login" time="0.264" /><testcase classname="backend.tests.test_crud_forms.TestUserManagementCRUD" name="test_create_resident_user_validation" time="0.579" /><testcase classname="backend.tests.test_crud_forms.TestUserManagementCRUD" name="test_create_guard_user_validation" time="0.353" /><testcase classname="backend.tests.test_crud_forms.TestUserManagementCRUD" name="test_update_user_status" time="0.082" /><testcase classname="backend.tests.test_crud_forms.TestAreasCRUD" name="test_create_area" time="0.304"><failure message="AssertionError: Area creation failed: {&quot;detail&quot;:&quot;Not Found&quot;}&#10;assert 404 in [200, 201]&#10; +  where 404 = &lt;Response [404]&gt;.status_code">backend/tests/test_crud_forms.py:219: in test_create_area
    assert response.status_code in [200, 201], f"Area creation failed: {response.text}"
E   AssertionError: Area creation failed: {"detail":"Not Found"}
E   assert 404 in [200, 201]
E    +  where 404 = &lt;Response [404]&gt;.status_code</failure></testcase><testcase classname="backend.tests.test_crud_forms.TestAreasCRUD" name="test_get_areas" time="0.038"><failure message="AssertionError: Failed to get areas: {&quot;detail&quot;:&quot;Not Found&quot;}&#10;assert 404 == 200&#10; +  where 404 = &lt;Response [404]&gt;.status_code">backend/tests/test_crud_forms.py:229: in test_get_areas
    assert response.status_code == 200, f"Failed to get areas: {response.text}"
E   AssertionError: Failed to get areas: {"detail":"Not Found"}
E   assert 404 == 200
E    +  where 404 = &lt;Response [404]&gt;.status_code</failure></testcase><testcase classname="backend.tests.test_crud_forms.TestAreasCRUD" name="test_update_area" time="0.041"><failure message="AssertionError: Failed to get areas: {&quot;detail&quot;:&quot;Not Found&quot;}&#10;assert 404 == 200&#10; +  where 404 = &lt;Response [404]&gt;.status_code">backend/tests/test_crud_forms.py:240: in test_update_area
    areas = self.test_get_areas(admin_token)
            ^^^^^^^^^^^^^^^^^^^^^^^^^^^^^^^^
backend/tests/test_crud_forms.py:229: in test_get_areas
    assert response.status_code == 200, f"Failed to get areas: {response.text}"
E   AssertionError: Failed to get areas: {"detail":"Not Found"}
E   assert 404 == 200
E    +  where 404 = &lt;Response [404]&gt;.status_code</failure></testcase><testcase classname="backend.tests.test_crud_forms.TestAreasCRUD" name="test_delete_area" time="0.046" /><testcase classname="backend.tests.test_crud_forms.TestReservationsCRUD" name="test_resident_creates_reservation" time="0.565" /><testcase classname="backend.tests.test_crud_forms.TestReservationsCRUD" name="test_admin_approves_reservation" time="0.044" /><testcase classname="backend.tests.test_crud_forms.TestVisitorAuthorizationsCRUD" name="test_create_single_visit_authorization" time="0.305" /><testcase classname="backend.tests.test_crud_forms.TestVisitorAuthorizationsCRUD" name="test_create_recurring_authorization" time="0.040" /><testcase classname="backend.tests.test_crud_forms.TestVisitorAuthorizationsCRUD" name="test_create_temporary_authorization" time="0.076" /><testcase classname="backend.tests.test_crud_forms.TestVisitorAuthorizationsCRUD" name="test_create_permanent_authorization" time="0.037" /><testcase classname="backend.tests.test_crud_forms.TestVisitorAuthorizationsCRUD" name="test_get_my_authorizations" time="0.036"><failure message="AssertionError: Failed to get authorizations: {&quot;detail&quot;:&quot;Not Found&quot;}&#10;assert 404 == 200&#10; +  where 404 = &lt;Response [404]&gt;.status_code">backend/tests/test_crud_forms.py:481: in test_get_my_authorizations
    assert response.status_code == 200, f"Failed to get authorizations: {response.text}"
E   AssertionError: Failed to get authorizations: {"detail":"Not Found"}
E   assert 404 == 200
E    +  where 404 = &lt;Response [404]&gt;.status_code</failure></testcase><testcase classname="backend.tests.test_crud_forms.TestVisitorAuthorizationsCRUD" name="test_update_authorization" time="0.039"><failure message="AssertionError: Failed to get authorizations: {&quot;detail&quot;:&quot;Not Found&quot;}&#10;assert 404 == 200&#10; +  where 404 = &lt;Response [404]&gt;.status_code">backend/tests/test_crud_forms.py:491: in test_update_authorization
    auths = self.test_get_my_authorizations(resident_token)
            ^^^^^^^^^^^^^^^^^^^^^^^^^^^^^^^^^^^^^^^^^^^^^^^
backend/tests/test_crud_forms.py:481: in test_get_my_authorizations
    assert response.status_code == 200, f"Failed to get authorizations: {response.text}"
E   AssertionError: Failed to get authorizations: {"detail":"Not Found"}
E   assert 404 == 200
E    +  where 404 = &lt;Response [404]&gt;.status_code</failure></testcase><testcase classname="backend.tests.test_crud_forms.TestVisitorAuthorizationsCRUD" name="test_deactivate_authorization" time="0.037"><failure message="AssertionError: Failed to get authorizations: {&quot;detail&quot;:&quot;Not Found&quot;}&#10;assert 404 == 200&#10; +  where 404 = &lt;Response [404]&gt;.status_code">backend/tests/test_crud_forms.py:516: in test_deactivate_authorization
    auths = self.test_get_my_authorizations(resident_token)
            ^^^^^^^^^^^^^^^^^^^^^^^^^^^^^^^^^^^^^^^^^^^^^^^
backend/tests/test_crud_forms.py:481: in test_get_my_authorizations
    assert response.status_code == 200, f"Failed to get authorizations: {response.text}"
E   AssertionError: Failed to get authorizations: {"detail":"Not Found"}
E   assert 404 == 200
E    +  where 404 = &lt;Response [404]&gt;.status_code</failure></testcase><testcase classname="backend.tests.test_crud_forms.TestVisitorAuthorizationsCRUD" name="test_guard_checkin_flow" time="0.301" /><testcase classname="backend.tests.test_crud_forms.TestVisitorAuthorizationsCRUD" name="test_guard_checkout_flow" time="0.036" /><testcase classname="backend.tests.test_crud_forms.TestHRModuleCRUD" name="test_hr_creates_absence_request" time="0.306" /><testcase classname="backend.tests.test_crud_forms.TestHRModuleCRUD" name="test_hr_approves_absence" time="0.035" /><testcase classname="backend.tests.test_crud_forms.TestHRModuleCRUD" name="test_hr_creates_evaluation" time="0.036" /><testcase classname="backend.tests.test_crud_forms.TestHRModuleCRUD" name="test_guard_clock_in" time="0.329" /><testcase classname="backend.tests.test_crud_forms.TestHRModuleCRUD" name="test_guard_clock_out" time="0.038" /><testcase classname="backend.tests.test_crud_forms.TestSecurityModule" name="test_resident_triggers_panic_alert" time="0.324" /><testcase classname="backend.tests.test_crud_forms.TestSecurityModule" name="test_guard_resolves_panic_alert" time="0.381" /><testcase classname="backend.tests.test_crud_forms.TestSecurityModule" name="test_get_alert_history" time="0.036" /><testcase classname="backend.tests.test_crud_forms.TestErrorHandling" name="test_missing_required_fields" time="0.340" /><testcase classname="backend.tests.test_crud_forms.TestErrorHandling" name="test_invalid_email_format" time="0.039" /><testcase classname="backend.tests.test_crud_forms.TestErrorHandling" name="test_short_password" time="0.036" /></testsuite></testsuites>