<?xml version="1.0" encoding="utf-8"?><testsuites name="pytest tests"><testsuite name="pytest" errors="0" failures="2" skipped="0" tests="33" time="58.769" timestamp="2026-01-31T02:49:58.649882+00:00" hostname="agent-env-d0567e0b-175a-44ca-83b1-39e6606feb48"><testcase classname="backend.tests.test_crud_forms.TestAuthentication" name="test_admin_login" time="0.367" /><testcase classname="backend.tests.test_crud_forms.TestAuthentication" name="test_hr_login" time="0.271" /><testcase classname="backend.tests.test_crud_forms.TestAuthentication" name="test_guard_login" time="0.266" /><testcase classname="backend.tests.test_crud_forms.TestAuthentication" name="test_resident_login" time="0.269" /><testcase classname="backend.tests.test_crud_forms.TestUserManagementCRUD" name="test_create_resident_user_validation" time="0.571" /><testcase classname="backend.tests.test_crud_forms.TestUserManagementCRUD" name="test_create_guard_user_validation" time="0.344" /><testcase classname="backend.tests.test_crud_forms.TestUserManagementCRUD" name="test_update_user_status" time="0.080" /><testcase classname="backend.tests.test_crud_forms.TestAreasCRUD" name="test_create_area" time="0.315"><failure message="AssertionError: Area name mismatch&#10;assert None == 'Test Pool 1769827801'&#10; +  where None = &lt;built-in method get of dict object at 0xfe790a3d4d80&gt;('name')&#10; +    where &lt;built-in method get of dict object at 0xfe790a3d4d80&gt; = {'area_id': '76bc7fc5-0b0e-4e12-a127-b9b0ca2de71b', 'message': &quot;Área 'Test Pool 1769827801' creada exitosamente&quot;}.get">backend/tests/test_crud_forms.py:221: in test_create_area
    assert data.get("name") == area_data["name"], "Area name mismatch"
E   AssertionError: Area name mismatch
E   assert None == 'Test Pool 1769827801'
E    +  where None = &lt;built-in method get of dict object at 0xfe790a3d4d80&gt;('name')
E    +    where &lt;built-in method get of dict object at 0xfe790a3d4d80&gt; = {'area_id': '76bc7fc5-0b0e-4e12-a127-b9b0ca2de71b', 'message': "Área 'Test Pool 1769827801' creada exitosamente"}.get</failure></testcase><testcase classname="backend.tests.test_crud_forms.TestAreasCRUD" name="test_get_areas" time="0.039" /><testcase classname="backend.tests.test_crud_forms.TestAreasCRUD" name="test_update_area" time="0.118" /><testcase classname="backend.tests.test_crud_forms.TestAreasCRUD" name="test_delete_area" time="0.092"><failure message="AssertionError: Area deletion failed: {&quot;detail&quot;:&quot;Área no encontrada&quot;}&#10;assert 404 in [200, 204]&#10; +  where 404 = &lt;Response [404]&gt;.status_code">backend/tests/test_crud_forms.py:281: in test_delete_area
    assert response.status_code in [200, 204], f"Area deletion failed: {response.text}"
E   AssertionError: Area deletion failed: {"detail":"Área no encontrada"}
E   assert 404 in [200, 204]
E    +  where 404 = &lt;Response [404]&gt;.status_code</failure></testcase><testcase classname="backend.tests.test_crud_forms.TestReservationsCRUD" name="test_resident_creates_reservation" time="0.613" /><testcase classname="backend.tests.test_crud_forms.TestReservationsCRUD" name="test_admin_approves_reservation" time="0.038" /><testcase classname="backend.tests.test_crud_forms.TestVisitorAuthorizationsCRUD" name="test_create_single_visit_authorization" time="0.309" /><testcase classname="backend.tests.test_crud_forms.TestVisitorAuthorizationsCRUD" name="test_create_recurring_authorization" time="0.043" /><testcase classname="backend.tests.test_crud_forms.TestVisitorAuthorizationsCRUD" name="test_create_temporary_authorization" time="0.080" /><testcase classname="backend.tests.test_crud_forms.TestVisitorAuthorizationsCRUD" name="test_create_permanent_authorization" time="0.043" /><testcase classname="backend.tests.test_crud_forms.TestVisitorAuthorizationsCRUD" name="test_get_my_authorizations" time="0.042" /><testcase classname="backend.tests.test_crud_forms.TestVisitorAuthorizationsCRUD" name="test_update_authorization" time="0.081" /><testcase classname="backend.tests.test_crud_forms.TestVisitorAuthorizationsCRUD" name="test_deactivate_authorization" time="0.079" /><testcase classname="backend.tests.test_crud_forms.TestVisitorAuthorizationsCRUD" name="test_guard_checkin_flow" time="0.348" /><testcase classname="backend.tests.test_crud_forms.TestVisitorAuthorizationsCRUD" name="test_guard_checkout_flow" time="0.074" /><testcase classname="backend.tests.test_crud_forms.TestHRModuleCRUD" name="test_hr_creates_absence_request" time="0.309" /><testcase classname="backend.tests.test_crud_forms.TestHRModuleCRUD" name="test_hr_approves_absence" time="0.034" /><testcase classname="backend.tests.test_crud_forms.TestHRModuleCRUD" name="test_hr_creates_evaluation" time="0.074" /><testcase classname="backend.tests.test_crud_forms.TestHRModuleCRUD" name="test_guard_clock_in" time="0.392" /><testcase classname="backend.tests.test_crud_forms.TestHRModuleCRUD" name="test_guard_clock_out" time="0.038" /><testcase classname="backend.tests.test_crud_forms.TestSecurityModule" name="test_resident_triggers_panic_alert" time="0.294" /><testcase classname="backend.tests.test_crud_forms.TestSecurityModule" name="test_guard_resolves_panic_alert" time="0.300" /><testcase classname="backend.tests.test_crud_forms.TestSecurityModule" name="test_get_alert_history" time="0.034" /><testcase classname="backend.tests.test_crud_forms.TestErrorHandling" name="test_missing_required_fields" time="0.337" /><testcase classname="backend.tests.test_crud_forms.TestErrorHandling" name="test_invalid_email_format" time="0.043" /><testcase classname="backend.tests.test_crud_forms.TestErrorHandling" name="test_short_password" time="52.303" /></testsuite></testsuites>