<?xml version="1.0" encoding="utf-8"?><testsuites name="pytest tests"><testsuite name="pytest" errors="0" failures="0" skipped="0" tests="12" time="8.513" timestamp="2026-02-18T05:17:17.783709+00:00" hostname="agent-env-ca29b263-a9b3-4ee9-a68b-1c476dd1cc21"><testcase classname="tests.test_demo_production_endpoints.TestDemoProductionEndpoints" name="test_create_demo_condominium_endpoint_exists" time="0.475" /><testcase classname="tests.test_demo_production_endpoints.TestDemoProductionEndpoints" name="test_create_demo_condominium_success" time="0.744" /><testcase classname="tests.test_demo_production_endpoints.TestDemoProductionEndpoints" name="test_demo_condominium_fixed_10_seats" time="0.676" /><testcase classname="tests.test_demo_production_endpoints.TestDemoProductionEndpoints" name="test_demo_condominium_billing_disabled" time="0.709" /><testcase classname="tests.test_demo_production_endpoints.TestDemoProductionEndpoints" name="test_create_production_condominium_endpoint_exists" time="0.403" /><testcase classname="tests.test_demo_production_endpoints.TestDemoProductionEndpoints" name="test_create_production_condominium_success" time="0.698" /><testcase classname="tests.test_demo_production_endpoints.TestDemoProductionEndpoints" name="test_production_condominium_configurable_seats" time="0.684" /><testcase classname="tests.test_demo_production_endpoints.TestDemoProductionEndpoints" name="test_production_condominium_billing_enabled" time="0.661" /><testcase classname="tests.test_demo_production_endpoints.TestDemoProductionEndpoints" name="test_demo_vs_production_different_environments" time="1.029" /><testcase classname="tests.test_demo_production_endpoints.TestDemoProductionEndpoints" name="test_demo_vs_production_billing_status" time="1.023" /><testcase classname="tests.test_demo_production_endpoints.TestDemoProductionEndpoints" name="test_demo_is_demo_flag_true" time="0.679" /><testcase classname="tests.test_demo_production_endpoints.TestDemoProductionEndpoints" name="test_production_is_demo_flag_false" time="0.666" /></testsuite></testsuites>