<?xml version="1.0" encoding="utf-8"?><testsuites name="pytest tests"><testsuite name="pytest" errors="0" failures="3" skipped="0" tests="12" time="5.128" timestamp="2026-02-17T23:47:19.352284+00:00" hostname="agent-env-7e275610-be01-4c70-addb-fd1961c52c11"><testcase classname="backend.tests.test_demo_production_environment.TestBillingInfoEnvironmentFields" name="test_billing_info_includes_environment_field" time="0.637" /><testcase classname="backend.tests.test_demo_production_environment.TestBillingInfoEnvironmentFields" name="test_billing_info_includes_is_demo_field" time="0.149" /><testcase classname="backend.tests.test_demo_production_environment.TestBillingInfoEnvironmentFields" name="test_billing_info_includes_billing_enabled_field" time="0.148" /><testcase classname="backend.tests.test_demo_production_environment.TestBillingInfoEnvironmentFields" name="test_demo_condo_has_billing_disabled" time="0.183" /><testcase classname="backend.tests.test_demo_production_environment.TestDemoCondoCannotUpgradeSeats" name="test_upgrade_seats_rejected_for_demo_condo" time="0.243" /><testcase classname="backend.tests.test_demo_production_environment.TestDemoCondoCannotUpgradeSeats" name="test_upgrade_seats_error_message_contains_demo" time="0.254" /><testcase classname="backend.tests.test_demo_production_environment.TestCondominiumCreationWithEnvironment" name="test_create_demo_condominium_has_10_seats_hardcoded" time="0.538"><failure message="AssertionError: Environment should be 'demo', got production&#10;assert 'production' == 'demo'&#10;  &#10;  - demo&#10;  + production">backend/tests/test_demo_production_environment.py:218: in test_create_demo_condominium_has_10_seats_hardcoded
    assert data.get("environment") == "demo", f"Environment should be 'demo', got {data.get('environment')}"
E   AssertionError: Environment should be 'demo', got production
E   assert 'production' == 'demo'
E     
E     - demo
E     + production</failure></testcase><testcase classname="backend.tests.test_demo_production_environment.TestCondominiumCreationWithEnvironment" name="test_create_demo_condominium_has_billing_disabled" time="2.213"><failure message="AssertionError: assert 'production' == 'demo'&#10;  &#10;  - demo&#10;  + production">backend/tests/test_demo_production_environment.py:256: in test_create_demo_condominium_has_billing_disabled
    assert data.get("environment") == "demo"
E   AssertionError: assert 'production' == 'demo'
E     
E     - demo
E     + production</failure></testcase><testcase classname="backend.tests.test_demo_production_environment.TestCondominiumCreationWithEnvironment" name="test_create_production_condominium_has_billing_enabled" time="0.231" /><testcase classname="backend.tests.test_demo_production_environment.TestCondominiumCreationWithEnvironment" name="test_create_production_condominium_uses_max_users_as_paid_seats" time="0.151"><failure message="AssertionError: Production paid_seats should be 75, got 10&#10;assert 10 == 75">backend/tests/test_demo_production_environment.py:333: in test_create_production_condominium_uses_max_users_as_paid_seats
    assert paid_seats == max_users_value, f"Production paid_seats should be {max_users_value}, got {paid_seats}"
E   AssertionError: Production paid_seats should be 75, got 10
E   assert 10 == 75</failure></testcase><testcase classname="backend.tests.test_demo_production_environment.TestCondominiumListEnvironmentBadges" name="test_condominiums_list_includes_environment" time="0.147" /><testcase classname="backend.tests.test_demo_production_environment.TestTenantEnvironmentEndpoint" name="test_tenant_environment_returns_correct_format" time="0.119" /></testsuite></testsuites>