<?xml version="1.0" encoding="utf-8"?><testsuites name="pytest tests"><testsuite name="pytest" errors="0" failures="3" skipped="0" tests="17" time="9.061" timestamp="2026-04-14T18:54:17.315323+00:00" hostname="agent-env-8f9edb88-4e72-471d-beb3-c857e4d6266c"><testcase classname="backend.tests.test_documentos_module.TestDocumentosAuth" name="test_admin_can_upload_document" time="0.692" /><testcase classname="backend.tests.test_documentos_module.TestDocumentosAuth" name="test_resident_cannot_upload_document" time="0.454" /><testcase classname="backend.tests.test_documentos_module.TestDocumentosAuth" name="test_guard_cannot_upload_document" time="0.519" /><testcase classname="backend.tests.test_documentos_module.TestDocumentosListing" name="test_list_documents_admin" time="0.469" /><testcase classname="backend.tests.test_documentos_module.TestDocumentosListing" name="test_list_documents_with_category_filter" time="0.103" /><testcase classname="backend.tests.test_documentos_module.TestDocumentosListing" name="test_list_documents_pagination" time="0.130" /><testcase classname="backend.tests.test_documentos_module.TestDocumentosListing" name="test_resident_sees_only_visible_documents" time="0.855" /><testcase classname="backend.tests.test_documentos_module.TestDocumentosDetail" name="test_get_document_detail" time="0.697" /><testcase classname="backend.tests.test_documentos_module.TestDocumentosDetail" name="test_download_document" time="0.464" /><testcase classname="backend.tests.test_documentos_module.TestDocumentosDetail" name="test_resident_cannot_access_private_doc_detail" time="0.852" /><testcase classname="backend.tests.test_documentos_module.TestDocumentosUpdate" name="test_admin_can_update_document" time="0.847" /><testcase classname="backend.tests.test_documentos_module.TestDocumentosUpdate" name="test_guard_cannot_update_document" time="0.841" /><testcase classname="backend.tests.test_documentos_module.TestDocumentosDelete" name="test_admin_can_delete_document" time="0.831" /><testcase classname="backend.tests.test_documentos_module.TestDocumentosDelete" name="test_guard_cannot_delete_document" time="0.334"><failure message="AssertionError: Create failed: {&quot;error&quot;:&quot;Invalid or expired token&quot;,&quot;detail&quot;:&quot;Invalid or expired token&quot;,&quot;request_id&quot;:&quot;70a779e6-3e9e-485c-aaac-f5cb4cccf6a3&quot;}&#10;assert 401 == 200&#10; +  where 401 = &lt;Response [401]&gt;.status_code">backend/tests/test_documentos_module.py:520: in test_guard_cannot_delete_document
    assert create_response.status_code == 200, f"Create failed: {create_response.text}"
E   AssertionError: Create failed: {"error":"Invalid or expired token","detail":"Invalid or expired token","request_id":"70a779e6-3e9e-485c-aaac-f5cb4cccf6a3"}
E   assert 401 == 200
E    +  where 401 = &lt;Response [401]&gt;.status_code</failure></testcase><testcase classname="backend.tests.test_documentos_module.TestExistingEndpoints" name="test_casos_endpoints_still_work" time="0.208"><failure message="AssertionError: Casos list failed: {&quot;error&quot;:&quot;Invalid or expired token&quot;,&quot;detail&quot;:&quot;Invalid or expired token&quot;,&quot;request_id&quot;:&quot;1c2b07e1-f0e5-40b3-9b4f-a28e899cf776&quot;}&#10;assert 401 == 200&#10; +  where 401 = &lt;Response [401]&gt;.status_code">backend/tests/test_documentos_module.py:555: in test_casos_endpoints_still_work
    assert response.status_code == 200, f"Casos list failed: {response.text}"
E   AssertionError: Casos list failed: {"error":"Invalid or expired token","detail":"Invalid or expired token","request_id":"1c2b07e1-f0e5-40b3-9b4f-a28e899cf776"}
E   assert 401 == 200
E    +  where 401 = &lt;Response [401]&gt;.status_code</failure></testcase><testcase classname="backend.tests.test_documentos_module.TestExistingEndpoints" name="test_notifications_v2_endpoints_still_work" time="0.315"><failure message="AssertionError: Notifications v2 failed: {&quot;error&quot;:&quot;Invalid or expired token&quot;,&quot;detail&quot;:&quot;Invalid or expired token&quot;,&quot;request_id&quot;:&quot;5469e696-a3a7-4761-83bf-1a12de983f12&quot;}&#10;assert 401 == 200&#10; +  where 401 = &lt;Response [401]&gt;.status_code">backend/tests/test_documentos_module.py:578: in test_notifications_v2_endpoints_still_work
    assert response.status_code == 200, f"Notifications v2 failed: {response.text}"
E   AssertionError: Notifications v2 failed: {"error":"Invalid or expired token","detail":"Invalid or expired token","request_id":"5469e696-a3a7-4761-83bf-1a12de983f12"}
E   assert 401 == 200
E    +  where 401 = &lt;Response [401]&gt;.status_code</failure></testcase><testcase classname="backend.tests.test_documentos_module.TestCleanup" name="test_cleanup_test_documents" time="0.330" /></testsuite></testsuites>