<?xml version="1.0" encoding="utf-8"?><testsuites name="pytest tests"><testsuite name="pytest" errors="1" failures="3" skipped="2" tests="13" time="6.762" timestamp="2026-02-19T09:29:30.173630+00:00" hostname="agent-env-be5c1e54-6faa-408e-9443-708466aa6f22"><testcase classname="backend.tests.test_duplicate_visitor_entry_prevention.TestHealthAndLogin" name="test_health_endpoint" time="0.206" /><testcase classname="backend.tests.test_duplicate_visitor_entry_prevention.TestHealthAndLogin" name="test_guard_login" time="0.335" /><testcase classname="backend.tests.test_duplicate_visitor_entry_prevention.TestHealthAndLogin" name="test_resident_login" time="0.373" /><testcase classname="backend.tests.test_duplicate_visitor_entry_prevention.TestPhase1AuthorizationDuplicatePrevention" name="test_create_authorization_and_checkin_success" time="0.799"><failure message="AssertionError: Authorization creation failed: {&quot;error&quot;:&quot;Not Found&quot;,&quot;detail&quot;:&quot;Not Found&quot;,&quot;request_id&quot;:&quot;6874a3e0-e54e-4438-b391-033e5eb73f35&quot;}&#10;assert 404 in [200, 201]&#10; +  where 404 = &lt;Response [404]&gt;.status_code">backend/tests/test_duplicate_visitor_entry_prevention.py:121: in test_create_authorization_and_checkin_success
    assert auth_response.status_code in [200, 201], f"Authorization creation failed: {auth_response.text}"
E   AssertionError: Authorization creation failed: {"error":"Not Found","detail":"Not Found","request_id":"6874a3e0-e54e-4438-b391-033e5eb73f35"}
E   assert 404 in [200, 201]
E    +  where 404 = &lt;Response [404]&gt;.status_code</failure></testcase><testcase classname="backend.tests.test_duplicate_visitor_entry_prevention.TestPhase1AuthorizationDuplicatePrevention" name="test_checkin_after_checkout_allowed_for_recurring" time="0.793"><skipped type="pytest.skip" message="Recurring authorization creation not supported in current setup">/app/backend/tests/test_duplicate_visitor_entry_prevention.py:188: Recurring authorization creation not supported in current setup</skipped></testcase><testcase classname="backend.tests.test_duplicate_visitor_entry_prevention.TestPhase2ManualEntryDuplicatePrevention" name="test_manual_entry_duplicate_blocked" time="0.541"><failure message="AssertionError: Second manual check-in should be blocked but got: 200&#10;assert 200 == 400&#10; +  where 200 = &lt;Response [200]&gt;.status_code">backend/tests/test_duplicate_visitor_entry_prevention.py:277: in test_manual_entry_duplicate_blocked
    assert checkin2.status_code == 400, f"Second manual check-in should be blocked but got: {checkin2.status_code}"
E   AssertionError: Second manual check-in should be blocked but got: 200
E   assert 200 == 400
E    +  where 200 = &lt;Response [200]&gt;.status_code</failure></testcase><testcase classname="backend.tests.test_duplicate_visitor_entry_prevention.TestPhase2ManualEntryDuplicatePrevention" name="test_different_names_allowed" time="0.551" /><testcase classname="backend.tests.test_duplicate_visitor_entry_prevention.TestPhase2ManualEntryDuplicatePrevention" name="test_manual_entry_after_checkout_allowed" time="0.537"><failure message="AssertionError: Checkout failed: {&quot;detail&quot;:[{&quot;type&quot;:&quot;missing&quot;,&quot;loc&quot;:[&quot;body&quot;],&quot;msg&quot;:&quot;Field required&quot;,&quot;input&quot;:null,&quot;url&quot;:&quot;https://errors.pydantic.dev/2.12/v/missing&quot;}]}&#10;assert 422 in [200, 201]&#10; +  where 422 = &lt;Response [422]&gt;.status_code">backend/tests/test_duplicate_visitor_entry_prevention.py:343: in test_manual_entry_after_checkout_allowed
    assert checkout.status_code in [200, 201], f"Checkout failed: {checkout.text}"
E   AssertionError: Checkout failed: {"detail":[{"type":"missing","loc":["body"],"msg":"Field required","input":null,"url":"https://errors.pydantic.dev/2.12/v/missing"}]}
E   assert 422 in [200, 201]
E    +  where 422 = &lt;Response [422]&gt;.status_code</failure></testcase><testcase classname="backend.tests.test_duplicate_visitor_entry_prevention.TestPhase3IsVisitorInsideFlag" name="test_is_visitor_inside_flag_in_response" time="0.771" /><testcase classname="backend.tests.test_duplicate_visitor_entry_prevention.TestPhase3IsVisitorInsideFlag" name="test_is_visitor_inside_true_when_checked_in" time="0.771"><skipped type="pytest.skip" message="Could not create test authorization">/app/backend/tests/test_duplicate_visitor_entry_prevention.py:415: Could not create test authorization</skipped></testcase><testcase classname="backend.tests.test_duplicate_visitor_entry_prevention.TestVisitorsInsideEndpoint" name="test_get_visitors_inside" time="0.439" /><testcase classname="backend.tests.test_duplicate_visitor_entry_prevention.TestErrorHandling" name="test_checkin_nonexistent_authorization" time="0.428" /><testcase classname="backend.tests.test_duplicate_visitor_entry_prevention.TestErrorHandling" name="test_checkin_empty_visitor_name_manual" time="0.103"><error message="failed on setup with &quot;AssertionError: Login failed for guarda1@genturix.com: {&quot;error&quot;:&quot;Too many login attempts. Please try again later.&quot;,&quot;detail&quot;:&quot;Too many login attempts. Please try again later.&quot;,&quot;request_id&quot;:&quot;679904a2-ed71-4c6a-927d-0abe56db39c1&quot;}&#10;assert 429 == 200&#10; +  where 429 = &lt;Response [429]&gt;.status_code&quot;">backend/tests/test_duplicate_visitor_entry_prevention.py:527: in setup
    self.guard_token = TestSetup.get_auth_token(GUARD_EMAIL, GUARD_PASSWORD)
                       ^^^^^^^^^^^^^^^^^^^^^^^^^^^^^^^^^^^^^^^^^^^^^^^^^^^^^
backend/tests/test_duplicate_visitor_entry_prevention.py:40: in get_auth_token
    assert response.status_code == 200, f"Login failed for {email}: {response.text}"
E   AssertionError: Login failed for guarda1@genturix.com: {"error":"Too many login attempts. Please try again later.","detail":"Too many login attempts. Please try again later.","request_id":"679904a2-ed71-4c6a-927d-0abe56db39c1"}
E   assert 429 == 200
E    +  where 429 = &lt;Response [429]&gt;.status_code</error></testcase></testsuite></testsuites>