<?xml version="1.0" encoding="utf-8"?><testsuites name="pytest tests"><testsuite name="pytest" errors="1" failures="1" skipped="2" tests="13" time="7.368" timestamp="2026-02-19T09:32:15.362972+00:00" hostname="agent-env-be5c1e54-6faa-408e-9443-708466aa6f22"><testcase classname="backend.tests.test_duplicate_visitor_entry_prevention.TestHealthAndLogin" name="test_health_endpoint" time="0.157" /><testcase classname="backend.tests.test_duplicate_visitor_entry_prevention.TestHealthAndLogin" name="test_guard_login" time="0.329" /><testcase classname="backend.tests.test_duplicate_visitor_entry_prevention.TestHealthAndLogin" name="test_resident_login" time="0.331" /><testcase classname="backend.tests.test_duplicate_visitor_entry_prevention.TestPhase1AuthorizationDuplicatePrevention" name="test_create_authorization_and_checkin_success" time="0.796"><failure message="AssertionError: Authorization creation failed: {&quot;error&quot;:&quot;Not Found&quot;,&quot;detail&quot;:&quot;Not Found&quot;,&quot;request_id&quot;:&quot;f2f3a7e3-420b-4bb6-8bb8-1ac73da9dc9f&quot;}&#10;assert 404 in [200, 201]&#10; +  where 404 = &lt;Response [404]&gt;.status_code">backend/tests/test_duplicate_visitor_entry_prevention.py:129: in test_create_authorization_and_checkin_success
    assert auth_response.status_code in [200, 201], f"Authorization creation failed: {auth_response.text}"
E   AssertionError: Authorization creation failed: {"error":"Not Found","detail":"Not Found","request_id":"f2f3a7e3-420b-4bb6-8bb8-1ac73da9dc9f"}
E   assert 404 in [200, 201]
E    +  where 404 = &lt;Response [404]&gt;.status_code</failure></testcase><testcase classname="backend.tests.test_duplicate_visitor_entry_prevention.TestPhase1AuthorizationDuplicatePrevention" name="test_checkin_after_checkout_allowed_for_recurring" time="0.779"><skipped type="pytest.skip" message="Recurring authorization creation not supported in current setup">/app/backend/tests/test_duplicate_visitor_entry_prevention.py:197: Recurring authorization creation not supported in current setup</skipped></testcase><testcase classname="backend.tests.test_duplicate_visitor_entry_prevention.TestPhase2ManualEntryDuplicatePrevention" name="test_manual_entry_duplicate_blocked" time="0.660" /><testcase classname="backend.tests.test_duplicate_visitor_entry_prevention.TestPhase2ManualEntryDuplicatePrevention" name="test_different_names_allowed" time="0.812" /><testcase classname="backend.tests.test_duplicate_visitor_entry_prevention.TestPhase2ManualEntryDuplicatePrevention" name="test_manual_entry_after_checkout_allowed" time="0.784" /><testcase classname="backend.tests.test_duplicate_visitor_entry_prevention.TestPhase3IsVisitorInsideFlag" name="test_is_visitor_inside_flag_in_response" time="0.790" /><testcase classname="backend.tests.test_duplicate_visitor_entry_prevention.TestPhase3IsVisitorInsideFlag" name="test_is_visitor_inside_true_when_checked_in" time="0.745"><skipped type="pytest.skip" message="Could not create test authorization">/app/backend/tests/test_duplicate_visitor_entry_prevention.py:429: Could not create test authorization</skipped></testcase><testcase classname="backend.tests.test_duplicate_visitor_entry_prevention.TestVisitorsInsideEndpoint" name="test_get_visitors_inside" time="0.432" /><testcase classname="backend.tests.test_duplicate_visitor_entry_prevention.TestErrorHandling" name="test_checkin_nonexistent_authorization" time="0.109"><error message="failed on setup with &quot;AssertionError: Login failed for guarda1@genturix.com: {&quot;error&quot;:&quot;Too many login attempts. Please try again later.&quot;,&quot;detail&quot;:&quot;Too many login attempts. Please try again later.&quot;,&quot;request_id&quot;:&quot;711aa6d4-b4ba-4f7a-8912-dfc531448841&quot;}&#10;assert 429 == 200&#10; +  where 429 = &lt;Response [429]&gt;.status_code&quot;">backend/tests/test_duplicate_visitor_entry_prevention.py:542: in setup
    self.guard_token = TestSetup.get_auth_token(GUARD_EMAIL, GUARD_PASSWORD)
                       ^^^^^^^^^^^^^^^^^^^^^^^^^^^^^^^^^^^^^^^^^^^^^^^^^^^^^
backend/tests/test_duplicate_visitor_entry_prevention.py:40: in get_auth_token
    assert response.status_code == 200, f"Login failed for {email}: {response.text}"
E   AssertionError: Login failed for guarda1@genturix.com: {"error":"Too many login attempts. Please try again later.","detail":"Too many login attempts. Please try again later.","request_id":"711aa6d4-b4ba-4f7a-8912-dfc531448841"}
E   assert 429 == 200
E    +  where 429 = &lt;Response [429]&gt;.status_code</error></testcase><testcase classname="backend.tests.test_duplicate_visitor_entry_prevention.TestErrorHandling" name="test_checkin_empty_visitor_name_manual" time="0.541" /></testsuite></testsuites>