<?xml version="1.0" encoding="utf-8"?><testsuites name="pytest tests"><testsuite name="pytest" errors="0" failures="0" skipped="0" tests="13" time="9.237" timestamp="2026-02-01T07:25:53.071712+00:00" hostname="agent-env-220287aa-8cef-48d9-8c3d-1fbc85704841"><testcase classname="backend.tests.test_duplicate_preregistro_fix.TestDuplicatePreregistroFix" name="test_01_resident_login" time="0.286" /><testcase classname="backend.tests.test_duplicate_preregistro_fix.TestDuplicatePreregistroFix" name="test_02_guard_login" time="0.258" /><testcase classname="backend.tests.test_duplicate_preregistro_fix.TestDuplicatePreregistroFix" name="test_03_resident_creates_temporary_authorization" time="0.274" /><testcase classname="backend.tests.test_duplicate_preregistro_fix.TestDuplicatePreregistroFix" name="test_04_guard_sees_authorization_in_pending_list" time="0.748" /><testcase classname="backend.tests.test_duplicate_preregistro_fix.TestDuplicatePreregistroFix" name="test_05_first_checkin_returns_200" time="1.029" /><testcase classname="backend.tests.test_duplicate_preregistro_fix.TestDuplicatePreregistroFix" name="test_06_second_checkin_returns_409" time="1.262" /><testcase classname="backend.tests.test_duplicate_preregistro_fix.TestDuplicatePreregistroFix" name="test_07_authorization_not_in_pending_list_after_checkin" time="1.249" /><testcase classname="backend.tests.test_duplicate_preregistro_fix.TestDuplicatePreregistroFix" name="test_08_entries_today_shows_checkin" time="1.341" /><testcase classname="backend.tests.test_duplicate_preregistro_fix.TestDuplicatePreregistroFix" name="test_09_permanent_authorization_can_be_used_multiple_times" time="0.537" /><testcase classname="backend.tests.test_duplicate_preregistro_fix.TestDuplicatePreregistroFix" name="test_10_include_used_parameter_shows_used_authorizations" time="1.391" /><testcase classname="backend.tests.test_duplicate_preregistro_fix.TestEndpointAvailability" name="test_guard_authorizations_endpoint_exists" time="0.268" /><testcase classname="backend.tests.test_duplicate_preregistro_fix.TestEndpointAvailability" name="test_guard_checkin_endpoint_exists" time="0.269" /><testcase classname="backend.tests.test_duplicate_preregistro_fix.TestEndpointAvailability" name="test_guard_entries_today_endpoint_exists" time="0.269" /></testsuite></testsuites>