<?xml version="1.0" encoding="utf-8"?><testsuites name="pytest tests"><testsuite name="pytest" errors="0" failures="0" skipped="0" tests="9" time="8.060" timestamp="2026-01-30T22:41:24.197333+00:00" hostname="agent-env-45247bc9-54d6-46b0-b966-e7570a12466c"><testcase classname="backend.tests.test_email_credentials.TestEmailCredentialsFeature" name="test_create_user_without_email_credentials" time="0.860" /><testcase classname="backend.tests.test_email_credentials.TestEmailCredentialsFeature" name="test_create_user_with_email_credentials" time="0.748" /><testcase classname="backend.tests.test_email_credentials.TestEmailCredentialsFeature" name="test_login_returns_password_reset_required_flag" time="0.501" /><testcase classname="backend.tests.test_email_credentials.TestEmailCredentialsFeature" name="test_change_password_endpoint" time="1.748" /><testcase classname="backend.tests.test_email_credentials.TestEmailCredentialsFeature" name="test_change_password_clears_reset_flag" time="1.439" /><testcase classname="backend.tests.test_email_credentials.TestEmailCredentialsFeature" name="test_change_password_validation" time="1.320" /><testcase classname="backend.tests.test_email_credentials.TestEmailCredentialsFeature" name="test_generate_temporary_password_format" time="0.513" /><testcase classname="backend.tests.test_email_credentials.TestEmailCredentialsFeature" name="test_email_status_in_response" time="0.560" /><testcase classname="backend.tests.test_email_credentials.TestEmailCredentialsAuditLog" name="test_user_created_audit_log" time="0.303" /></testsuite></testsuites>