<?xml version="1.0" encoding="utf-8"?><testsuites name="pytest tests"><testsuite name="pytest" errors="0" failures="4" skipped="0" tests="25" time="9.715" timestamp="2026-04-14T19:31:19.163788+00:00" hostname="agent-env-8f9edb88-4e72-471d-beb3-c857e4d6266c"><testcase classname="backend.tests.test_finanzas_module.TestFinanzasSetup" name="test_health_check" time="0.219" /><testcase classname="backend.tests.test_finanzas_module.TestChargeCatalog" name="test_create_charge_catalog_admin" time="0.486" /><testcase classname="backend.tests.test_finanzas_module.TestChargeCatalog" name="test_create_charge_catalog_variable_type" time="0.119" /><testcase classname="backend.tests.test_finanzas_module.TestChargeCatalog" name="test_get_charge_catalog" time="0.190" /><testcase classname="backend.tests.test_finanzas_module.TestChargeCatalog" name="test_resident_cannot_create_catalog" time="0.463" /><testcase classname="backend.tests.test_finanzas_module.TestChargeCatalog" name="test_update_charge_catalog" time="0.269" /><testcase classname="backend.tests.test_finanzas_module.TestCharges" name="test_create_charge" time="0.640" /><testcase classname="backend.tests.test_finanzas_module.TestCharges" name="test_duplicate_charge_prevention" time="0.739" /><testcase classname="backend.tests.test_finanzas_module.TestCharges" name="test_get_charges_admin" time="0.122" /><testcase classname="backend.tests.test_finanzas_module.TestCharges" name="test_get_charges_resident" time="0.456" /><testcase classname="backend.tests.test_finanzas_module.TestCharges" name="test_resident_cannot_create_charge" time="0.177" /><testcase classname="backend.tests.test_finanzas_module.TestPayments" name="test_full_payment" time="0.814" /><testcase classname="backend.tests.test_finanzas_module.TestPayments" name="test_partial_payment" time="0.352" /><testcase classname="backend.tests.test_finanzas_module.TestPayments" name="test_overpayment_creates_credit" time="0.390" /><testcase classname="backend.tests.test_finanzas_module.TestPayments" name="test_get_payments" time="0.113" /><testcase classname="backend.tests.test_finanzas_module.TestPayments" name="test_resident_cannot_register_payment" time="0.500" /><testcase classname="backend.tests.test_finanzas_module.TestUnitAccount" name="test_get_unit_account_admin" time="0.709" /><testcase classname="backend.tests.test_finanzas_module.TestUnitAccount" name="test_resident_can_see_own_unit" time="0.456" /><testcase classname="backend.tests.test_finanzas_module.TestUnitAccount" name="test_resident_cannot_see_other_unit" time="0.116" /><testcase classname="backend.tests.test_finanzas_module.TestFinanzasOverview" name="test_get_overview_admin" time="0.448" /><testcase classname="backend.tests.test_finanzas_module.TestFinanzasOverview" name="test_resident_cannot_access_overview" time="0.209"><failure message="assert 401 == 403&#10; +  where 401 = &lt;Response [401]&gt;.status_code">backend/tests/test_finanzas_module.py:615: in test_resident_cannot_access_overview
    assert response.status_code == 403
E   assert 401 == 403
E    +  where 401 = &lt;Response [401]&gt;.status_code</failure></testcase><testcase classname="backend.tests.test_finanzas_module.TestBalanceCalculation" name="test_balance_calculation_flow" time="1.098" /><testcase classname="backend.tests.test_finanzas_module.TestExistingEndpoints" name="test_casos_endpoint" time="0.224"><failure message="assert 401 == 200&#10; +  where 401 = &lt;Response [401]&gt;.status_code">backend/tests/test_finanzas_module.py:716: in test_casos_endpoint
    assert response.status_code == 200
E   assert 401 == 200
E    +  where 401 = &lt;Response [401]&gt;.status_code</failure></testcase><testcase classname="backend.tests.test_finanzas_module.TestExistingEndpoints" name="test_documentos_endpoint" time="0.111"><failure message="assert 401 == 200&#10; +  where 401 = &lt;Response [401]&gt;.status_code">backend/tests/test_finanzas_module.py:725: in test_documentos_endpoint
    assert response.status_code == 200
E   assert 401 == 200
E    +  where 401 = &lt;Response [401]&gt;.status_code</failure></testcase><testcase classname="backend.tests.test_finanzas_module.TestExistingEndpoints" name="test_notifications_v2_endpoint" time="0.140"><failure message="assert 401 == 200&#10; +  where 401 = &lt;Response [401]&gt;.status_code">backend/tests/test_finanzas_module.py:734: in test_notifications_v2_endpoint
    assert response.status_code == 200
E   assert 401 == 200
E    +  where 401 = &lt;Response [401]&gt;.status_code</failure></testcase></testsuite></testsuites>