<?xml version="1.0" encoding="utf-8"?><testsuites name="pytest tests"><testsuite name="pytest" errors="0" failures="0" skipped="0" tests="15" time="2.960" timestamp="2026-04-14T22:26:13.466842+00:00" hostname="agent-env-88fa0ccb-5e4b-4f79-99eb-11b2d25f1b83"><testcase classname="backend.tests.test_finanzas_saas.TestLoginResponse" name="test_login_response_includes_apartment_field" time="1.408" /><testcase classname="backend.tests.test_finanzas_saas.TestPaymentSettings" name="test_get_payment_settings" time="0.387" /><testcase classname="backend.tests.test_finanzas_saas.TestPaymentSettings" name="test_update_payment_settings" time="0.103" /><testcase classname="backend.tests.test_finanzas_saas.TestPaymentSettings" name="test_resident_can_get_payment_settings" time="0.056" /><testcase classname="backend.tests.test_finanzas_saas.TestAssignUnit" name="test_assign_unit_to_user" time="0.125" /><testcase classname="backend.tests.test_finanzas_saas.TestFinanzasOverview" name="test_finanzas_overview_with_resident_info" time="0.047" /><testcase classname="backend.tests.test_finanzas_saas.TestPaymentRequests" name="test_create_payment_request" time="0.064" /><testcase classname="backend.tests.test_finanzas_saas.TestPaymentRequests" name="test_get_payment_requests_resident" time="0.052" /><testcase classname="backend.tests.test_finanzas_saas.TestPaymentRequests" name="test_get_payment_requests_admin_pending" time="0.047" /><testcase classname="backend.tests.test_finanzas_saas.TestPaymentRequests" name="test_review_payment_request_approve" time="0.122" /><testcase classname="backend.tests.test_finanzas_saas.TestPaymentRequests" name="test_review_payment_request_reject" time="0.116" /><testcase classname="backend.tests.test_finanzas_saas.TestUnitAccount" name="test_get_unit_account_resident" time="0.052" /><testcase classname="backend.tests.test_finanzas_saas.TestChargeCatalog" name="test_charge_catalog_crud" time="0.132" /><testcase classname="backend.tests.test_finanzas_saas.TestCharges" name="test_create_charge" time="0.107" /><testcase classname="backend.tests.test_finanzas_saas.TestPayments" name="test_register_payment_admin" time="0.054" /></testsuite></testsuites>