<?xml version="1.0" encoding="utf-8"?><testsuites name="pytest tests"><testsuite name="pytest" errors="0" failures="4" skipped="1" tests="14" time="4.075" timestamp="2026-01-31T08:33:22.288292+00:00" hostname="agent-env-74a9ce5f-4472-4da4-9994-bf365e4f0714"><testcase classname="backend.tests.test_final_hardening.TestEmailNormalization" name="test_login_lowercase_email" time="0.339" /><testcase classname="backend.tests.test_final_hardening.TestEmailNormalization" name="test_login_uppercase_email" time="0.268" /><testcase classname="backend.tests.test_final_hardening.TestEmailNormalization" name="test_login_mixed_case_email" time="0.257" /><testcase classname="backend.tests.test_final_hardening.TestEmailNormalization" name="test_login_superadmin_uppercase" time="0.265" /><testcase classname="backend.tests.test_final_hardening.TestSuperAdminModuleToggle" name="test_get_condominiums" time="0.301"><failure message="AssertionError: Get condos failed: {&quot;detail&quot;:&quot;Not Found&quot;}&#10;assert 404 == 200&#10; +  where 404 = &lt;Response [404]&gt;.status_code">backend/tests/test_final_hardening.py:85: in test_get_condominiums
    assert response.status_code == 200, f"Get condos failed: {response.text}"
E   AssertionError: Get condos failed: {"detail":"Not Found"}
E   assert 404 == 200
E    +  where 404 = &lt;Response [404]&gt;.status_code</failure></testcase><testcase classname="backend.tests.test_final_hardening.TestSuperAdminModuleToggle" name="test_toggle_module_reservations" time="0.301"><failure message="KeyError: 0">backend/tests/test_final_hardening.py:101: in test_toggle_module_reservations
    condo_id = condos[0]["id"]
               ^^^^^^^^^
E   KeyError: 0</failure></testcase><testcase classname="backend.tests.test_final_hardening.TestSuperAdminModuleToggle" name="test_refresh_condo_data" time="0.295"><failure message="AssertionError: Refresh failed: {&quot;detail&quot;:&quot;Not Found&quot;}&#10;assert 404 == 200&#10; +  where 404 = &lt;Response [404]&gt;.status_code">backend/tests/test_final_hardening.py:120: in test_refresh_condo_data
    assert response.status_code == 200, f"Refresh failed: {response.text}"
E   AssertionError: Refresh failed: {"detail":"Not Found"}
E   assert 404 == 200
E    +  where 404 = &lt;Response [404]&gt;.status_code</failure></testcase><testcase classname="backend.tests.test_final_hardening.TestHRShiftDeletion" name="test_create_and_delete_shift" time="0.296"><skipped type="pytest.skip" message="No guards available">/app/backend/tests/test_final_hardening.py:163: No guards available</skipped></testcase><testcase classname="backend.tests.test_final_hardening.TestHRShiftDeletion" name="test_delete_nonexistent_shift" time="0.335" /><testcase classname="backend.tests.test_final_hardening.TestResidentReservations" name="test_get_reservation_areas" time="0.337" /><testcase classname="backend.tests.test_final_hardening.TestResidentReservations" name="test_create_reservation" time="0.601"><failure message="AssertionError: assert 'id' in {'message': 'Reservación creada exitosamente', 'requires_approval': False, 'reservation_id': 'e049c9a9-3fda-4cb6-a844-ecd64165109b', 'status': 'approved'}">backend/tests/test_final_hardening.py:289: in test_create_reservation
    assert "id" in data
E   AssertionError: assert 'id' in {'message': 'Reservación creada exitosamente', 'requires_approval': False, 'reservation_id': 'e049c9a9-3fda-4cb6-a844-ecd64165109b', 'status': 'approved'}</failure></testcase><testcase classname="backend.tests.test_final_hardening.TestGuardLogin" name="test_guard_login_lowercase" time="0.040" /><testcase classname="backend.tests.test_final_hardening.TestGuardLogin" name="test_guard_login_uppercase" time="0.035" /><testcase classname="backend.tests.test_final_hardening.TestProfileLogout" name="test_logout_endpoint" time="0.299" /></testsuite></testsuites>