<?xml version="1.0" encoding="utf-8"?><testsuites name="pytest tests"><testsuite name="pytest" errors="0" failures="0" skipped="1" tests="13" time="5.808" timestamp="2026-04-16T23:19:18.945310+00:00" hostname="agent-env-88fa0ccb-5e4b-4f79-99eb-11b2d25f1b83"><testcase classname="backend.tests.test_finanzas_fixes.TestFinanzasOverview" name="test_overview_returns_only_real_units" time="0.587" /><testcase classname="backend.tests.test_finanzas_fixes.TestFinanzasOverview" name="test_overview_resident_names_correct" time="0.174" /><testcase classname="backend.tests.test_finanzas_fixes.TestFinanzasOverview" name="test_overview_summary_totals" time="0.155" /><testcase classname="backend.tests.test_finanzas_fixes.TestDeleteCharge" name="test_create_and_delete_charge" time="1.072" /><testcase classname="backend.tests.test_finanzas_fixes.TestDeleteCharge" name="test_delete_nonexistent_charge_returns_404" time="0.128" /><testcase classname="backend.tests.test_finanzas_fixes.TestDeleteCharge" name="test_resident_cannot_delete_charge" time="0.588" /><testcase classname="backend.tests.test_finanzas_fixes.TestChargeCreation" name="test_create_individual_charge" time="0.583" /><testcase classname="backend.tests.test_finanzas_fixes.TestBulkCharges" name="test_bulk_charge_generation" time="0.600" /><testcase classname="backend.tests.test_finanzas_fixes.TestPayments" name="test_register_payment" time="0.484" /><testcase classname="backend.tests.test_finanzas_fixes.TestUnitsModule" name="test_get_units_with_resident_info" time="0.449" /><testcase classname="backend.tests.test_finanzas_fixes.TestUnitsModule" name="test_delete_unit_without_force_fails_if_has_records" time="0.343" /><testcase classname="backend.tests.test_finanzas_fixes.TestUnitsModule" name="test_create_and_force_delete_unit" time="0.329" /><testcase classname="backend.tests.test_finanzas_fixes.TestAssignUserToUnit" name="test_assign_user_to_unit" time="0.226"><skipped type="pytest.skip" message="No units available">/app/backend/tests/test_finanzas_fixes.py:452: No units available</skipped></testcase></testsuite></testsuites>