<?xml version="1.0" encoding="utf-8"?><testsuites name="pytest tests"><testsuite name="pytest" errors="0" failures="0" skipped="0" tests="13" time="3.207" timestamp="2026-04-14T20:25:01.120039+00:00" hostname="agent-env-8f9edb88-4e72-471d-beb3-c857e4d6266c"><testcase classname="backend.tests.test_financial_report_export.TestFinancialReportExportCSV" name="test_csv_export_returns_valid_csv" time="0.539" /><testcase classname="backend.tests.test_financial_report_export.TestFinancialReportExportCSV" name="test_csv_export_with_period_filter" time="0.132" /><testcase classname="backend.tests.test_financial_report_export.TestFinancialReportExportPDF" name="test_pdf_export_returns_valid_pdf" time="0.186" /><testcase classname="backend.tests.test_financial_report_export.TestFinancialReportExportPDF" name="test_pdf_export_with_period_filter" time="0.114" /><testcase classname="backend.tests.test_financial_report_export.TestFinancialReportAuthorization" name="test_resident_cannot_access_report" time="0.484" /><testcase classname="backend.tests.test_financial_report_export.TestFinancialReportAuthorization" name="test_guard_cannot_access_report" time="0.498" /><testcase classname="backend.tests.test_financial_report_export.TestFinancialReportAuthorization" name="test_unauthenticated_cannot_access_report" time="0.116" /><testcase classname="backend.tests.test_financial_report_export.TestExistingFinancialEndpoints" name="test_finanzas_overview_still_works" time="0.116" /><testcase classname="backend.tests.test_financial_report_export.TestExistingFinancialEndpoints" name="test_finanzas_catalog_still_works" time="0.255" /><testcase classname="backend.tests.test_financial_report_export.TestExistingFinancialEndpoints" name="test_finanzas_charges_still_works" time="0.266" /><testcase classname="backend.tests.test_financial_report_export.TestExistingFinancialEndpoints" name="test_finanzas_payments_still_works" time="0.157" /><testcase classname="backend.tests.test_financial_report_export.TestInvalidParameters" name="test_invalid_format_rejected" time="0.163" /><testcase classname="backend.tests.test_financial_report_export.TestInvalidParameters" name="test_invalid_period_format_rejected" time="0.113" /></testsuite></testsuites>