<?xml version="1.0" encoding="utf-8"?><testsuites name="pytest tests"><testsuite name="pytest" errors="0" failures="2" skipped="0" tests="11" time="3.803" timestamp="2026-01-29T07:22:15.506610+00:00" hostname="agent-env-a8da02f4-967b-4dbd-aeff-1909fb1e185f"><testcase classname="backend.tests.test_guard_profile_issues.TestAuthentication" name="test_guard_login" time="0.350" /><testcase classname="backend.tests.test_guard_profile_issues.TestAuthentication" name="test_superadmin_login" time="0.263" /><testcase classname="backend.tests.test_guard_profile_issues.TestGuardProfileAccess" name="test_guard_can_get_own_profile" time="0.296" /><testcase classname="backend.tests.test_guard_profile_issues.TestGuardProfileAccess" name="test_guard_can_update_profile" time="0.301" /><testcase classname="backend.tests.test_guard_profile_issues.TestProfileDirectory" name="test_profile_directory_endpoint_exists" time="0.346" /><testcase classname="backend.tests.test_guard_profile_issues.TestProfileDirectory" name="test_directory_returns_users_grouped_by_role" time="0.304" /><testcase classname="backend.tests.test_guard_profile_issues.TestProfileDirectory" name="test_directory_user_has_required_fields" time="0.296" /><testcase classname="backend.tests.test_guard_profile_issues.TestProfileDirectory" name="test_guard_can_view_other_user_profile" time="0.338" /><testcase classname="backend.tests.test_guard_profile_issues.TestModuleVisibility" name="test_condominium_has_modules_config" time="0.293"><failure message="AssertionError: Condominium fetch failed: {&quot;detail&quot;:&quot;Required roles: Administrador, Supervisor&quot;}&#10;assert 403 == 200&#10; +  where 403 = &lt;Response [403]&gt;.status_code">backend/tests/test_guard_profile_issues.py:249: in test_condominium_has_modules_config
    assert response.status_code == 200, f"Condominium fetch failed: {response.text}"
E   AssertionError: Condominium fetch failed: {"detail":"Required roles: Administrador, Supervisor"}
E   assert 403 == 200
E    +  where 403 = &lt;Response [403]&gt;.status_code</failure></testcase><testcase classname="backend.tests.test_guard_profile_issues.TestModuleVisibility" name="test_modules_have_enabled_flag" time="0.299"><failure message="assert 403 == 200&#10; +  where 403 = &lt;Response [403]&gt;.status_code">backend/tests/test_guard_profile_issues.py:272: in test_modules_have_enabled_flag
    assert response.status_code == 200
E   assert 403 == 200
E    +  where 403 = &lt;Response [403]&gt;.status_code</failure></testcase><testcase classname="backend.tests.test_guard_profile_issues.TestGuardUIIntegration" name="test_guard_can_access_all_required_endpoints" time="0.557" /></testsuite></testsuites>