<?xml version="1.0" encoding="utf-8"?><testsuites name="pytest tests"><testsuite name="pytest" errors="0" failures="5" skipped="0" tests="17" time="5.223" timestamp="2026-01-29T05:19:07.614524+00:00" hostname="agent-env-33d14462-7d32-49aa-83b7-cbafd413ab9e"><testcase classname="backend.tests.test_guard_absence_requests.TestGuardAbsenceRequests" name="test_01_guard_login_success" time="0.308" /><testcase classname="backend.tests.test_guard_absence_requests.TestGuardAbsenceRequests" name="test_02_hr_login_success" time="0.262" /><testcase classname="backend.tests.test_guard_absence_requests.TestGuardAbsenceRequests" name="test_03_guard_can_create_absence_request" time="0.315"><failure message="AssertionError: Create absence failed: {&quot;detail&quot;:&quot;Ya tienes una solicitud para esas fechas&quot;}&#10;assert 400 == 200&#10; +  where 400 = &lt;Response [400]&gt;.status_code">backend/tests/test_guard_absence_requests.py:101: in test_03_guard_can_create_absence_request
    assert response.status_code == 200, f"Create absence failed: {response.text}"
E   AssertionError: Create absence failed: {"detail":"Ya tienes una solicitud para esas fechas"}
E   assert 400 == 200
E    +  where 400 = &lt;Response [400]&gt;.status_code</failure></testcase><testcase classname="backend.tests.test_guard_absence_requests.TestGuardAbsenceRequests" name="test_04_guard_absence_has_correct_source_field" time="0.283" /><testcase classname="backend.tests.test_guard_absence_requests.TestGuardAbsenceRequests" name="test_05_guard_can_view_own_absences" time="0.311" /><testcase classname="backend.tests.test_guard_absence_requests.TestGuardAbsenceRequests" name="test_06_guard_my_absences_scoped_by_user" time="0.275" /><testcase classname="backend.tests.test_guard_absence_requests.TestGuardAbsenceRequests" name="test_07_hr_can_view_all_absences" time="0.272" /><testcase classname="backend.tests.test_guard_absence_requests.TestGuardAbsenceRequests" name="test_08_hr_can_approve_absence" time="0.265"><failure message="assert 400 == 200&#10; +  where 400 = &lt;Response [400]&gt;.status_code">backend/tests/test_guard_absence_requests.py:208: in test_08_hr_can_approve_absence
    assert create_response.status_code == 200
E   assert 400 == 200
E    +  where 400 = &lt;Response [400]&gt;.status_code</failure></testcase><testcase classname="backend.tests.test_guard_absence_requests.TestGuardAbsenceRequests" name="test_09_hr_can_reject_absence" time="0.537" /><testcase classname="backend.tests.test_guard_absence_requests.TestGuardAbsenceRequests" name="test_10_hr_cannot_approve_already_processed" time="0.265"><failure message="KeyError: 'id'">backend/tests/test_guard_absence_requests.py:280: in test_10_hr_cannot_approve_already_processed
    absence_id = create_response.json()["id"]
                 ^^^^^^^^^^^^^^^^^^^^^^^^^^^^
E   KeyError: 'id'</failure></testcase><testcase classname="backend.tests.test_guard_absence_requests.TestGuardAbsenceRequests" name="test_11_absence_requires_reason" time="0.318" /><testcase classname="backend.tests.test_guard_absence_requests.TestGuardAbsenceRequests" name="test_12_absence_date_validation" time="0.266" /><testcase classname="backend.tests.test_guard_absence_requests.TestGuardAbsenceRequests" name="test_13_absence_request_creates_audit_log" time="0.350"><failure message="assert 400 == 200&#10; +  where 400 = &lt;Response [400]&gt;.status_code">backend/tests/test_guard_absence_requests.py:355: in test_13_absence_request_creates_audit_log
    assert response.status_code == 200
E   assert 400 == 200
E    +  where 400 = &lt;Response [400]&gt;.status_code</failure></testcase><testcase classname="backend.tests.test_guard_absence_requests.TestGuardAbsenceRequests" name="test_14_guard_sees_updated_status" time="0.266"><failure message="KeyError: 'id'">backend/tests/test_guard_absence_requests.py:383: in test_14_guard_sees_updated_status
    absence_id = create_response.json()["id"]
                 ^^^^^^^^^^^^^^^^^^^^^^^^^^^^
E   KeyError: 'id'</failure></testcase><testcase classname="backend.tests.test_guard_absence_requests.TestGuardAbsencePermissions" name="test_guard_cannot_approve_absences" time="0.269" /><testcase classname="backend.tests.test_guard_absence_requests.TestGuardAbsencePermissions" name="test_guard_cannot_reject_absences" time="0.267" /><testcase classname="backend.tests.test_guard_absence_requests.TestGuardAbsencePermissions" name="test_hr_can_access_approve_endpoint" time="0.273" /></testsuite></testsuites>