<?xml version="1.0" encoding="utf-8"?><testsuites name="pytest tests"><testsuite name="pytest" errors="0" failures="2" skipped="0" tests="16" time="5.158" timestamp="2026-01-28T19:45:17.727829+00:00" hostname="agent-env-8d4b8f77-424d-4f44-bd45-6f43dd054118"><testcase classname="backend.tests.test_guard_ui.TestGuardLogin" name="test_guard_login_success" time="0.328" /><testcase classname="backend.tests.test_guard_ui.TestGuardLogin" name="test_guard_has_condominium_id" time="0.270" /><testcase classname="backend.tests.test_guard_ui.TestGuardLogin" name="test_guard_has_guarda_role" time="0.265" /><testcase classname="backend.tests.test_guard_ui.TestClockInOut" name="test_get_clock_status" time="0.304" /><testcase classname="backend.tests.test_guard_ui.TestClockInOut" name="test_clock_in" time="0.349" /><testcase classname="backend.tests.test_guard_ui.TestClockInOut" name="test_clock_out" time="0.357" /><testcase classname="backend.tests.test_guard_ui.TestAlertResolution" name="test_get_panic_events" time="0.310" /><testcase classname="backend.tests.test_guard_ui.TestAlertResolution" name="test_resolve_panic_event" time="0.342" /><testcase classname="backend.tests.test_guard_ui.TestVisitorManagement" name="test_get_pending_visitors" time="0.301" /><testcase classname="backend.tests.test_guard_ui.TestVisitorManagement" name="test_register_visitor_entry" time="0.332"><failure message="assert 422 == 200&#10; +  where 422 = &lt;Response [422]&gt;.status_code">backend/tests/test_guard_ui.py:232: in test_register_visitor_entry
    assert response.status_code == 200
E   assert 422 == 200
E    +  where 422 = &lt;Response [422]&gt;.status_code</failure></testcase><testcase classname="backend.tests.test_guard_ui.TestVisitorManagement" name="test_register_visitor_exit" time="0.344"><failure message="assert 422 == 200&#10; +  where 422 = &lt;Response [422]&gt;.status_code">backend/tests/test_guard_ui.py:256: in test_register_visitor_exit
    assert response.status_code == 200
E   assert 422 == 200
E    +  where 422 = &lt;Response [422]&gt;.status_code</failure></testcase><testcase classname="backend.tests.test_guard_ui.TestManualEntry" name="test_create_access_log" time="0.295" /><testcase classname="backend.tests.test_guard_ui.TestManualEntry" name="test_get_access_logs" time="0.293" /><testcase classname="backend.tests.test_guard_ui.TestAuditLogging" name="test_login_creates_audit_log" time="0.260" /><testcase classname="backend.tests.test_guard_ui.TestAuditLogging" name="test_clock_creates_audit_log" time="0.337" /><testcase classname="backend.tests.test_guard_ui.TestSecurityDashboard" name="test_get_security_stats" time="0.315" /></testsuite></testsuites>