<?xml version="1.0" encoding="utf-8"?><testsuites name="pytest tests"><testsuite name="pytest" errors="0" failures="0" skipped="5" tests="11" time="4.039" timestamp="2026-02-25T21:02:51.096419+00:00" hostname="agent-env-6ad94c73-c02e-4716-b5b5-0a64ecb95e7a"><testcase classname="tests.test_guard_tanstack_migration.TestGuardAuth" name="test_guard_login" time="0.439" /><testcase classname="tests.test_guard_tanstack_migration.TestGuardAlertsAPI" name="test_get_panic_events" time="0.468" /><testcase classname="tests.test_guard_tanstack_migration.TestGuardClockAPI" name="test_get_clock_status" time="0.523" /><testcase classname="tests.test_guard_tanstack_migration.TestGuardVisitorEntriesAPI" name="test_get_visits_summary" time="0.485" /><testcase classname="tests.test_guard_tanstack_migration.TestGuardShiftAPI" name="test_get_my_shift" time="0.736" /><testcase classname="tests.test_guard_tanstack_migration.TestGuardAbsencesAPI" name="test_get_my_absences" time="0.536" /><testcase classname="tests.test_guard_tanstack_migration.TestGuardHistoryAPI" name="test_get_guard_history" time="0.133"><skipped type="pytest.skip" message="Guard login failed: {&quot;error&quot;:&quot;Too many login attempts. Please try again later.&quot;,&quot;detail&quot;:&quot;Too many login attempts. Please try again later.&quot;,&quot;request_id&quot;:&quot;c4083dce-a64c-4298-a4f9-ea65575f15c4&quot;}">/app/backend/tests/test_guard_tanstack_migration.py:167: Guard login failed: {"error":"Too many login attempts. Please try again later.","detail":"Too many login attempts. Please try again later.","request_id":"c4083dce-a64c-4298-a4f9-ea65575f15c4"}</skipped></testcase><testcase classname="tests.test_guard_tanstack_migration.TestGuardMutations" name="test_resolve_alert_endpoint_exists" time="0.179"><skipped type="pytest.skip" message="Guard login failed: {&quot;error&quot;:&quot;Too many login attempts. Please try again later.&quot;,&quot;detail&quot;:&quot;Too many login attempts. Please try again later.&quot;,&quot;request_id&quot;:&quot;e79654e7-dd41-4e85-b4f0-d53de5489cc9&quot;}">/app/backend/tests/test_guard_tanstack_migration.py:187: Guard login failed: {"error":"Too many login attempts. Please try again later.","detail":"Too many login attempts. Please try again later.","request_id":"e79654e7-dd41-4e85-b4f0-d53de5489cc9"}</skipped></testcase><testcase classname="tests.test_guard_tanstack_migration.TestGuardMutations" name="test_clock_in_endpoint_exists" time="0.214"><skipped type="pytest.skip" message="Guard login failed: {&quot;error&quot;:&quot;Too many login attempts. Please try again later.&quot;,&quot;detail&quot;:&quot;Too many login attempts. Please try again later.&quot;,&quot;request_id&quot;:&quot;2bb46374-a878-4ffa-af1f-295dbf5228a2&quot;}">/app/backend/tests/test_guard_tanstack_migration.py:203: Guard login failed: {"error":"Too many login attempts. Please try again later.","detail":"Too many login attempts. Please try again later.","request_id":"2bb46374-a878-4ffa-af1f-295dbf5228a2"}</skipped></testcase><testcase classname="tests.test_guard_tanstack_migration.TestGuardMutations" name="test_guard_checkin_endpoint_exists" time="0.125"><skipped type="pytest.skip" message="Guard login failed: {&quot;error&quot;:&quot;Too many login attempts. Please try again later.&quot;,&quot;detail&quot;:&quot;Too many login attempts. Please try again later.&quot;,&quot;request_id&quot;:&quot;5cefd2f7-d63b-4abe-b7ac-986c282d1272&quot;}">/app/backend/tests/test_guard_tanstack_migration.py:214: Guard login failed: {"error":"Too many login attempts. Please try again later.","detail":"Too many login attempts. Please try again later.","request_id":"5cefd2f7-d63b-4abe-b7ac-986c282d1272"}</skipped></testcase><testcase classname="tests.test_guard_tanstack_migration.TestGuardMutations" name="test_guard_checkout_endpoint_exists" time="0.137"><skipped type="pytest.skip" message="Guard login failed: {&quot;error&quot;:&quot;Too many login attempts. Please try again later.&quot;,&quot;detail&quot;:&quot;Too many login attempts. Please try again later.&quot;,&quot;request_id&quot;:&quot;005e798f-6c12-4dca-a78f-2b3b91f7106c&quot;}">/app/backend/tests/test_guard_tanstack_migration.py:225: Guard login failed: {"error":"Too many login attempts. Please try again later.","detail":"Too many login attempts. Please try again later.","request_id":"005e798f-6c12-4dca-a78f-2b3b91f7106c"}</skipped></testcase></testsuite></testsuites>