<?xml version="1.0" encoding="utf-8"?><testsuites name="pytest tests"><testsuite name="pytest" errors="0" failures="0" skipped="0" tests="16" time="5.120" timestamp="2026-01-28T19:46:10.889086+00:00" hostname="agent-env-8d4b8f77-424d-4f44-bd45-6f43dd054118"><testcase classname="backend.tests.test_guard_ui.TestGuardLogin" name="test_guard_login_success" time="0.322" /><testcase classname="backend.tests.test_guard_ui.TestGuardLogin" name="test_guard_has_condominium_id" time="0.260" /><testcase classname="backend.tests.test_guard_ui.TestGuardLogin" name="test_guard_has_guarda_role" time="0.263" /><testcase classname="backend.tests.test_guard_ui.TestClockInOut" name="test_get_clock_status" time="0.305" /><testcase classname="backend.tests.test_guard_ui.TestClockInOut" name="test_clock_in" time="0.387" /><testcase classname="backend.tests.test_guard_ui.TestClockInOut" name="test_clock_out" time="0.373" /><testcase classname="backend.tests.test_guard_ui.TestAlertResolution" name="test_get_panic_events" time="0.302" /><testcase classname="backend.tests.test_guard_ui.TestAlertResolution" name="test_resolve_panic_event" time="0.337" /><testcase classname="backend.tests.test_guard_ui.TestVisitorManagement" name="test_get_pending_visitors" time="0.302" /><testcase classname="backend.tests.test_guard_ui.TestVisitorManagement" name="test_register_visitor_entry" time="0.329" /><testcase classname="backend.tests.test_guard_ui.TestVisitorManagement" name="test_register_visitor_exit" time="0.340" /><testcase classname="backend.tests.test_guard_ui.TestManualEntry" name="test_create_access_log" time="0.335" /><testcase classname="backend.tests.test_guard_ui.TestManualEntry" name="test_get_access_logs" time="0.292" /><testcase classname="backend.tests.test_guard_ui.TestAuditLogging" name="test_login_creates_audit_log" time="0.260" /><testcase classname="backend.tests.test_guard_ui.TestAuditLogging" name="test_clock_creates_audit_log" time="0.335" /><testcase classname="backend.tests.test_guard_ui.TestSecurityDashboard" name="test_get_security_stats" time="0.310" /></testsuite></testsuites>