<?xml version="1.0" encoding="utf-8"?><testsuites name="pytest tests"><testsuite name="pytest" errors="0" failures="1" skipped="0" tests="11" time="3.837" timestamp="2026-01-29T03:58:38.594595+00:00" hostname="agent-env-33d14462-7d32-49aa-83b7-cbafd413ab9e"><testcase classname="backend.tests.test_guard_clock_flow.TestGuardClockFlow" name="test_01_admin_login" time="0.299" /><testcase classname="backend.tests.test_guard_clock_flow.TestGuardClockFlow" name="test_02_guard_login" time="0.260" /><testcase classname="backend.tests.test_guard_clock_flow.TestGuardClockFlow" name="test_03_create_shift_for_guard" time="0.309"><failure message="AssertionError: Shift creation failed: {&quot;detail&quot;:&quot;El empleado ya tiene un turno programado en ese horario&quot;}&#10;assert 400 == 200&#10; +  where 400 = &lt;Response [400]&gt;.status_code">backend/tests/test_guard_clock_flow.py:93: in test_03_create_shift_for_guard
    assert response.status_code == 200, f"Shift creation failed: {response.text}"
E   AssertionError: Shift creation failed: {"detail":"El empleado ya tiene un turno programado en ese horario"}
E   assert 400 == 200
E    +  where 400 = &lt;Response [400]&gt;.status_code</failure></testcase><testcase classname="backend.tests.test_guard_clock_flow.TestGuardClockFlow" name="test_04_guard_my_shift_returns_current_shift" time="0.266" /><testcase classname="backend.tests.test_guard_clock_flow.TestGuardClockFlow" name="test_05_clock_in_updates_shift_to_in_progress" time="0.562" /><testcase classname="backend.tests.test_guard_clock_flow.TestGuardClockFlow" name="test_06_clock_out_marks_shift_completed" time="0.505" /><testcase classname="backend.tests.test_guard_clock_flow.TestGuardClockFlow" name="test_07_overlap_validation_excludes_completed_shifts" time="0.315" /><testcase classname="backend.tests.test_guard_clock_flow.TestGuardClockFlow" name="test_08_my_shift_after_clock_out_shows_no_current_shift" time="0.315" /><testcase classname="backend.tests.test_guard_clock_flow.TestClockInWithoutShift" name="test_clock_in_without_shift_returns_400" time="0.311" /><testcase classname="backend.tests.test_guard_clock_flow.TestDoubleClockIn" name="test_double_clock_in_returns_400" time="0.334" /><testcase classname="backend.tests.test_guard_clock_flow.TestClockOutWithoutClockIn" name="test_clock_out_without_clock_in_returns_400" time="0.286" /></testsuite></testsuites>