<?xml version="1.0" encoding="utf-8"?><testsuites name="pytest tests"><testsuite name="pytest" errors="0" failures="2" skipped="2" tests="12" time="5.939" timestamp="2026-02-25T21:01:55.640234+00:00" hostname="agent-env-6ad94c73-c02e-4716-b5b5-0a64ecb95e7a"><testcase classname="tests.test_guard_tanstack_migration.TestGuardAuth" name="test_guard_login" time="0.423" /><testcase classname="tests.test_guard_tanstack_migration.TestGuardAlertsAPI" name="test_get_panic_events" time="0.610"><failure message="AssertionError: Failed to get panic events: {&quot;error&quot;:&quot;Not Found&quot;,&quot;detail&quot;:&quot;Not Found&quot;,&quot;request_id&quot;:&quot;3f1a4ceb-c4ac-4842-90ea-8066af78696d&quot;}&#10;assert 404 == 200&#10; +  where 404 = &lt;Response [404]&gt;.status_code">tests/test_guard_tanstack_migration.py:72: in test_get_panic_events
    assert response.status_code == 200, f"Failed to get panic events: {response.text}"
E   AssertionError: Failed to get panic events: {"error":"Not Found","detail":"Not Found","request_id":"3f1a4ceb-c4ac-4842-90ea-8066af78696d"}
E   assert 404 == 200
E    +  where 404 = &lt;Response [404]&gt;.status_code</failure></testcase><testcase classname="tests.test_guard_tanstack_migration.TestGuardClockAPI" name="test_get_clock_status" time="0.610"><failure message="AssertionError: Failed to get clock status: {&quot;error&quot;:&quot;Not Found&quot;,&quot;detail&quot;:&quot;Not Found&quot;,&quot;request_id&quot;:&quot;0536870d-9a47-45c0-941c-f6b228477e48&quot;}&#10;assert 404 == 200&#10; +  where 404 = &lt;Response [404]&gt;.status_code">tests/test_guard_tanstack_migration.py:96: in test_get_clock_status
    assert response.status_code == 200, f"Failed to get clock status: {response.text}"
E   AssertionError: Failed to get clock status: {"error":"Not Found","detail":"Not Found","request_id":"0536870d-9a47-45c0-941c-f6b228477e48"}
E   assert 404 == 200
E    +  where 404 = &lt;Response [404]&gt;.status_code</failure></testcase><testcase classname="tests.test_guard_tanstack_migration.TestGuardVisitorEntriesAPI" name="test_get_visits_summary" time="0.561" /><testcase classname="tests.test_guard_tanstack_migration.TestGuardShiftAPI" name="test_get_my_shift" time="0.526" /><testcase classname="tests.test_guard_tanstack_migration.TestGuardAbsencesAPI" name="test_get_my_absences" time="0.569" /><testcase classname="tests.test_guard_tanstack_migration.TestGuardHistoryAPI" name="test_get_guard_history" time="0.605" /><testcase classname="tests.test_guard_tanstack_migration.TestGuardMutations" name="test_resolve_alert_endpoint_exists" time="0.145"><skipped type="pytest.skip" message="Guard login failed: {&quot;error&quot;:&quot;Too many login attempts. Please try again later.&quot;,&quot;detail&quot;:&quot;Too many login attempts. Please try again later.&quot;,&quot;request_id&quot;:&quot;bf2e415a-3847-41b8-97d9-dc1332e505fb&quot;}">/app/backend/tests/test_guard_tanstack_migration.py:187: Guard login failed: {"error":"Too many login attempts. Please try again later.","detail":"Too many login attempts. Please try again later.","request_id":"bf2e415a-3847-41b8-97d9-dc1332e505fb"}</skipped></testcase><testcase classname="tests.test_guard_tanstack_migration.TestGuardMutations" name="test_clock_in_endpoint_exists" time="0.592" /><testcase classname="tests.test_guard_tanstack_migration.TestGuardMutations" name="test_clock_out_endpoint_exists" time="0.519" /><testcase classname="tests.test_guard_tanstack_migration.TestGuardMutations" name="test_guard_checkin_endpoint_exists" time="0.516" /><testcase classname="tests.test_guard_tanstack_migration.TestGuardMutations" name="test_guard_checkout_endpoint_exists" time="0.168"><skipped type="pytest.skip" message="Guard login failed: {&quot;error&quot;:&quot;Too many login attempts. Please try again later.&quot;,&quot;detail&quot;:&quot;Too many login attempts. Please try again later.&quot;,&quot;request_id&quot;:&quot;ed9a6763-8dfd-4aaf-a63a-62be7ed6ca59&quot;}">/app/backend/tests/test_guard_tanstack_migration.py:236: Guard login failed: {"error":"Too many login attempts. Please try again later.","detail":"Too many login attempts. Please try again later.","request_id":"ed9a6763-8dfd-4aaf-a63a-62be7ed6ca59"}</skipped></testcase></testsuite></testsuites>