<?xml version="1.0" encoding="utf-8"?><testsuites name="pytest tests"><testsuite name="pytest" errors="0" failures="0" skipped="0" tests="17" time="2.134" timestamp="2026-02-19T11:32:49.431121+00:00" hostname="agent-env-be5c1e54-6faa-408e-9443-708466aa6f22"><testcase classname="backend.tests.test_health_readiness.TestHealthEndpoint" name="test_health_returns_200" time="0.191" /><testcase classname="backend.tests.test_health_readiness.TestHealthEndpoint" name="test_health_response_structure" time="0.116" /><testcase classname="backend.tests.test_health_readiness.TestHealthEndpoint" name="test_health_no_database_dependency" time="0.133" /><testcase classname="backend.tests.test_health_readiness.TestHealthEndpoint" name="test_health_no_auth_required" time="0.100" /><testcase classname="backend.tests.test_health_readiness.TestHealthEndpoint" name="test_health_idempotent" time="0.320" /><testcase classname="backend.tests.test_health_readiness.TestReadinessEndpoint" name="test_readiness_returns_200_when_ready" time="0.112" /><testcase classname="backend.tests.test_health_readiness.TestReadinessEndpoint" name="test_readiness_response_structure_success" time="0.109" /><testcase classname="backend.tests.test_health_readiness.TestReadinessEndpoint" name="test_readiness_no_auth_required" time="0.106" /><testcase classname="backend.tests.test_health_readiness.TestReadinessEndpoint" name="test_readiness_does_not_expose_secrets" time="0.105" /><testcase classname="backend.tests.test_health_readiness.TestReadinessEndpoint" name="test_readiness_includes_request_id" time="0.106" /><testcase classname="backend.tests.test_health_readiness.TestReadinessEndpoint" name="test_readiness_validates_mongodb" time="0.112" /><testcase classname="backend.tests.test_health_readiness.TestReadinessEndpoint" name="test_readiness_response_503_structure" time="0.116" /><testcase classname="backend.tests.test_health_readiness.TestHealthVsReadinessSemantics" name="test_health_faster_than_readiness" time="0.229" /><testcase classname="backend.tests.test_health_readiness.TestHealthVsReadinessSemantics" name="test_health_and_readiness_different_content" time="0.204" /><testcase classname="backend.tests.test_health_readiness.TestCodeReviewValidation" name="test_environment_variables_configured" time="0.000" /><testcase classname="backend.tests.test_health_readiness.TestCodeReviewValidation" name="test_readiness_endpoint_calls_mongodb_ping" time="0.002" /><testcase classname="backend.tests.test_health_readiness.TestCodeReviewValidation" name="test_readiness_checks_all_required_dependencies" time="0.001" /></testsuite></testsuites>