<?xml version="1.0" encoding="utf-8"?><testsuites name="pytest tests"><testsuite name="pytest" errors="0" failures="0" skipped="2" tests="9" time="3.266" timestamp="2026-04-17T04:43:47.505195+00:00" hostname="agent-env-88fa0ccb-5e4b-4f79-99eb-11b2d25f1b83"><testcase classname="backend.tests.test_home_dashboard_features.TestAuthMeEndpoint" name="test_auth_me_returns_apartment_field" time="0.425" /><testcase classname="backend.tests.test_home_dashboard_features.TestAuthMeEndpoint" name="test_auth_me_returns_role_data_field" time="0.380" /><testcase classname="backend.tests.test_home_dashboard_features.TestAuthMeEndpoint" name="test_login_response_includes_apartment" time="0.339" /><testcase classname="backend.tests.test_home_dashboard_features.TestFinanceEndpoint" name="test_get_unit_account_returns_balance" time="0.667" /><testcase classname="backend.tests.test_home_dashboard_features.TestFinanceEndpoint" name="test_unit_account_status_values" time="0.391" /><testcase classname="backend.tests.test_home_dashboard_features.TestCasosEndpoint" name="test_get_casos_returns_items" time="0.389" /><testcase classname="backend.tests.test_home_dashboard_features.TestCasosEndpoint" name="test_casos_status_values" time="0.115"><skipped type="pytest.skip" message="Login failed: 429">/app/backend/tests/test_home_dashboard_features.py:194: Login failed: 429</skipped></testcase><testcase classname="backend.tests.test_home_dashboard_features.TestAsambleaEndpoint" name="test_get_asamblea_returns_list" time="0.115"><skipped type="pytest.skip" message="Login failed: 429">/app/backend/tests/test_home_dashboard_features.py:237: Login failed: 429</skipped></testcase><testcase classname="backend.tests.test_home_dashboard_features.TestAsambleaEndpoint" name="test_asamblea_status_values" time="0.386" /></testsuite></testsuites>