<?xml version="1.0" encoding="utf-8"?><testsuites name="pytest tests"><testsuite name="pytest" errors="0" failures="0" skipped="0" tests="37" time="21.390" timestamp="2026-01-28T11:17:16.976891+00:00" hostname="agent-env-2f098034-c741-4bd7-8c39-be0cd21df305"><testcase classname="backend.tests.test_hr_module.TestAuth" name="test_admin_login" time="0.326" /><testcase classname="backend.tests.test_hr_module.TestAuth" name="test_guard_login" time="3.364" /><testcase classname="backend.tests.test_hr_module.TestGuards" name="test_get_guards_list" time="15.524" /><testcase classname="backend.tests.test_hr_module.TestGuards" name="test_get_guard_by_id" time="0.095" /><testcase classname="backend.tests.test_hr_module.TestGuards" name="test_get_guard_not_found" time="0.038" /><testcase classname="backend.tests.test_hr_module.TestShifts" name="test_create_shift_success" time="0.077" /><testcase classname="backend.tests.test_hr_module.TestShifts" name="test_create_shift_invalid_guard" time="0.034" /><testcase classname="backend.tests.test_hr_module.TestShifts" name="test_create_shift_invalid_times" time="0.033" /><testcase classname="backend.tests.test_hr_module.TestShifts" name="test_get_shifts_list" time="0.037" /><testcase classname="backend.tests.test_hr_module.TestShifts" name="test_get_shifts_with_status_filter" time="0.030" /><testcase classname="backend.tests.test_hr_module.TestShifts" name="test_get_shifts_with_guard_filter" time="0.039" /><testcase classname="backend.tests.test_hr_module.TestShifts" name="test_update_shift" time="0.069" /><testcase classname="backend.tests.test_hr_module.TestShifts" name="test_update_shift_invalid_status" time="0.106" /><testcase classname="backend.tests.test_hr_module.TestShifts" name="test_delete_shift" time="0.100" /><testcase classname="backend.tests.test_hr_module.TestShifts" name="test_delete_shift_not_found" time="0.037" /><testcase classname="backend.tests.test_hr_module.TestClockInOut" name="test_get_clock_status" time="0.291" /><testcase classname="backend.tests.test_hr_module.TestClockInOut" name="test_clock_in_success" time="0.066" /><testcase classname="backend.tests.test_hr_module.TestClockInOut" name="test_clock_in_double_prevention" time="0.063" /><testcase classname="backend.tests.test_hr_module.TestClockInOut" name="test_clock_out_success" time="0.067" /><testcase classname="backend.tests.test_hr_module.TestClockInOut" name="test_clock_out_without_clock_in" time="0.069" /><testcase classname="backend.tests.test_hr_module.TestClockInOut" name="test_clock_invalid_type" time="0.031" /><testcase classname="backend.tests.test_hr_module.TestClockInOut" name="test_get_clock_history" time="0.031" /><testcase classname="backend.tests.test_hr_module.TestClockInOut" name="test_guard_sees_own_history" time="0.030" /><testcase classname="backend.tests.test_hr_module.TestAbsences" name="test_create_absence_success" time="0.032" /><testcase classname="backend.tests.test_hr_module.TestAbsences" name="test_create_absence_invalid_dates" time="0.032" /><testcase classname="backend.tests.test_hr_module.TestAbsences" name="test_create_absence_invalid_type" time="0.031" /><testcase classname="backend.tests.test_hr_module.TestAbsences" name="test_get_absences_list" time="0.031" /><testcase classname="backend.tests.test_hr_module.TestAbsences" name="test_get_absences_with_status_filter" time="0.034" /><testcase classname="backend.tests.test_hr_module.TestAbsences" name="test_approve_absence" time="0.073" /><testcase classname="backend.tests.test_hr_module.TestAbsences" name="test_reject_absence" time="0.066" /><testcase classname="backend.tests.test_hr_module.TestAbsences" name="test_approve_already_processed" time="0.097" /><testcase classname="backend.tests.test_hr_module.TestAbsences" name="test_get_absence_by_id" time="0.066" /><testcase classname="backend.tests.test_hr_module.TestAbsences" name="test_get_absence_not_found" time="0.032" /><testcase classname="backend.tests.test_hr_module.TestPayroll" name="test_get_payroll" time="0.036" /><testcase classname="backend.tests.test_hr_module.TestRoleBasedAccess" name="test_guard_cannot_delete_shift" time="0.104" /><testcase classname="backend.tests.test_hr_module.TestRoleBasedAccess" name="test_guard_cannot_approve_absence" time="0.068" /><testcase classname="backend.tests.test_hr_module.TestRoleBasedAccess" name="test_guard_cannot_access_payroll" time="0.032" /></testsuite></testsuites>