<?xml version="1.0" encoding="utf-8"?><testsuites name="pytest tests"><testsuite name="pytest" errors="0" failures="3" skipped="0" tests="37" time="2.919" timestamp="2026-01-28T11:16:40.789690+00:00" hostname="agent-env-2f098034-c741-4bd7-8c39-be0cd21df305"><testcase classname="backend.tests.test_hr_module.TestAuth" name="test_admin_login" time="0.342" /><testcase classname="backend.tests.test_hr_module.TestAuth" name="test_guard_login" time="0.259" /><testcase classname="backend.tests.test_hr_module.TestGuards" name="test_get_guards_list" time="0.297" /><testcase classname="backend.tests.test_hr_module.TestGuards" name="test_get_guard_by_id" time="0.068" /><testcase classname="backend.tests.test_hr_module.TestGuards" name="test_get_guard_not_found" time="0.040" /><testcase classname="backend.tests.test_hr_module.TestShifts" name="test_create_shift_success" time="0.071" /><testcase classname="backend.tests.test_hr_module.TestShifts" name="test_create_shift_invalid_guard" time="0.031" /><testcase classname="backend.tests.test_hr_module.TestShifts" name="test_create_shift_invalid_times" time="0.033" /><testcase classname="backend.tests.test_hr_module.TestShifts" name="test_get_shifts_list" time="0.042" /><testcase classname="backend.tests.test_hr_module.TestShifts" name="test_get_shifts_with_status_filter" time="0.032" /><testcase classname="backend.tests.test_hr_module.TestShifts" name="test_get_shifts_with_guard_filter" time="0.030" /><testcase classname="backend.tests.test_hr_module.TestShifts" name="test_update_shift" time="0.068" /><testcase classname="backend.tests.test_hr_module.TestShifts" name="test_update_shift_invalid_status" time="0.071" /><testcase classname="backend.tests.test_hr_module.TestShifts" name="test_delete_shift" time="0.104" /><testcase classname="backend.tests.test_hr_module.TestShifts" name="test_delete_shift_not_found" time="0.032" /><testcase classname="backend.tests.test_hr_module.TestClockInOut" name="test_get_clock_status" time="0.297" /><testcase classname="backend.tests.test_hr_module.TestClockInOut" name="test_clock_in_success" time="0.064" /><testcase classname="backend.tests.test_hr_module.TestClockInOut" name="test_clock_in_double_prevention" time="0.060" /><testcase classname="backend.tests.test_hr_module.TestClockInOut" name="test_clock_out_success" time="0.062" /><testcase classname="backend.tests.test_hr_module.TestClockInOut" name="test_clock_out_without_clock_in" time="0.068" /><testcase classname="backend.tests.test_hr_module.TestClockInOut" name="test_clock_invalid_type" time="0.029" /><testcase classname="backend.tests.test_hr_module.TestClockInOut" name="test_get_clock_history" time="0.036" /><testcase classname="backend.tests.test_hr_module.TestClockInOut" name="test_guard_sees_own_history" time="0.035" /><testcase classname="backend.tests.test_hr_module.TestAbsences" name="test_create_absence_success" time="0.032"><failure message="AssertionError: Failed to create absence: {&quot;detail&quot;:&quot;Ya tienes una solicitud para esas fechas&quot;}&#10;assert 400 == 200&#10; +  where 400 = &lt;Response [400]&gt;.status_code">backend/tests/test_hr_module.py:399: in test_create_absence_success
    assert response.status_code == 200, f"Failed to create absence: {response.text}"
E   AssertionError: Failed to create absence: {"detail":"Ya tienes una solicitud para esas fechas"}
E   assert 400 == 200
E    +  where 400 = &lt;Response [400]&gt;.status_code</failure></testcase><testcase classname="backend.tests.test_hr_module.TestAbsences" name="test_create_absence_invalid_dates" time="0.029" /><testcase classname="backend.tests.test_hr_module.TestAbsences" name="test_create_absence_invalid_type" time="0.033" /><testcase classname="backend.tests.test_hr_module.TestAbsences" name="test_get_absences_list" time="0.036" /><testcase classname="backend.tests.test_hr_module.TestAbsences" name="test_get_absences_with_status_filter" time="0.038" /><testcase classname="backend.tests.test_hr_module.TestAbsences" name="test_approve_absence" time="0.035"><failure message="KeyError: 'id'">backend/tests/test_hr_module.py:465: in test_approve_absence
    absence_id = create_resp.json()["id"]
                 ^^^^^^^^^^^^^^^^^^^^^^^^
E   KeyError: 'id'</failure></testcase><testcase classname="backend.tests.test_hr_module.TestAbsences" name="test_reject_absence" time="0.072" /><testcase classname="backend.tests.test_hr_module.TestAbsences" name="test_approve_already_processed" time="0.034"><failure message="KeyError: 'id'">backend/tests/test_hr_module.py:511: in test_approve_already_processed
    absence_id = create_resp.json()["id"]
                 ^^^^^^^^^^^^^^^^^^^^^^^^
E   KeyError: 'id'</failure></testcase><testcase classname="backend.tests.test_hr_module.TestAbsences" name="test_get_absence_by_id" time="0.072" /><testcase classname="backend.tests.test_hr_module.TestAbsences" name="test_get_absence_not_found" time="0.040" /><testcase classname="backend.tests.test_hr_module.TestPayroll" name="test_get_payroll" time="0.032" /><testcase classname="backend.tests.test_hr_module.TestRoleBasedAccess" name="test_guard_cannot_delete_shift" time="0.064" /><testcase classname="backend.tests.test_hr_module.TestRoleBasedAccess" name="test_guard_cannot_approve_absence" time="0.067" /><testcase classname="backend.tests.test_hr_module.TestRoleBasedAccess" name="test_guard_cannot_access_payroll" time="0.032" /></testsuite></testsuites>