<?xml version="1.0" encoding="utf-8"?><testsuites name="pytest tests"><testsuite name="pytest" errors="0" failures="4" skipped="0" tests="37" time="3.200" timestamp="2026-01-28T11:15:58.981308+00:00" hostname="agent-env-2f098034-c741-4bd7-8c39-be0cd21df305"><testcase classname="backend.tests.test_hr_module.TestAuth" name="test_admin_login" time="0.338" /><testcase classname="backend.tests.test_hr_module.TestAuth" name="test_guard_login" time="0.274" /><testcase classname="backend.tests.test_hr_module.TestGuards" name="test_get_guards_list" time="0.338" /><testcase classname="backend.tests.test_hr_module.TestGuards" name="test_get_guard_by_id" time="0.076" /><testcase classname="backend.tests.test_hr_module.TestGuards" name="test_get_guard_not_found" time="0.036" /><testcase classname="backend.tests.test_hr_module.TestShifts" name="test_create_shift_success" time="0.071"><failure message="AssertionError: Failed to create shift: {&quot;detail&quot;:&quot;El empleado ya tiene un turno programado en ese horario&quot;}&#10;assert 400 == 200&#10; +  where 400 = &lt;Response [400]&gt;.status_code">backend/tests/test_hr_module.py:134: in test_create_shift_success
    assert response.status_code == 200, f"Failed to create shift: {response.text}"
E   AssertionError: Failed to create shift: {"detail":"El empleado ya tiene un turno programado en ese horario"}
E   assert 400 == 200
E    +  where 400 = &lt;Response [400]&gt;.status_code</failure></testcase><testcase classname="backend.tests.test_hr_module.TestShifts" name="test_create_shift_invalid_guard" time="0.035" /><testcase classname="backend.tests.test_hr_module.TestShifts" name="test_create_shift_invalid_times" time="0.032" /><testcase classname="backend.tests.test_hr_module.TestShifts" name="test_get_shifts_list" time="0.037" /><testcase classname="backend.tests.test_hr_module.TestShifts" name="test_get_shifts_with_status_filter" time="0.038" /><testcase classname="backend.tests.test_hr_module.TestShifts" name="test_get_shifts_with_guard_filter" time="0.038" /><testcase classname="backend.tests.test_hr_module.TestShifts" name="test_update_shift" time="0.075"><failure message="assert 400 == 200&#10; +  where 400 = &lt;Response [400]&gt;.status_code">backend/tests/test_hr_module.py:210: in test_update_shift
    assert create_resp.status_code == 200
E   assert 400 == 200
E    +  where 400 = &lt;Response [400]&gt;.status_code</failure></testcase><testcase classname="backend.tests.test_hr_module.TestShifts" name="test_update_shift_invalid_status" time="0.037"><failure message="KeyError: 'id'">backend/tests/test_hr_module.py:236: in test_update_shift_invalid_status
    shift_id = create_resp.json()["id"]
               ^^^^^^^^^^^^^^^^^^^^^^^^
E   KeyError: 'id'</failure></testcase><testcase classname="backend.tests.test_hr_module.TestShifts" name="test_delete_shift" time="0.033"><failure message="KeyError: 'id'">backend/tests/test_hr_module.py:255: in test_delete_shift
    shift_id = create_resp.json()["id"]
               ^^^^^^^^^^^^^^^^^^^^^^^^
E   KeyError: 'id'</failure></testcase><testcase classname="backend.tests.test_hr_module.TestShifts" name="test_delete_shift_not_found" time="0.038" /><testcase classname="backend.tests.test_hr_module.TestClockInOut" name="test_get_clock_status" time="0.290" /><testcase classname="backend.tests.test_hr_module.TestClockInOut" name="test_clock_in_success" time="0.068" /><testcase classname="backend.tests.test_hr_module.TestClockInOut" name="test_clock_in_double_prevention" time="0.069" /><testcase classname="backend.tests.test_hr_module.TestClockInOut" name="test_clock_out_success" time="0.069" /><testcase classname="backend.tests.test_hr_module.TestClockInOut" name="test_clock_out_without_clock_in" time="0.063" /><testcase classname="backend.tests.test_hr_module.TestClockInOut" name="test_clock_invalid_type" time="0.073" /><testcase classname="backend.tests.test_hr_module.TestClockInOut" name="test_get_clock_history" time="0.033" /><testcase classname="backend.tests.test_hr_module.TestClockInOut" name="test_guard_sees_own_history" time="0.034" /><testcase classname="backend.tests.test_hr_module.TestAbsences" name="test_create_absence_success" time="0.034" /><testcase classname="backend.tests.test_hr_module.TestAbsences" name="test_create_absence_invalid_dates" time="0.073" /><testcase classname="backend.tests.test_hr_module.TestAbsences" name="test_create_absence_invalid_type" time="0.031" /><testcase classname="backend.tests.test_hr_module.TestAbsences" name="test_get_absences_list" time="0.071" /><testcase classname="backend.tests.test_hr_module.TestAbsences" name="test_get_absences_with_status_filter" time="0.038" /><testcase classname="backend.tests.test_hr_module.TestAbsences" name="test_approve_absence" time="0.107" /><testcase classname="backend.tests.test_hr_module.TestAbsences" name="test_reject_absence" time="0.069" /><testcase classname="backend.tests.test_hr_module.TestAbsences" name="test_approve_already_processed" time="0.099" /><testcase classname="backend.tests.test_hr_module.TestAbsences" name="test_get_absence_by_id" time="0.070" /><testcase classname="backend.tests.test_hr_module.TestAbsences" name="test_get_absence_not_found" time="0.031" /><testcase classname="backend.tests.test_hr_module.TestPayroll" name="test_get_payroll" time="0.034" /><testcase classname="backend.tests.test_hr_module.TestRoleBasedAccess" name="test_guard_cannot_delete_shift" time="0.065" /><testcase classname="backend.tests.test_hr_module.TestRoleBasedAccess" name="test_guard_cannot_approve_absence" time="0.064" /><testcase classname="backend.tests.test_hr_module.TestRoleBasedAccess" name="test_guard_cannot_access_payroll" time="0.074" /></testsuite></testsuites>