<?xml version="1.0" encoding="utf-8"?><testsuites name="pytest tests"><testsuite name="pytest" errors="0" failures="0" skipped="0" tests="15" time="5.025" timestamp="2026-01-28T07:04:05.058371+00:00" hostname="agent-env-7b480264-6ca8-46e6-9a81-43da729c7974"><testcase classname="backend.tests.test_iteration3.TestAuthWithCondominiumId" name="test_login_returns_condominium_id_field" time="0.342" /><testcase classname="backend.tests.test_iteration3.TestAuthWithCondominiumId" name="test_login_guard_returns_condominium_id" time="0.264" /><testcase classname="backend.tests.test_iteration3.TestAuthWithCondominiumId" name="test_login_resident_returns_condominium_id" time="0.270" /><testcase classname="backend.tests.test_iteration3.TestMultiTenantCondominiums" name="test_create_condominium" time="0.301" /><testcase classname="backend.tests.test_iteration3.TestMultiTenantCondominiums" name="test_list_condominiums" time="0.302" /><testcase classname="backend.tests.test_iteration3.TestMultiTenantCondominiums" name="test_get_condominium_billing" time="0.332" /><testcase classname="backend.tests.test_iteration3.TestMultiTenantCondominiums" name="test_update_module_config" time="0.414" /><testcase classname="backend.tests.test_iteration3.TestMultiTenantCondominiums" name="test_invalid_module_returns_error" time="0.335" /><testcase classname="backend.tests.test_iteration3.TestRRHHModule" name="test_get_guards" time="0.304" /><testcase classname="backend.tests.test_iteration3.TestRRHHModule" name="test_get_shifts" time="0.296" /><testcase classname="backend.tests.test_iteration3.TestRRHHModule" name="test_get_payroll" time="0.297" /><testcase classname="backend.tests.test_iteration3.TestPanicButtonTypes" name="test_panic_medical_emergency" time="0.301" /><testcase classname="backend.tests.test_iteration3.TestPanicButtonTypes" name="test_panic_suspicious_activity" time="0.301" /><testcase classname="backend.tests.test_iteration3.TestPanicButtonTypes" name="test_panic_general_emergency" time="0.293" /><testcase classname="backend.tests.test_iteration3.TestPanicButtonTypes" name="test_get_panic_events_as_guard" time="0.553" /></testsuite></testsuites>