<?xml version="1.0" encoding="utf-8"?><testsuites name="pytest tests"><testsuite name="pytest" errors="0" failures="0" skipped="0" tests="16" time="44.655" timestamp="2026-01-28T08:31:31.214647+00:00" hostname="agent-env-7b480264-6ca8-46e6-9a81-43da729c7974"><testcase classname="backend.tests.test_visitor_flow.TestVisitorPreRegistration" name="test_pre_register_visitor_full_data" time="0.338" /><testcase classname="backend.tests.test_visitor_flow.TestVisitorPreRegistration" name="test_pre_register_visitor_minimal_data" time="0.305" /><testcase classname="backend.tests.test_visitor_flow.TestVisitorPreRegistration" name="test_pre_register_all_visit_types" time="0.455" /><testcase classname="backend.tests.test_visitor_flow.TestVisitorPreRegistration" name="test_get_my_visitors" time="0.333" /><testcase classname="backend.tests.test_visitor_flow.TestVisitorPreRegistration" name="test_cancel_pending_visitor" time="0.383" /><testcase classname="backend.tests.test_visitor_flow.TestGuardVisitorExecution" name="test_get_pending_visitors" time="0.601" /><testcase classname="backend.tests.test_visitor_flow.TestGuardVisitorExecution" name="test_search_pending_visitors_by_name" time="0.589" /><testcase classname="backend.tests.test_visitor_flow.TestGuardVisitorExecution" name="test_search_pending_visitors_by_plate" time="0.598" /><testcase classname="backend.tests.test_visitor_flow.TestGuardVisitorExecution" name="test_register_visitor_entry" time="0.632" /><testcase classname="backend.tests.test_visitor_flow.TestGuardVisitorExecution" name="test_register_visitor_exit" time="0.680" /><testcase classname="backend.tests.test_visitor_flow.TestGuardVisitorExecution" name="test_cannot_register_entry_twice" time="0.634" /><testcase classname="backend.tests.test_visitor_flow.TestGuardVisitorExecution" name="test_cannot_register_exit_without_entry" time="36.662" /><testcase classname="backend.tests.test_visitor_flow.TestAdminVisitorAudit" name="test_get_all_visitors" time="0.384" /><testcase classname="backend.tests.test_visitor_flow.TestAdminVisitorAudit" name="test_get_all_visitors_filter_by_status" time="0.350" /><testcase classname="backend.tests.test_visitor_flow.TestAdminVisitorAudit" name="test_audit_logs_contain_visitor_events" time="0.307" /><testcase classname="backend.tests.test_visitor_flow.TestVisitorFlowEndToEnd" name="test_complete_visitor_flow" time="1.285" /></testsuite></testsuites>