<?xml version="1.0" encoding="utf-8"?><testsuites name="pytest tests"><testsuite name="pytest" errors="0" failures="0" skipped="0" tests="23" time="8.180" timestamp="2026-01-28T21:46:24.666090+00:00" hostname="agent-env-8d4b8f77-424d-4f44-bd45-6f43dd054118"><testcase classname="backend.tests.test_multi_tenant_isolation.TestMultiTenantIsolation" name="test_new_condo_admin_login" time="0.321" /><testcase classname="backend.tests.test_multi_tenant_isolation.TestMultiTenantIsolation" name="test_new_condo_admin_dashboard_stats_zero_data" time="0.318" /><testcase classname="backend.tests.test_multi_tenant_isolation.TestMultiTenantIsolation" name="test_new_condo_admin_security_stats_zero_data" time="0.270" /><testcase classname="backend.tests.test_multi_tenant_isolation.TestMultiTenantIsolation" name="test_new_condo_admin_users_list_only_self" time="0.269" /><testcase classname="backend.tests.test_multi_tenant_isolation.TestMultiTenantIsolation" name="test_new_condo_admin_panic_events_empty" time="0.316" /><testcase classname="backend.tests.test_multi_tenant_isolation.TestMultiTenantIsolation" name="test_new_condo_admin_access_logs_empty" time="0.276" /><testcase classname="backend.tests.test_multi_tenant_isolation.TestMultiTenantIsolation" name="test_new_condo_admin_guards_empty" time="0.274" /><testcase classname="backend.tests.test_multi_tenant_isolation.TestMultiTenantIsolation" name="test_existing_condo_admin_login" time="0.262" /><testcase classname="backend.tests.test_multi_tenant_isolation.TestMultiTenantIsolation" name="test_existing_condo_admin_sees_their_data" time="0.268" /><testcase classname="backend.tests.test_multi_tenant_isolation.TestMultiTenantIsolation" name="test_existing_condo_admin_users_list" time="0.279" /><testcase classname="backend.tests.test_multi_tenant_isolation.TestMultiTenantIsolation" name="test_superadmin_login" time="0.258" /><testcase classname="backend.tests.test_multi_tenant_isolation.TestMultiTenantIsolation" name="test_superadmin_sees_all_data" time="0.270" /><testcase classname="backend.tests.test_multi_tenant_isolation.TestMultiTenantIsolation" name="test_superadmin_sees_all_condominiums" time="0.276" /><testcase classname="backend.tests.test_multi_tenant_isolation.TestDynamicRoleForms" name="test_residente_requires_apartment_number" time="0.302" /><testcase classname="backend.tests.test_multi_tenant_isolation.TestDynamicRoleForms" name="test_residente_with_apartment_number_succeeds" time="0.492" /><testcase classname="backend.tests.test_multi_tenant_isolation.TestDynamicRoleForms" name="test_guarda_requires_badge_number" time="0.310" /><testcase classname="backend.tests.test_multi_tenant_isolation.TestDynamicRoleForms" name="test_guarda_with_badge_number_succeeds" time="0.493" /><testcase classname="backend.tests.test_multi_tenant_isolation.TestDynamicRoleForms" name="test_hr_optional_fields" time="0.554" /><testcase classname="backend.tests.test_multi_tenant_isolation.TestDynamicRoleForms" name="test_estudiante_optional_fields" time="0.494" /><testcase classname="backend.tests.test_multi_tenant_isolation.TestDynamicRoleForms" name="test_supervisor_optional_fields" time="0.496" /><testcase classname="backend.tests.test_multi_tenant_isolation.TestDynamicRoleForms" name="test_role_data_stored_in_user_document" time="0.280" /><testcase classname="backend.tests.test_multi_tenant_isolation.TestCrossCondoIsolation" name="test_no_cross_condo_user_leakage" time="0.508" /><testcase classname="backend.tests.test_multi_tenant_isolation.TestCrossCondoIsolation" name="test_no_cross_condo_guard_leakage" time="0.508" /></testsuite></testsuites>