<?xml version="1.0" encoding="utf-8"?><testsuites name="pytest tests"><testsuite name="pytest" errors="0" failures="0" skipped="3" tests="17" time="6.197" timestamp="2026-02-28T22:25:58.935170+00:00" hostname="agent-env-90b0a581-3077-4f77-97fc-c4937fe2a945"><testcase classname="tests.test_multi_tenant_isolation.TestAuthorizationsMyEndpoint" name="test_authorizations_my_requires_auth" time="0.185" /><testcase classname="tests.test_multi_tenant_isolation.TestAuthorizationsMyEndpoint" name="test_authorizations_my_returns_200" time="0.474" /><testcase classname="tests.test_multi_tenant_isolation.TestAuthorizationsMyEndpoint" name="test_authorizations_my_has_condominium_filter" time="0.482" /><testcase classname="tests.test_multi_tenant_isolation.TestAuditLogCondominium" name="test_audit_logs_requires_auth" time="0.113" /><testcase classname="tests.test_multi_tenant_isolation.TestAuditLogCondominium" name="test_audit_logs_returns_200_for_admin" time="0.475" /><testcase classname="tests.test_multi_tenant_isolation.TestAuditLogCondominium" name="test_audit_logs_filtered_by_condominium" time="0.486" /><testcase classname="tests.test_multi_tenant_isolation.TestAuditLogCondominium" name="test_audit_log_has_condominium_field" time="0.532" /><testcase classname="tests.test_multi_tenant_isolation.TestProfileUpdate" name="test_profile_get_returns_200" time="0.451" /><testcase classname="tests.test_multi_tenant_isolation.TestProfileUpdate" name="test_profile_patch_updates_phone" time="0.555" /><testcase classname="tests.test_multi_tenant_isolation.TestProfileUpdate" name="test_profile_patch_updates_profile_photo" time="0.708" /><testcase classname="tests.test_multi_tenant_isolation.TestVisitHistoryIsolation" name="test_visit_history_requires_auth" time="0.130" /><testcase classname="tests.test_multi_tenant_isolation.TestVisitHistoryIsolation" name="test_visit_history_returns_200" time="0.120"><skipped type="pytest.skip" message="Could not authenticate admin">/app/backend/tests/test_multi_tenant_isolation.py:299: Could not authenticate admin</skipped></testcase><testcase classname="tests.test_multi_tenant_isolation.TestGuardEntriesToday" name="test_entries_today_requires_auth" time="0.113" /><testcase classname="tests.test_multi_tenant_isolation.TestGuardEntriesToday" name="test_entries_today_returns_200_for_admin" time="0.123"><skipped type="pytest.skip" message="Could not authenticate admin">/app/backend/tests/test_multi_tenant_isolation.py:326: Could not authenticate admin</skipped></testcase><testcase classname="tests.test_multi_tenant_isolation.TestGuardEntriesToday" name="test_entries_today_filtered_by_condominium" time="0.106"><skipped type="pytest.skip" message="Could not authenticate admin">/app/backend/tests/test_multi_tenant_isolation.py:342: Could not authenticate admin</skipped></testcase><testcase classname="tests.test_multi_tenant_isolation.TestSuperAdminAuditAccess" name="test_superadmin_audit_logs_returns_200" time="0.548" /><testcase classname="tests.test_multi_tenant_isolation.TestSuperAdminAuditAccess" name="test_superadmin_sees_all_condominium_logs" time="0.522" /></testsuite></testsuites>