<?xml version="1.0" encoding="utf-8"?><testsuites name="pytest tests"><testsuite name="pytest" errors="0" failures="0" skipped="0" tests="22" time="5.634" timestamp="2026-04-14T21:19:46.416405+00:00" hostname="agent-env-88fa0ccb-5e4b-4f79-99eb-11b2d25f1b83"><testcase classname="backend.tests.test_navigation_regression.TestResidentNavigation" name="test_resident_login_success" time="0.419" /><testcase classname="backend.tests.test_navigation_regression.TestResidentNavigation" name="test_resident_can_access_reservations" time="0.119" /><testcase classname="backend.tests.test_navigation_regression.TestResidentNavigation" name="test_resident_can_access_areas" time="0.114" /><testcase classname="backend.tests.test_navigation_regression.TestResidentNavigation" name="test_resident_can_access_directory" time="0.116" /><testcase classname="backend.tests.test_navigation_regression.TestResidentNavigation" name="test_resident_can_access_casos" time="0.129" /><testcase classname="backend.tests.test_navigation_regression.TestResidentNavigation" name="test_resident_can_access_documentos" time="0.125" /><testcase classname="backend.tests.test_navigation_regression.TestResidentNavigation" name="test_resident_can_access_finanzas" time="0.110" /><testcase classname="backend.tests.test_navigation_regression.TestResidentNavigation" name="test_resident_can_access_visitor_notifications" time="0.114" /><testcase classname="backend.tests.test_navigation_regression.TestAdminNavigation" name="test_admin_login_success" time="0.340" /><testcase classname="backend.tests.test_navigation_regression.TestAdminNavigation" name="test_admin_can_access_dashboard" time="0.116" /><testcase classname="backend.tests.test_navigation_regression.TestAdminNavigation" name="test_admin_can_access_users" time="0.141" /><testcase classname="backend.tests.test_navigation_regression.TestAdminNavigation" name="test_admin_can_access_security" time="0.116" /><testcase classname="backend.tests.test_navigation_regression.TestAdminNavigation" name="test_admin_can_access_rrhh" time="0.116" /><testcase classname="backend.tests.test_navigation_regression.TestAdminNavigation" name="test_admin_can_access_reservations" time="0.128" /><testcase classname="backend.tests.test_navigation_regression.TestAdminNavigation" name="test_admin_can_access_notifications" time="0.118" /><testcase classname="backend.tests.test_navigation_regression.TestAdminNavigation" name="test_admin_can_access_casos" time="0.110" /><testcase classname="backend.tests.test_navigation_regression.TestAdminNavigation" name="test_admin_can_access_documentos" time="0.112" /><testcase classname="backend.tests.test_navigation_regression.TestAdminNavigation" name="test_admin_can_access_finanzas" time="0.182" /><testcase classname="backend.tests.test_navigation_regression.TestAdminNavigation" name="test_admin_can_access_audit" time="0.146" /><testcase classname="backend.tests.test_navigation_regression.TestDocumentUploadDownload" name="test_admin_upload_document" time="0.784" /><testcase classname="backend.tests.test_navigation_regression.TestDocumentUploadDownload" name="test_resident_can_download_public_document" time="1.720" /><testcase classname="backend.tests.test_navigation_regression.TestDocumentUploadDownload" name="test_cleanup_test_document" time="0.178" /></testsuite></testsuites>