<?xml version="1.0" encoding="utf-8"?><testsuites name="pytest tests"><testsuite name="pytest" errors="0" failures="0" skipped="2" tests="28" time="6.967" timestamp="2026-04-14T17:45:45.823429+00:00" hostname="agent-env-8f9edb88-4e72-471d-beb3-c857e4d6266c"><testcase classname="backend.tests.test_notifications_v2.TestNotificationsV2Setup" name="test_admin_login" time="0.443" /><testcase classname="backend.tests.test_notifications_v2.TestNotificationsV2Setup" name="test_resident_login" time="0.298" /><testcase classname="backend.tests.test_notifications_v2.TestNotificationsV2Setup" name="test_guard_login" time="0.287" /><testcase classname="backend.tests.test_notifications_v2.TestNotificationsV2Endpoints" name="test_get_notifications_v2_admin" time="0.533" /><testcase classname="backend.tests.test_notifications_v2.TestNotificationsV2Endpoints" name="test_get_notifications_v2_with_pagination" time="0.163" /><testcase classname="backend.tests.test_notifications_v2.TestNotificationsV2Endpoints" name="test_get_notifications_v2_unread_only" time="0.144" /><testcase classname="backend.tests.test_notifications_v2.TestNotificationsV2Endpoints" name="test_get_notifications_v2_resident" time="0.775" /><testcase classname="backend.tests.test_notifications_v2.TestNotificationsV2Endpoints" name="test_get_notifications_v2_guard" time="0.515" /><testcase classname="backend.tests.test_notifications_v2.TestNotificationsV2Endpoints" name="test_get_unread_count_admin" time="0.175" /><testcase classname="backend.tests.test_notifications_v2.TestNotificationsV2Endpoints" name="test_get_unread_count_resident" time="0.148" /><testcase classname="backend.tests.test_notifications_v2.TestNotificationsV2Endpoints" name="test_create_broadcast_admin" time="0.177" /><testcase classname="backend.tests.test_notifications_v2.TestNotificationsV2Endpoints" name="test_create_broadcast_with_target_roles" time="0.156" /><testcase classname="backend.tests.test_notifications_v2.TestNotificationsV2Endpoints" name="test_create_broadcast_superadmin" time="0.501" /><testcase classname="backend.tests.test_notifications_v2.TestNotificationsV2Endpoints" name="test_create_broadcast_resident_forbidden" time="0.147" /><testcase classname="backend.tests.test_notifications_v2.TestNotificationsV2Endpoints" name="test_create_broadcast_guard_forbidden" time="0.136" /><testcase classname="backend.tests.test_notifications_v2.TestNotificationsV2Endpoints" name="test_mark_notification_read" time="0.285" /><testcase classname="backend.tests.test_notifications_v2.TestNotificationsV2Endpoints" name="test_mark_notification_read_not_found" time="0.133" /><testcase classname="backend.tests.test_notifications_v2.TestNotificationsV2Endpoints" name="test_mark_all_notifications_read" time="0.151" /><testcase classname="backend.tests.test_notifications_v2.TestNotificationsV2Endpoints" name="test_get_broadcast_history_admin" time="0.138" /><testcase classname="backend.tests.test_notifications_v2.TestNotificationsV2Endpoints" name="test_get_broadcast_history_resident_forbidden" time="0.150" /><testcase classname="backend.tests.test_notifications_v2.TestNotificationsV2Endpoints" name="test_get_preferences" time="0.137" /><testcase classname="backend.tests.test_notifications_v2.TestNotificationsV2Endpoints" name="test_get_preferences_resident" time="0.141" /><testcase classname="backend.tests.test_notifications_v2.TestNotificationsV2Endpoints" name="test_update_preferences" time="0.155" /><testcase classname="backend.tests.test_notifications_v2.TestNotificationsV2Endpoints" name="test_update_preferences_empty_fails" time="0.140" /><testcase classname="backend.tests.test_notifications_v2.TestLegacyEndpointsNotBroken" name="test_legacy_get_notifications" time="0.567" /><testcase classname="backend.tests.test_notifications_v2.TestLegacyEndpointsNotBroken" name="test_legacy_unread_count" time="0.146" /><testcase classname="backend.tests.test_notifications_v2.TestBroadcastVisibility" name="test_broadcast_visible_to_all_roles" time="0.128"><skipped type="pytest.skip" message="Admin login failed">/app/backend/tests/test_notifications_v2.py:519: Admin login failed</skipped></testcase><testcase classname="backend.tests.test_notifications_v2.TestBroadcastVisibility" name="test_targeted_broadcast_visibility" time="0.000"><skipped type="pytest.skip" message="Admin login failed">/app/backend/tests/test_notifications_v2.py:563: Admin login failed</skipped></testcase></testsuite></testsuites>