<?xml version="1.0" encoding="utf-8"?><testsuites name="pytest tests"><testsuite name="pytest" errors="0" failures="0" skipped="0" tests="13" time="5.574" timestamp="2026-02-26T15:50:00.777620+00:00" hostname="agent-env-532d258b-1f4a-4e7d-a114-33f4967e7991"><testcase classname="backend.tests.test_onboarding_wizard.TestAuthAndSetup" name="test_health_check" time="0.300" /><testcase classname="backend.tests.test_onboarding_wizard.TestAuthAndSetup" name="test_superadmin_login" time="0.470" /><testcase classname="backend.tests.test_onboarding_wizard.TestBillingPreviewAPI" name="test_billing_preview_monthly" time="0.492" /><testcase classname="backend.tests.test_onboarding_wizard.TestBillingPreviewAPI" name="test_billing_preview_yearly" time="0.129" /><testcase classname="backend.tests.test_onboarding_wizard.TestBillingPreviewAPI" name="test_billing_preview_min_units" time="0.203" /><testcase classname="backend.tests.test_onboarding_wizard.TestBillingPreviewAPI" name="test_billing_preview_max_units" time="0.120" /><testcase classname="backend.tests.test_onboarding_wizard.TestOnboardingValidation" name="test_validate_unique_email" time="0.675" /><testcase classname="backend.tests.test_onboarding_wizard.TestOnboardingValidation" name="test_validate_new_email" time="0.174" /><testcase classname="backend.tests.test_onboarding_wizard.TestOnboardingValidation" name="test_get_timezones" time="0.193" /><testcase classname="backend.tests.test_onboarding_wizard.TestOnboardingWizardE2E" name="test_create_condominium_full_flow" time="0.985" /><testcase classname="backend.tests.test_onboarding_wizard.TestOnboardingWizardE2E" name="test_create_condominium_with_yearly_billing" time="0.379" /><testcase classname="backend.tests.test_onboarding_wizard.TestOnboardingWizardE2E" name="test_create_condominium_with_areas" time="0.376" /><testcase classname="backend.tests.test_onboarding_wizard.TestVerifyPaidSeats" name="test_verify_paid_seats_saved" time="1.022" /></testsuite></testsuites>