<?xml version="1.0" encoding="utf-8"?><testsuites name="pytest tests"><testsuite name="pytest" errors="0" failures="2" skipped="0" tests="14" time="3.891" timestamp="2026-01-31T01:01:40.523536+00:00" hostname="agent-env-cddfb830-adaf-4673-ba72-fdf691377269"><testcase classname="backend.tests.test_onboarding_wizard.TestOnboardingTimezones" name="test_get_timezones_success" time="0.379" /><testcase classname="backend.tests.test_onboarding_wizard.TestOnboardingTimezones" name="test_get_timezones_regular_admin_forbidden" time="0.308" /><testcase classname="backend.tests.test_onboarding_wizard.TestOnboardingTimezones" name="test_get_timezones_unauthenticated" time="0.046" /><testcase classname="backend.tests.test_onboarding_wizard.TestOnboardingCreateCondominium" name="test_create_condominium_success" time="0.267" /><testcase classname="backend.tests.test_onboarding_wizard.TestOnboardingCreateCondominium" name="test_admin_password_reset_required" time="0.537" /><testcase classname="backend.tests.test_onboarding_wizard.TestOnboardingCreateCondominium" name="test_security_module_always_enabled" time="0.261" /><testcase classname="backend.tests.test_onboarding_wizard.TestOnboardingCreateCondominium" name="test_rollback_on_duplicate_email" time="0.083" /><testcase classname="backend.tests.test_onboarding_wizard.TestOnboardingCreateCondominium" name="test_rollback_on_duplicate_condo_name" time="0.342" /><testcase classname="backend.tests.test_onboarding_wizard.TestOnboardingCreateCondominium" name="test_regular_admin_cannot_create_condominium" time="0.039" /><testcase classname="backend.tests.test_onboarding_wizard.TestOnboardingCreateCondominium" name="test_create_condominium_without_areas" time="0.264" /><testcase classname="backend.tests.test_onboarding_wizard.TestOnboardingCreateCondominium" name="test_areas_stored_in_reservation_areas_collection" time="0.572"><failure message="assert 520 == 200&#10; +  where 520 = &lt;Response [520]&gt;.status_code">backend/tests/test_onboarding_wizard.py:503: in test_areas_stored_in_reservation_areas_collection
    assert areas_response.status_code == 200
E   assert 520 == 200
E    +  where 520 = &lt;Response [520]&gt;.status_code</failure></testcase><testcase classname="backend.tests.test_onboarding_wizard.TestOnboardingCreateCondominium" name="test_validation_short_condo_name" time="0.040" /><testcase classname="backend.tests.test_onboarding_wizard.TestOnboardingCreateCondominium" name="test_validation_invalid_email" time="0.041" /><testcase classname="backend.tests.test_onboarding_wizard.TestOnboardingIntegration" name="test_full_onboarding_flow" time="0.602"><failure message="assert 403 == 200&#10; +  where 403 = &lt;Response [403]&gt;.status_code">backend/tests/test_onboarding_wizard.py:642: in test_full_onboarding_flow
    assert condo_response.status_code == 200
E   assert 403 == 200
E    +  where 403 = &lt;Response [403]&gt;.status_code</failure></testcase></testsuite></testsuites>