<?xml version="1.0" encoding="utf-8"?><testsuites name="pytest tests"><testsuite name="pytest" errors="0" failures="0" skipped="0" tests="9" time="3.983" timestamp="2026-01-31T21:12:32.405670+00:00" hostname="agent-env-220287aa-8cef-48d9-8c3d-1fbc85704841"><testcase classname="backend.tests.test_p0_bugs.TestShiftDeletion" name="test_delete_shift_returns_success_message" time="0.478" /><testcase classname="backend.tests.test_p0_bugs.TestShiftDeletion" name="test_deleted_shift_has_cancelled_status" time="0.437" /><testcase classname="backend.tests.test_p0_bugs.TestShiftDeletion" name="test_cancelled_shifts_filtered_from_active_list" time="0.342" /><testcase classname="backend.tests.test_p0_bugs.TestUserCreation" name="test_residente_requires_apartment_number" time="0.306" /><testcase classname="backend.tests.test_p0_bugs.TestUserCreation" name="test_guarda_requires_badge_number" time="0.306" /><testcase classname="backend.tests.test_p0_bugs.TestUserCreation" name="test_create_residente_with_apartment_number" time="0.525" /><testcase classname="backend.tests.test_p0_bugs.TestUserCreation" name="test_create_guarda_with_badge_number" time="0.527" /><testcase classname="backend.tests.test_p0_bugs.TestUserCreation" name="test_guarda_is_active_by_default" time="0.569" /><testcase classname="backend.tests.test_p0_bugs.TestHRRolePermissions" name="test_delete_endpoint_allows_hr_role" time="0.417" /></testsuite></testsuites>