<?xml version="1.0" encoding="utf-8"?><testsuites name="pytest tests"><testsuite name="pytest" errors="0" failures="0" skipped="0" tests="9" time="2.930" timestamp="2026-02-02T16:56:05.641751+00:00" hostname="agent-env-d71c44a0-98c8-4b40-b36e-ca3c0e2376c2"><testcase classname="backend.tests.test_p0_delete_authorization_inside.TestP0DeleteAuthorizationInsideFix" name="test_01_resident_login" time="0.296" /><testcase classname="backend.tests.test_p0_delete_authorization_inside.TestP0DeleteAuthorizationInsideFix" name="test_02_guard_login" time="0.275" /><testcase classname="backend.tests.test_p0_delete_authorization_inside.TestP0DeleteAuthorizationInsideFix" name="test_03_get_my_authorizations_includes_has_visitor_inside" time="0.359" /><testcase classname="backend.tests.test_p0_delete_authorization_inside.TestP0DeleteAuthorizationInsideFix" name="test_04_find_authorization_with_visitor_inside" time="0.323" /><testcase classname="backend.tests.test_p0_delete_authorization_inside.TestP0DeleteAuthorizationInsideFix" name="test_05_cannot_delete_authorization_when_visitor_inside" time="0.339" /><testcase classname="backend.tests.test_p0_delete_authorization_inside.TestP0DeleteAuthorizationInsideFix" name="test_06_can_delete_pending_authorization" time="0.339" /><testcase classname="backend.tests.test_p0_delete_authorization_inside.TestP0DeleteAuthorizationInsideFix" name="test_07_guard_can_see_active_visitors" time="0.276" /><testcase classname="backend.tests.test_p0_delete_authorization_inside.TestP0DeleteAuthorizationInsideFix" name="test_08_guard_authorizations_endpoint" time="0.337" /><testcase classname="backend.tests.test_p0_delete_authorization_inside.TestFrontendIntegration" name="test_authorizations_response_structure" time="0.326" /></testsuite></testsuites>