<?xml version="1.0" encoding="utf-8"?><testsuites name="pytest tests"><testsuite name="pytest" errors="0" failures="0" skipped="0" tests="15" time="2.407" timestamp="2026-02-01T09:52:20.028789+00:00" hostname="agent-env-d95a81bd-5912-4844-b673-c65fe18aa0c2"><testcase classname="backend.tests.test_p0_duplicate_preregistro.TestP0DuplicatePreregistro" name="test_01_resident_creates_temporary_authorization" time="0.638" /><testcase classname="backend.tests.test_p0_duplicate_preregistro.TestP0DuplicatePreregistro" name="test_02_guard_sees_authorization_in_pending_list" time="0.038" /><testcase classname="backend.tests.test_p0_duplicate_preregistro.TestP0DuplicatePreregistro" name="test_03_first_checkin_returns_200" time="0.047" /><testcase classname="backend.tests.test_p0_duplicate_preregistro.TestP0DuplicatePreregistro" name="test_04_second_checkin_returns_409" time="0.039" /><testcase classname="backend.tests.test_p0_duplicate_preregistro.TestP0DuplicatePreregistro" name="test_05_authorization_not_in_pending_list_after_checkin" time="0.039" /><testcase classname="backend.tests.test_p0_duplicate_preregistro.TestP0DuplicatePreregistro" name="test_06_entry_appears_in_entries_today" time="0.035" /><testcase classname="backend.tests.test_p0_duplicate_preregistro.TestP0DuplicatePreregistro" name="test_07_permanent_authorization_multiple_checkins" time="0.105" /><testcase classname="backend.tests.test_p0_duplicate_preregistro.TestP0DuplicatePreregistro" name="test_08_diagnose_authorizations_endpoint" time="0.037" /><testcase classname="backend.tests.test_p0_duplicate_preregistro.TestP0DuplicatePreregistro" name="test_09_cleanup_authorizations_endpoint" time="0.041" /><testcase classname="backend.tests.test_p0_duplicate_preregistro.TestP0DuplicatePreregistro" name="test_10_include_used_parameter" time="0.053" /><testcase classname="backend.tests.test_p0_duplicate_preregistro.TestExtendedAuthorization" name="test_01_create_extended_authorization" time="0.552" /><testcase classname="backend.tests.test_p0_duplicate_preregistro.TestExtendedAuthorization" name="test_02_first_checkin_extended_succeeds" time="0.039" /><testcase classname="backend.tests.test_p0_duplicate_preregistro.TestExtendedAuthorization" name="test_03_second_checkin_extended_blocked" time="0.034" /><testcase classname="backend.tests.test_p0_duplicate_preregistro.TestRecurringAuthorization" name="test_01_create_recurring_authorization" time="0.564" /><testcase classname="backend.tests.test_p0_duplicate_preregistro.TestRecurringAuthorization" name="test_02_recurring_allows_multiple_checkins" time="0.076" /></testsuite></testsuites>