<?xml version="1.0" encoding="utf-8"?><testsuites name="pytest tests"><testsuite name="pytest" errors="0" failures="1" skipped="0" tests="6" time="2.467" timestamp="2026-01-31T11:24:34.418862+00:00" hostname="agent-env-2f1d6ea2-09c0-4607-a950-34df0cf4a349"><testcase classname="test_p0_hardening.TestAdminUserCreation" name="test_create_guarda_without_badge_fails" time="0.393" /><testcase classname="test_p0_hardening.TestAdminUserCreation" name="test_create_guarda_with_badge_succeeds" time="0.529" /><testcase classname="test_p0_hardening.TestAdminUserCreation" name="test_create_residente_succeeds" time="0.526" /><testcase classname="test_p0_hardening.TestShiftCreation" name="test_shift_creation_invalid_guard_fails" time="0.308" /><testcase classname="test_p0_hardening.TestShiftCreation" name="test_shift_creation_invalid_time_fails" time="0.337" /><testcase classname="test_p0_hardening.TestResidentAuthorization" name="test_create_temporal_authorization" time="0.296"><failure message="AssertionError: Expected 200/201, got 422: {&quot;detail&quot;:[{&quot;type&quot;:&quot;enum&quot;,&quot;loc&quot;:[&quot;body&quot;,&quot;authorization_type&quot;],&quot;msg&quot;:&quot;Input should be 'temporary', 'permanent', 'recurring' or 'extended'&quot;,&quot;input&quot;:&quot;temporal&quot;,&quot;ctx&quot;:{&quot;expected&quot;:&quot;'temporary', 'permanent', 'recurring' or 'extended'&quot;},&quot;url&quot;:&quot;https://errors.pydantic.dev/2.12/v/enum&quot;}]}&#10;assert 422 in [200, 201]&#10; +  where 422 = &lt;Response [422]&gt;.status_code">test_p0_hardening.py:165: in test_create_temporal_authorization
    assert response.status_code in [200, 201], f"Expected 200/201, got {response.status_code}: {response.text}"
E   AssertionError: Expected 200/201, got 422: {"detail":[{"type":"enum","loc":["body","authorization_type"],"msg":"Input should be 'temporary', 'permanent', 'recurring' or 'extended'","input":"temporal","ctx":{"expected":"'temporary', 'permanent', 'recurring' or 'extended'"},"url":"https://errors.pydantic.dev/2.12/v/enum"}]}
E   assert 422 in [200, 201]
E    +  where 422 = &lt;Response [422]&gt;.status_code</failure></testcase></testsuite></testsuites>