<?xml version="1.0" encoding="utf-8"?><testsuites name="pytest tests"><testsuite name="pytest" errors="0" failures="1" skipped="0" tests="16" time="5.651" timestamp="2026-02-01T11:02:09.435113+00:00" hostname="agent-env-d95a81bd-5912-4844-b673-c65fe18aa0c2"><testcase classname="backend.tests.test_p0_p1_access_activity_authorizations.TestAccessLogsEndpoint" name="test_01_access_logs_returns_list" time="0.396" /><testcase classname="backend.tests.test_p0_p1_access_activity_authorizations.TestAccessLogsEndpoint" name="test_02_access_logs_has_unified_format" time="0.299" /><testcase classname="backend.tests.test_p0_p1_access_activity_authorizations.TestAccessLogsEndpoint" name="test_03_access_logs_includes_visitor_entries" time="0.295" /><testcase classname="backend.tests.test_p0_p1_access_activity_authorizations.TestAccessLogsEndpoint" name="test_04_access_logs_sorted_by_timestamp" time="0.297" /><testcase classname="backend.tests.test_p0_p1_access_activity_authorizations.TestRecentActivityEndpoint" name="test_01_recent_activity_returns_list" time="0.295" /><testcase classname="backend.tests.test_p0_p1_access_activity_authorizations.TestRecentActivityEndpoint" name="test_02_recent_activity_has_required_fields" time="0.292" /><testcase classname="backend.tests.test_p0_p1_access_activity_authorizations.TestRecentActivityEndpoint" name="test_03_recent_activity_includes_multiple_sources" time="0.303"><failure message="AssertionError: Should have audit log entries (at least from login)&#10;assert 'audit' in {'reservation', 'visitor'}">backend/tests/test_p0_p1_access_activity_authorizations.py:206: in test_03_recent_activity_includes_multiple_sources
    assert "audit" in sources, "Should have audit log entries (at least from login)"
E   AssertionError: Should have audit log entries (at least from login)
E   assert 'audit' in {'reservation', 'visitor'}</failure></testcase><testcase classname="backend.tests.test_p0_p1_access_activity_authorizations.TestRecentActivityEndpoint" name="test_04_recent_activity_includes_visitor_checkins" time="0.301" /><testcase classname="backend.tests.test_p0_p1_access_activity_authorizations.TestRecentActivityEndpoint" name="test_05_recent_activity_sorted_by_timestamp" time="0.297" /><testcase classname="backend.tests.test_p0_p1_access_activity_authorizations.TestMyAuthorizationsEndpoint" name="test_01_my_authorizations_returns_list" time="0.313" /><testcase classname="backend.tests.test_p0_p1_access_activity_authorizations.TestMyAuthorizationsEndpoint" name="test_02_authorizations_have_validity_fields" time="0.346" /><testcase classname="backend.tests.test_p0_p1_access_activity_authorizations.TestMyAuthorizationsEndpoint" name="test_03_create_and_verify_authorization" time="0.428" /><testcase classname="backend.tests.test_p0_p1_access_activity_authorizations.TestMyAuthorizationsEndpoint" name="test_04_authorizations_filter_by_status" time="0.349" /><testcase classname="backend.tests.test_p0_p1_access_activity_authorizations.TestGuardCheckInFlow" name="test_01_full_checkin_flow" time="0.683" /><testcase classname="backend.tests.test_p0_p1_access_activity_authorizations.TestSuperAdminAccess" name="test_01_superadmin_access_logs" time="0.355" /><testcase classname="backend.tests.test_p0_p1_access_activity_authorizations.TestSuperAdminAccess" name="test_02_superadmin_recent_activity" time="0.300" /></testsuite></testsuites>