<?xml version="1.0" encoding="utf-8"?><testsuites name="pytest tests"><testsuite name="pytest" errors="0" failures="0" skipped="0" tests="16" time="5.593" timestamp="2026-02-01T11:05:44.959993+00:00" hostname="agent-env-d95a81bd-5912-4844-b673-c65fe18aa0c2"><testcase classname="backend.tests.test_p0_p1_access_activity_authorizations.TestAccessLogsEndpoint" name="test_01_access_logs_returns_list" time="0.378" /><testcase classname="backend.tests.test_p0_p1_access_activity_authorizations.TestAccessLogsEndpoint" name="test_02_access_logs_has_unified_format" time="0.301" /><testcase classname="backend.tests.test_p0_p1_access_activity_authorizations.TestAccessLogsEndpoint" name="test_03_access_logs_includes_visitor_entries" time="0.298" /><testcase classname="backend.tests.test_p0_p1_access_activity_authorizations.TestAccessLogsEndpoint" name="test_04_access_logs_sorted_by_timestamp" time="0.297" /><testcase classname="backend.tests.test_p0_p1_access_activity_authorizations.TestRecentActivityEndpoint" name="test_01_recent_activity_returns_list" time="0.301" /><testcase classname="backend.tests.test_p0_p1_access_activity_authorizations.TestRecentActivityEndpoint" name="test_02_recent_activity_has_required_fields" time="0.301" /><testcase classname="backend.tests.test_p0_p1_access_activity_authorizations.TestRecentActivityEndpoint" name="test_03_recent_activity_includes_multiple_sources" time="0.297" /><testcase classname="backend.tests.test_p0_p1_access_activity_authorizations.TestRecentActivityEndpoint" name="test_04_recent_activity_includes_visitor_checkins" time="0.290" /><testcase classname="backend.tests.test_p0_p1_access_activity_authorizations.TestRecentActivityEndpoint" name="test_05_recent_activity_sorted_by_timestamp" time="0.294" /><testcase classname="backend.tests.test_p0_p1_access_activity_authorizations.TestMyAuthorizationsEndpoint" name="test_01_my_authorizations_returns_list" time="0.324" /><testcase classname="backend.tests.test_p0_p1_access_activity_authorizations.TestMyAuthorizationsEndpoint" name="test_02_authorizations_have_validity_fields" time="0.319" /><testcase classname="backend.tests.test_p0_p1_access_activity_authorizations.TestMyAuthorizationsEndpoint" name="test_03_create_and_verify_authorization" time="0.386" /><testcase classname="backend.tests.test_p0_p1_access_activity_authorizations.TestMyAuthorizationsEndpoint" name="test_04_authorizations_filter_by_status" time="0.351" /><testcase classname="backend.tests.test_p0_p1_access_activity_authorizations.TestGuardCheckInFlow" name="test_01_full_checkin_flow" time="0.759" /><testcase classname="backend.tests.test_p0_p1_access_activity_authorizations.TestSuperAdminAccess" name="test_01_superadmin_access_logs" time="0.314" /><testcase classname="backend.tests.test_p0_p1_access_activity_authorizations.TestSuperAdminAccess" name="test_02_superadmin_recent_activity" time="0.301" /></testsuite></testsuites>