<?xml version="1.0" encoding="utf-8"?><testsuites name="pytest tests"><testsuite name="pytest" errors="0" failures="0" skipped="0" tests="19" time="3.992" timestamp="2026-02-17T09:28:54.085233+00:00" hostname="agent-env-d553b5dc-53d4-4be6-a97d-14890b5e7f0c"><testcase classname="backend.tests.test_p1_visit_history.TestResidentVisitHistory" name="test_01_login_as_resident" time="0.487" /><testcase classname="backend.tests.test_p1_visit_history.TestResidentVisitHistory" name="test_02_visit_history_basic" time="0.174" /><testcase classname="backend.tests.test_p1_visit_history.TestResidentVisitHistory" name="test_03_visit_history_filter_today" time="0.196" /><testcase classname="backend.tests.test_p1_visit_history.TestResidentVisitHistory" name="test_04_visit_history_filter_7days" time="0.135" /><testcase classname="backend.tests.test_p1_visit_history.TestResidentVisitHistory" name="test_05_visit_history_filter_30days" time="0.206" /><testcase classname="backend.tests.test_p1_visit_history.TestResidentVisitHistory" name="test_06_visit_history_filter_custom_date_range" time="0.193" /><testcase classname="backend.tests.test_p1_visit_history.TestResidentVisitHistory" name="test_07_visit_history_filter_by_visitor_type" time="0.646" /><testcase classname="backend.tests.test_p1_visit_history.TestResidentVisitHistory" name="test_08_visit_history_filter_by_status" time="0.223" /><testcase classname="backend.tests.test_p1_visit_history.TestResidentVisitHistory" name="test_09_visit_history_search_by_name" time="0.105" /><testcase classname="backend.tests.test_p1_visit_history.TestResidentVisitHistory" name="test_10_visit_history_search_by_document" time="0.102" /><testcase classname="backend.tests.test_p1_visit_history.TestResidentVisitHistory" name="test_11_visit_history_search_by_plate" time="0.127" /><testcase classname="backend.tests.test_p1_visit_history.TestResidentVisitHistory" name="test_12_pagination_page_size" time="0.113" /><testcase classname="backend.tests.test_p1_visit_history.TestResidentVisitHistory" name="test_13_pagination_navigation" time="0.269" /><testcase classname="backend.tests.test_p1_visit_history.TestResidentVisitHistory" name="test_14_export_endpoint_basic" time="0.142" /><testcase classname="backend.tests.test_p1_visit_history.TestResidentVisitHistory" name="test_15_export_with_filters" time="0.129" /><testcase classname="backend.tests.test_p1_visit_history.TestResidentVisitHistory" name="test_16_tenant_isolation" time="0.157" /><testcase classname="backend.tests.test_p1_visit_history.TestResidentVisitHistory" name="test_17_entry_data_enrichment" time="0.185" /><testcase classname="backend.tests.test_p1_visit_history.TestVisitHistoryUnauthorized" name="test_no_auth_returns_4xx" time="0.169" /><testcase classname="backend.tests.test_p1_visit_history.TestVisitHistoryUnauthorized" name="test_export_no_auth_returns_4xx" time="0.142" /></testsuite></testsuites>