<?xml version="1.0" encoding="utf-8"?><testsuites name="pytest tests"><testsuite name="pytest" errors="0" failures="0" skipped="3" tests="11" time="3.733" timestamp="2026-02-26T20:38:19.464767+00:00" hostname="agent-env-1650a21b-9430-4530-aee4-88c7c69b3f87"><testcase classname="backend.tests.test_partial_payments.TestConfirmPaymentEndpoint" name="test_response_includes_all_required_fields" time="0.895" /><testcase classname="backend.tests.test_partial_payments.TestPartialPaymentLogic" name="test_partial_payment_keeps_status_not_active" time="0.146"><skipped type="pytest.skip" message="Invoice already fully paid, cannot test partial payment">/app/backend/tests/test_partial_payments.py:144: Invoice already fully paid, cannot test partial payment</skipped></testcase><testcase classname="backend.tests.test_partial_payments.TestPartialPaymentLogic" name="test_partial_payment_preserves_billing_date" time="0.171"><skipped type="pytest.skip" message="Invoice already fully paid">/app/backend/tests/test_partial_payments.py:179: Invoice already fully paid</skipped></testcase><testcase classname="backend.tests.test_partial_payments.TestBillingBalanceEndpoint" name="test_balance_endpoint_returns_correct_structure" time="0.133" /><testcase classname="backend.tests.test_partial_payments.TestBillingBalanceEndpoint" name="test_balance_reflects_accumulated_payments" time="0.779" /><testcase classname="backend.tests.test_partial_payments.TestBillingEventsLogging" name="test_billing_events_logged" time="0.429" /><testcase classname="backend.tests.test_partial_payments.TestEdgeCases" name="test_demo_condo_payment_rejected" time="0.329" /><testcase classname="backend.tests.test_partial_payments.TestEdgeCases" name="test_nonexistent_condo_returns_404" time="0.234" /><testcase classname="backend.tests.test_partial_payments.TestEdgeCases" name="test_zero_payment_rejected" time="0.237" /><testcase classname="backend.tests.test_partial_payments.TestEdgeCases" name="test_negative_payment_rejected" time="0.164" /><testcase classname="backend.tests.test_partial_payments.TestFullPaymentFlow" name="test_full_payment_activates_and_recalculates_date" time="0.134"><skipped type="pytest.skip" message="Condo already fully paid - cannot test full payment">/app/backend/tests/test_partial_payments.py:394: Condo already fully paid - cannot test full payment</skipped></testcase></testsuite></testsuites>