<?xml version="1.0" encoding="utf-8"?><testsuites name="pytest tests"><testsuite name="pytest" errors="0" failures="9" skipped="3" tests="12" time="5.095" timestamp="2026-02-26T20:33:36.309743+00:00" hostname="agent-env-1650a21b-9430-4530-aee4-88c7c69b3f87"><testcase classname="backend.tests.test_partial_payments.TestPartialPayments" name="test_partial_payment_keeps_status_past_due" time="0.533"><failure message="Failed: Failed to create test condominium: {&quot;error&quot;:&quot;Not Found&quot;,&quot;detail&quot;:&quot;Not Found&quot;,&quot;request_id&quot;:&quot;a8bee0a4-50e6-49f3-a4fd-6de775ea299e&quot;}">backend/tests/test_partial_payments.py:103: in test_partial_payment_keeps_status_past_due
    condo_id, condo_name = self.create_test_condominium("PartialKeepsPastDue")
                           ^^^^^^^^^^^^^^^^^^^^^^^^^^^^^^^^^^^^^^^^^^^^^^^^^^^
backend/tests/test_partial_payments.py:78: in create_test_condominium
    pytest.fail(f"Failed to create test condominium: {response.text}")
E   Failed: Failed to create test condominium: {"error":"Not Found","detail":"Not Found","request_id":"a8bee0a4-50e6-49f3-a4fd-6de775ea299e"}</failure></testcase><testcase classname="backend.tests.test_partial_payments.TestPartialPayments" name="test_full_payment_changes_status_to_active" time="0.478"><failure message="Failed: Failed to create test condominium: {&quot;error&quot;:&quot;Not Found&quot;,&quot;detail&quot;:&quot;Not Found&quot;,&quot;request_id&quot;:&quot;cb19533b-cdc7-49c7-96bc-e613eca724f2&quot;}">backend/tests/test_partial_payments.py:149: in test_full_payment_changes_status_to_active
    condo_id, condo_name = self.create_test_condominium("FullActivates")
                           ^^^^^^^^^^^^^^^^^^^^^^^^^^^^^^^^^^^^^^^^^^^^^
backend/tests/test_partial_payments.py:78: in create_test_condominium
    pytest.fail(f"Failed to create test condominium: {response.text}")
E   Failed: Failed to create test condominium: {"error":"Not Found","detail":"Not Found","request_id":"cb19533b-cdc7-49c7-96bc-e613eca724f2"}</failure></testcase><testcase classname="backend.tests.test_partial_payments.TestPartialPayments" name="test_response_includes_required_fields" time="0.481"><failure message="Failed: Failed to create test condominium: {&quot;error&quot;:&quot;Not Found&quot;,&quot;detail&quot;:&quot;Not Found&quot;,&quot;request_id&quot;:&quot;7282a944-39fe-4057-9ec1-55b167de494d&quot;}">backend/tests/test_partial_payments.py:185: in test_response_includes_required_fields
    condo_id, condo_name = self.create_test_condominium("ResponseFields")
                           ^^^^^^^^^^^^^^^^^^^^^^^^^^^^^^^^^^^^^^^^^^^^^^
backend/tests/test_partial_payments.py:78: in create_test_condominium
    pytest.fail(f"Failed to create test condominium: {response.text}")
E   Failed: Failed to create test condominium: {"error":"Not Found","detail":"Not Found","request_id":"7282a944-39fe-4057-9ec1-55b167de494d"}</failure></testcase><testcase classname="backend.tests.test_partial_payments.TestPartialPayments" name="test_partial_payment_preserves_next_billing_date" time="0.467"><failure message="Failed: Failed to create test condominium: {&quot;error&quot;:&quot;Not Found&quot;,&quot;detail&quot;:&quot;Not Found&quot;,&quot;request_id&quot;:&quot;64babf70-ef0b-4f3e-af87-a3c60956ad68&quot;}">backend/tests/test_partial_payments.py:223: in test_partial_payment_preserves_next_billing_date
    condo_id, condo_name = self.create_test_condominium("PartialPreservesBillingDate")
                           ^^^^^^^^^^^^^^^^^^^^^^^^^^^^^^^^^^^^^^^^^^^^^^^^^^^^^^^^^^^
backend/tests/test_partial_payments.py:78: in create_test_condominium
    pytest.fail(f"Failed to create test condominium: {response.text}")
E   Failed: Failed to create test condominium: {"error":"Not Found","detail":"Not Found","request_id":"64babf70-ef0b-4f3e-af87-a3c60956ad68"}</failure></testcase><testcase classname="backend.tests.test_partial_payments.TestPartialPayments" name="test_full_payment_recalculates_next_billing_date" time="0.454"><failure message="Failed: Failed to create test condominium: {&quot;error&quot;:&quot;Not Found&quot;,&quot;detail&quot;:&quot;Not Found&quot;,&quot;request_id&quot;:&quot;a40875e8-6dbb-4073-8a06-7e8a2becd04a&quot;}">backend/tests/test_partial_payments.py:264: in test_full_payment_recalculates_next_billing_date
    condo_id, condo_name = self.create_test_condominium("FullRecalcsBillingDate")
                           ^^^^^^^^^^^^^^^^^^^^^^^^^^^^^^^^^^^^^^^^^^^^^^^^^^^^^^
backend/tests/test_partial_payments.py:78: in create_test_condominium
    pytest.fail(f"Failed to create test condominium: {response.text}")
E   Failed: Failed to create test condominium: {"error":"Not Found","detail":"Not Found","request_id":"a40875e8-6dbb-4073-8a06-7e8a2becd04a"}</failure></testcase><testcase classname="backend.tests.test_partial_payments.TestPartialPayments" name="test_get_billing_balance_returns_correct_info" time="0.435"><failure message="Failed: Failed to create test condominium: {&quot;error&quot;:&quot;Not Found&quot;,&quot;detail&quot;:&quot;Not Found&quot;,&quot;request_id&quot;:&quot;d07c0aaf-e130-414f-a867-ed4d7d02c871&quot;}">backend/tests/test_partial_payments.py:297: in test_get_billing_balance_returns_correct_info
    condo_id, condo_name = self.create_test_condominium("BalanceEndpoint")
                           ^^^^^^^^^^^^^^^^^^^^^^^^^^^^^^^^^^^^^^^^^^^^^^^
backend/tests/test_partial_payments.py:78: in create_test_condominium
    pytest.fail(f"Failed to create test condominium: {response.text}")
E   Failed: Failed to create test condominium: {"error":"Not Found","detail":"Not Found","request_id":"d07c0aaf-e130-414f-a867-ed4d7d02c871"}</failure></testcase><testcase classname="backend.tests.test_partial_payments.TestPartialPayments" name="test_multiple_partial_payments_accumulate" time="0.482"><failure message="Failed: Failed to create test condominium: {&quot;error&quot;:&quot;Not Found&quot;,&quot;detail&quot;:&quot;Not Found&quot;,&quot;request_id&quot;:&quot;13b8088e-f9bb-48ab-acf2-893498f0cc27&quot;}">backend/tests/test_partial_payments.py:326: in test_multiple_partial_payments_accumulate
    condo_id, condo_name = self.create_test_condominium("MultiplePartials")
                           ^^^^^^^^^^^^^^^^^^^^^^^^^^^^^^^^^^^^^^^^^^^^^^^^
backend/tests/test_partial_payments.py:78: in create_test_condominium
    pytest.fail(f"Failed to create test condominium: {response.text}")
E   Failed: Failed to create test condominium: {"error":"Not Found","detail":"Not Found","request_id":"13b8088e-f9bb-48ab-acf2-893498f0cc27"}</failure></testcase><testcase classname="backend.tests.test_partial_payments.TestPartialPayments" name="test_balance_zero_when_fully_paid" time="0.499"><failure message="Failed: Failed to create test condominium: {&quot;error&quot;:&quot;Not Found&quot;,&quot;detail&quot;:&quot;Not Found&quot;,&quot;request_id&quot;:&quot;2e5628c0-51af-4b5f-b8ee-a7ccc3bb3a44&quot;}">backend/tests/test_partial_payments.py:374: in test_balance_zero_when_fully_paid
    condo_id, condo_name = self.create_test_condominium("BalanceZero")
                           ^^^^^^^^^^^^^^^^^^^^^^^^^^^^^^^^^^^^^^^^^^^
backend/tests/test_partial_payments.py:78: in create_test_condominium
    pytest.fail(f"Failed to create test condominium: {response.text}")
E   Failed: Failed to create test condominium: {"error":"Not Found","detail":"Not Found","request_id":"2e5628c0-51af-4b5f-b8ee-a7ccc3bb3a44"}</failure></testcase><testcase classname="backend.tests.test_partial_payments.TestPartialPayments" name="test_billing_events_logged_correctly" time="0.426"><failure message="Failed: Failed to create test condominium: {&quot;error&quot;:&quot;Not Found&quot;,&quot;detail&quot;:&quot;Not Found&quot;,&quot;request_id&quot;:&quot;bcce86ef-85ec-4460-8a95-277a12003049&quot;}">backend/tests/test_partial_payments.py:406: in test_billing_events_logged_correctly
    condo_id, condo_name = self.create_test_condominium("EventLogging")
                           ^^^^^^^^^^^^^^^^^^^^^^^^^^^^^^^^^^^^^^^^^^^^
backend/tests/test_partial_payments.py:78: in create_test_condominium
    pytest.fail(f"Failed to create test condominium: {response.text}")
E   Failed: Failed to create test condominium: {"error":"Not Found","detail":"Not Found","request_id":"bcce86ef-85ec-4460-8a95-277a12003049"}</failure></testcase><testcase classname="backend.tests.test_partial_payments.TestPartialPaymentEdgeCases" name="test_demo_condo_payment_rejected" time="0.428"><skipped type="pytest.skip" message="Cannot list condos">/app/backend/tests/test_partial_payments.py:484: Cannot list condos</skipped></testcase><testcase classname="backend.tests.test_partial_payments.TestPartialPaymentEdgeCases" name="test_nonexistent_condo_payment_rejected" time="0.136"><skipped type="pytest.skip" message="Authentication failed">/app/backend/tests/test_partial_payments.py:504: Authentication failed</skipped></testcase><testcase classname="backend.tests.test_partial_payments.TestPartialPaymentEdgeCases" name="test_zero_payment_rejected" time="0.128"><skipped type="pytest.skip" message="Authentication failed">/app/backend/tests/test_partial_payments.py:518: Authentication failed</skipped></testcase></testsuite></testsuites>