<?xml version="1.0" encoding="utf-8"?><testsuites name="pytest tests"><testsuite name="pytest" errors="0" failures="1" skipped="0" tests="11" time="3.417" timestamp="2026-02-26T20:37:34.605967+00:00" hostname="agent-env-1650a21b-9430-4530-aee4-88c7c69b3f87"><testcase classname="backend.tests.test_partial_payments.TestConfirmPaymentEndpoint" name="test_response_includes_all_required_fields" time="0.886" /><testcase classname="backend.tests.test_partial_payments.TestPartialPaymentLogic" name="test_partial_payment_keeps_status_not_active" time="0.186" /><testcase classname="backend.tests.test_partial_payments.TestPartialPaymentLogic" name="test_partial_payment_preserves_billing_date" time="0.201" /><testcase classname="backend.tests.test_partial_payments.TestBillingBalanceEndpoint" name="test_balance_endpoint_returns_correct_structure" time="0.140" /><testcase classname="backend.tests.test_partial_payments.TestBillingBalanceEndpoint" name="test_balance_reflects_accumulated_payments" time="0.361" /><testcase classname="backend.tests.test_partial_payments.TestBillingEventsLogging" name="test_billing_events_logged" time="0.374"><failure message="AttributeError: 'str' object has no attribute 'get'">backend/tests/test_partial_payments.py:296: in test_billing_events_logged
    payment_events = [e for e in events if "payment" in e.get("event_type", "").lower()]
                     ^^^^^^^^^^^^^^^^^^^^^^^^^^^^^^^^^^^^^^^^^^^^^^^^^^^^^^^^^^^^^^^^^^^
backend/tests/test_partial_payments.py:296: in &lt;listcomp&gt;
    payment_events = [e for e in events if "payment" in e.get("event_type", "").lower()]
                                                        ^^^^^
E   AttributeError: 'str' object has no attribute 'get'</failure></testcase><testcase classname="backend.tests.test_partial_payments.TestEdgeCases" name="test_demo_condo_payment_rejected" time="0.306" /><testcase classname="backend.tests.test_partial_payments.TestEdgeCases" name="test_nonexistent_condo_returns_404" time="0.133" /><testcase classname="backend.tests.test_partial_payments.TestEdgeCases" name="test_zero_payment_rejected" time="0.124" /><testcase classname="backend.tests.test_partial_payments.TestEdgeCases" name="test_negative_payment_rejected" time="0.151" /><testcase classname="backend.tests.test_partial_payments.TestFullPaymentFlow" name="test_full_payment_activates_and_recalculates_date" time="0.429" /></testsuite></testsuites>