<?xml version="1.0" encoding="utf-8"?><testsuites name="pytest tests"><testsuite name="pytest" errors="0" failures="0" skipped="0" tests="30" time="9.102" timestamp="2026-04-16T23:06:54.072504+00:00" hostname="agent-env-88fa0ccb-5e4b-4f79-99eb-11b2d25f1b83"><testcase classname="tests.test_post_modularization_regression.TestAuthModule" name="test_login_valid_resident" time="0.898" /><testcase classname="tests.test_post_modularization_regression.TestAuthModule" name="test_login_valid_admin" time="0.867" /><testcase classname="tests.test_post_modularization_regression.TestAuthModule" name="test_login_invalid_credentials" time="0.614" /><testcase classname="tests.test_post_modularization_regression.TestAuthModule" name="test_auth_me_returns_profile" time="0.127" /><testcase classname="tests.test_post_modularization_regression.TestAuthModule" name="test_auth_me_unauthorized" time="0.123" /><testcase classname="tests.test_post_modularization_regression.TestProfileModule" name="test_get_profile" time="0.121" /><testcase classname="tests.test_post_modularization_regression.TestProfileModule" name="test_get_condominium_directory" time="0.175" /><testcase classname="tests.test_post_modularization_regression.TestFinanzasModule" name="test_get_charge_catalog_admin" time="0.116" /><testcase classname="tests.test_post_modularization_regression.TestFinanzasModule" name="test_get_financial_overview_admin" time="0.119" /><testcase classname="tests.test_post_modularization_regression.TestFinanzasModule" name="test_get_unit_account_resident" time="0.119" /><testcase classname="tests.test_post_modularization_regression.TestFinanzasModule" name="test_get_payment_settings" time="0.127" /><testcase classname="tests.test_post_modularization_regression.TestFinanzasModule" name="test_get_units_list" time="0.110" /><testcase classname="tests.test_post_modularization_regression.TestDocumentosModule" name="test_get_documents_list" time="0.119" /><testcase classname="tests.test_post_modularization_regression.TestAsambleaModule" name="test_get_assemblies_list" time="0.134" /><testcase classname="tests.test_post_modularization_regression.TestCasosModule" name="test_get_casos_list_resident" time="0.132" /><testcase classname="tests.test_post_modularization_regression.TestCasosModule" name="test_get_casos_list_admin" time="0.116" /><testcase classname="tests.test_post_modularization_regression.TestCasosModule" name="test_create_and_delete_caso_resident" time="0.369" /><testcase classname="tests.test_post_modularization_regression.TestVisitorsModule" name="test_get_my_authorizations" time="0.116" /><testcase classname="tests.test_post_modularization_regression.TestVisitorsModule" name="test_create_and_delete_visitor_authorization" time="1.940" /><testcase classname="tests.test_post_modularization_regression.TestReservationsModule" name="test_get_reservations_list" time="0.129" /><testcase classname="tests.test_post_modularization_regression.TestReservationsModule" name="test_get_reservation_areas" time="0.113" /><testcase classname="tests.test_post_modularization_regression.TestNotificationsModule" name="test_get_notifications_v2" time="0.124" /><testcase classname="tests.test_post_modularization_regression.TestNotificationsModule" name="test_get_unread_count" time="0.146" /><testcase classname="tests.test_post_modularization_regression.TestAdminModule" name="test_get_users_list_admin" time="0.152" /><testcase classname="tests.test_post_modularization_regression.TestAdminModule" name="test_get_users_unauthorized" time="0.111" /><testcase classname="tests.test_post_modularization_regression.TestGuardModule" name="test_guard_my_shift" time="0.963" /><testcase classname="tests.test_post_modularization_regression.TestGuardModule" name="test_guard_history" time="0.197" /><testcase classname="tests.test_post_modularization_regression.TestMultiTenantIsolation" name="test_resident_sees_own_condo_data" time="0.230" /><testcase classname="tests.test_post_modularization_regression.TestRoleBasedAccess" name="test_resident_cannot_access_admin_endpoints" time="0.264" /><testcase classname="tests.test_post_modularization_regression.TestHealthAndBasicEndpoints" name="test_api_reachable" time="0.130" /></testsuite></testsuites>