<?xml version="1.0" encoding="utf-8"?><testsuites name="pytest tests"><testsuite name="pytest" errors="0" failures="5" skipped="0" tests="35" time="7.073" timestamp="2026-01-29T08:49:03.577098+00:00" hostname="agent-env-a8da02f4-967b-4dbd-aeff-1909fb1e185f"><testcase classname="backend.tests.test_pre_deployment_consolidation.TestAuthentication" name="test_admin_login" time="1.363" /><testcase classname="backend.tests.test_pre_deployment_consolidation.TestAuthentication" name="test_guard_login" time="0.000" /><testcase classname="backend.tests.test_pre_deployment_consolidation.TestAuthentication" name="test_hr_login" time="0.000" /><testcase classname="backend.tests.test_pre_deployment_consolidation.TestAuthentication" name="test_resident_login" time="0.000" /><testcase classname="backend.tests.test_pre_deployment_consolidation.TestProfileSystem" name="test_get_profile_admin" time="0.294" /><testcase classname="backend.tests.test_pre_deployment_consolidation.TestProfileSystem" name="test_get_profile_guard" time="0.307" /><testcase classname="backend.tests.test_pre_deployment_consolidation.TestProfileSystem" name="test_update_profile" time="0.038" /><testcase classname="backend.tests.test_pre_deployment_consolidation.TestDirectoryForAllRoles" name="test_admin_can_access_directory" time="1.079"><failure message="AssertionError: assert False&#10; +  where False = isinstance({'condominium_name': 'Residencial Las Palmas', 'grouped_by_role': {'Administrador': [{'email': 'admin@genturix.com', 'full_name': 'Carlos Admin', 'id': 'e634c0f5-1e30-43af-ac56-4a35f3ab47b1', 'phone': None, ...}], 'Estudiante': [{'email': 'estudiante@genturix.com', 'full_name': 'Luis Estudiante', 'id': '8aa4db7d-c01d-436e-868a-ce3db3078960', 'phone': None, ...}], 'Guarda': [{'email': 'guarda1@genturix.com', 'full_name': 'Juan Pérez', 'id': '3b8091b8-078f-4f04-b780-d9239b51985f', 'phone': '+52 555 123 4567', ...}, {'email': 'guarda2@genturix.com', 'full_name': 'Pedro García', 'id': '183a75ef-8477-4c59-a9f3-8dfdcaab3148', 'phone': None, ...}], 'HR': [{'email': 'hr@genturix.com', 'full_name': 'María RRHH', 'id': '78bf50b8-6b10-4abe-905c-f5f8410a3c81', 'phone': None, ...}], ...}, 'total_count': 8, 'users': [{'email': 'admin@genturix.com', 'full_name': 'Carlos Admin', 'id': 'e634c0f5-1e30-43af-ac56-4a35f3ab47b1', 'profile_photo': 'https://example.com/test-photo-123.jpg', ...}, {'email': 'supervisor@genturix.com', 'full_name': 'María Supervisor', 'id': '787c615f-4809-477b-bf94-6aec3791409f', 'roles': ['Supervisor']}, {'email': 'guarda1@genturix.com', 'full_name': 'Juan Pérez', 'id': '3b8091b8-078f-4f04-b780-d9239b51985f', 'phone': '+52 555 123 4567', ...}, {'email': 'guarda2@genturix.com', 'full_name': 'Pedro García', 'id': '183a75ef-8477-4c59-a9f3-8dfdcaab3148', 'roles': ['Guarda']}, {'email': 'residente@genturix.com', 'full_name': 'Ana Martínez', 'id': '073bc185-0079-4b08-8b93-5d8d233f9232', 'roles': ['Residente']}, {'email': 'estudiante@genturix.com', 'full_name': 'Luis Estudiante', 'id': '8aa4db7d-c01d-436e-868a-ce3db3078960', 'roles': ['Estudiante']}, ...]}, list)">backend/tests/test_pre_deployment_consolidation.py:143: in test_admin_can_access_directory
    assert isinstance(data, list)
E   AssertionError: assert False
E    +  where False = isinstance({'condominium_name': 'Residencial Las Palmas', 'grouped_by_role': {'Administrador': [{'email': 'admin@genturix.com', 'full_name': 'Carlos Admin', 'id': 'e634c0f5-1e30-43af-ac56-4a35f3ab47b1', 'phone': None, ...}], 'Estudiante': [{'email': 'estudiante@genturix.com', 'full_name': 'Luis Estudiante', 'id': '8aa4db7d-c01d-436e-868a-ce3db3078960', 'phone': None, ...}], 'Guarda': [{'email': 'guarda1@genturix.com', 'full_name': 'Juan Pérez', 'id': '3b8091b8-078f-4f04-b780-d9239b51985f', 'phone': '+52 555 123 4567', ...}, {'email': 'guarda2@genturix.com', 'full_name': 'Pedro García', 'id': '183a75ef-8477-4c59-a9f3-8dfdcaab3148', 'phone': None, ...}], 'HR': [{'email': 'hr@genturix.com', 'full_name': 'María RRHH', 'id': '78bf50b8-6b10-4abe-905c-f5f8410a3c81', 'phone': None, ...}], ...}, 'total_count': 8, 'users': [{'email': 'admin@genturix.com', 'full_name': 'Carlos Admin', 'id': 'e634c0f5-1e30-43af-ac56-4a35f3ab47b1', 'profile_photo': 'https://example.com/test-photo-123.jpg', ...}, {'email': 'supervisor@genturix.com', 'full_name': 'María Supervisor', 'id': '787c615f-4809-477b-bf94-6aec3791409f', 'roles': ['Supervisor']}, {'email': 'guarda1@genturix.com', 'full_name': 'Juan Pérez', 'id': '3b8091b8-078f-4f04-b780-d9239b51985f', 'phone': '+52 555 123 4567', ...}, {'email': 'guarda2@genturix.com', 'full_name': 'Pedro García', 'id': '183a75ef-8477-4c59-a9f3-8dfdcaab3148', 'roles': ['Guarda']}, {'email': 'residente@genturix.com', 'full_name': 'Ana Martínez', 'id': '073bc185-0079-4b08-8b93-5d8d233f9232', 'roles': ['Residente']}, {'email': 'estudiante@genturix.com', 'full_name': 'Luis Estudiante', 'id': '8aa4db7d-c01d-436e-868a-ce3db3078960', 'roles': ['Estudiante']}, ...]}, list)</failure></testcase><testcase classname="backend.tests.test_pre_deployment_consolidation.TestDirectoryForAllRoles" name="test_guard_can_access_directory" time="0.038"><failure message="AssertionError: assert False&#10; +  where False = isinstance({'condominium_name': 'Residencial Las Palmas', 'grouped_by_role': {'Administrador': [{'email': 'admin@genturix.com', 'full_name': 'Carlos Admin', 'id': 'e634c0f5-1e30-43af-ac56-4a35f3ab47b1', 'phone': None, ...}], 'Estudiante': [{'email': 'estudiante@genturix.com', 'full_name': 'Luis Estudiante', 'id': '8aa4db7d-c01d-436e-868a-ce3db3078960', 'phone': None, ...}], 'Guarda': [{'email': 'guarda1@genturix.com', 'full_name': 'Juan Pérez', 'id': '3b8091b8-078f-4f04-b780-d9239b51985f', 'phone': '+52 555 123 4567', ...}, {'email': 'guarda2@genturix.com', 'full_name': 'Pedro García', 'id': '183a75ef-8477-4c59-a9f3-8dfdcaab3148', 'phone': None, ...}], 'HR': [{'email': 'hr@genturix.com', 'full_name': 'María RRHH', 'id': '78bf50b8-6b10-4abe-905c-f5f8410a3c81', 'phone': None, ...}], ...}, 'total_count': 8, 'users': [{'email': 'admin@genturix.com', 'full_name': 'Carlos Admin', 'id': 'e634c0f5-1e30-43af-ac56-4a35f3ab47b1', 'profile_photo': 'https://example.com/test-photo-123.jpg', ...}, {'email': 'supervisor@genturix.com', 'full_name': 'María Supervisor', 'id': '787c615f-4809-477b-bf94-6aec3791409f', 'roles': ['Supervisor']}, {'email': 'guarda1@genturix.com', 'full_name': 'Juan Pérez', 'id': '3b8091b8-078f-4f04-b780-d9239b51985f', 'phone': '+52 555 123 4567', ...}, {'email': 'guarda2@genturix.com', 'full_name': 'Pedro García', 'id': '183a75ef-8477-4c59-a9f3-8dfdcaab3148', 'roles': ['Guarda']}, {'email': 'residente@genturix.com', 'full_name': 'Ana Martínez', 'id': '073bc185-0079-4b08-8b93-5d8d233f9232', 'roles': ['Residente']}, {'email': 'estudiante@genturix.com', 'full_name': 'Luis Estudiante', 'id': '8aa4db7d-c01d-436e-868a-ce3db3078960', 'roles': ['Estudiante']}, ...]}, list)">backend/tests/test_pre_deployment_consolidation.py:152: in test_guard_can_access_directory
    assert isinstance(data, list)
E   AssertionError: assert False
E    +  where False = isinstance({'condominium_name': 'Residencial Las Palmas', 'grouped_by_role': {'Administrador': [{'email': 'admin@genturix.com', 'full_name': 'Carlos Admin', 'id': 'e634c0f5-1e30-43af-ac56-4a35f3ab47b1', 'phone': None, ...}], 'Estudiante': [{'email': 'estudiante@genturix.com', 'full_name': 'Luis Estudiante', 'id': '8aa4db7d-c01d-436e-868a-ce3db3078960', 'phone': None, ...}], 'Guarda': [{'email': 'guarda1@genturix.com', 'full_name': 'Juan Pérez', 'id': '3b8091b8-078f-4f04-b780-d9239b51985f', 'phone': '+52 555 123 4567', ...}, {'email': 'guarda2@genturix.com', 'full_name': 'Pedro García', 'id': '183a75ef-8477-4c59-a9f3-8dfdcaab3148', 'phone': None, ...}], 'HR': [{'email': 'hr@genturix.com', 'full_name': 'María RRHH', 'id': '78bf50b8-6b10-4abe-905c-f5f8410a3c81', 'phone': None, ...}], ...}, 'total_count': 8, 'users': [{'email': 'admin@genturix.com', 'full_name': 'Carlos Admin', 'id': 'e634c0f5-1e30-43af-ac56-4a35f3ab47b1', 'profile_photo': 'https://example.com/test-photo-123.jpg', ...}, {'email': 'supervisor@genturix.com', 'full_name': 'María Supervisor', 'id': '787c615f-4809-477b-bf94-6aec3791409f', 'roles': ['Supervisor']}, {'email': 'guarda1@genturix.com', 'full_name': 'Juan Pérez', 'id': '3b8091b8-078f-4f04-b780-d9239b51985f', 'phone': '+52 555 123 4567', ...}, {'email': 'guarda2@genturix.com', 'full_name': 'Pedro García', 'id': '183a75ef-8477-4c59-a9f3-8dfdcaab3148', 'roles': ['Guarda']}, {'email': 'residente@genturix.com', 'full_name': 'Ana Martínez', 'id': '073bc185-0079-4b08-8b93-5d8d233f9232', 'roles': ['Residente']}, {'email': 'estudiante@genturix.com', 'full_name': 'Luis Estudiante', 'id': '8aa4db7d-c01d-436e-868a-ce3db3078960', 'roles': ['Estudiante']}, ...]}, list)</failure></testcase><testcase classname="backend.tests.test_pre_deployment_consolidation.TestDirectoryForAllRoles" name="test_hr_can_access_directory" time="0.037"><failure message="AssertionError: assert False&#10; +  where False = isinstance({'condominium_name': 'Residencial Las Palmas', 'grouped_by_role': {'Administrador': [{'email': 'admin@genturix.com', 'full_name': 'Carlos Admin', 'id': 'e634c0f5-1e30-43af-ac56-4a35f3ab47b1', 'phone': None, ...}], 'Estudiante': [{'email': 'estudiante@genturix.com', 'full_name': 'Luis Estudiante', 'id': '8aa4db7d-c01d-436e-868a-ce3db3078960', 'phone': None, ...}], 'Guarda': [{'email': 'guarda1@genturix.com', 'full_name': 'Juan Pérez', 'id': '3b8091b8-078f-4f04-b780-d9239b51985f', 'phone': '+52 555 123 4567', ...}, {'email': 'guarda2@genturix.com', 'full_name': 'Pedro García', 'id': '183a75ef-8477-4c59-a9f3-8dfdcaab3148', 'phone': None, ...}], 'HR': [{'email': 'hr@genturix.com', 'full_name': 'María RRHH', 'id': '78bf50b8-6b10-4abe-905c-f5f8410a3c81', 'phone': None, ...}], ...}, 'total_count': 8, 'users': [{'email': 'admin@genturix.com', 'full_name': 'Carlos Admin', 'id': 'e634c0f5-1e30-43af-ac56-4a35f3ab47b1', 'profile_photo': 'https://example.com/test-photo-123.jpg', ...}, {'email': 'supervisor@genturix.com', 'full_name': 'María Supervisor', 'id': '787c615f-4809-477b-bf94-6aec3791409f', 'roles': ['Supervisor']}, {'email': 'guarda1@genturix.com', 'full_name': 'Juan Pérez', 'id': '3b8091b8-078f-4f04-b780-d9239b51985f', 'phone': '+52 555 123 4567', ...}, {'email': 'guarda2@genturix.com', 'full_name': 'Pedro García', 'id': '183a75ef-8477-4c59-a9f3-8dfdcaab3148', 'roles': ['Guarda']}, {'email': 'residente@genturix.com', 'full_name': 'Ana Martínez', 'id': '073bc185-0079-4b08-8b93-5d8d233f9232', 'roles': ['Residente']}, {'email': 'estudiante@genturix.com', 'full_name': 'Luis Estudiante', 'id': '8aa4db7d-c01d-436e-868a-ce3db3078960', 'roles': ['Estudiante']}, ...]}, list)">backend/tests/test_pre_deployment_consolidation.py:161: in test_hr_can_access_directory
    assert isinstance(data, list)
E   AssertionError: assert False
E    +  where False = isinstance({'condominium_name': 'Residencial Las Palmas', 'grouped_by_role': {'Administrador': [{'email': 'admin@genturix.com', 'full_name': 'Carlos Admin', 'id': 'e634c0f5-1e30-43af-ac56-4a35f3ab47b1', 'phone': None, ...}], 'Estudiante': [{'email': 'estudiante@genturix.com', 'full_name': 'Luis Estudiante', 'id': '8aa4db7d-c01d-436e-868a-ce3db3078960', 'phone': None, ...}], 'Guarda': [{'email': 'guarda1@genturix.com', 'full_name': 'Juan Pérez', 'id': '3b8091b8-078f-4f04-b780-d9239b51985f', 'phone': '+52 555 123 4567', ...}, {'email': 'guarda2@genturix.com', 'full_name': 'Pedro García', 'id': '183a75ef-8477-4c59-a9f3-8dfdcaab3148', 'phone': None, ...}], 'HR': [{'email': 'hr@genturix.com', 'full_name': 'María RRHH', 'id': '78bf50b8-6b10-4abe-905c-f5f8410a3c81', 'phone': None, ...}], ...}, 'total_count': 8, 'users': [{'email': 'admin@genturix.com', 'full_name': 'Carlos Admin', 'id': 'e634c0f5-1e30-43af-ac56-4a35f3ab47b1', 'profile_photo': 'https://example.com/test-photo-123.jpg', ...}, {'email': 'supervisor@genturix.com', 'full_name': 'María Supervisor', 'id': '787c615f-4809-477b-bf94-6aec3791409f', 'roles': ['Supervisor']}, {'email': 'guarda1@genturix.com', 'full_name': 'Juan Pérez', 'id': '3b8091b8-078f-4f04-b780-d9239b51985f', 'phone': '+52 555 123 4567', ...}, {'email': 'guarda2@genturix.com', 'full_name': 'Pedro García', 'id': '183a75ef-8477-4c59-a9f3-8dfdcaab3148', 'roles': ['Guarda']}, {'email': 'residente@genturix.com', 'full_name': 'Ana Martínez', 'id': '073bc185-0079-4b08-8b93-5d8d233f9232', 'roles': ['Residente']}, {'email': 'estudiante@genturix.com', 'full_name': 'Luis Estudiante', 'id': '8aa4db7d-c01d-436e-868a-ce3db3078960', 'roles': ['Estudiante']}, ...]}, list)</failure></testcase><testcase classname="backend.tests.test_pre_deployment_consolidation.TestDirectoryForAllRoles" name="test_resident_can_access_directory" time="0.033"><failure message="AssertionError: assert False&#10; +  where False = isinstance({'condominium_name': 'Residencial Las Palmas', 'grouped_by_role': {'Administrador': [{'email': 'admin@genturix.com', 'full_name': 'Carlos Admin', 'id': 'e634c0f5-1e30-43af-ac56-4a35f3ab47b1', 'phone': None, ...}], 'Estudiante': [{'email': 'estudiante@genturix.com', 'full_name': 'Luis Estudiante', 'id': '8aa4db7d-c01d-436e-868a-ce3db3078960', 'phone': None, ...}], 'Guarda': [{'email': 'guarda1@genturix.com', 'full_name': 'Juan Pérez', 'id': '3b8091b8-078f-4f04-b780-d9239b51985f', 'phone': '+52 555 123 4567', ...}, {'email': 'guarda2@genturix.com', 'full_name': 'Pedro García', 'id': '183a75ef-8477-4c59-a9f3-8dfdcaab3148', 'phone': None, ...}], 'HR': [{'email': 'hr@genturix.com', 'full_name': 'María RRHH', 'id': '78bf50b8-6b10-4abe-905c-f5f8410a3c81', 'phone': None, ...}], ...}, 'total_count': 8, 'users': [{'email': 'admin@genturix.com', 'full_name': 'Carlos Admin', 'id': 'e634c0f5-1e30-43af-ac56-4a35f3ab47b1', 'profile_photo': 'https://example.com/test-photo-123.jpg', ...}, {'email': 'supervisor@genturix.com', 'full_name': 'María Supervisor', 'id': '787c615f-4809-477b-bf94-6aec3791409f', 'roles': ['Supervisor']}, {'email': 'guarda1@genturix.com', 'full_name': 'Juan Pérez', 'id': '3b8091b8-078f-4f04-b780-d9239b51985f', 'phone': '+52 555 123 4567', ...}, {'email': 'guarda2@genturix.com', 'full_name': 'Pedro García', 'id': '183a75ef-8477-4c59-a9f3-8dfdcaab3148', 'roles': ['Guarda']}, {'email': 'residente@genturix.com', 'full_name': 'Ana Martínez', 'id': '073bc185-0079-4b08-8b93-5d8d233f9232', 'roles': ['Residente']}, {'email': 'estudiante@genturix.com', 'full_name': 'Luis Estudiante', 'id': '8aa4db7d-c01d-436e-868a-ce3db3078960', 'roles': ['Estudiante']}, ...]}, list)">backend/tests/test_pre_deployment_consolidation.py:170: in test_resident_can_access_directory
    assert isinstance(data, list)
E   AssertionError: assert False
E    +  where False = isinstance({'condominium_name': 'Residencial Las Palmas', 'grouped_by_role': {'Administrador': [{'email': 'admin@genturix.com', 'full_name': 'Carlos Admin', 'id': 'e634c0f5-1e30-43af-ac56-4a35f3ab47b1', 'phone': None, ...}], 'Estudiante': [{'email': 'estudiante@genturix.com', 'full_name': 'Luis Estudiante', 'id': '8aa4db7d-c01d-436e-868a-ce3db3078960', 'phone': None, ...}], 'Guarda': [{'email': 'guarda1@genturix.com', 'full_name': 'Juan Pérez', 'id': '3b8091b8-078f-4f04-b780-d9239b51985f', 'phone': '+52 555 123 4567', ...}, {'email': 'guarda2@genturix.com', 'full_name': 'Pedro García', 'id': '183a75ef-8477-4c59-a9f3-8dfdcaab3148', 'phone': None, ...}], 'HR': [{'email': 'hr@genturix.com', 'full_name': 'María RRHH', 'id': '78bf50b8-6b10-4abe-905c-f5f8410a3c81', 'phone': None, ...}], ...}, 'total_count': 8, 'users': [{'email': 'admin@genturix.com', 'full_name': 'Carlos Admin', 'id': 'e634c0f5-1e30-43af-ac56-4a35f3ab47b1', 'profile_photo': 'https://example.com/test-photo-123.jpg', ...}, {'email': 'supervisor@genturix.com', 'full_name': 'María Supervisor', 'id': '787c615f-4809-477b-bf94-6aec3791409f', 'roles': ['Supervisor']}, {'email': 'guarda1@genturix.com', 'full_name': 'Juan Pérez', 'id': '3b8091b8-078f-4f04-b780-d9239b51985f', 'phone': '+52 555 123 4567', ...}, {'email': 'guarda2@genturix.com', 'full_name': 'Pedro García', 'id': '183a75ef-8477-4c59-a9f3-8dfdcaab3148', 'roles': ['Guarda']}, {'email': 'residente@genturix.com', 'full_name': 'Ana Martínez', 'id': '073bc185-0079-4b08-8b93-5d8d233f9232', 'roles': ['Residente']}, {'email': 'estudiante@genturix.com', 'full_name': 'Luis Estudiante', 'id': '8aa4db7d-c01d-436e-868a-ce3db3078960', 'roles': ['Estudiante']}, ...]}, list)</failure></testcase><testcase classname="backend.tests.test_pre_deployment_consolidation.TestGuardNavigation" name="test_guard_panic_events" time="0.309" /><testcase classname="backend.tests.test_pre_deployment_consolidation.TestGuardNavigation" name="test_guard_pending_visitors" time="0.034" /><testcase classname="backend.tests.test_pre_deployment_consolidation.TestGuardNavigation" name="test_guard_my_shift" time="0.037" /><testcase classname="backend.tests.test_pre_deployment_consolidation.TestGuardNavigation" name="test_guard_my_absences" time="0.036" /><testcase classname="backend.tests.test_pre_deployment_consolidation.TestGuardNavigation" name="test_guard_history" time="0.036" /><testcase classname="backend.tests.test_pre_deployment_consolidation.TestGuardNavigation" name="test_guard_profile" time="0.039" /><testcase classname="backend.tests.test_pre_deployment_consolidation.TestGuardNavigation" name="test_guard_directory" time="0.034" /><testcase classname="backend.tests.test_pre_deployment_consolidation.TestHRNavigation" name="test_hr_guards" time="0.293" /><testcase classname="backend.tests.test_pre_deployment_consolidation.TestHRNavigation" name="test_hr_shifts" time="0.039" /><testcase classname="backend.tests.test_pre_deployment_consolidation.TestHRNavigation" name="test_hr_absences" time="0.039" /><testcase classname="backend.tests.test_pre_deployment_consolidation.TestHRNavigation" name="test_hr_candidates" time="0.040" /><testcase classname="backend.tests.test_pre_deployment_consolidation.TestHRNavigation" name="test_hr_profile" time="0.035" /><testcase classname="backend.tests.test_pre_deployment_consolidation.TestHRNavigation" name="test_hr_directory" time="0.037" /><testcase classname="backend.tests.test_pre_deployment_consolidation.TestNotifications" name="test_admin_can_get_panic_events" time="0.338" /><testcase classname="backend.tests.test_pre_deployment_consolidation.TestNotifications" name="test_guard_can_get_panic_events" time="0.298" /><testcase classname="backend.tests.test_pre_deployment_consolidation.TestModuleVisibility" name="test_get_condominium_modules" time="0.317" /><testcase classname="backend.tests.test_pre_deployment_consolidation.TestReservationsModule" name="test_admin_can_get_areas" time="0.294" /><testcase classname="backend.tests.test_pre_deployment_consolidation.TestReservationsModule" name="test_admin_can_create_area" time="0.037" /><testcase classname="backend.tests.test_pre_deployment_consolidation.TestReservationsModule" name="test_resident_can_get_areas" time="0.294" /><testcase classname="backend.tests.test_pre_deployment_consolidation.TestReservationsModule" name="test_admin_can_get_reservations" time="0.035" /><testcase classname="backend.tests.test_pre_deployment_consolidation.TestRoleSecurity" name="test_users_have_condominium_id" time="0.554" /><testcase classname="backend.tests.test_pre_deployment_consolidation.TestRoleSecurity" name="test_directory_scoped_by_condominium" time="0.032"><failure message="AttributeError: 'str' object has no attribute 'get'">backend/tests/test_pre_deployment_consolidation.py:462: in test_directory_scoped_by_condominium
    assert user.get('condominium_id') == condo_id, f"User {user.get('full_name')} has wrong condominium"
           ^^^^^^^^
E   AttributeError: 'str' object has no attribute 'get'</failure></testcase><testcase classname="backend.tests.test_pre_deployment_consolidation.TestRoleSecurity" name="test_resident_cannot_access_admin_endpoints" time="0.031" /><testcase classname="backend.tests.test_pre_deployment_consolidation.TestE2EGuardFlow" name="test_guard_full_flow" time="0.506" /></testsuite></testsuites>