<?xml version="1.0" encoding="utf-8"?><testsuites name="pytest tests"><testsuite name="pytest" errors="0" failures="15" skipped="0" tests="35" time="7.039" timestamp="2026-01-29T08:47:35.276941+00:00" hostname="agent-env-a8da02f4-967b-4dbd-aeff-1909fb1e185f"><testcase classname="backend.tests.test_pre_deployment_consolidation.TestAuthentication" name="test_admin_login" time="1.359" /><testcase classname="backend.tests.test_pre_deployment_consolidation.TestAuthentication" name="test_guard_login" time="0.000" /><testcase classname="backend.tests.test_pre_deployment_consolidation.TestAuthentication" name="test_hr_login" time="0.000" /><testcase classname="backend.tests.test_pre_deployment_consolidation.TestAuthentication" name="test_resident_login" time="0.000" /><testcase classname="backend.tests.test_pre_deployment_consolidation.TestProfileSystem" name="test_get_profile_admin" time="0.308" /><testcase classname="backend.tests.test_pre_deployment_consolidation.TestProfileSystem" name="test_get_profile_guard" time="0.292" /><testcase classname="backend.tests.test_pre_deployment_consolidation.TestProfileSystem" name="test_update_profile" time="0.043" /><testcase classname="backend.tests.test_pre_deployment_consolidation.TestDirectoryForAllRoles" name="test_admin_can_access_directory" time="1.074"><failure message="assert 404 == 200&#10; +  where 404 = &lt;Response [404]&gt;.status_code">backend/tests/test_pre_deployment_consolidation.py:139: in test_admin_can_access_directory
    assert response.status_code == 200
E   assert 404 == 200
E    +  where 404 = &lt;Response [404]&gt;.status_code</failure></testcase><testcase classname="backend.tests.test_pre_deployment_consolidation.TestDirectoryForAllRoles" name="test_guard_can_access_directory" time="0.033"><failure message="assert 404 == 200&#10; +  where 404 = &lt;Response [404]&gt;.status_code">backend/tests/test_pre_deployment_consolidation.py:148: in test_guard_can_access_directory
    assert response.status_code == 200
E   assert 404 == 200
E    +  where 404 = &lt;Response [404]&gt;.status_code</failure></testcase><testcase classname="backend.tests.test_pre_deployment_consolidation.TestDirectoryForAllRoles" name="test_hr_can_access_directory" time="0.072"><failure message="assert 404 == 200&#10; +  where 404 = &lt;Response [404]&gt;.status_code">backend/tests/test_pre_deployment_consolidation.py:157: in test_hr_can_access_directory
    assert response.status_code == 200
E   assert 404 == 200
E    +  where 404 = &lt;Response [404]&gt;.status_code</failure></testcase><testcase classname="backend.tests.test_pre_deployment_consolidation.TestDirectoryForAllRoles" name="test_resident_can_access_directory" time="0.040"><failure message="assert 404 == 200&#10; +  where 404 = &lt;Response [404]&gt;.status_code">backend/tests/test_pre_deployment_consolidation.py:166: in test_resident_can_access_directory
    assert response.status_code == 200
E   assert 404 == 200
E    +  where 404 = &lt;Response [404]&gt;.status_code</failure></testcase><testcase classname="backend.tests.test_pre_deployment_consolidation.TestGuardNavigation" name="test_guard_panic_events" time="0.304" /><testcase classname="backend.tests.test_pre_deployment_consolidation.TestGuardNavigation" name="test_guard_pending_visitors" time="0.035" /><testcase classname="backend.tests.test_pre_deployment_consolidation.TestGuardNavigation" name="test_guard_my_shift" time="0.031"><failure message="assert 404 == 200&#10; +  where 404 = &lt;Response [404]&gt;.status_code">backend/tests/test_pre_deployment_consolidation.py:199: in test_guard_my_shift
    assert response.status_code == 200
E   assert 404 == 200
E    +  where 404 = &lt;Response [404]&gt;.status_code</failure></testcase><testcase classname="backend.tests.test_pre_deployment_consolidation.TestGuardNavigation" name="test_guard_my_absences" time="0.037"><failure message="assert 404 == 200&#10; +  where 404 = &lt;Response [404]&gt;.status_code">backend/tests/test_pre_deployment_consolidation.py:206: in test_guard_my_absences
    assert response.status_code == 200
E   assert 404 == 200
E    +  where 404 = &lt;Response [404]&gt;.status_code</failure></testcase><testcase classname="backend.tests.test_pre_deployment_consolidation.TestGuardNavigation" name="test_guard_history" time="0.032"><failure message="assert 404 == 200&#10; +  where 404 = &lt;Response [404]&gt;.status_code">backend/tests/test_pre_deployment_consolidation.py:213: in test_guard_history
    assert response.status_code == 200
E   assert 404 == 200
E    +  where 404 = &lt;Response [404]&gt;.status_code</failure></testcase><testcase classname="backend.tests.test_pre_deployment_consolidation.TestGuardNavigation" name="test_guard_profile" time="0.035" /><testcase classname="backend.tests.test_pre_deployment_consolidation.TestGuardNavigation" name="test_guard_directory" time="0.033"><failure message="assert 404 == 200&#10; +  where 404 = &lt;Response [404]&gt;.status_code">backend/tests/test_pre_deployment_consolidation.py:227: in test_guard_directory
    assert response.status_code == 200
E   assert 404 == 200
E    +  where 404 = &lt;Response [404]&gt;.status_code</failure></testcase><testcase classname="backend.tests.test_pre_deployment_consolidation.TestHRNavigation" name="test_hr_guards" time="0.288"><failure message="assert 404 == 200&#10; +  where 404 = &lt;Response [404]&gt;.status_code">backend/tests/test_pre_deployment_consolidation.py:244: in test_hr_guards
    assert response.status_code == 200
E   assert 404 == 200
E    +  where 404 = &lt;Response [404]&gt;.status_code</failure></testcase><testcase classname="backend.tests.test_pre_deployment_consolidation.TestHRNavigation" name="test_hr_shifts" time="0.030"><failure message="assert 404 == 200&#10; +  where 404 = &lt;Response [404]&gt;.status_code">backend/tests/test_pre_deployment_consolidation.py:251: in test_hr_shifts
    assert response.status_code == 200
E   assert 404 == 200
E    +  where 404 = &lt;Response [404]&gt;.status_code</failure></testcase><testcase classname="backend.tests.test_pre_deployment_consolidation.TestHRNavigation" name="test_hr_absences" time="0.029"><failure message="assert 404 == 200&#10; +  where 404 = &lt;Response [404]&gt;.status_code">backend/tests/test_pre_deployment_consolidation.py:258: in test_hr_absences
    assert response.status_code == 200
E   assert 404 == 200
E    +  where 404 = &lt;Response [404]&gt;.status_code</failure></testcase><testcase classname="backend.tests.test_pre_deployment_consolidation.TestHRNavigation" name="test_hr_candidates" time="0.032"><failure message="assert 404 == 200&#10; +  where 404 = &lt;Response [404]&gt;.status_code">backend/tests/test_pre_deployment_consolidation.py:265: in test_hr_candidates
    assert response.status_code == 200
E   assert 404 == 200
E    +  where 404 = &lt;Response [404]&gt;.status_code</failure></testcase><testcase classname="backend.tests.test_pre_deployment_consolidation.TestHRNavigation" name="test_hr_profile" time="0.077" /><testcase classname="backend.tests.test_pre_deployment_consolidation.TestHRNavigation" name="test_hr_directory" time="0.040"><failure message="assert 404 == 200&#10; +  where 404 = &lt;Response [404]&gt;.status_code">backend/tests/test_pre_deployment_consolidation.py:279: in test_hr_directory
    assert response.status_code == 200
E   assert 404 == 200
E    +  where 404 = &lt;Response [404]&gt;.status_code</failure></testcase><testcase classname="backend.tests.test_pre_deployment_consolidation.TestNotifications" name="test_admin_can_get_panic_events" time="0.293" /><testcase classname="backend.tests.test_pre_deployment_consolidation.TestNotifications" name="test_guard_can_get_panic_events" time="0.293" /><testcase classname="backend.tests.test_pre_deployment_consolidation.TestModuleVisibility" name="test_get_condominium_modules" time="0.313" /><testcase classname="backend.tests.test_pre_deployment_consolidation.TestReservationsModule" name="test_admin_can_get_areas" time="0.291" /><testcase classname="backend.tests.test_pre_deployment_consolidation.TestReservationsModule" name="test_admin_can_create_area" time="0.042" /><testcase classname="backend.tests.test_pre_deployment_consolidation.TestReservationsModule" name="test_resident_can_get_areas" time="0.334" /><testcase classname="backend.tests.test_pre_deployment_consolidation.TestReservationsModule" name="test_admin_can_get_reservations" time="0.038" /><testcase classname="backend.tests.test_pre_deployment_consolidation.TestRoleSecurity" name="test_users_have_condominium_id" time="0.514" /><testcase classname="backend.tests.test_pre_deployment_consolidation.TestRoleSecurity" name="test_directory_scoped_by_condominium" time="0.034"><failure message="assert 404 == 200&#10; +  where 404 = &lt;Response [404]&gt;.status_code">backend/tests/test_pre_deployment_consolidation.py:445: in test_directory_scoped_by_condominium
    assert response.status_code == 200
E   assert 404 == 200
E    +  where 404 = &lt;Response [404]&gt;.status_code</failure></testcase><testcase classname="backend.tests.test_pre_deployment_consolidation.TestRoleSecurity" name="test_resident_cannot_access_admin_endpoints" time="0.031" /><testcase classname="backend.tests.test_pre_deployment_consolidation.TestE2EGuardFlow" name="test_guard_full_flow" time="0.399"><failure message="assert 404 == 200&#10; +  where 404 = &lt;Response [404]&gt;.status_code">backend/tests/test_pre_deployment_consolidation.py:498: in test_guard_full_flow
    assert response.status_code == 200
E   assert 404 == 200
E    +  where 404 = &lt;Response [404]&gt;.status_code</failure></testcase></testsuite></testsuites>