<?xml version="1.0" encoding="utf-8"?><testsuites name="pytest tests"><testsuite name="pytest" errors="0" failures="0" skipped="0" tests="15" time="7.348" timestamp="2026-02-19T11:40:14.472258+00:00" hostname="agent-env-be5c1e54-6faa-408e-9443-708466aa6f22"><testcase classname="backend.tests.test_pricing_system.TestGlobalPricingEndpoints" name="test_get_global_pricing_superadmin" time="0.584" /><testcase classname="backend.tests.test_pricing_system.TestGlobalPricingEndpoints" name="test_get_global_pricing_admin_forbidden" time="0.494" /><testcase classname="backend.tests.test_pricing_system.TestGlobalPricingEndpoints" name="test_get_global_pricing_unauthenticated" time="0.108" /><testcase classname="backend.tests.test_pricing_system.TestGlobalPricingEndpoints" name="test_update_global_pricing_valid" time="0.484" /><testcase classname="backend.tests.test_pricing_system.TestGlobalPricingEndpoints" name="test_update_global_pricing_invalid_zero" time="0.102" /><testcase classname="backend.tests.test_pricing_system.TestGlobalPricingEndpoints" name="test_update_global_pricing_invalid_negative" time="0.125" /><testcase classname="backend.tests.test_pricing_system.TestGlobalPricingEndpoints" name="test_update_global_pricing_invalid_currency" time="0.109" /><testcase classname="backend.tests.test_pricing_system.TestCondominiumPricingList" name="test_get_condominiums_pricing_list" time="0.439" /><testcase classname="backend.tests.test_pricing_system.TestCondominiumPricingOverride" name="test_set_pricing_override" time="1.006" /><testcase classname="backend.tests.test_pricing_system.TestCondominiumPricingOverride" name="test_remove_pricing_override" time="0.349" /><testcase classname="backend.tests.test_pricing_system.TestEffectivePriceFunction" name="test_payments_pricing_uses_override" time="1.085" /><testcase classname="backend.tests.test_pricing_system.TestEffectivePriceFunction" name="test_payments_pricing_uses_global_default" time="0.431" /><testcase classname="backend.tests.test_pricing_system.TestPaymentsCalculateDynamicPricing" name="test_payments_calculate_with_override" time="1.130" /><testcase classname="backend.tests.test_pricing_system.TestPaymentsCalculateDynamicPricing" name="test_payments_calculate_with_global_price" time="0.330" /><testcase classname="backend.tests.test_pricing_system.TestSystemConfigCollection" name="test_global_pricing_exists_after_startup" time="0.487" /></testsuite></testsuites>