<?xml version="1.0" encoding="utf-8"?><testsuites name="pytest tests"><testsuite name="pytest" errors="0" failures="2" skipped="0" tests="16" time="4.400" timestamp="2026-02-19T08:54:29.875746+00:00" hostname="agent-env-be5c1e54-6faa-408e-9443-708466aa6f22"><testcase classname="backend.tests.test_production_hardening.TestHealthEndpoint" name="test_health_endpoint_returns_200" time="0.242" /><testcase classname="backend.tests.test_production_hardening.TestHealthEndpoint" name="test_health_endpoint_has_status_ok" time="0.101" /><testcase classname="backend.tests.test_production_hardening.TestHealthEndpoint" name="test_health_endpoint_database_connected" time="0.137" /><testcase classname="backend.tests.test_production_hardening.TestHealthEndpoint" name="test_health_endpoint_has_version" time="0.117" /><testcase classname="backend.tests.test_production_hardening.TestLoginWithValidCredentials" name="test_login_superadmin_success" time="0.325" /><testcase classname="backend.tests.test_production_hardening.TestLoginWithValidCredentials" name="test_login_admin_success" time="0.327" /><testcase classname="backend.tests.test_production_hardening.TestLoginWithValidCredentials" name="test_login_guard_success" time="0.368" /><testcase classname="backend.tests.test_production_hardening.TestLoginWithValidCredentials" name="test_login_resident_success" time="0.363" /><testcase classname="backend.tests.test_production_hardening.TestLoginWithValidCredentials" name="test_login_invalid_password_returns_401" time="0.321" /><testcase classname="backend.tests.test_production_hardening.TestLoginWithValidCredentials" name="test_login_invalid_email_returns_401" time="0.103" /><testcase classname="backend.tests.test_production_hardening.TestRateLimiting" name="test_rate_limiting_blocks_after_5_failed_attempts" time="0.643"><failure message="AssertionError: Expected 429 (Too Many Requests), got 401&#10;assert 401 == 429&#10; +  where 401 = &lt;Response [401]&gt;.status_code">backend/tests/test_production_hardening.py:173: in test_rate_limiting_blocks_after_5_failed_attempts
    assert response.status_code == 429, f"Expected 429 (Too Many Requests), got {response.status_code}"
E   AssertionError: Expected 429 (Too Many Requests), got 401
E   assert 401 == 429
E    +  where 401 = &lt;Response [401]&gt;.status_code</failure></testcase><testcase classname="backend.tests.test_production_hardening.TestRateLimiting" name="test_rate_limiting_message_content" time="0.602"><failure message="assert 401 == 429&#10; +  where 401 = &lt;Response [401]&gt;.status_code">backend/tests/test_production_hardening.py:199: in test_rate_limiting_message_content
    assert response.status_code == 429
E   assert 401 == 429
E    +  where 401 = &lt;Response [401]&gt;.status_code</failure></testcase><testcase classname="backend.tests.test_production_hardening.TestJWTSecurityHeaders" name="test_login_returns_request_id_header" time="0.323" /><testcase classname="backend.tests.test_production_hardening.TestJWTSecurityHeaders" name="test_error_response_includes_request_id" time="0.128" /><testcase classname="backend.tests.test_production_hardening.TestEnvironmentConfiguration" name="test_health_endpoint_works_without_auth" time="0.100" /><testcase classname="backend.tests.test_production_hardening.TestEnvironmentConfiguration" name="test_protected_endpoint_requires_auth" time="0.108" /></testsuite></testsuites>