<?xml version="1.0" encoding="utf-8"?><testsuites name="pytest tests"><testsuite name="pytest" errors="0" failures="0" skipped="0" tests="13" time="3.587" timestamp="2026-01-30T23:39:28.228112+00:00" hostname="agent-env-cddfb830-adaf-4673-ba72-fdf691377269"><testcase classname="backend.tests.test_push_notifications.TestPushNotificationAPIs" name="test_get_vapid_public_key_success" time="0.069" /><testcase classname="backend.tests.test_push_notifications.TestPushNotificationAPIs" name="test_subscribe_guard_allowed" time="0.300" /><testcase classname="backend.tests.test_push_notifications.TestPushNotificationAPIs" name="test_subscribe_admin_allowed" time="0.280" /><testcase classname="backend.tests.test_push_notifications.TestPushNotificationAPIs" name="test_subscribe_resident_forbidden" time="0.317" /><testcase classname="backend.tests.test_push_notifications.TestPushNotificationAPIs" name="test_subscribe_unauthenticated_fails" time="0.038" /><testcase classname="backend.tests.test_push_notifications.TestPushNotificationAPIs" name="test_unsubscribe_success" time="0.281" /><testcase classname="backend.tests.test_push_notifications.TestPushNotificationAPIs" name="test_unsubscribe_not_found" time="0.268" /><testcase classname="backend.tests.test_push_notifications.TestPushNotificationAPIs" name="test_push_status_not_subscribed" time="0.308" /><testcase classname="backend.tests.test_push_notifications.TestPushNotificationAPIs" name="test_push_status_after_subscribe" time="0.330" /><testcase classname="backend.tests.test_push_notifications.TestPushNotificationAPIs" name="test_panic_trigger_includes_push_notifications" time="0.397" /><testcase classname="backend.tests.test_push_notifications.TestPushNotificationAPIs" name="test_subscriptions_filtered_by_condominium" time="0.337" /><testcase classname="backend.tests.test_push_notifications.TestPushNotificationEdgeCases" name="test_subscribe_duplicate_endpoint_updates" time="0.327" /><testcase classname="backend.tests.test_push_notifications.TestPushNotificationEdgeCases" name="test_subscribe_invalid_payload" time="0.265" /></testsuite></testsuites>