<?xml version="1.0" encoding="utf-8"?><testsuites name="pytest tests"><testsuite name="pytest" errors="0" failures="0" skipped="0" tests="12" time="6.743" timestamp="2026-02-28T23:24:01.702018+00:00" hostname="agent-env-cff89a53-698d-4997-87da-846eac554397"><testcase classname="backend.tests.test_push_and_identity_bugs.TestIdentityBug" name="test_admin_logout_resident_login_different_profile" time="1.037" /><testcase classname="backend.tests.test_push_and_identity_bugs.TestIdentityBug" name="test_resident_logout_guard_login_different_profile" time="0.912" /><testcase classname="backend.tests.test_push_and_identity_bugs.TestPushValidateSubscriptions" name="test_validate_subscriptions_dry_run_true" time="0.465" /><testcase classname="backend.tests.test_push_and_identity_bugs.TestPushValidateSubscriptions" name="test_validate_subscriptions_requires_superadmin" time="0.445" /><testcase classname="backend.tests.test_push_and_identity_bugs.TestPushValidateSubscriptions" name="test_validate_subscriptions_dry_run_false" time="0.884" /><testcase classname="backend.tests.test_push_and_identity_bugs.TestPushValidateUserSubscription" name="test_validate_user_subscription_resident" time="0.461" /><testcase classname="backend.tests.test_push_and_identity_bugs.TestPushValidateUserSubscription" name="test_validate_user_subscription_admin" time="0.476" /><testcase classname="backend.tests.test_push_and_identity_bugs.TestPushStatus" name="test_push_status_endpoint" time="0.515" /><testcase classname="backend.tests.test_push_and_identity_bugs.TestPushStatus" name="test_push_status_requires_auth" time="0.121" /><testcase classname="backend.tests.test_push_and_identity_bugs.TestPushSubscriptionLimit" name="test_subscribe_endpoint_exists" time="0.440" /><testcase classname="backend.tests.test_push_and_identity_bugs.TestPushCleanup" name="test_cleanup_endpoint_exists" time="0.451" /><testcase classname="backend.tests.test_push_and_identity_bugs.TestPushCleanup" name="test_cleanup_requires_superadmin" time="0.456" /></testsuite></testsuites>