<?xml version="1.0" encoding="utf-8"?><testsuites name="pytest tests"><testsuite name="pytest" errors="0" failures="0" skipped="0" tests="10" time="3.766" timestamp="2026-02-23T12:46:45.069254+00:00" hostname="agent-env-9964ff7b-4e95-4bcd-8131-8c70bcd45cc1"><testcase classname="backend.tests.test_auth_httponly_cookies.TestLoginHttpOnlyCookies" name="test_login_success_returns_access_token_only" time="0.487" /><testcase classname="backend.tests.test_auth_httponly_cookies.TestLoginHttpOnlyCookies" name="test_login_sets_httponly_cookie" time="0.384" /><testcase classname="backend.tests.test_auth_httponly_cookies.TestLoginHttpOnlyCookies" name="test_login_cookie_max_age" time="0.334" /><testcase classname="backend.tests.test_auth_httponly_cookies.TestTokenRefreshViaCookie" name="test_refresh_works_with_cookie" time="0.394" /><testcase classname="backend.tests.test_auth_httponly_cookies.TestTokenRefreshViaCookie" name="test_refresh_fails_without_cookie" time="0.107" /><testcase classname="backend.tests.test_auth_httponly_cookies.TestTokenRefreshViaCookie" name="test_refresh_rotates_token" time="0.543" /><testcase classname="backend.tests.test_auth_httponly_cookies.TestLogoutClearsCookie" name="test_logout_clears_cookie" time="0.411" /><testcase classname="backend.tests.test_auth_httponly_cookies.TestLogoutClearsCookie" name="test_refresh_fails_after_logout" time="0.582" /><testcase classname="backend.tests.test_auth_httponly_cookies.TestHealthEndpoint" name="test_health_check" time="0.125" /><testcase classname="backend.tests.test_auth_httponly_cookies.TestSuperAdminLogin" name="test_superadmin_login_no_refresh_in_body" time="0.331" /></testsuite></testsuites>