<?xml version="1.0" encoding="utf-8"?><testsuites name="pytest tests"><testsuite name="pytest" errors="0" failures="3" skipped="0" tests="10" time="2.828" timestamp="2026-02-28T18:12:38.951296+00:00" hostname="agent-env-596b6c2d-77f2-423d-bac4-ce83056ff297"><testcase classname="tests.test_resend_email_service.TestEmailServiceEndpoints" name="test_test_email_endpoint_returns_sent_status" time="0.458" /><testcase classname="tests.test_resend_email_service.TestEmailServiceEndpoints" name="test_test_email_endpoint_requires_email_param" time="0.109" /><testcase classname="tests.test_resend_email_service.TestEmailServiceEndpoints" name="test_test_email_endpoint_with_invalid_email" time="0.293" /><testcase classname="tests.test_resend_email_service.TestEmailServiceEndpoints" name="test_email_service_status_requires_superadmin" time="0.116"><failure message="AssertionError: Should require authentication, got 403&#10;assert 403 == 401&#10; +  where 403 = &lt;Response [403]&gt;.status_code">tests/test_resend_email_service.py:108: in test_email_service_status_requires_superadmin
    assert response.status_code == 401, \
E   AssertionError: Should require authentication, got 403
E   assert 403 == 401
E    +  where 403 = &lt;Response [403]&gt;.status_code</failure></testcase><testcase classname="tests.test_resend_email_service.TestEmailServiceEndpoints" name="test_email_service_status_returns_config" time="0.413" /><testcase classname="tests.test_resend_email_service.TestEmailServiceIntegration" name="test_user_creation_triggers_email" time="0.515"><failure message="AssertionError: Create user failed: {&quot;error&quot;:&quot;Límite de asientos DEMO alcanzado (15/10). Cree un condominio de producción para más usuarios.&quot;,&quot;detail&quot;:&quot;Límite de asientos DEMO alcanzado (15/10). Cree un condominio de producción para más usuarios.&quot;,&quot;request_id&quot;:&quot;0256cf3d-3971-4dae-ad27-2aec66358847&quot;}&#10;assert 403 in [200, 201]&#10; +  where 403 = &lt;Response [403]&gt;.status_code">tests/test_resend_email_service.py:222: in test_user_creation_triggers_email
    assert response.status_code in [200, 201], \
E   AssertionError: Create user failed: {"error":"Límite de asientos DEMO alcanzado (15/10). Cree un condominio de producción para más usuarios.","detail":"Límite de asientos DEMO alcanzado (15/10). Cree un condominio de producción para más usuarios.","request_id":"0256cf3d-3971-4dae-ad27-2aec66358847"}
E   assert 403 in [200, 201]
E    +  where 403 = &lt;Response [403]&gt;.status_code</failure></testcase><testcase classname="tests.test_resend_email_service.TestEmailServiceIntegration" name="test_email_templates_available" time="0.013" /><testcase classname="tests.test_resend_email_service.TestEmailServiceIntegration" name="test_email_service_utility_functions" time="0.000" /><testcase classname="tests.test_resend_email_service.TestEmailFailSafeBehavior" name="test_user_creation_succeeds_even_if_email_fails" time="0.498"><failure message="AssertionError: User creation should succeed even if email fails: {&quot;error&quot;:&quot;Límite de asientos DEMO alcanzado (15/10). Cree un condominio de producción para más usuarios.&quot;,&quot;detail&quot;:&quot;Límite de asientos DEMO alcanzado (15/10). Cree un condominio de producción para más usuarios.&quot;,&quot;request_id&quot;:&quot;39311612-0e17-43ba-8920-ef7ea10d01a5&quot;}&#10;assert 403 in [200, 201]&#10; +  where 403 = &lt;Response [403]&gt;.status_code">tests/test_resend_email_service.py:431: in test_user_creation_succeeds_even_if_email_fails
    assert response.status_code in [200, 201], \
E   AssertionError: User creation should succeed even if email fails: {"error":"Límite de asientos DEMO alcanzado (15/10). Cree un condominio de producción para más usuarios.","detail":"Límite de asientos DEMO alcanzado (15/10). Cree un condominio de producción para más usuarios.","request_id":"39311612-0e17-43ba-8920-ef7ea10d01a5"}
E   assert 403 in [200, 201]
E    +  where 403 = &lt;Response [403]&gt;.status_code</failure></testcase><testcase classname="tests.test_resend_email_service.TestEmailServiceLogging" name="test_email_sent_log_format" time="0.312" /></testsuite></testsuites>