<?xml version="1.0" encoding="utf-8"?><testsuites name="pytest tests"><testsuite name="pytest" errors="0" failures="0" skipped="0" tests="6" time="4.340" timestamp="2026-02-02T16:02:26.628721+00:00" hostname="agent-env-d71c44a0-98c8-4b40-b36e-ca3c0e2376c2"><testcase classname="backend.tests.test_reservations_p0_areas.TestMultipleAreasCreation" name="test_create_5_areas_consecutively" time="1.136" /><testcase classname="backend.tests.test_reservations_p0_areas.TestMultipleAreasCreation" name="test_no_hardcoded_limit" time="1.072" /><testcase classname="backend.tests.test_reservations_p0_areas.TestMultipleAreasCreation" name="test_error_messages_in_spanish" time="0.603" /><testcase classname="backend.tests.test_reservations_p0_areas.TestMultipleAreasCreation" name="test_resident_can_create_reservation_in_any_area" time="0.873" /><testcase classname="backend.tests.test_reservations_p0_areas.TestAreaErrorHandling" name="test_get_nonexistent_area" time="0.299" /><testcase classname="backend.tests.test_reservations_p0_areas.TestAreaErrorHandling" name="test_delete_nonexistent_area" time="0.294" /></testsuite></testsuites>