<?xml version="1.0" encoding="utf-8"?><testsuites name="pytest tests"><testsuite name="pytest" errors="0" failures="0" skipped="2" tests="10" time="2.798" timestamp="2026-02-28T18:13:29.745080+00:00" hostname="agent-env-596b6c2d-77f2-423d-bac4-ce83056ff297"><testcase classname="tests.test_resend_email_service.TestEmailServiceEndpoints" name="test_test_email_endpoint_returns_sent_status" time="0.393" /><testcase classname="tests.test_resend_email_service.TestEmailServiceEndpoints" name="test_test_email_endpoint_requires_email_param" time="0.107" /><testcase classname="tests.test_resend_email_service.TestEmailServiceEndpoints" name="test_test_email_endpoint_with_invalid_email" time="0.313" /><testcase classname="tests.test_resend_email_service.TestEmailServiceEndpoints" name="test_email_service_status_requires_superadmin" time="0.101" /><testcase classname="tests.test_resend_email_service.TestEmailServiceEndpoints" name="test_email_service_status_returns_config" time="0.397" /><testcase classname="tests.test_resend_email_service.TestEmailServiceIntegration" name="test_user_creation_triggers_email" time="0.515"><skipped type="pytest.skip" message="Demo seat limit reached - cannot test user creation">/app/backend/tests/test_resend_email_service.py:224: Demo seat limit reached - cannot test user creation</skipped></testcase><testcase classname="tests.test_resend_email_service.TestEmailServiceIntegration" name="test_email_templates_available" time="0.020" /><testcase classname="tests.test_resend_email_service.TestEmailServiceIntegration" name="test_email_service_utility_functions" time="0.000" /><testcase classname="tests.test_resend_email_service.TestEmailFailSafeBehavior" name="test_user_creation_succeeds_even_if_email_fails" time="0.540"><skipped type="pytest.skip" message="Demo seat limit reached - cannot test user creation">/app/backend/tests/test_resend_email_service.py:436: Demo seat limit reached - cannot test user creation</skipped></testcase><testcase classname="tests.test_resend_email_service.TestEmailServiceLogging" name="test_email_sent_log_format" time="0.346" /></testsuite></testsuites>