<?xml version="1.0" encoding="utf-8"?><testsuites name="pytest tests"><testsuite name="pytest" errors="0" failures="1" skipped="2" tests="19" time="3.018" timestamp="2026-02-01T14:13:14.627472+00:00" hostname="agent-env-d71c44a0-98c8-4b40-b36e-ca3c0e2376c2"><testcase classname="backend.tests.test_reservations_p0_bug.TestAdminAreaCRUD" name="test_admin_login_success" time="0.327" /><testcase classname="backend.tests.test_reservations_p0_bug.TestAdminAreaCRUD" name="test_get_areas_list" time="0.034" /><testcase classname="backend.tests.test_reservations_p0_bug.TestAdminAreaCRUD" name="test_create_area_success" time="0.033"><failure message="KeyError: 'id'">backend/tests/test_reservations_p0_bug.py:115: in test_create_area_success
    return data["id"]
           ^^^^^^^^^^
E   KeyError: 'id'</failure></testcase><testcase classname="backend.tests.test_reservations_p0_bug.TestAdminAreaCRUD" name="test_create_area_error_handling" time="0.036" /><testcase classname="backend.tests.test_reservations_p0_bug.TestAdminAreaCRUD" name="test_update_area_success" time="0.078" /><testcase classname="backend.tests.test_reservations_p0_bug.TestAdminAreaCRUD" name="test_delete_area_success" time="0.118" /><testcase classname="backend.tests.test_reservations_p0_bug.TestResidentReservations" name="test_resident_login_success" time="0.261" /><testcase classname="backend.tests.test_reservations_p0_bug.TestResidentReservations" name="test_resident_get_areas" time="0.036" /><testcase classname="backend.tests.test_reservations_p0_bug.TestResidentReservations" name="test_resident_get_reservations" time="0.041" /><testcase classname="backend.tests.test_reservations_p0_bug.TestResidentReservations" name="test_resident_create_reservation_success" time="0.073" /><testcase classname="backend.tests.test_reservations_p0_bug.TestResidentReservations" name="test_resident_create_reservation_error_handling" time="0.037" /><testcase classname="backend.tests.test_reservations_p0_bug.TestResidentReservations" name="test_resident_cancel_reservation" time="0.036"><skipped type="pytest.skip" message="No pending reservations to cancel">/app/backend/tests/test_reservations_p0_bug.py:282: No pending reservations to cancel</skipped></testcase><testcase classname="backend.tests.test_reservations_p0_bug.TestAdminReservationManagement" name="test_admin_get_all_reservations" time="0.300" /><testcase classname="backend.tests.test_reservations_p0_bug.TestAdminReservationManagement" name="test_admin_approve_reservation" time="0.044"><skipped type="pytest.skip" message="No pending reservations to approve">/app/backend/tests/test_reservations_p0_bug.py:316: No pending reservations to approve</skipped></testcase><testcase classname="backend.tests.test_reservations_p0_bug.TestAdminReservationManagement" name="test_admin_reject_reservation" time="0.371" /><testcase classname="backend.tests.test_reservations_p0_bug.TestSmartAvailability" name="test_get_smart_availability" time="0.326" /><testcase classname="backend.tests.test_reservations_p0_bug.TestErrorMessageFormat" name="test_invalid_area_id_error" time="0.295" /><testcase classname="backend.tests.test_reservations_p0_bug.TestErrorMessageFormat" name="test_past_date_error" time="0.075" /><testcase classname="backend.tests.test_reservations_p0_bug.TestErrorMessageFormat" name="test_capacity_exceeded_error" time="0.400" /></testsuite></testsuites>