<?xml version="1.0" encoding="utf-8"?><testsuites name="pytest tests"><testsuite name="pytest" errors="0" failures="3" skipped="2" tests="19" time="3.073" timestamp="2026-02-01T14:12:49.416579+00:00" hostname="agent-env-d71c44a0-98c8-4b40-b36e-ca3c0e2376c2"><testcase classname="backend.tests.test_reservations_p0_bug.TestAdminAreaCRUD" name="test_admin_login_success" time="0.354" /><testcase classname="backend.tests.test_reservations_p0_bug.TestAdminAreaCRUD" name="test_get_areas_list" time="0.044" /><testcase classname="backend.tests.test_reservations_p0_bug.TestAdminAreaCRUD" name="test_create_area_success" time="0.037"><failure message="AssertionError: Response should contain 'id'&#10;assert 'id' in {'area_id': 'b965c416-0a29-4740-b77a-0900a03d108e', 'message': &quot;Área 'TEST_P0_Piscina_cf0059' creada exitosamente&quot;}">backend/tests/test_reservations_p0_bug.py:108: in test_create_area_success
    assert "id" in data, "Response should contain 'id'"
E   AssertionError: Response should contain 'id'
E   assert 'id' in {'area_id': 'b965c416-0a29-4740-b77a-0900a03d108e', 'message': "Área 'TEST_P0_Piscina_cf0059' creada exitosamente"}</failure></testcase><testcase classname="backend.tests.test_reservations_p0_bug.TestAdminAreaCRUD" name="test_create_area_error_handling" time="0.037" /><testcase classname="backend.tests.test_reservations_p0_bug.TestAdminAreaCRUD" name="test_update_area_success" time="0.089"><failure message="AssertionError: Response should contain 'id'&#10;assert 'id' in {'message': 'Área actualizada exitosamente'}">backend/tests/test_reservations_p0_bug.py:155: in test_update_area_success
    assert "id" in data, "Response should contain 'id'"
E   AssertionError: Response should contain 'id'
E   assert 'id' in {'message': 'Área actualizada exitosamente'}</failure></testcase><testcase classname="backend.tests.test_reservations_p0_bug.TestAdminAreaCRUD" name="test_delete_area_success" time="0.041"><failure message="KeyError: 'id'">backend/tests/test_reservations_p0_bug.py:174: in test_delete_area_success
    area_id = create_response.json()["id"]
              ^^^^^^^^^^^^^^^^^^^^^^^^^^^^
E   KeyError: 'id'</failure></testcase><testcase classname="backend.tests.test_reservations_p0_bug.TestResidentReservations" name="test_resident_login_success" time="0.260" /><testcase classname="backend.tests.test_reservations_p0_bug.TestResidentReservations" name="test_resident_get_areas" time="0.041" /><testcase classname="backend.tests.test_reservations_p0_bug.TestResidentReservations" name="test_resident_get_reservations" time="0.036" /><testcase classname="backend.tests.test_reservations_p0_bug.TestResidentReservations" name="test_resident_create_reservation_success" time="0.091" /><testcase classname="backend.tests.test_reservations_p0_bug.TestResidentReservations" name="test_resident_create_reservation_error_handling" time="0.036" /><testcase classname="backend.tests.test_reservations_p0_bug.TestResidentReservations" name="test_resident_cancel_reservation" time="0.038"><skipped type="pytest.skip" message="No pending reservations to cancel">/app/backend/tests/test_reservations_p0_bug.py:280: No pending reservations to cancel</skipped></testcase><testcase classname="backend.tests.test_reservations_p0_bug.TestAdminReservationManagement" name="test_admin_get_all_reservations" time="0.302" /><testcase classname="backend.tests.test_reservations_p0_bug.TestAdminReservationManagement" name="test_admin_approve_reservation" time="0.046"><skipped type="pytest.skip" message="No pending reservations to approve">/app/backend/tests/test_reservations_p0_bug.py:314: No pending reservations to approve</skipped></testcase><testcase classname="backend.tests.test_reservations_p0_bug.TestAdminReservationManagement" name="test_admin_reject_reservation" time="0.371" /><testcase classname="backend.tests.test_reservations_p0_bug.TestSmartAvailability" name="test_get_smart_availability" time="0.332" /><testcase classname="backend.tests.test_reservations_p0_bug.TestErrorMessageFormat" name="test_invalid_area_id_error" time="0.293" /><testcase classname="backend.tests.test_reservations_p0_bug.TestErrorMessageFormat" name="test_past_date_error" time="0.077" /><testcase classname="backend.tests.test_reservations_p0_bug.TestErrorMessageFormat" name="test_capacity_exceeded_error" time="0.438" /></testsuite></testsuites>