<?xml version="1.0" encoding="utf-8"?><testsuites name="pytest tests"><testsuite name="pytest" errors="0" failures="0" skipped="8" tests="13" time="1.768" timestamp="2026-02-01T14:33:25.736969+00:00" hostname="agent-env-d71c44a0-98c8-4b40-b36e-ca3c0e2376c2"><testcase classname="backend.tests.test_reservation_cancellation.TestReservationCancellation" name="test_resident_login" time="0.341" /><testcase classname="backend.tests.test_reservation_cancellation.TestReservationCancellation" name="test_admin_login" time="0.263" /><testcase classname="backend.tests.test_reservation_cancellation.TestReservationCancellation" name="test_resident_cancel_own_future_reservation" time="0.093"><skipped type="pytest.skip" message="Could not create test reservation">/app/backend/tests/test_reservation_cancellation.py:131: Could not create test reservation</skipped></testcase><testcase classname="backend.tests.test_reservation_cancellation.TestReservationCancellation" name="test_resident_cannot_cancel_others_reservation" time="0.078"><skipped type="pytest.skip" message="Could not create test reservation">/app/backend/tests/test_reservation_cancellation.py:167: Could not create test reservation</skipped></testcase><testcase classname="backend.tests.test_reservation_cancellation.TestReservationCancellation" name="test_resident_cannot_cancel_started_reservation" time="0.073" /><testcase classname="backend.tests.test_reservation_cancellation.TestReservationCancellation" name="test_resident_cannot_cancel_already_cancelled" time="0.069"><skipped type="pytest.skip" message="Could not create test reservation">/app/backend/tests/test_reservation_cancellation.py:231: Could not create test reservation</skipped></testcase><testcase classname="backend.tests.test_reservation_cancellation.TestReservationCancellation" name="test_admin_cancel_with_reason" time="0.080"><skipped type="pytest.skip" message="Could not create test reservation">/app/backend/tests/test_reservation_cancellation.py:263: Could not create test reservation</skipped></testcase><testcase classname="backend.tests.test_reservation_cancellation.TestReservationCancellation" name="test_admin_cancel_without_reason" time="0.081"><skipped type="pytest.skip" message="Could not create test reservation">/app/backend/tests/test_reservation_cancellation.py:291: Could not create test reservation</skipped></testcase><testcase classname="backend.tests.test_reservation_cancellation.TestReservationCancellation" name="test_admin_cannot_cancel_completed" time="0.116"><skipped type="pytest.skip" message="Could not create test reservation">/app/backend/tests/test_reservation_cancellation.py:318: Could not create test reservation</skipped></testcase><testcase classname="backend.tests.test_reservation_cancellation.TestReservationCancellation" name="test_slot_liberation_after_cancel" time="0.107"><skipped type="pytest.skip" message="Could not create test reservation">/app/backend/tests/test_reservation_cancellation.py:372: Could not create test reservation</skipped></testcase><testcase classname="backend.tests.test_reservation_cancellation.TestReservationCancellation" name="test_cancel_nonexistent_reservation" time="0.034" /><testcase classname="backend.tests.test_reservation_cancellation.TestReservationCancellation" name="test_cancel_without_auth" time="0.034" /><testcase classname="backend.tests.test_reservation_cancellation.TestCancellationResponseFormat" name="test_success_response_format" time="0.334"><skipped type="pytest.skip" message="Could not create test reservation">/app/backend/tests/test_reservation_cancellation.py:470: Could not create test reservation</skipped></testcase></testsuite></testsuites>