<?xml version="1.0" encoding="utf-8"?><testsuites name="pytest tests"><testsuite name="pytest" errors="0" failures="0" skipped="0" tests="22" time="12.425" timestamp="2026-01-31T01:22:49.367074+00:00" hostname="agent-env-cddfb830-adaf-4673-ba72-fdf691377269"><testcase classname="backend.tests.test_reservations_module.TestReservationsModule" name="test_01_get_areas_as_admin" time="0.730" /><testcase classname="backend.tests.test_reservations_module.TestReservationsModule" name="test_02_get_areas_as_resident" time="0.613" /><testcase classname="backend.tests.test_reservations_module.TestReservationsModule" name="test_03_create_area_as_admin" time="0.578" /><testcase classname="backend.tests.test_reservations_module.TestReservationsModule" name="test_04_create_area_as_resident_forbidden" time="0.563" /><testcase classname="backend.tests.test_reservations_module.TestReservationsModule" name="test_05_update_area_as_admin" time="0.559" /><testcase classname="backend.tests.test_reservations_module.TestReservationsModule" name="test_06_update_area_as_resident_forbidden" time="0.566" /><testcase classname="backend.tests.test_reservations_module.TestReservationsModule" name="test_07_get_availability_allowed_day" time="0.556" /><testcase classname="backend.tests.test_reservations_module.TestReservationsModule" name="test_08_get_availability_blocked_day" time="0.567" /><testcase classname="backend.tests.test_reservations_module.TestReservationsModule" name="test_09_create_reservation_on_allowed_day" time="0.584" /><testcase classname="backend.tests.test_reservations_module.TestReservationsModule" name="test_10_create_reservation_on_blocked_day_fails" time="0.559" /><testcase classname="backend.tests.test_reservations_module.TestReservationsModule" name="test_11_create_reservation_outside_hours_fails" time="0.613" /><testcase classname="backend.tests.test_reservations_module.TestReservationsModule" name="test_12_create_reservation_exceeds_capacity_fails" time="0.559" /><testcase classname="backend.tests.test_reservations_module.TestReservationsModule" name="test_13_get_pending_reservations_as_admin" time="0.565" /><testcase classname="backend.tests.test_reservations_module.TestReservationsModule" name="test_14_approve_reservation_as_admin" time="0.559" /><testcase classname="backend.tests.test_reservations_module.TestReservationsModule" name="test_15_resident_cannot_approve_reservation" time="0.605" /><testcase classname="backend.tests.test_reservations_module.TestReservationsModule" name="test_16_get_my_reservations_as_resident" time="0.561" /><testcase classname="backend.tests.test_reservations_module.TestReservationsModule" name="test_17_get_today_reservations" time="0.563" /><testcase classname="backend.tests.test_reservations_module.TestReservationsModule" name="test_18_resident_can_cancel_own_reservation" time="0.669" /><testcase classname="backend.tests.test_reservations_module.TestReservationsModule" name="test_19_delete_area_as_admin" time="0.559" /><testcase classname="backend.tests.test_reservations_module.TestReservationsModule" name="test_20_delete_area_as_resident_forbidden" time="0.564" /><testcase classname="backend.tests.test_reservations_module.TestReservationsWithExistingData" name="test_existing_areas_visible" time="0.301" /><testcase classname="backend.tests.test_reservations_module.TestReservationsWithExistingData" name="test_existing_reservations_visible" time="0.344" /></testsuite></testsuites>