<?xml version="1.0" encoding="utf-8"?><testsuites name="pytest tests"><testsuite name="pytest" errors="0" failures="0" skipped="0" tests="28" time="6.301" timestamp="2026-04-16T19:52:17.463067+00:00" hostname="agent-env-88fa0ccb-5e4b-4f79-99eb-11b2d25f1b83"><testcase classname="backend.tests.test_resident_accounts.TestResidentAccountsList" name="test_list_residents_returns_200" time="0.616" /><testcase classname="backend.tests.test_resident_accounts.TestResidentAccountsList" name="test_list_residents_returns_items_array" time="0.160" /><testcase classname="backend.tests.test_resident_accounts.TestResidentAccountsList" name="test_list_residents_returns_total_count" time="0.120" /><testcase classname="backend.tests.test_resident_accounts.TestResidentAccountsList" name="test_resident_item_has_required_fields" time="0.123" /><testcase classname="backend.tests.test_resident_accounts.TestResidentAccountsList" name="test_resident_status_is_valid" time="0.166" /><testcase classname="backend.tests.test_resident_accounts.TestResidentAccountsList" name="test_search_by_name" time="0.256" /><testcase classname="backend.tests.test_resident_accounts.TestResidentAccountsList" name="test_search_by_email" time="0.245" /><testcase classname="backend.tests.test_resident_accounts.TestResidentAccountsList" name="test_search_by_unit" time="0.265" /><testcase classname="backend.tests.test_resident_accounts.TestResidentAccountsList" name="test_filter_by_status_atrasado" time="0.170" /><testcase classname="backend.tests.test_resident_accounts.TestResidentAccountsList" name="test_filter_by_status_al_dia" time="0.113" /><testcase classname="backend.tests.test_resident_accounts.TestResidentAccountsList" name="test_filter_by_status_adelantado" time="0.136" /><testcase classname="backend.tests.test_resident_accounts.TestResidentAccountsList" name="test_residents_sorted_by_status_then_name" time="0.127" /><testcase classname="backend.tests.test_resident_accounts.TestResidentAccountDetail" name="test_get_resident_detail_returns_200" time="0.344" /><testcase classname="backend.tests.test_resident_accounts.TestResidentAccountDetail" name="test_resident_detail_has_user_info" time="0.302" /><testcase classname="backend.tests.test_resident_accounts.TestResidentAccountDetail" name="test_resident_detail_has_financial_summary" time="0.283" /><testcase classname="backend.tests.test_resident_accounts.TestResidentAccountDetail" name="test_resident_detail_has_charges_array" time="0.272" /><testcase classname="backend.tests.test_resident_accounts.TestResidentAccountDetail" name="test_resident_detail_has_payments_array" time="0.270" /><testcase classname="backend.tests.test_resident_accounts.TestResidentAccountDetail" name="test_resident_detail_404_for_invalid_user" time="0.147" /><testcase classname="backend.tests.test_resident_accounts.TestResidentAccountDetail" name="test_balance_calculation_correct" time="0.268" /><testcase classname="backend.tests.test_resident_accounts.TestResidentAccountExport" name="test_export_pdf_returns_200" time="0.257" /><testcase classname="backend.tests.test_resident_accounts.TestResidentAccountExport" name="test_export_csv_returns_200" time="0.261" /><testcase classname="backend.tests.test_resident_accounts.TestResidentAccountExport" name="test_export_pdf_has_content_disposition" time="0.258" /><testcase classname="backend.tests.test_resident_accounts.TestResidentAccountExport" name="test_export_csv_has_content_disposition" time="0.277" /><testcase classname="backend.tests.test_resident_accounts.TestResidentAccountExport" name="test_export_invalid_format_rejected" time="0.257" /><testcase classname="backend.tests.test_resident_accounts.TestResidentAccountExport" name="test_export_404_for_invalid_user" time="0.132" /><testcase classname="backend.tests.test_resident_accounts.TestResidentAccountsAuth" name="test_list_residents_requires_auth" time="0.125" /><testcase classname="backend.tests.test_resident_accounts.TestResidentAccountsAuth" name="test_resident_detail_requires_auth" time="0.132" /><testcase classname="backend.tests.test_resident_accounts.TestResidentAccountsAuth" name="test_export_requires_auth" time="0.118" /></testsuite></testsuites>