<?xml version="1.0" encoding="utf-8"?><testsuites name="pytest tests"><testsuite name="pytest" errors="0" failures="4" skipped="0" tests="27" time="2.732" timestamp="2026-02-19T09:15:39.067274+00:00" hostname="agent-env-be5c1e54-6faa-408e-9443-708466aa6f22"><testcase classname="backend.tests.test_resident_direct_push_notifications.TestHealthAndLogin" name="test_health_endpoint" time="0.197" /><testcase classname="backend.tests.test_resident_direct_push_notifications.TestHealthAndLogin" name="test_guard_login" time="0.376" /><testcase classname="backend.tests.test_resident_direct_push_notifications.TestHealthAndLogin" name="test_admin_login" time="0.330" /><testcase classname="backend.tests.test_resident_direct_push_notifications.TestHealthAndLogin" name="test_resident_login" time="0.353" /><testcase classname="backend.tests.test_resident_direct_push_notifications.TestCodeAnalysisCheckinNotification" name="test_checkin_uses_send_targeted_push_notification" time="0.001" /><testcase classname="backend.tests.test_resident_direct_push_notifications.TestCodeAnalysisCheckinNotification" name="test_checkin_exclude_user_ids" time="0.001" /><testcase classname="backend.tests.test_resident_direct_push_notifications.TestCodeAnalysisCheckinNotification" name="test_checkin_create_and_send_notification_send_push_false" time="0.001"><failure message="AssertionError: create_and_send_notification for visitor_arrival should have send_push=False&#10;assert 'send_push=False' in 'await create_and_send_notification(\n            user_id=resident_id,\n            condominium_id=condo_id,\n            notification_type=&quot;visitor_arrival&quot;,\n            title=&quot;#x1F6AA Tu visitante ha llegado&quot;,\n            message=f&quot;{visitor_name} ha ingresado al condominio&quot;,\n            data={\n                &quot;entry_id&quot;: ent'">backend/tests/test_resident_direct_push_notifications.py:127: in test_checkin_create_and_send_notification_send_push_false
    assert "send_push=False" in section, \
E   AssertionError: create_and_send_notification for visitor_arrival should have send_push=False
E   assert 'send_push=False' in 'await create_and_send_notification(\n            user_id=resident_id,\n            condominium_id=condo_id,\n            notification_type="visitor_arrival",\n            title="#x1F6AA Tu visitante ha llegado",\n            message=f"{visitor_name} ha ingresado al condominio",\n            data={\n                "entry_id": ent'</failure></testcase><testcase classname="backend.tests.test_resident_direct_push_notifications.TestCodeAnalysisCheckoutNotification" name="test_checkout_uses_send_targeted_push_notification" time="0.001" /><testcase classname="backend.tests.test_resident_direct_push_notifications.TestCodeAnalysisCheckoutNotification" name="test_checkout_target_resident_id" time="0.001" /><testcase classname="backend.tests.test_resident_direct_push_notifications.TestCodeAnalysisCheckoutNotification" name="test_checkout_exclude_current_user" time="0.001" /><testcase classname="backend.tests.test_resident_direct_push_notifications.TestCodeAnalysisCheckoutNotification" name="test_checkout_create_and_send_notification_send_push_false" time="0.001"><failure message="AssertionError: create_and_send_notification for visitor_exit should have send_push=False&#10;assert 'send_push=False' in 'await create_and_send_notification(\n            user_id=resident_id,\n            condominium_id=condo_id,\n            notification_type=&quot;visitor_exit&quot;,\n            title=&quot;#x1F44B Tu visitante ha salido&quot;,\n            message=f&quot;{entry.get(\'visitor_name\')} ha salido del condominio{duration_text}&quot;,\n            data={\n         '">backend/tests/test_resident_direct_push_notifications.py:199: in test_checkout_create_and_send_notification_send_push_false
    assert "send_push=False" in section, \
E   AssertionError: create_and_send_notification for visitor_exit should have send_push=False
E   assert 'send_push=False' in 'await create_and_send_notification(\n            user_id=resident_id,\n            condominium_id=condo_id,\n            notification_type="visitor_exit",\n            title="#x1F44B Tu visitante ha salido",\n            message=f"{entry.get(\'visitor_name\')} ha salido del condominio{duration_text}",\n            data={\n         '</failure></testcase><testcase classname="backend.tests.test_resident_direct_push_notifications.TestCodeAnalysisReservationApprovalNotification" name="test_reservation_approved_uses_send_targeted_push_notification" time="0.001" /><testcase classname="backend.tests.test_resident_direct_push_notifications.TestCodeAnalysisReservationApprovalNotification" name="test_reservation_approved_target_resident_id" time="0.001" /><testcase classname="backend.tests.test_resident_direct_push_notifications.TestCodeAnalysisReservationApprovalNotification" name="test_reservation_approved_exclude_current_user" time="0.001" /><testcase classname="backend.tests.test_resident_direct_push_notifications.TestCodeAnalysisReservationApprovalNotification" name="test_reservation_approved_send_push_false" time="0.001"><failure message="AssertionError: create_and_send_notification for reservation_approved should have send_push=False&#10;assert 'send_push=False' in 'await create_and_send_notification(\n            user_id=current_user[&quot;id&quot;],\n            condominium_id=condo_id,\n            notification_type=&quot;reservation_approved&quot;,\n            title=&quot;✅ Reservación confirmada&quot;,\n            message=f&quot;{area[\'name\']} el {reservation.date} de {reservation.start_time} a {reservation.end_time}&quot;'">backend/tests/test_resident_direct_push_notifications.py:267: in test_reservation_approved_send_push_false
    assert "send_push=False" in section, \
E   AssertionError: create_and_send_notification for reservation_approved should have send_push=False
E   assert 'send_push=False' in 'await create_and_send_notification(\n            user_id=current_user["id"],\n            condominium_id=condo_id,\n            notification_type="reservation_approved",\n            title="✅ Reservación confirmada",\n            message=f"{area[\'name\']} el {reservation.date} de {reservation.start_time} a {reservation.end_time}"'</failure></testcase><testcase classname="backend.tests.test_resident_direct_push_notifications.TestCodeAnalysisReservationRejectionNotification" name="test_reservation_rejected_uses_send_targeted_push_notification" time="0.001" /><testcase classname="backend.tests.test_resident_direct_push_notifications.TestCodeAnalysisReservationRejectionNotification" name="test_reservation_rejected_target_resident_id" time="0.001" /><testcase classname="backend.tests.test_resident_direct_push_notifications.TestCodeAnalysisReservationRejectionNotification" name="test_reservation_rejected_exclude_current_user" time="0.001" /><testcase classname="backend.tests.test_resident_direct_push_notifications.TestCodeAnalysisReservationRejectionNotification" name="test_reservation_rejected_send_push_false" time="0.001"><failure message="AssertionError: create_and_send_notification for reservation_rejected should have send_push=False&#10;assert 'send_push=False' in 'await create_and_send_notification(\n                user_id=resident_id,\n                condominium_id=condo_id,\n                notification_type=&quot;reservation_rejected&quot;,\n                title=&quot;❌ Reservación rechazada&quot;,\n                message=f&quot;Tu reservación de {area_name} fue rechazada. Motivo: {reason}&quot;,\n                dat'">backend/tests/test_resident_direct_push_notifications.py:334: in test_reservation_rejected_send_push_false
    assert "send_push=False" in section, \
E   AssertionError: create_and_send_notification for reservation_rejected should have send_push=False
E   assert 'send_push=False' in 'await create_and_send_notification(\n                user_id=resident_id,\n                condominium_id=condo_id,\n                notification_type="reservation_rejected",\n                title="❌ Reservación rechazada",\n                message=f"Tu reservación de {area_name} fue rechazada. Motivo: {reason}",\n                dat'</failure></testcase><testcase classname="backend.tests.test_resident_direct_push_notifications.TestFunctionalCheckinEndpoint" name="test_guard_checkin_endpoint_exists" time="0.447" /><testcase classname="backend.tests.test_resident_direct_push_notifications.TestFunctionalCheckoutEndpoint" name="test_guard_checkout_endpoint_exists" time="0.444" /><testcase classname="backend.tests.test_resident_direct_push_notifications.TestFunctionalReservationEndpoint" name="test_reservation_patch_endpoint_exists" time="0.451" /><testcase classname="backend.tests.test_resident_direct_push_notifications.TestNotifyGuardsOfPanicUnchanged" name="test_notify_guards_of_panic_exists" time="0.001" /><testcase classname="backend.tests.test_resident_direct_push_notifications.TestNotifyGuardsOfPanicUnchanged" name="test_notify_guards_of_panic_not_using_targeted_function" time="0.001" /><testcase classname="backend.tests.test_resident_direct_push_notifications.TestSendTargetedPushNotificationFunction" name="test_function_exists" time="0.001" /><testcase classname="backend.tests.test_resident_direct_push_notifications.TestSendTargetedPushNotificationFunction" name="test_function_has_target_user_ids_parameter" time="0.001" /><testcase classname="backend.tests.test_resident_direct_push_notifications.TestSendTargetedPushNotificationFunction" name="test_function_has_exclude_user_ids_parameter" time="0.001" /></testsuite></testsuites>