<?xml version="1.0" encoding="utf-8"?><testsuites name="pytest tests"><testsuite name="pytest" errors="0" failures="2" skipped="1" tests="23" time="9.750" timestamp="2026-01-28T20:09:37.628824+00:00" hostname="agent-env-8d4b8f77-424d-4f44-bd45-6f43dd054118"><testcase classname="backend.tests.test_role_credential_management.TestHRLogin" name="test_hr_login_success" time="0.329" /><testcase classname="backend.tests.test_role_credential_management.TestHRLogin" name="test_hr_redirect_should_be_rrhh" time="0.264" /><testcase classname="backend.tests.test_role_credential_management.TestHRAccessRRHHModule" name="test_hr_can_access_guards_list" time="0.302" /><testcase classname="backend.tests.test_role_credential_management.TestHRAccessRRHHModule" name="test_hr_can_access_shifts" time="0.300"><failure message="assert 403 == 200&#10; +  where 403 = &lt;Response [403]&gt;.status_code">backend/tests/test_role_credential_management.py:118: in test_hr_can_access_shifts
    assert response.status_code == 200
E   assert 403 == 200
E    +  where 403 = &lt;Response [403]&gt;.status_code</failure></testcase><testcase classname="backend.tests.test_role_credential_management.TestHRAccessRRHHModule" name="test_hr_can_access_absences" time="0.304"><failure message="assert 403 == 200&#10; +  where 403 = &lt;Response [403]&gt;.status_code">backend/tests/test_role_credential_management.py:128: in test_hr_can_access_absences
    assert response.status_code == 200
E   assert 403 == 200
E    +  where 403 = &lt;Response [403]&gt;.status_code</failure></testcase><testcase classname="backend.tests.test_role_credential_management.TestHRAccessRRHHModule" name="test_hr_can_access_candidates" time="0.301" /><testcase classname="backend.tests.test_role_credential_management.TestHRRecruitmentFlow" name="test_hr_create_candidate" time="0.299" /><testcase classname="backend.tests.test_role_credential_management.TestHRRecruitmentFlow" name="test_hr_hire_candidate_generates_credentials" time="0.850" /><testcase classname="backend.tests.test_role_credential_management.TestAdminLogin" name="test_admin_login_success" time="0.266" /><testcase classname="backend.tests.test_role_credential_management.TestAdminLogin" name="test_admin_redirect_should_be_dashboard" time="0.265" /><testcase classname="backend.tests.test_role_credential_management.TestAdminCreateUser" name="test_admin_create_hr_user" time="0.788" /><testcase classname="backend.tests.test_role_credential_management.TestAdminCreateUser" name="test_admin_create_guarda_user" time="0.784" /><testcase classname="backend.tests.test_role_credential_management.TestAdminCreateUser" name="test_admin_create_residente_user" time="0.799" /><testcase classname="backend.tests.test_role_credential_management.TestAdminCreateUser" name="test_admin_create_supervisor_user" time="0.565" /><testcase classname="backend.tests.test_role_credential_management.TestAdminCreateUser" name="test_admin_create_estudiante_user" time="0.515" /><testcase classname="backend.tests.test_role_credential_management.TestRoleRedirects" name="test_guard_login_redirect" time="0.259" /><testcase classname="backend.tests.test_role_credential_management.TestRoleRedirects" name="test_resident_login_redirect" time="0.259" /><testcase classname="backend.tests.test_role_credential_management.TestMultiTenancy" name="test_admin_has_condominium_id" time="0.260" /><testcase classname="backend.tests.test_role_credential_management.TestMultiTenancy" name="test_guard_has_condominium_id" time="0.260" /><testcase classname="backend.tests.test_role_credential_management.TestMultiTenancy" name="test_created_users_inherit_condominium_id" time="0.772" /><testcase classname="backend.tests.test_role_credential_management.TestSuperAdminCreateCondoAdmin" name="test_super_admin_login" time="0.258" /><testcase classname="backend.tests.test_role_credential_management.TestSuperAdminCreateCondoAdmin" name="test_super_admin_get_condominiums" time="0.302" /><testcase classname="backend.tests.test_role_credential_management.TestSuperAdminCreateCondoAdmin" name="test_super_admin_create_condo_admin" time="0.291"><skipped type="pytest.skip" message="Cannot get condominiums">/app/backend/tests/test_role_credential_management.py:606: Cannot get condominiums</skipped></testcase></testsuite></testsuites>