<?xml version="1.0" encoding="utf-8"?><testsuites name="pytest tests"><testsuite name="pytest" errors="0" failures="0" skipped="1" tests="23" time="9.597" timestamp="2026-01-28T20:10:31.582064+00:00" hostname="agent-env-8d4b8f77-424d-4f44-bd45-6f43dd054118"><testcase classname="backend.tests.test_role_credential_management.TestHRLogin" name="test_hr_login_success" time="0.321" /><testcase classname="backend.tests.test_role_credential_management.TestHRLogin" name="test_hr_redirect_should_be_rrhh" time="0.262" /><testcase classname="backend.tests.test_role_credential_management.TestHRAccessRRHHModule" name="test_hr_can_access_guards_list" time="0.304" /><testcase classname="backend.tests.test_role_credential_management.TestHRAccessRRHHModule" name="test_hr_can_access_shifts" time="0.301" /><testcase classname="backend.tests.test_role_credential_management.TestHRAccessRRHHModule" name="test_hr_can_access_absences" time="0.299" /><testcase classname="backend.tests.test_role_credential_management.TestHRAccessRRHHModule" name="test_hr_can_access_candidates" time="0.294" /><testcase classname="backend.tests.test_role_credential_management.TestHRRecruitmentFlow" name="test_hr_create_candidate" time="0.299" /><testcase classname="backend.tests.test_role_credential_management.TestHRRecruitmentFlow" name="test_hr_hire_candidate_generates_credentials" time="0.853" /><testcase classname="backend.tests.test_role_credential_management.TestAdminLogin" name="test_admin_login_success" time="0.257" /><testcase classname="backend.tests.test_role_credential_management.TestAdminLogin" name="test_admin_redirect_should_be_dashboard" time="0.257" /><testcase classname="backend.tests.test_role_credential_management.TestAdminCreateUser" name="test_admin_create_hr_user" time="0.776" /><testcase classname="backend.tests.test_role_credential_management.TestAdminCreateUser" name="test_admin_create_guarda_user" time="0.776" /><testcase classname="backend.tests.test_role_credential_management.TestAdminCreateUser" name="test_admin_create_residente_user" time="0.793" /><testcase classname="backend.tests.test_role_credential_management.TestAdminCreateUser" name="test_admin_create_supervisor_user" time="0.517" /><testcase classname="backend.tests.test_role_credential_management.TestAdminCreateUser" name="test_admin_create_estudiante_user" time="0.515" /><testcase classname="backend.tests.test_role_credential_management.TestRoleRedirects" name="test_guard_login_redirect" time="0.256" /><testcase classname="backend.tests.test_role_credential_management.TestRoleRedirects" name="test_resident_login_redirect" time="0.263" /><testcase classname="backend.tests.test_role_credential_management.TestMultiTenancy" name="test_admin_has_condominium_id" time="0.267" /><testcase classname="backend.tests.test_role_credential_management.TestMultiTenancy" name="test_guard_has_condominium_id" time="0.256" /><testcase classname="backend.tests.test_role_credential_management.TestMultiTenancy" name="test_created_users_inherit_condominium_id" time="0.814" /><testcase classname="backend.tests.test_role_credential_management.TestSuperAdminCreateCondoAdmin" name="test_super_admin_login" time="0.260" /><testcase classname="backend.tests.test_role_credential_management.TestSuperAdminCreateCondoAdmin" name="test_super_admin_get_condominiums" time="0.302" /><testcase classname="backend.tests.test_role_credential_management.TestSuperAdminCreateCondoAdmin" name="test_super_admin_create_condo_admin" time="0.297"><skipped type="pytest.skip" message="Cannot get condominiums">/app/backend/tests/test_role_credential_management.py:606: Cannot get condominiums</skipped></testcase></testsuite></testsuites>