<?xml version="1.0" encoding="utf-8"?><testsuites name="pytest tests"><testsuite name="pytest" errors="0" failures="1" skipped="0" tests="9" time="2.751" timestamp="2026-02-01T05:21:24.040809+00:00" hostname="agent-env-220287aa-8cef-48d9-8c3d-1fbc85704841"><testcase classname="backend.tests.test_saas_billing.TestBillingEndpoints" name="test_get_billing_info_returns_correct_fields" time="0.379" /><testcase classname="backend.tests.test_saas_billing.TestBillingEndpoints" name="test_can_create_user_endpoint" time="0.037" /><testcase classname="backend.tests.test_saas_billing.TestBillingEndpoints" name="test_superadmin_billing_overview" time="0.300" /><testcase classname="backend.tests.test_saas_billing.TestBillingEndpoints" name="test_superadmin_update_paid_seats" time="0.071"><failure message="AssertionError: paid_seats not updated: None != 55&#10;assert None == 55&#10; +  where None = &lt;built-in method get of dict object at 0xfc0a3ab80380&gt;('paid_seats')&#10; +    where &lt;built-in method get of dict object at 0xfc0a3ab80380&gt; = {'message': 'Configuración de facturación actualizada', 'updates': {'paid_seats': 55, 'updated_at': '2026-02-01T05:21:24.898164+00:00'}}.get">backend/tests/test_saas_billing.py:173: in test_superadmin_update_paid_seats
    assert data.get("paid_seats") == new_seats, f"paid_seats not updated: {data.get('paid_seats')} != {new_seats}"
E   AssertionError: paid_seats not updated: None != 55
E   assert None == 55
E    +  where None = &lt;built-in method get of dict object at 0xfc0a3ab80380&gt;('paid_seats')
E    +    where &lt;built-in method get of dict object at 0xfc0a3ab80380&gt; = {'message': 'Configuración de facturación actualizada', 'updates': {'paid_seats': 55, 'updated_at': '2026-02-01T05:21:24.898164+00:00'}}.get</failure></testcase><testcase classname="backend.tests.test_saas_billing.TestBillingEndpoints" name="test_superadmin_cannot_downgrade_below_active_users" time="0.068" /><testcase classname="backend.tests.test_saas_billing.TestSeatLimitEnforcement" name="test_user_creation_blocked_at_seat_limit" time="0.673" /><testcase classname="backend.tests.test_saas_billing.TestSeatLimitEnforcement" name="test_user_creation_succeeds_with_available_seats" time="0.342" /><testcase classname="backend.tests.test_saas_billing.TestBillingStatusEffects" name="test_billing_status_active_allows_creation" time="0.603" /><testcase classname="backend.tests.test_saas_billing.TestBillingStatusEffects" name="test_billing_status_trialing_allows_creation" time="0.183" /></testsuite></testsuites>