<?xml version="1.0" encoding="utf-8"?><testsuites name="pytest tests"><testsuite name="pytest" errors="0" failures="0" skipped="0" tests="9" time="2.795" timestamp="2026-02-01T05:21:39.474366+00:00" hostname="agent-env-220287aa-8cef-48d9-8c3d-1fbc85704841"><testcase classname="backend.tests.test_saas_billing.TestBillingEndpoints" name="test_get_billing_info_returns_correct_fields" time="0.364" /><testcase classname="backend.tests.test_saas_billing.TestBillingEndpoints" name="test_can_create_user_endpoint" time="0.035" /><testcase classname="backend.tests.test_saas_billing.TestBillingEndpoints" name="test_superadmin_billing_overview" time="0.304" /><testcase classname="backend.tests.test_saas_billing.TestBillingEndpoints" name="test_superadmin_update_paid_seats" time="0.163" /><testcase classname="backend.tests.test_saas_billing.TestBillingEndpoints" name="test_superadmin_cannot_downgrade_below_active_users" time="0.072" /><testcase classname="backend.tests.test_saas_billing.TestSeatLimitEnforcement" name="test_user_creation_blocked_at_seat_limit" time="0.668" /><testcase classname="backend.tests.test_saas_billing.TestSeatLimitEnforcement" name="test_user_creation_succeeds_with_available_seats" time="0.331" /><testcase classname="backend.tests.test_saas_billing.TestBillingStatusEffects" name="test_billing_status_active_allows_creation" time="0.592" /><testcase classname="backend.tests.test_saas_billing.TestBillingStatusEffects" name="test_billing_status_trialing_allows_creation" time="0.185" /></testsuite></testsuites>