<?xml version="1.0" encoding="utf-8"?><testsuites name="pytest tests"><testsuite name="pytest" errors="0" failures="4" skipped="0" tests="9" time="2.725" timestamp="2026-02-01T05:20:45.303591+00:00" hostname="agent-env-220287aa-8cef-48d9-8c3d-1fbc85704841"><testcase classname="backend.tests.test_saas_billing.TestBillingEndpoints" name="test_get_billing_info_returns_correct_fields" time="0.387" /><testcase classname="backend.tests.test_saas_billing.TestBillingEndpoints" name="test_can_create_user_endpoint" time="0.039" /><testcase classname="backend.tests.test_saas_billing.TestBillingEndpoints" name="test_superadmin_billing_overview" time="0.306"><failure message="AssertionError: Missing summary object&#10;assert 'summary' in {'condominiums': [{'active_users': 4, 'billing_status': 'active', 'condominium_id': 'dc708ced-42b7-4365-96ad-500cf2b925a1', 'condominium_name': 'Bariloche', ...}, {'active_users': 22, 'billing_status': 'active', 'condominium_id': '46b9d344-a735-443a-8c9c-0e3d69c07824', 'condominium_name': 'Residencial Las Palmas', ...}], 'totals': {'total_active_users': 26, 'total_condominiums': 2, 'total_monthly_revenue': 60.0, 'total_paid_seats': 60}}">backend/tests/test_saas_billing.py:126: in test_superadmin_billing_overview
    assert "summary" in data, "Missing summary object"
E   AssertionError: Missing summary object
E   assert 'summary' in {'condominiums': [{'active_users': 4, 'billing_status': 'active', 'condominium_id': 'dc708ced-42b7-4365-96ad-500cf2b925a1', 'condominium_name': 'Bariloche', ...}, {'active_users': 22, 'billing_status': 'active', 'condominium_id': '46b9d344-a735-443a-8c9c-0e3d69c07824', 'condominium_name': 'Residencial Las Palmas', ...}], 'totals': {'total_active_users': 26, 'total_condominiums': 2, 'total_monthly_revenue': 60.0, 'total_paid_seats': 60}}</failure></testcase><testcase classname="backend.tests.test_saas_billing.TestBillingEndpoints" name="test_superadmin_update_paid_seats" time="0.046"><failure message="KeyError: 'id'">backend/tests/test_saas_billing.py:155: in test_superadmin_update_paid_seats
    test_condo = next((c for c in condos if c["id"] == CONDO_ID), None)
                 ^^^^^^^^^^^^^^^^^^^^^^^^^^^^^^^^^^^^^^^^^^^^^^^^^^^^^^
backend/tests/test_saas_billing.py:155: in &lt;genexpr&gt;
    test_condo = next((c for c in condos if c["id"] == CONDO_ID), None)
                                            ^^^^^^^
E   KeyError: 'id'</failure></testcase><testcase classname="backend.tests.test_saas_billing.TestBillingEndpoints" name="test_superadmin_cannot_downgrade_below_active_users" time="0.041"><failure message="KeyError: 'id'">backend/tests/test_saas_billing.py:191: in test_superadmin_cannot_downgrade_below_active_users
    test_condo = next((c for c in condos if c["id"] == CONDO_ID), None)
                 ^^^^^^^^^^^^^^^^^^^^^^^^^^^^^^^^^^^^^^^^^^^^^^^^^^^^^^
backend/tests/test_saas_billing.py:191: in &lt;genexpr&gt;
    test_condo = next((c for c in condos if c["id"] == CONDO_ID), None)
                                            ^^^^^^^
E   KeyError: 'id'</failure></testcase><testcase classname="backend.tests.test_saas_billing.TestSeatLimitEnforcement" name="test_user_creation_blocked_at_seat_limit" time="0.669" /><testcase classname="backend.tests.test_saas_billing.TestSeatLimitEnforcement" name="test_user_creation_succeeds_with_available_seats" time="0.300"><failure message="AssertionError: User creation failed: {&quot;message&quot;:&quot;Usuario Test Billing User creado exitosamente&quot;,&quot;user_id&quot;:&quot;b55ba819-1ae6-431f-a160-f8aedcf77718&quot;,&quot;role&quot;:&quot;Residente&quot;,&quot;role_data&quot;:{&quot;apartment_number&quot;:&quot;BILLING-001&quot;,&quot;tower_block&quot;:null,&quot;resident_type&quot;:&quot;owner&quot;},&quot;credentials&quot;:{&quot;email&quot;:&quot;test_billing_c770136f@test.com&quot;,&quot;password&quot;:&quot;TestPass123!&quot;,&quot;show_password&quot;:true},&quot;dev_mode&quot;:true,&quot;email_toggle_enabled&quot;:false}&#10;assert 200 == 201&#10; +  where 200 = &lt;Response [200]&gt;.status_code">backend/tests/test_saas_billing.py:338: in test_user_creation_succeeds_with_available_seats
    assert response.status_code == 201, f"User creation failed: {response.text}"
E   AssertionError: User creation failed: {"message":"Usuario Test Billing User creado exitosamente","user_id":"b55ba819-1ae6-431f-a160-f8aedcf77718","role":"Residente","role_data":{"apartment_number":"BILLING-001","tower_block":null,"resident_type":"owner"},"credentials":{"email":"test_billing_c770136f@test.com","password":"TestPass123!","show_password":true},"dev_mode":true,"email_toggle_enabled":false}
E   assert 200 == 201
E    +  where 200 = &lt;Response [200]&gt;.status_code</failure></testcase><testcase classname="backend.tests.test_saas_billing.TestBillingStatusEffects" name="test_billing_status_active_allows_creation" time="0.606" /><testcase classname="backend.tests.test_saas_billing.TestBillingStatusEffects" name="test_billing_status_trialing_allows_creation" time="0.208" /></testsuite></testsuites>