<?xml version="1.0" encoding="utf-8"?><testsuites name="pytest tests"><testsuite name="pytest" errors="0" failures="0" skipped="0" tests="11" time="9.739" timestamp="2026-02-17T10:35:53.907271+00:00" hostname="agent-env-7e275610-be01-4c70-addb-fd1961c52c11"><testcase classname="backend.tests.test_seat_management.TestSeatManagement" name="test_get_seat_usage_returns_correct_structure" time="0.951" /><testcase classname="backend.tests.test_seat_management.TestSeatManagement" name="test_seat_usage_requires_admin_role" time="0.942" /><testcase classname="backend.tests.test_seat_management.TestSeatManagement" name="test_validate_seat_reduction_allows_when_enough_capacity" time="0.659" /><testcase classname="backend.tests.test_seat_management.TestSeatManagement" name="test_validate_seat_reduction_rejects_when_insufficient_capacity" time="0.612" /><testcase classname="backend.tests.test_seat_management.TestSeatManagement" name="test_block_user_updates_status_and_invalidates_session" time="1.065" /><testcase classname="backend.tests.test_seat_management.TestSeatManagement" name="test_unblock_user_restores_status_and_consumes_seat" time="1.109" /><testcase classname="backend.tests.test_seat_management.TestSeatManagement" name="test_cannot_activate_resident_when_no_seats_available" time="0.434" /><testcase classname="backend.tests.test_seat_management.TestSeatManagement" name="test_cannot_modify_own_status" time="0.612" /><testcase classname="backend.tests.test_seat_management.TestSeatManagement" name="test_delete_user_releases_seat" time="0.793" /><testcase classname="backend.tests.test_seat_management.TestSeatManagement" name="test_cannot_delete_self" time="0.623" /><testcase classname="backend.tests.test_seat_management.TestSeatManagement" name="test_blocked_user_receives_403" time="1.867" /></testsuite></testsuites>