<?xml version="1.0" encoding="utf-8"?><testsuites name="pytest tests"><testsuite name="pytest" errors="0" failures="2" skipped="1" tests="11" time="8.917" timestamp="2026-02-17T10:35:23.550050+00:00" hostname="agent-env-7e275610-be01-4c70-addb-fd1961c52c11"><testcase classname="backend.tests.test_seat_management.TestSeatManagement" name="test_get_seat_usage_returns_correct_structure" time="0.642" /><testcase classname="backend.tests.test_seat_management.TestSeatManagement" name="test_seat_usage_requires_admin_role" time="1.052" /><testcase classname="backend.tests.test_seat_management.TestSeatManagement" name="test_validate_seat_reduction_allows_when_enough_capacity" time="0.588" /><testcase classname="backend.tests.test_seat_management.TestSeatManagement" name="test_validate_seat_reduction_rejects_when_insufficient_capacity" time="0.602" /><testcase classname="backend.tests.test_seat_management.TestSeatManagement" name="test_block_user_updates_status_and_invalidates_session" time="1.207" /><testcase classname="backend.tests.test_seat_management.TestSeatManagement" name="test_unblock_user_restores_status_and_consumes_seat" time="1.011" /><testcase classname="backend.tests.test_seat_management.TestSeatManagement" name="test_cannot_activate_resident_when_no_seats_available" time="0.508" /><testcase classname="backend.tests.test_seat_management.TestSeatManagement" name="test_cannot_modify_own_status" time="0.460"><failure message="assert 404 == 200&#10; +  where 404 = &lt;Response [404]&gt;.status_code">backend/tests/test_seat_management.py:302: in test_cannot_modify_own_status
    assert profile_response.status_code == 200
E   assert 404 == 200
E    +  where 404 = &lt;Response [404]&gt;.status_code</failure></testcase><testcase classname="backend.tests.test_seat_management.TestSeatManagement" name="test_delete_user_releases_seat" time="0.845" /><testcase classname="backend.tests.test_seat_management.TestSeatManagement" name="test_cannot_delete_self" time="0.511"><failure message="assert 404 == 200&#10; +  where 404 = &lt;Response [404]&gt;.status_code">backend/tests/test_seat_management.py:388: in test_cannot_delete_self
    assert profile_response.status_code == 200
E   assert 404 == 200
E    +  where 404 = &lt;Response [404]&gt;.status_code</failure></testcase><testcase classname="backend.tests.test_seat_management.TestSeatManagement" name="test_blocked_user_receives_403" time="1.388"><skipped type="pytest.skip" message="Could not get resident profile">/app/backend/tests/test_seat_management.py:423: Could not get resident profile</skipped></testcase></testsuite></testsuites>