<?xml version="1.0" encoding="utf-8"?><testsuites name="pytest tests"><testsuite name="pytest" errors="0" failures="0" skipped="8" tests="21" time="7.075" timestamp="2026-04-14T19:55:12.628831+00:00" hostname="agent-env-8f9edb88-4e72-471d-beb3-c857e4d6266c"><testcase classname="backend.tests.test_security_hardening.TestSecurityHeaders" name="test_health_endpoint_returns_200" time="0.171" /><testcase classname="backend.tests.test_security_hardening.TestSecurityHeaders" name="test_security_headers_present" time="0.149" /><testcase classname="backend.tests.test_security_hardening.TestAuthentication" name="test_admin_login_success" time="0.353" /><testcase classname="backend.tests.test_security_hardening.TestAuthentication" name="test_resident_login_success" time="0.330" /><testcase classname="backend.tests.test_security_hardening.TestCORSConfiguration" name="test_cors_not_wildcard_for_credentials" time="0.072" /><testcase classname="backend.tests.test_security_hardening.TestExistingEndpoints" name="test_finanzas_overview" time="0.497" /><testcase classname="backend.tests.test_security_hardening.TestExistingEndpoints" name="test_casos_endpoint" time="0.476" /><testcase classname="backend.tests.test_security_hardening.TestExistingEndpoints" name="test_documentos_endpoint" time="0.491" /><testcase classname="backend.tests.test_security_hardening.TestExistingEndpoints" name="test_notifications_v2_endpoint" time="0.469" /><testcase classname="backend.tests.test_security_hardening.TestExistingEndpoints" name="test_legacy_notifications_endpoint" time="0.459" /><testcase classname="backend.tests.test_security_hardening.TestFileUploadValidation" name="test_block_exe_extension" time="0.122"><skipped type="pytest.skip" message="Admin login failed - skipping file upload tests">/app/backend/tests/test_security_hardening.py:192: Admin login failed - skipping file upload tests</skipped></testcase><testcase classname="backend.tests.test_security_hardening.TestFileUploadValidation" name="test_block_sh_extension" time="0.157"><skipped type="pytest.skip" message="Admin login failed - skipping file upload tests">/app/backend/tests/test_security_hardening.py:207: Admin login failed - skipping file upload tests</skipped></testcase><testcase classname="backend.tests.test_security_hardening.TestFileUploadValidation" name="test_block_bat_extension" time="0.126"><skipped type="pytest.skip" message="Admin login failed - skipping file upload tests">/app/backend/tests/test_security_hardening.py:222: Admin login failed - skipping file upload tests</skipped></testcase><testcase classname="backend.tests.test_security_hardening.TestFileUploadValidation" name="test_reject_large_file" time="1.438" /><testcase classname="backend.tests.test_security_hardening.TestFileUploadValidation" name="test_reject_empty_file" time="0.468" /><testcase classname="backend.tests.test_security_hardening.TestFileUploadValidation" name="test_allow_pdf_upload" time="0.139"><skipped type="pytest.skip" message="Admin login failed - skipping file upload tests">/app/backend/tests/test_security_hardening.py:269: Admin login failed - skipping file upload tests</skipped></testcase><testcase classname="backend.tests.test_security_hardening.TestRateLimiting" name="test_change_password_rate_limit" time="0.103"><skipped type="pytest.skip" message="Login failed - skipping rate limit test">/app/backend/tests/test_security_hardening.py:308: Login failed - skipping rate limit test</skipped></testcase><testcase classname="backend.tests.test_security_hardening.TestRateLimiting" name="test_reset_password_rate_limit" time="0.565" /><testcase classname="backend.tests.test_security_hardening.TestResidentAccess" name="test_resident_can_access_finanzas" time="0.174"><skipped type="pytest.skip" message="Resident login failed - skipping resident tests">/app/backend/tests/test_security_hardening.py:374: Resident login failed - skipping resident tests</skipped></testcase><testcase classname="backend.tests.test_security_hardening.TestResidentAccess" name="test_resident_can_access_casos" time="0.108"><skipped type="pytest.skip" message="Resident login failed - skipping resident tests">/app/backend/tests/test_security_hardening.py:395: Resident login failed - skipping resident tests</skipped></testcase><testcase classname="backend.tests.test_security_hardening.TestResidentAccess" name="test_resident_can_access_notifications" time="0.120"><skipped type="pytest.skip" message="Resident login failed - skipping resident tests">/app/backend/tests/test_security_hardening.py:404: Resident login failed - skipping resident tests</skipped></testcase></testsuite></testsuites>