<?xml version="1.0" encoding="utf-8"?><testsuites name="pytest tests"><testsuite name="pytest" errors="0" failures="1" skipped="0" tests="10" time="3.902" timestamp="2026-02-28T18:01:54.926712+00:00" hostname="agent-env-596b6c2d-77f2-423d-bac4-ce83056ff297"><testcase classname="backend.tests.test_stability_patches.TestAuthentication" name="test_superadmin_login" time="0.443" /><testcase classname="backend.tests.test_stability_patches.TestAuthentication" name="test_resident_login" time="0.343" /><testcase classname="backend.tests.test_stability_patches.TestEmailService" name="test_email_service_status" time="0.483" /><testcase classname="backend.tests.test_stability_patches.TestEmailService" name="test_email_config_status" time="0.442" /><testcase classname="backend.tests.test_stability_patches.TestSuperAdminDangerZone" name="test_verify_password_endpoint_exists" time="0.462"><failure message="AssertionError: Password verification endpoint not found&#10;assert 404 != 404&#10; +  where 404 = &lt;Response [404]&gt;.status_code">backend/tests/test_stability_patches.py:156: in test_verify_password_endpoint_exists
    assert response.status_code != 404, "Password verification endpoint not found"
E   AssertionError: Password verification endpoint not found
E   assert 404 != 404
E    +  where 404 = &lt;Response [404]&gt;.status_code</failure></testcase><testcase classname="backend.tests.test_stability_patches.TestSuperAdminDangerZone" name="test_verify_correct_password" time="0.479" /><testcase classname="backend.tests.test_stability_patches.TestVisitHistoryExport" name="test_resident_visit_history_endpoint" time="0.463" /><testcase classname="backend.tests.test_stability_patches.TestVisitHistoryExport" name="test_resident_visit_history_export" time="0.451" /><testcase classname="backend.tests.test_stability_patches.TestAPIHealth" name="test_health_endpoint" time="0.113" /><testcase classname="backend.tests.test_stability_patches.TestAPIHealth" name="test_readiness_endpoint" time="0.152" /></testsuite></testsuites>