<?xml version="1.0" encoding="utf-8"?><testsuites name="pytest tests"><testsuite name="pytest" errors="0" failures="0" skipped="0" tests="8" time="3.481" timestamp="2026-02-28T21:40:24.867929+00:00" hostname="agent-env-90b0a581-3077-4f77-97fc-c4937fe2a945"><testcase classname="backend.tests.test_genturix_stability_patches.TestEmailServiceHealth" name="test_health_endpoint_healthy" time="0.181" /><testcase classname="backend.tests.test_genturix_stability_patches.TestEmailServiceHealth" name="test_email_service_status_endpoint" time="0.465" /><testcase classname="backend.tests.test_genturix_stability_patches.TestEmailServiceHealth" name="test_readiness_endpoint" time="0.135" /><testcase classname="backend.tests.test_genturix_stability_patches.TestAccessRequestEmailDelivery" name="test_get_pending_access_requests" time="0.453" /><testcase classname="backend.tests.test_genturix_stability_patches.TestAccessRequestEmailDelivery" name="test_access_request_count_endpoint" time="0.460" /><testcase classname="backend.tests.test_genturix_stability_patches.TestAccessRequestEmailDelivery" name="test_approve_access_request_with_email_flag" time="1.040" /><testcase classname="backend.tests.test_genturix_stability_patches.TestAPIEndpointIntegrity" name="test_login_admin" time="0.346" /><testcase classname="backend.tests.test_genturix_stability_patches.TestAPIEndpointIntegrity" name="test_login_superadmin" time="0.333" /></testsuite></testsuites>