<?xml version="1.0" encoding="utf-8"?><testsuites name="pytest tests"><testsuite name="pytest" errors="0" failures="2" skipped="0" tests="14" time="4.979" timestamp="2026-01-28T10:01:52.129146+00:00" hostname="agent-env-2f098034-c741-4bd7-8c39-be0cd21df305"><testcase classname="tests.test_super_admin.TestSuperAdminLogin" name="test_super_admin_login_success" time="0.356" /><testcase classname="tests.test_super_admin.TestSuperAdminLogin" name="test_super_admin_login_wrong_password" time="0.262" /><testcase classname="tests.test_super_admin.TestSuperAdminStats" name="test_get_platform_stats" time="0.303" /><testcase classname="tests.test_super_admin.TestSuperAdminStats" name="test_stats_requires_auth" time="0.292"><failure message="AssertionError: Expected 401, got 403&#10;assert 403 == 401&#10; +  where 403 = &lt;Response [403]&gt;.status_code">tests/test_super_admin.py:127: in test_stats_requires_auth
    assert response.status_code == 401, f"Expected 401, got {response.status_code}"
E   AssertionError: Expected 401, got 403
E   assert 403 == 401
E    +  where 403 = &lt;Response [403]&gt;.status_code</failure></testcase><testcase classname="tests.test_super_admin.TestSuperAdminStats" name="test_stats_requires_super_admin_role" time="0.555" /><testcase classname="tests.test_super_admin.TestCondominiumsList" name="test_list_condominiums" time="0.297" /><testcase classname="tests.test_super_admin.TestCondominiumsList" name="test_condominiums_have_modules" time="0.301" /><testcase classname="tests.test_super_admin.TestSuperAdminUsers" name="test_get_all_users" time="0.300" /><testcase classname="tests.test_super_admin.TestSuperAdminUsers" name="test_filter_users_by_role" time="0.338" /><testcase classname="tests.test_super_admin.TestSuperAdminUsers" name="test_users_include_condominium_name" time="0.289" /><testcase classname="tests.test_super_admin.TestCondominiumStatusChange" name="test_change_status_to_demo" time="0.412" /><testcase classname="tests.test_super_admin.TestCondominiumStatusChange" name="test_update_condominium_status_via_patch" time="0.366"><failure message="AssertionError: Patch failed: {&quot;detail&quot;:&quot;Required roles: Administrador&quot;}&#10;assert 403 == 200&#10; +  where 403 = &lt;Response [403]&gt;.status_code">tests/test_super_admin.py:364: in test_update_condominium_status_via_patch
    assert response.status_code == 200, f"Patch failed: {response.text}"
E   AssertionError: Patch failed: {"detail":"Required roles: Administrador"}
E   assert 403 == 200
E    +  where 403 = &lt;Response [403]&gt;.status_code</failure></testcase><testcase classname="tests.test_super_admin.TestUserLockUnlock" name="test_lock_user" time="0.410" /><testcase classname="tests.test_super_admin.TestUserLockUnlock" name="test_unlock_user" time="0.355" /></testsuite></testsuites>