<?xml version="1.0" encoding="utf-8"?><testsuites name="pytest tests"><testsuite name="pytest" errors="0" failures="0" skipped="0" tests="14" time="3.820" timestamp="2026-04-16T19:18:46.697187+00:00" hostname="agent-env-88fa0ccb-5e4b-4f79-99eb-11b2d25f1b83"><testcase classname="backend.tests.test_units_module.TestUnitsModule" name="test_get_units_returns_list" time="0.608" /><testcase classname="backend.tests.test_units_module.TestUnitsModule" name="test_get_units_multi_tenant_isolation" time="0.114" /><testcase classname="backend.tests.test_units_module.TestUnitsModule" name="test_create_unit_success" time="0.325" /><testcase classname="backend.tests.test_units_module.TestUnitsModule" name="test_create_unit_duplicate_returns_409" time="0.272" /><testcase classname="backend.tests.test_units_module.TestUnitsModule" name="test_create_unit_requires_admin_role" time="0.483" /><testcase classname="backend.tests.test_units_module.TestUnitsModule" name="test_delete_unit_success" time="0.268" /><testcase classname="backend.tests.test_units_module.TestUnitsModule" name="test_delete_unit_not_found" time="0.122" /><testcase classname="backend.tests.test_units_module.TestUnitsModule" name="test_assign_user_to_unit" time="0.362" /><testcase classname="backend.tests.test_units_module.TestUnitsModule" name="test_assign_user_unit_not_found" time="0.129" /><testcase classname="backend.tests.test_units_module.TestUnitsModule" name="test_unassign_user_from_unit" time="0.365" /><testcase classname="backend.tests.test_units_module.TestUnitsModule" name="test_unassign_user_unit_not_found" time="0.115" /><testcase classname="backend.tests.test_units_module.TestUnitsFinanceIntegration" name="test_unit_shows_financial_badge" time="0.061" /><testcase classname="backend.tests.test_units_module.TestUnitsFinanceIntegration" name="test_unit_shows_assigned_residents" time="0.067" /><testcase classname="backend.tests.test_units_module.TestResidentFinanzasAfterUnitChanges" name="test_resident_can_view_finanzas" time="0.446" /></testsuite></testsuites>