<?xml version="1.0" encoding="utf-8"?><testsuites name="pytest tests"><testsuite name="pytest" errors="0" failures="0" skipped="0" tests="20" time="6.641" timestamp="2026-01-28T20:42:05.661797+00:00" hostname="agent-env-8d4b8f77-424d-4f44-bd45-6f43dd054118"><testcase classname="backend.tests.test_user_management.TestUserManagementSetup" name="test_admin_login" time="0.333" /><testcase classname="backend.tests.test_user_management.TestUserManagementSetup" name="test_admin_has_condominium_id" time="0.298" /><testcase classname="backend.tests.test_user_management.TestUserCreation" name="test_create_residente_user" time="0.824" /><testcase classname="backend.tests.test_user_management.TestUserCreation" name="test_create_guarda_user" time="0.521" /><testcase classname="backend.tests.test_user_management.TestUserCreation" name="test_create_hr_user" time="0.521" /><testcase classname="backend.tests.test_user_management.TestUserCreation" name="test_create_supervisor_user" time="0.558" /><testcase classname="backend.tests.test_user_management.TestUserCreation" name="test_create_estudiante_user" time="0.527" /><testcase classname="backend.tests.test_user_management.TestUserCreation" name="test_cannot_create_superadmin" time="0.036" /><testcase classname="backend.tests.test_user_management.TestUserCreation" name="test_cannot_create_administrador" time="0.036" /><testcase classname="backend.tests.test_user_management.TestUserCreation" name="test_duplicate_email_rejected" time="0.037" /><testcase classname="backend.tests.test_user_management.TestUserList" name="test_get_all_users" time="0.296" /><testcase classname="backend.tests.test_user_management.TestUserList" name="test_filter_by_role_residente" time="0.034" /><testcase classname="backend.tests.test_user_management.TestUserList" name="test_filter_by_role_guarda" time="0.036" /><testcase classname="backend.tests.test_user_management.TestUserList" name="test_filter_by_role_hr" time="0.035" /><testcase classname="backend.tests.test_user_management.TestUserStatusToggle" name="test_deactivate_user" time="0.812" /><testcase classname="backend.tests.test_user_management.TestUserStatusToggle" name="test_activate_user" time="0.292" /><testcase classname="backend.tests.test_user_management.TestUserStatusToggle" name="test_cannot_deactivate_self" time="0.092" /><testcase classname="backend.tests.test_user_management.TestAuditLogging" name="test_user_creation_logged" time="0.579" /><testcase classname="backend.tests.test_user_management.TestAuditLogging" name="test_status_change_logged" time="0.392" /><testcase classname="backend.tests.test_user_management.TestSidebarNavigation" name="test_admin_has_users_access" time="0.298" /></testsuite></testsuites>