<?xml version="1.0" encoding="utf-8"?><testsuites name="pytest tests"><testsuite name="pytest" errors="0" failures="6" skipped="0" tests="20" time="6.904" timestamp="2026-01-28T20:41:19.602980+00:00" hostname="agent-env-8d4b8f77-424d-4f44-bd45-6f43dd054118"><testcase classname="backend.tests.test_user_management.TestUserManagementSetup" name="test_admin_login" time="0.339"><failure message="AssertionError: assert 'Administrador' in []&#10; +  where [] = &lt;built-in method get of dict object at 0xfcd0b87022c0&gt;('roles', [])&#10; +    where &lt;built-in method get of dict object at 0xfcd0b87022c0&gt; = {'access_token': 'eyJhbGciOiJIUzI1NiIsInR5cCI6IkpXVCJ9.eyJzdWIiOiI3OTNmMDY0Yi01MmU1LTRhZDUtYTI2Yy1kZTZiNzRlZDVmM2IiLCJlbWFpbCI6ImFkbWluQGdlbnR1cml4LmNvbSIsInJvbGVzIjpbIkFkbWluaXN0cmFkb3IiXSwiY29uZG9taW5pdW1faWQiOiIyNjcxOTVlNS1jMThmLTQzNzQtYTNhNi04MDE2Y2ZlNzBkODYiLCJleHAiOjE3Njk2MzQ2ODAsInR5cGUiOiJhY2Nlc3MifQ.Tn3qKwERZo2zGiTSXCgdQyrpwPRsq6LyZNkn3S0NSL8', 'refresh_token': 'eyJhbGciOiJIUzI1NiIsInR5cCI6IkpXVCJ9.eyJzdWIiOiI3OTNmMDY0Yi01MmU1LTRhZDUtYTI2Yy1kZTZiNzRlZDVmM2IiLCJlbWFpbCI6ImFkbWluQGdlbnR1cml4LmNvbSIsInJvbGVzIjpbIkFkbWluaXN0cmFkb3IiXSwiY29uZG9taW5pdW1faWQiOiIyNjcxOTVlNS1jMThmLTQzNzQtYTNhNi04MDE2Y2ZlNzBkODYiLCJleHAiOjE3NzAyMzc2ODAsInR5cGUiOiJyZWZyZXNoIn0.NWEMgddePkBolGSWM4qwLXZzzplapyaxCGPS1EGKM_Y', 'token_type': 'bearer', 'user': {'condominium_id': '267195e5-c18f-4374-a3a6-8016cfe70d86', 'created_at': '2026-01-10T12:53:41.821459+00:00', 'email': 'admin@genturix.com', 'full_name': 'Carlos Admin', ...}}.get">backend/tests/test_user_management.py:65: in test_admin_login
    assert "Administrador" in data.get("roles", [])
E   AssertionError: assert 'Administrador' in []
E    +  where [] = &lt;built-in method get of dict object at 0xfcd0b87022c0&gt;('roles', [])
E    +    where &lt;built-in method get of dict object at 0xfcd0b87022c0&gt; = {'access_token': 'eyJhbGciOiJIUzI1NiIsInR5cCI6IkpXVCJ9.eyJzdWIiOiI3OTNmMDY0Yi01MmU1LTRhZDUtYTI2Yy1kZTZiNzRlZDVmM2IiLCJlbWFpbCI6ImFkbWluQGdlbnR1cml4LmNvbSIsInJvbGVzIjpbIkFkbWluaXN0cmFkb3IiXSwiY29uZG9taW5pdW1faWQiOiIyNjcxOTVlNS1jMThmLTQzNzQtYTNhNi04MDE2Y2ZlNzBkODYiLCJleHAiOjE3Njk2MzQ2ODAsInR5cGUiOiJhY2Nlc3MifQ.Tn3qKwERZo2zGiTSXCgdQyrpwPRsq6LyZNkn3S0NSL8', 'refresh_token': 'eyJhbGciOiJIUzI1NiIsInR5cCI6IkpXVCJ9.eyJzdWIiOiI3OTNmMDY0Yi01MmU1LTRhZDUtYTI2Yy1kZTZiNzRlZDVmM2IiLCJlbWFpbCI6ImFkbWluQGdlbnR1cml4LmNvbSIsInJvbGVzIjpbIkFkbWluaXN0cmFkb3IiXSwiY29uZG9taW5pdW1faWQiOiIyNjcxOTVlNS1jMThmLTQzNzQtYTNhNi04MDE2Y2ZlNzBkODYiLCJleHAiOjE3NzAyMzc2ODAsInR5cGUiOiJyZWZyZXNoIn0.NWEMgddePkBolGSWM4qwLXZzzplapyaxCGPS1EGKM_Y', 'token_type': 'bearer', 'user': {'condominium_id': '267195e5-c18f-4374-a3a6-8016cfe70d86', 'created_at': '2026-01-10T12:53:41.821459+00:00', 'email': 'admin@genturix.com', 'full_name': 'Carlos Admin', ...}}.get</failure></testcase><testcase classname="backend.tests.test_user_management.TestUserManagementSetup" name="test_admin_has_condominium_id" time="0.306" /><testcase classname="backend.tests.test_user_management.TestUserCreation" name="test_create_residente_user" time="0.863"><failure message="AssertionError: assert 'Residente' in []&#10; +  where [] = &lt;built-in method get of dict object at 0xfcd0b8737c00&gt;('roles', [])&#10; +    where &lt;built-in method get of dict object at 0xfcd0b8737c00&gt; = {'access_token': 'eyJhbGciOiJIUzI1NiIsInR5cCI6IkpXVCJ9.eyJzdWIiOiJhMDVhMWFmZC04M2E5LTRkMzEtOTlhYi1iOTQ3MzcxOTNhOTkiLCJlbWFpbCI6IlRFU1RfcmVzaWRlbnRlX2FiYWZlN2U0QGdlbnR1cml4LmNvbSIsInJvbGVzIjpbIlJlc2lkZW50ZSJdLCJjb25kb21pbml1bV9pZCI6IjI2NzE5NWU1LWMxOGYtNDM3NC1hM2E2LTgwMTZjZmU3MGQ4NiIsImV4cCI6MTc2OTYzNDY4MSwidHlwZSI6ImFjY2VzcyJ9.Ozp837L7PBjKniYIo3owmh9DI4GrIeEgpi2TVSI-PXI', 'refresh_token': 'eyJhbGciOiJIUzI1NiIsInR5cCI6IkpXVCJ9.eyJzdWIiOiJhMDVhMWFmZC04M2E5LTRkMzEtOTlhYi1iOTQ3MzcxOTNhOTkiLCJlbWFpbCI6IlRFU1RfcmVzaWRlbnRlX2FiYWZlN2U0QGdlbnR1cml4LmNvbSIsInJvbGVzIjpbIlJlc2lkZW50ZSJdLCJjb25kb21pbml1bV9pZCI6IjI2NzE5NWU1LWMxOGYtNDM3NC1hM2E2LTgwMTZjZmU3MGQ4NiIsImV4cCI6MTc3MDIzNzY4MSwidHlwZSI6InJlZnJlc2gifQ.VugTRaRh465c_ElN8DHB5Cm0YBIleEqMmipYExaVZBk', 'token_type': 'bearer', 'user': {'condominium_id': '267195e5-c18f-4374-a3a6-8016cfe70d86', 'created_at': '2026-01-28T20:41:20.912780+00:00', 'email': 'TEST_residente_abafe7e4@genturix.com', 'full_name': 'Test Residente abafe7e4', ...}}.get">backend/tests/test_user_management.py:125: in test_create_residente_user
    assert "Residente" in login_data.get("roles", [])
E   AssertionError: assert 'Residente' in []
E    +  where [] = &lt;built-in method get of dict object at 0xfcd0b8737c00&gt;('roles', [])
E    +    where &lt;built-in method get of dict object at 0xfcd0b8737c00&gt; = {'access_token': 'eyJhbGciOiJIUzI1NiIsInR5cCI6IkpXVCJ9.eyJzdWIiOiJhMDVhMWFmZC04M2E5LTRkMzEtOTlhYi1iOTQ3MzcxOTNhOTkiLCJlbWFpbCI6IlRFU1RfcmVzaWRlbnRlX2FiYWZlN2U0QGdlbnR1cml4LmNvbSIsInJvbGVzIjpbIlJlc2lkZW50ZSJdLCJjb25kb21pbml1bV9pZCI6IjI2NzE5NWU1LWMxOGYtNDM3NC1hM2E2LTgwMTZjZmU3MGQ4NiIsImV4cCI6MTc2OTYzNDY4MSwidHlwZSI6ImFjY2VzcyJ9.Ozp837L7PBjKniYIo3owmh9DI4GrIeEgpi2TVSI-PXI', 'refresh_token': 'eyJhbGciOiJIUzI1NiIsInR5cCI6IkpXVCJ9.eyJzdWIiOiJhMDVhMWFmZC04M2E5LTRkMzEtOTlhYi1iOTQ3MzcxOTNhOTkiLCJlbWFpbCI6IlRFU1RfcmVzaWRlbnRlX2FiYWZlN2U0QGdlbnR1cml4LmNvbSIsInJvbGVzIjpbIlJlc2lkZW50ZSJdLCJjb25kb21pbml1bV9pZCI6IjI2NzE5NWU1LWMxOGYtNDM3NC1hM2E2LTgwMTZjZmU3MGQ4NiIsImV4cCI6MTc3MDIzNzY4MSwidHlwZSI6InJlZnJlc2gifQ.VugTRaRh465c_ElN8DHB5Cm0YBIleEqMmipYExaVZBk', 'token_type': 'bearer', 'user': {'condominium_id': '267195e5-c18f-4374-a3a6-8016cfe70d86', 'created_at': '2026-01-28T20:41:20.912780+00:00', 'email': 'TEST_residente_abafe7e4@genturix.com', 'full_name': 'Test Residente abafe7e4', ...}}.get</failure></testcase><testcase classname="backend.tests.test_user_management.TestUserCreation" name="test_create_guarda_user" time="0.528"><failure message="AssertionError: assert 'Guarda' in []&#10; +  where [] = &lt;built-in method get of dict object at 0xfcd0b85d08c0&gt;('roles', [])&#10; +    where &lt;built-in method get of dict object at 0xfcd0b85d08c0&gt; = {'access_token': 'eyJhbGciOiJIUzI1NiIsInR5cCI6IkpXVCJ9.eyJzdWIiOiIyNTM4NmIzMi00OGQyLTRlYWMtYjAyMC01NTY2MzI3MTNlNjEiLCJlbWFpbCI6IlRFU1RfZ3VhcmRhXzAyODk2NjA3QGdlbnR1cml4LmNvbSIsInJvbGVzIjpbIkd1YXJkYSJdLCJjb25kb21pbml1bV9pZCI6IjI2NzE5NWU1LWMxOGYtNDM3NC1hM2E2LTgwMTZjZmU3MGQ4NiIsImV4cCI6MTc2OTYzNDY4MSwidHlwZSI6ImFjY2VzcyJ9.ux3MFt0hQbCOK_YfL2k_k_6eXC1lTkiJrUR3tRzjz7E', 'refresh_token': 'eyJhbGciOiJIUzI1NiIsInR5cCI6IkpXVCJ9.eyJzdWIiOiIyNTM4NmIzMi00OGQyLTRlYWMtYjAyMC01NTY2MzI3MTNlNjEiLCJlbWFpbCI6IlRFU1RfZ3VhcmRhXzAyODk2NjA3QGdlbnR1cml4LmNvbSIsInJvbGVzIjpbIkd1YXJkYSJdLCJjb25kb21pbml1bV9pZCI6IjI2NzE5NWU1LWMxOGYtNDM3NC1hM2E2LTgwMTZjZmU3MGQ4NiIsImV4cCI6MTc3MDIzNzY4MSwidHlwZSI6InJlZnJlc2gifQ.StPOXw3s6YdUbnWhqjsYV2s3KDyJ6PuoAPCg_PaiX6A', 'token_type': 'bearer', 'user': {'condominium_id': '267195e5-c18f-4374-a3a6-8016cfe70d86', 'created_at': '2026-01-28T20:41:21.485843+00:00', 'email': 'TEST_guarda_02896607@genturix.com', 'full_name': 'Test Guarda 02896607', ...}}.get">backend/tests/test_user_management.py:158: in test_create_guarda_user
    assert "Guarda" in login_data.get("roles", [])
E   AssertionError: assert 'Guarda' in []
E    +  where [] = &lt;built-in method get of dict object at 0xfcd0b85d08c0&gt;('roles', [])
E    +    where &lt;built-in method get of dict object at 0xfcd0b85d08c0&gt; = {'access_token': 'eyJhbGciOiJIUzI1NiIsInR5cCI6IkpXVCJ9.eyJzdWIiOiIyNTM4NmIzMi00OGQyLTRlYWMtYjAyMC01NTY2MzI3MTNlNjEiLCJlbWFpbCI6IlRFU1RfZ3VhcmRhXzAyODk2NjA3QGdlbnR1cml4LmNvbSIsInJvbGVzIjpbIkd1YXJkYSJdLCJjb25kb21pbml1bV9pZCI6IjI2NzE5NWU1LWMxOGYtNDM3NC1hM2E2LTgwMTZjZmU3MGQ4NiIsImV4cCI6MTc2OTYzNDY4MSwidHlwZSI6ImFjY2VzcyJ9.ux3MFt0hQbCOK_YfL2k_k_6eXC1lTkiJrUR3tRzjz7E', 'refresh_token': 'eyJhbGciOiJIUzI1NiIsInR5cCI6IkpXVCJ9.eyJzdWIiOiIyNTM4NmIzMi00OGQyLTRlYWMtYjAyMC01NTY2MzI3MTNlNjEiLCJlbWFpbCI6IlRFU1RfZ3VhcmRhXzAyODk2NjA3QGdlbnR1cml4LmNvbSIsInJvbGVzIjpbIkd1YXJkYSJdLCJjb25kb21pbml1bV9pZCI6IjI2NzE5NWU1LWMxOGYtNDM3NC1hM2E2LTgwMTZjZmU3MGQ4NiIsImV4cCI6MTc3MDIzNzY4MSwidHlwZSI6InJlZnJlc2gifQ.StPOXw3s6YdUbnWhqjsYV2s3KDyJ6PuoAPCg_PaiX6A', 'token_type': 'bearer', 'user': {'condominium_id': '267195e5-c18f-4374-a3a6-8016cfe70d86', 'created_at': '2026-01-28T20:41:21.485843+00:00', 'email': 'TEST_guarda_02896607@genturix.com', 'full_name': 'Test Guarda 02896607', ...}}.get</failure></testcase><testcase classname="backend.tests.test_user_management.TestUserCreation" name="test_create_hr_user" time="0.553"><failure message="AssertionError: assert 'HR' in []&#10; +  where [] = &lt;built-in method get of dict object at 0xfcd0b86da440&gt;('roles', [])&#10; +    where &lt;built-in method get of dict object at 0xfcd0b86da440&gt; = {'access_token': 'eyJhbGciOiJIUzI1NiIsInR5cCI6IkpXVCJ9.eyJzdWIiOiJiYWU3MTgxMS1mMjc4LTQzNGQtOGYyNS00MDZlZjQ1MjU5MzUiLCJlbWFpbCI6IlRFU1RfaHJfOWZmMmI1MDRAZ2VudHVyaXguY29tIiwicm9sZXMiOlsiSFIiXSwiY29uZG9taW5pdW1faWQiOiIyNjcxOTVlNS1jMThmLTQzNzQtYTNhNi04MDE2Y2ZlNzBkODYiLCJleHAiOjE3Njk2MzQ2ODIsInR5cGUiOiJhY2Nlc3MifQ.L-hteJxZFtSdCNspHrxv1j67ind4FMVYPNmpg0KyKYM', 'refresh_token': 'eyJhbGciOiJIUzI1NiIsInR5cCI6IkpXVCJ9.eyJzdWIiOiJiYWU3MTgxMS1mMjc4LTQzNGQtOGYyNS00MDZlZjQ1MjU5MzUiLCJlbWFpbCI6IlRFU1RfaHJfOWZmMmI1MDRAZ2VudHVyaXguY29tIiwicm9sZXMiOlsiSFIiXSwiY29uZG9taW5pdW1faWQiOiIyNjcxOTVlNS1jMThmLTQzNzQtYTNhNi04MDE2Y2ZlNzBkODYiLCJleHAiOjE3NzAyMzc2ODIsInR5cGUiOiJyZWZyZXNoIn0.W88K6v1CN3LJqyOy4YPa0oFafpclkaLQqYXMtBiJXJ4', 'token_type': 'bearer', 'user': {'condominium_id': '267195e5-c18f-4374-a3a6-8016cfe70d86', 'created_at': '2026-01-28T20:41:22.011501+00:00', 'email': 'TEST_hr_9ff2b504@genturix.com', 'full_name': 'Test HR 9ff2b504', ...}}.get">backend/tests/test_user_management.py:187: in test_create_hr_user
    assert "HR" in login_data.get("roles", [])
E   AssertionError: assert 'HR' in []
E    +  where [] = &lt;built-in method get of dict object at 0xfcd0b86da440&gt;('roles', [])
E    +    where &lt;built-in method get of dict object at 0xfcd0b86da440&gt; = {'access_token': 'eyJhbGciOiJIUzI1NiIsInR5cCI6IkpXVCJ9.eyJzdWIiOiJiYWU3MTgxMS1mMjc4LTQzNGQtOGYyNS00MDZlZjQ1MjU5MzUiLCJlbWFpbCI6IlRFU1RfaHJfOWZmMmI1MDRAZ2VudHVyaXguY29tIiwicm9sZXMiOlsiSFIiXSwiY29uZG9taW5pdW1faWQiOiIyNjcxOTVlNS1jMThmLTQzNzQtYTNhNi04MDE2Y2ZlNzBkODYiLCJleHAiOjE3Njk2MzQ2ODIsInR5cGUiOiJhY2Nlc3MifQ.L-hteJxZFtSdCNspHrxv1j67ind4FMVYPNmpg0KyKYM', 'refresh_token': 'eyJhbGciOiJIUzI1NiIsInR5cCI6IkpXVCJ9.eyJzdWIiOiJiYWU3MTgxMS1mMjc4LTQzNGQtOGYyNS00MDZlZjQ1MjU5MzUiLCJlbWFpbCI6IlRFU1RfaHJfOWZmMmI1MDRAZ2VudHVyaXguY29tIiwicm9sZXMiOlsiSFIiXSwiY29uZG9taW5pdW1faWQiOiIyNjcxOTVlNS1jMThmLTQzNzQtYTNhNi04MDE2Y2ZlNzBkODYiLCJleHAiOjE3NzAyMzc2ODIsInR5cGUiOiJyZWZyZXNoIn0.W88K6v1CN3LJqyOy4YPa0oFafpclkaLQqYXMtBiJXJ4', 'token_type': 'bearer', 'user': {'condominium_id': '267195e5-c18f-4374-a3a6-8016cfe70d86', 'created_at': '2026-01-28T20:41:22.011501+00:00', 'email': 'TEST_hr_9ff2b504@genturix.com', 'full_name': 'Test HR 9ff2b504', ...}}.get</failure></testcase><testcase classname="backend.tests.test_user_management.TestUserCreation" name="test_create_supervisor_user" time="0.520"><failure message="AssertionError: assert 'Supervisor' in []&#10; +  where [] = &lt;built-in method get of dict object at 0xfcd0b82650c0&gt;('roles', [])&#10; +    where &lt;built-in method get of dict object at 0xfcd0b82650c0&gt; = {'access_token': 'eyJhbGciOiJIUzI1NiIsInR5cCI6IkpXVCJ9.eyJzdWIiOiI3ZjAyMzMzYS03OGJhLTQ4MTItODEzMC0yZmNlMzIwOGIzMmMiLCJlbWFpbCI6IlRFU1Rfc3VwZXJ2aXNvcl83OGYwNDM0NEBnZW50dXJpeC5jb20iLCJyb2xlcyI6WyJTdXBlcnZpc29yIl0sImNvbmRvbWluaXVtX2lkIjoiMjY3MTk1ZTUtYzE4Zi00Mzc0LWEzYTYtODAxNmNmZTcwZDg2IiwiZXhwIjoxNzY5NjM0NjgyLCJ0eXBlIjoiYWNjZXNzIn0.JCeYgACXrpIdw_eF3uyL5zteEpD0BEmM-f7I51sldEw', 'refresh_token': 'eyJhbGciOiJIUzI1NiIsInR5cCI6IkpXVCJ9.eyJzdWIiOiI3ZjAyMzMzYS03OGJhLTQ4MTItODEzMC0yZmNlMzIwOGIzMmMiLCJlbWFpbCI6IlRFU1Rfc3VwZXJ2aXNvcl83OGYwNDM0NEBnZW50dXJpeC5jb20iLCJyb2xlcyI6WyJTdXBlcnZpc29yIl0sImNvbmRvbWluaXVtX2lkIjoiMjY3MTk1ZTUtYzE4Zi00Mzc0LWEzYTYtODAxNmNmZTcwZDg2IiwiZXhwIjoxNzcwMjM3NjgyLCJ0eXBlIjoicmVmcmVzaCJ9.xJwT8Bq8W1I6_pEeotz7zt4iFdV0sT0Aq-Sk2P7LVzg', 'token_type': 'bearer', 'user': {'condominium_id': '267195e5-c18f-4374-a3a6-8016cfe70d86', 'created_at': '2026-01-28T20:41:22.578800+00:00', 'email': 'TEST_supervisor_78f04344@genturix.com', 'full_name': 'Test Supervisor 78f04344', ...}}.get">backend/tests/test_user_management.py:216: in test_create_supervisor_user
    assert "Supervisor" in login_data.get("roles", [])
E   AssertionError: assert 'Supervisor' in []
E    +  where [] = &lt;built-in method get of dict object at 0xfcd0b82650c0&gt;('roles', [])
E    +    where &lt;built-in method get of dict object at 0xfcd0b82650c0&gt; = {'access_token': 'eyJhbGciOiJIUzI1NiIsInR5cCI6IkpXVCJ9.eyJzdWIiOiI3ZjAyMzMzYS03OGJhLTQ4MTItODEzMC0yZmNlMzIwOGIzMmMiLCJlbWFpbCI6IlRFU1Rfc3VwZXJ2aXNvcl83OGYwNDM0NEBnZW50dXJpeC5jb20iLCJyb2xlcyI6WyJTdXBlcnZpc29yIl0sImNvbmRvbWluaXVtX2lkIjoiMjY3MTk1ZTUtYzE4Zi00Mzc0LWEzYTYtODAxNmNmZTcwZDg2IiwiZXhwIjoxNzY5NjM0NjgyLCJ0eXBlIjoiYWNjZXNzIn0.JCeYgACXrpIdw_eF3uyL5zteEpD0BEmM-f7I51sldEw', 'refresh_token': 'eyJhbGciOiJIUzI1NiIsInR5cCI6IkpXVCJ9.eyJzdWIiOiI3ZjAyMzMzYS03OGJhLTQ4MTItODEzMC0yZmNlMzIwOGIzMmMiLCJlbWFpbCI6IlRFU1Rfc3VwZXJ2aXNvcl83OGYwNDM0NEBnZW50dXJpeC5jb20iLCJyb2xlcyI6WyJTdXBlcnZpc29yIl0sImNvbmRvbWluaXVtX2lkIjoiMjY3MTk1ZTUtYzE4Zi00Mzc0LWEzYTYtODAxNmNmZTcwZDg2IiwiZXhwIjoxNzcwMjM3NjgyLCJ0eXBlIjoicmVmcmVzaCJ9.xJwT8Bq8W1I6_pEeotz7zt4iFdV0sT0Aq-Sk2P7LVzg', 'token_type': 'bearer', 'user': {'condominium_id': '267195e5-c18f-4374-a3a6-8016cfe70d86', 'created_at': '2026-01-28T20:41:22.578800+00:00', 'email': 'TEST_supervisor_78f04344@genturix.com', 'full_name': 'Test Supervisor 78f04344', ...}}.get</failure></testcase><testcase classname="backend.tests.test_user_management.TestUserCreation" name="test_create_estudiante_user" time="0.528"><failure message="AssertionError: assert 'Estudiante' in []&#10; +  where [] = &lt;built-in method get of dict object at 0xfcd0b8266cc0&gt;('roles', [])&#10; +    where &lt;built-in method get of dict object at 0xfcd0b8266cc0&gt; = {'access_token': 'eyJhbGciOiJIUzI1NiIsInR5cCI6IkpXVCJ9.eyJzdWIiOiI3YzQ2NzA5ZC03MDhjLTQ0MTUtYWEwZS1iMjY0YzJmYTdkOGIiLCJlbWFpbCI6IlRFU1RfZXN0dWRpYW50ZV8wOWIwZjgwOUBnZW50dXJpeC5jb20iLCJyb2xlcyI6WyJFc3R1ZGlhbnRlIl0sImNvbmRvbWluaXVtX2lkIjoiMjY3MTk1ZTUtYzE4Zi00Mzc0LWEzYTYtODAxNmNmZTcwZDg2IiwiZXhwIjoxNzY5NjM0NjgzLCJ0eXBlIjoiYWNjZXNzIn0.iePQPl75PHGh1AwZx4LZ8LFAMI3Vgao0TFDGrTiN_tw', 'refresh_token': 'eyJhbGciOiJIUzI1NiIsInR5cCI6IkpXVCJ9.eyJzdWIiOiI3YzQ2NzA5ZC03MDhjLTQ0MTUtYWEwZS1iMjY0YzJmYTdkOGIiLCJlbWFpbCI6IlRFU1RfZXN0dWRpYW50ZV8wOWIwZjgwOUBnZW50dXJpeC5jb20iLCJyb2xlcyI6WyJFc3R1ZGlhbnRlIl0sImNvbmRvbWluaXVtX2lkIjoiMjY3MTk1ZTUtYzE4Zi00Mzc0LWEzYTYtODAxNmNmZTcwZDg2IiwiZXhwIjoxNzcwMjM3NjgzLCJ0eXBlIjoicmVmcmVzaCJ9.5yHHFio3jtoYbCc0gU53HdypOikwOOqOWvjwFr1UKxQ', 'token_type': 'bearer', 'user': {'condominium_id': '267195e5-c18f-4374-a3a6-8016cfe70d86', 'created_at': '2026-01-28T20:41:23.111613+00:00', 'email': 'TEST_estudiante_09b0f809@genturix.com', 'full_name': 'Test Estudiante 09b0f809', ...}}.get">backend/tests/test_user_management.py:245: in test_create_estudiante_user
    assert "Estudiante" in login_data.get("roles", [])
E   AssertionError: assert 'Estudiante' in []
E    +  where [] = &lt;built-in method get of dict object at 0xfcd0b8266cc0&gt;('roles', [])
E    +    where &lt;built-in method get of dict object at 0xfcd0b8266cc0&gt; = {'access_token': 'eyJhbGciOiJIUzI1NiIsInR5cCI6IkpXVCJ9.eyJzdWIiOiI3YzQ2NzA5ZC03MDhjLTQ0MTUtYWEwZS1iMjY0YzJmYTdkOGIiLCJlbWFpbCI6IlRFU1RfZXN0dWRpYW50ZV8wOWIwZjgwOUBnZW50dXJpeC5jb20iLCJyb2xlcyI6WyJFc3R1ZGlhbnRlIl0sImNvbmRvbWluaXVtX2lkIjoiMjY3MTk1ZTUtYzE4Zi00Mzc0LWEzYTYtODAxNmNmZTcwZDg2IiwiZXhwIjoxNzY5NjM0NjgzLCJ0eXBlIjoiYWNjZXNzIn0.iePQPl75PHGh1AwZx4LZ8LFAMI3Vgao0TFDGrTiN_tw', 'refresh_token': 'eyJhbGciOiJIUzI1NiIsInR5cCI6IkpXVCJ9.eyJzdWIiOiI3YzQ2NzA5ZC03MDhjLTQ0MTUtYWEwZS1iMjY0YzJmYTdkOGIiLCJlbWFpbCI6IlRFU1RfZXN0dWRpYW50ZV8wOWIwZjgwOUBnZW50dXJpeC5jb20iLCJyb2xlcyI6WyJFc3R1ZGlhbnRlIl0sImNvbmRvbWluaXVtX2lkIjoiMjY3MTk1ZTUtYzE4Zi00Mzc0LWEzYTYtODAxNmNmZTcwZDg2IiwiZXhwIjoxNzcwMjM3NjgzLCJ0eXBlIjoicmVmcmVzaCJ9.5yHHFio3jtoYbCc0gU53HdypOikwOOqOWvjwFr1UKxQ', 'token_type': 'bearer', 'user': {'condominium_id': '267195e5-c18f-4374-a3a6-8016cfe70d86', 'created_at': '2026-01-28T20:41:23.111613+00:00', 'email': 'TEST_estudiante_09b0f809@genturix.com', 'full_name': 'Test Estudiante 09b0f809', ...}}.get</failure></testcase><testcase classname="backend.tests.test_user_management.TestUserCreation" name="test_cannot_create_superadmin" time="0.041" /><testcase classname="backend.tests.test_user_management.TestUserCreation" name="test_cannot_create_administrador" time="0.038" /><testcase classname="backend.tests.test_user_management.TestUserCreation" name="test_duplicate_email_rejected" time="0.052" /><testcase classname="backend.tests.test_user_management.TestUserList" name="test_get_all_users" time="0.293" /><testcase classname="backend.tests.test_user_management.TestUserList" name="test_filter_by_role_residente" time="0.037" /><testcase classname="backend.tests.test_user_management.TestUserList" name="test_filter_by_role_guarda" time="0.043" /><testcase classname="backend.tests.test_user_management.TestUserList" name="test_filter_by_role_hr" time="0.044" /><testcase classname="backend.tests.test_user_management.TestUserStatusToggle" name="test_deactivate_user" time="0.879" /><testcase classname="backend.tests.test_user_management.TestUserStatusToggle" name="test_activate_user" time="0.317" /><testcase classname="backend.tests.test_user_management.TestUserStatusToggle" name="test_cannot_deactivate_self" time="0.073" /><testcase classname="backend.tests.test_user_management.TestAuditLogging" name="test_user_creation_logged" time="0.618" /><testcase classname="backend.tests.test_user_management.TestAuditLogging" name="test_status_change_logged" time="0.347" /><testcase classname="backend.tests.test_user_management.TestSidebarNavigation" name="test_admin_has_users_access" time="0.335" /></testsuite></testsuites>