<?xml version="1.0" encoding="utf-8"?><testsuites name="pytest tests"><testsuite name="pytest" errors="0" failures="9" skipped="0" tests="9" time="2.935" timestamp="2026-02-02T18:04:15.168356+00:00" hostname="agent-env-ad4944af-3ee8-420d-b772-6d1717e3713e"><testcase classname="backend.tests.test_visitor_type_authorization.TestVisitorTypeAuthorization" name="test_create_delivery_authorization" time="0.346"><failure message="AssertionError: Failed to create delivery auth: {&quot;id&quot;:&quot;434ac331-3291-4813-a097-5bc1880e7005&quot;,&quot;visitor_name&quot;:&quot;TEST_Repartidor_Juan&quot;,&quot;identification_number&quot;:null,&quot;vehicle_plate&quot;:null,&quot;authorization_type&quot;:&quot;temporary&quot;,&quot;valid_from&quot;:&quot;2026-02-02&quot;,&quot;valid_to&quot;:&quot;2026-02-02&quot;,&quot;allowed_days&quot;:[],&quot;allowed_hours_from&quot;:null,&quot;allowed_hours_to&quot;:null,&quot;notes&quot;:null,&quot;color_code&quot;:&quot;yellow&quot;,&quot;is_active&quot;:true,&quot;status&quot;:&quot;pending&quot;,&quot;created_by&quot;:&quot;9b0064b5-5cd8-4694-9c90-17bf94c635ea&quot;,&quot;created_by_name&quot;:&quot;Ana Martínez&quot;,&quot;resident_apartment&quot;:&quot;N/A&quot;,&quot;condominium_id&quot;:&quot;46b9d344-a735-443a-8c9c-0e3d69c07824&quot;,&quot;created_at&quot;:&quot;2026-02-02T18:04:15.570125+00:00&quot;,&quot;updated_at&quot;:&quot;2026-02-02T18:04:15.570125+00:00&quot;,&quot;total_visits&quot;:0,&quot;last_visit&quot;:null,&quot;checked_in_at&quot;:null,&quot;checked_in_by&quot;:null,&quot;checked_in_by_name&quot;:null,&quot;visitor_type&quot;:&quot;delivery&quot;,&quot;company&quot;:&quot;Rappi&quot;,&quot;service_type&quot;:&quot;Comida&quot;}&#10;assert 200 == 201&#10; +  where 200 = &lt;Response [200]&gt;.status_code">backend/tests/test_visitor_type_authorization.py:74: in test_create_delivery_authorization
    assert response.status_code == 201, f"Failed to create delivery auth: {response.text}"
E   AssertionError: Failed to create delivery auth: {"id":"434ac331-3291-4813-a097-5bc1880e7005","visitor_name":"TEST_Repartidor_Juan","identification_number":null,"vehicle_plate":null,"authorization_type":"temporary","valid_from":"2026-02-02","valid_to":"2026-02-02","allowed_days":[],"allowed_hours_from":null,"allowed_hours_to":null,"notes":null,"color_code":"yellow","is_active":true,"status":"pending","created_by":"9b0064b5-5cd8-4694-9c90-17bf94c635ea","created_by_name":"Ana Martínez","resident_apartment":"N/A","condominium_id":"46b9d344-a735-443a-8c9c-0e3d69c07824","created_at":"2026-02-02T18:04:15.570125+00:00","updated_at":"2026-02-02T18:04:15.570125+00:00","total_visits":0,"last_visit":null,"checked_in_at":null,"checked_in_by":null,"checked_in_by_name":null,"visitor_type":"delivery","company":"Rappi","service_type":"Comida"}
E   assert 200 == 201
E    +  where 200 = &lt;Response [200]&gt;.status_code</failure></testcase><testcase classname="backend.tests.test_visitor_type_authorization.TestVisitorTypeAuthorization" name="test_create_maintenance_authorization" time="0.313"><failure message="AssertionError: Failed to create maintenance auth: {&quot;id&quot;:&quot;f4e0c1b0-d991-443a-b65c-0e09f3b55bf1&quot;,&quot;visitor_name&quot;:&quot;TEST_Tecnico_Pedro&quot;,&quot;identification_number&quot;:null,&quot;vehicle_plate&quot;:null,&quot;authorization_type&quot;:&quot;temporary&quot;,&quot;valid_from&quot;:&quot;2026-02-02&quot;,&quot;valid_to&quot;:&quot;2026-02-03&quot;,&quot;allowed_days&quot;:[],&quot;allowed_hours_from&quot;:null,&quot;allowed_hours_to&quot;:null,&quot;notes&quot;:null,&quot;color_code&quot;:&quot;yellow&quot;,&quot;is_active&quot;:true,&quot;status&quot;:&quot;pending&quot;,&quot;created_by&quot;:&quot;9b0064b5-5cd8-4694-9c90-17bf94c635ea&quot;,&quot;created_by_name&quot;:&quot;Ana Martínez&quot;,&quot;resident_apartment&quot;:&quot;N/A&quot;,&quot;condominium_id&quot;:&quot;46b9d344-a735-443a-8c9c-0e3d69c07824&quot;,&quot;created_at&quot;:&quot;2026-02-02T18:04:15.871065+00:00&quot;,&quot;updated_at&quot;:&quot;2026-02-02T18:04:15.871065+00:00&quot;,&quot;total_visits&quot;:0,&quot;last_visit&quot;:null,&quot;checked_in_at&quot;:null,&quot;checked_in_by&quot;:null,&quot;checked_in_by_name&quot;:null,&quot;visitor_type&quot;:&quot;maintenance&quot;,&quot;company&quot;:&quot;Plomeros Express&quot;,&quot;service_type&quot;:&quot;Plomería&quot;}&#10;assert 200 == 201&#10; +  where 200 = &lt;Response [200]&gt;.status_code">backend/tests/test_visitor_type_authorization.py:101: in test_create_maintenance_authorization
    assert response.status_code == 201, f"Failed to create maintenance auth: {response.text}"
E   AssertionError: Failed to create maintenance auth: {"id":"f4e0c1b0-d991-443a-b65c-0e09f3b55bf1","visitor_name":"TEST_Tecnico_Pedro","identification_number":null,"vehicle_plate":null,"authorization_type":"temporary","valid_from":"2026-02-02","valid_to":"2026-02-03","allowed_days":[],"allowed_hours_from":null,"allowed_hours_to":null,"notes":null,"color_code":"yellow","is_active":true,"status":"pending","created_by":"9b0064b5-5cd8-4694-9c90-17bf94c635ea","created_by_name":"Ana Martínez","resident_apartment":"N/A","condominium_id":"46b9d344-a735-443a-8c9c-0e3d69c07824","created_at":"2026-02-02T18:04:15.871065+00:00","updated_at":"2026-02-02T18:04:15.871065+00:00","total_visits":0,"last_visit":null,"checked_in_at":null,"checked_in_by":null,"checked_in_by_name":null,"visitor_type":"maintenance","company":"Plomeros Express","service_type":"Plomería"}
E   assert 200 == 201
E    +  where 200 = &lt;Response [200]&gt;.status_code</failure></testcase><testcase classname="backend.tests.test_visitor_type_authorization.TestVisitorTypeAuthorization" name="test_create_technical_authorization" time="0.284"><failure message="AssertionError: Failed to create technical auth: {&quot;id&quot;:&quot;4ebfff10-2d11-48eb-8522-b75e1e0023a2&quot;,&quot;visitor_name&quot;:&quot;TEST_Tecnico_Internet&quot;,&quot;identification_number&quot;:null,&quot;vehicle_plate&quot;:null,&quot;authorization_type&quot;:&quot;temporary&quot;,&quot;valid_from&quot;:&quot;2026-02-02&quot;,&quot;valid_to&quot;:&quot;2026-02-02&quot;,&quot;allowed_days&quot;:[],&quot;allowed_hours_from&quot;:null,&quot;allowed_hours_to&quot;:null,&quot;notes&quot;:null,&quot;color_code&quot;:&quot;yellow&quot;,&quot;is_active&quot;:true,&quot;status&quot;:&quot;pending&quot;,&quot;created_by&quot;:&quot;9b0064b5-5cd8-4694-9c90-17bf94c635ea&quot;,&quot;created_by_name&quot;:&quot;Ana Martínez&quot;,&quot;resident_apartment&quot;:&quot;N/A&quot;,&quot;condominium_id&quot;:&quot;46b9d344-a735-443a-8c9c-0e3d69c07824&quot;,&quot;created_at&quot;:&quot;2026-02-02T18:04:16.198815+00:00&quot;,&quot;updated_at&quot;:&quot;2026-02-02T18:04:16.198815+00:00&quot;,&quot;total_visits&quot;:0,&quot;last_visit&quot;:null,&quot;checked_in_at&quot;:null,&quot;checked_in_by&quot;:null,&quot;checked_in_by_name&quot;:null,&quot;visitor_type&quot;:&quot;technical&quot;,&quot;company&quot;:&quot;Claro&quot;,&quot;service_type&quot;:&quot;Internet/Cable&quot;}&#10;assert 200 == 201&#10; +  where 200 = &lt;Response [200]&gt;.status_code">backend/tests/test_visitor_type_authorization.py:126: in test_create_technical_authorization
    assert response.status_code == 201, f"Failed to create technical auth: {response.text}"
E   AssertionError: Failed to create technical auth: {"id":"4ebfff10-2d11-48eb-8522-b75e1e0023a2","visitor_name":"TEST_Tecnico_Internet","identification_number":null,"vehicle_plate":null,"authorization_type":"temporary","valid_from":"2026-02-02","valid_to":"2026-02-02","allowed_days":[],"allowed_hours_from":null,"allowed_hours_to":null,"notes":null,"color_code":"yellow","is_active":true,"status":"pending","created_by":"9b0064b5-5cd8-4694-9c90-17bf94c635ea","created_by_name":"Ana Martínez","resident_apartment":"N/A","condominium_id":"46b9d344-a735-443a-8c9c-0e3d69c07824","created_at":"2026-02-02T18:04:16.198815+00:00","updated_at":"2026-02-02T18:04:16.198815+00:00","total_visits":0,"last_visit":null,"checked_in_at":null,"checked_in_by":null,"checked_in_by_name":null,"visitor_type":"technical","company":"Claro","service_type":"Internet/Cable"}
E   assert 200 == 201
E    +  where 200 = &lt;Response [200]&gt;.status_code</failure></testcase><testcase classname="backend.tests.test_visitor_type_authorization.TestVisitorTypeAuthorization" name="test_create_cleaning_authorization" time="0.278"><failure message="AssertionError: Failed to create cleaning auth: {&quot;id&quot;:&quot;08fe008e-a850-4d46-8743-e73ef020eab2&quot;,&quot;visitor_name&quot;:&quot;TEST_Limpieza_Maria&quot;,&quot;identification_number&quot;:null,&quot;vehicle_plate&quot;:null,&quot;authorization_type&quot;:&quot;recurring&quot;,&quot;valid_from&quot;:null,&quot;valid_to&quot;:null,&quot;allowed_days&quot;:[&quot;Lunes&quot;,&quot;Miércoles&quot;,&quot;Viernes&quot;],&quot;allowed_hours_from&quot;:null,&quot;allowed_hours_to&quot;:null,&quot;notes&quot;:null,&quot;color_code&quot;:&quot;blue&quot;,&quot;is_active&quot;:true,&quot;status&quot;:&quot;pending&quot;,&quot;created_by&quot;:&quot;9b0064b5-5cd8-4694-9c90-17bf94c635ea&quot;,&quot;created_by_name&quot;:&quot;Ana Martínez&quot;,&quot;resident_apartment&quot;:&quot;N/A&quot;,&quot;condominium_id&quot;:&quot;46b9d344-a735-443a-8c9c-0e3d69c07824&quot;,&quot;created_at&quot;:&quot;2026-02-02T18:04:16.481797+00:00&quot;,&quot;updated_at&quot;:&quot;2026-02-02T18:04:16.481797+00:00&quot;,&quot;total_visits&quot;:0,&quot;last_visit&quot;:null,&quot;checked_in_at&quot;:null,&quot;checked_in_by&quot;:null,&quot;checked_in_by_name&quot;:null,&quot;visitor_type&quot;:&quot;cleaning&quot;,&quot;company&quot;:&quot;Limpieza Total&quot;,&quot;service_type&quot;:&quot;Apartamento&quot;}&#10;assert 200 == 201&#10; +  where 200 = &lt;Response [200]&gt;.status_code">backend/tests/test_visitor_type_authorization.py:150: in test_create_cleaning_authorization
    assert response.status_code == 201, f"Failed to create cleaning auth: {response.text}"
E   AssertionError: Failed to create cleaning auth: {"id":"08fe008e-a850-4d46-8743-e73ef020eab2","visitor_name":"TEST_Limpieza_Maria","identification_number":null,"vehicle_plate":null,"authorization_type":"recurring","valid_from":null,"valid_to":null,"allowed_days":["Lunes","Miércoles","Viernes"],"allowed_hours_from":null,"allowed_hours_to":null,"notes":null,"color_code":"blue","is_active":true,"status":"pending","created_by":"9b0064b5-5cd8-4694-9c90-17bf94c635ea","created_by_name":"Ana Martínez","resident_apartment":"N/A","condominium_id":"46b9d344-a735-443a-8c9c-0e3d69c07824","created_at":"2026-02-02T18:04:16.481797+00:00","updated_at":"2026-02-02T18:04:16.481797+00:00","total_visits":0,"last_visit":null,"checked_in_at":null,"checked_in_by":null,"checked_in_by_name":null,"visitor_type":"cleaning","company":"Limpieza Total","service_type":"Apartamento"}
E   assert 200 == 201
E    +  where 200 = &lt;Response [200]&gt;.status_code</failure></testcase><testcase classname="backend.tests.test_visitor_type_authorization.TestVisitorTypeAuthorization" name="test_create_other_authorization" time="0.272"><failure message="AssertionError: Failed to create other auth: {&quot;id&quot;:&quot;a3773210-ef4b-4757-964f-a0d32fcd9788&quot;,&quot;visitor_name&quot;:&quot;TEST_Otro_Servicio&quot;,&quot;identification_number&quot;:null,&quot;vehicle_plate&quot;:null,&quot;authorization_type&quot;:&quot;temporary&quot;,&quot;valid_from&quot;:&quot;2026-02-02&quot;,&quot;valid_to&quot;:&quot;2026-02-02&quot;,&quot;allowed_days&quot;:[],&quot;allowed_hours_from&quot;:null,&quot;allowed_hours_to&quot;:null,&quot;notes&quot;:null,&quot;color_code&quot;:&quot;yellow&quot;,&quot;is_active&quot;:true,&quot;status&quot;:&quot;pending&quot;,&quot;created_by&quot;:&quot;9b0064b5-5cd8-4694-9c90-17bf94c635ea&quot;,&quot;created_by_name&quot;:&quot;Ana Martínez&quot;,&quot;resident_apartment&quot;:&quot;N/A&quot;,&quot;condominium_id&quot;:&quot;46b9d344-a735-443a-8c9c-0e3d69c07824&quot;,&quot;created_at&quot;:&quot;2026-02-02T18:04:16.758610+00:00&quot;,&quot;updated_at&quot;:&quot;2026-02-02T18:04:16.758610+00:00&quot;,&quot;total_visits&quot;:0,&quot;last_visit&quot;:null,&quot;checked_in_at&quot;:null,&quot;checked_in_by&quot;:null,&quot;checked_in_by_name&quot;:null,&quot;visitor_type&quot;:&quot;other&quot;,&quot;company&quot;:&quot;Empresa XYZ&quot;,&quot;service_type&quot;:&quot;Otro&quot;}&#10;assert 200 == 201&#10; +  where 200 = &lt;Response [200]&gt;.status_code">backend/tests/test_visitor_type_authorization.py:176: in test_create_other_authorization
    assert response.status_code == 201, f"Failed to create other auth: {response.text}"
E   AssertionError: Failed to create other auth: {"id":"a3773210-ef4b-4757-964f-a0d32fcd9788","visitor_name":"TEST_Otro_Servicio","identification_number":null,"vehicle_plate":null,"authorization_type":"temporary","valid_from":"2026-02-02","valid_to":"2026-02-02","allowed_days":[],"allowed_hours_from":null,"allowed_hours_to":null,"notes":null,"color_code":"yellow","is_active":true,"status":"pending","created_by":"9b0064b5-5cd8-4694-9c90-17bf94c635ea","created_by_name":"Ana Martínez","resident_apartment":"N/A","condominium_id":"46b9d344-a735-443a-8c9c-0e3d69c07824","created_at":"2026-02-02T18:04:16.758610+00:00","updated_at":"2026-02-02T18:04:16.758610+00:00","total_visits":0,"last_visit":null,"checked_in_at":null,"checked_in_by":null,"checked_in_by_name":null,"visitor_type":"other","company":"Empresa XYZ","service_type":"Otro"}
E   assert 200 == 201
E    +  where 200 = &lt;Response [200]&gt;.status_code</failure></testcase><testcase classname="backend.tests.test_visitor_type_authorization.TestVisitorTypeAuthorization" name="test_create_visitor_authorization_default_type" time="0.268"><failure message="AssertionError: Failed to create visitor auth: {&quot;id&quot;:&quot;6dff4f5c-5537-4f07-a2b5-b21c8ae10c65&quot;,&quot;visitor_name&quot;:&quot;TEST_Visitante_Normal&quot;,&quot;identification_number&quot;:null,&quot;vehicle_plate&quot;:null,&quot;authorization_type&quot;:&quot;temporary&quot;,&quot;valid_from&quot;:&quot;2026-02-02&quot;,&quot;valid_to&quot;:&quot;2026-02-02&quot;,&quot;allowed_days&quot;:[],&quot;allowed_hours_from&quot;:null,&quot;allowed_hours_to&quot;:null,&quot;notes&quot;:null,&quot;color_code&quot;:&quot;yellow&quot;,&quot;is_active&quot;:true,&quot;status&quot;:&quot;pending&quot;,&quot;created_by&quot;:&quot;9b0064b5-5cd8-4694-9c90-17bf94c635ea&quot;,&quot;created_by_name&quot;:&quot;Ana Martínez&quot;,&quot;resident_apartment&quot;:&quot;N/A&quot;,&quot;condominium_id&quot;:&quot;46b9d344-a735-443a-8c9c-0e3d69c07824&quot;,&quot;created_at&quot;:&quot;2026-02-02T18:04:17.030892+00:00&quot;,&quot;updated_at&quot;:&quot;2026-02-02T18:04:17.030892+00:00&quot;,&quot;total_visits&quot;:0,&quot;last_visit&quot;:null,&quot;checked_in_at&quot;:null,&quot;checked_in_by&quot;:null,&quot;checked_in_by_name&quot;:null,&quot;visitor_type&quot;:&quot;visitor&quot;,&quot;company&quot;:null,&quot;service_type&quot;:null}&#10;assert 200 == 201&#10; +  where 200 = &lt;Response [200]&gt;.status_code">backend/tests/test_visitor_type_authorization.py:197: in test_create_visitor_authorization_default_type
    assert response.status_code == 201, f"Failed to create visitor auth: {response.text}"
E   AssertionError: Failed to create visitor auth: {"id":"6dff4f5c-5537-4f07-a2b5-b21c8ae10c65","visitor_name":"TEST_Visitante_Normal","identification_number":null,"vehicle_plate":null,"authorization_type":"temporary","valid_from":"2026-02-02","valid_to":"2026-02-02","allowed_days":[],"allowed_hours_from":null,"allowed_hours_to":null,"notes":null,"color_code":"yellow","is_active":true,"status":"pending","created_by":"9b0064b5-5cd8-4694-9c90-17bf94c635ea","created_by_name":"Ana Martínez","resident_apartment":"N/A","condominium_id":"46b9d344-a735-443a-8c9c-0e3d69c07824","created_at":"2026-02-02T18:04:17.030892+00:00","updated_at":"2026-02-02T18:04:17.030892+00:00","total_visits":0,"last_visit":null,"checked_in_at":null,"checked_in_by":null,"checked_in_by_name":null,"visitor_type":"visitor","company":null,"service_type":null}
E   assert 200 == 201
E    +  where 200 = &lt;Response [200]&gt;.status_code</failure></testcase><testcase classname="backend.tests.test_visitor_type_authorization.TestVisitorTypeAuthorization" name="test_get_authorization_returns_visitor_type_fields" time="0.272"><failure message="assert 200 == 201&#10; +  where 200 = &lt;Response [200]&gt;.status_code">backend/tests/test_visitor_type_authorization.py:222: in test_get_authorization_returns_visitor_type_fields
    assert create_response.status_code == 201
E   assert 200 == 201
E    +  where 200 = &lt;Response [200]&gt;.status_code</failure></testcase><testcase classname="backend.tests.test_visitor_type_authorization.TestVisitorTypeAuthorization" name="test_update_authorization_visitor_type" time="0.276"><failure message="assert 200 == 201&#10; +  where 200 = &lt;Response [200]&gt;.status_code">backend/tests/test_visitor_type_authorization.py:255: in test_update_authorization_visitor_type
    assert create_response.status_code == 201
E   assert 200 == 201
E    +  where 200 = &lt;Response [200]&gt;.status_code</failure></testcase><testcase classname="backend.tests.test_visitor_type_authorization.TestGuardViewsVisitorTypeAuthorizations" name="test_guard_sees_visitor_type_in_authorizations" time="0.502"><failure message="assert 200 == 201&#10; +  where 200 = &lt;Response [200]&gt;.status_code">backend/tests/test_visitor_type_authorization.py:332: in test_guard_sees_visitor_type_in_authorizations
    assert create_response.status_code == 201
E   assert 200 == 201
E    +  where 200 = &lt;Response [200]&gt;.status_code</failure></testcase></testsuite></testsuites>