<?xml version="1.0" encoding="utf-8"?><testsuites name="pytest tests"><testsuite name="pytest" errors="0" failures="2" skipped="0" tests="9" time="3.548" timestamp="2026-02-02T18:05:02.516371+00:00" hostname="agent-env-ad4944af-3ee8-420d-b772-6d1717e3713e"><testcase classname="backend.tests.test_visitor_type_authorization.TestVisitorTypeAuthorization" name="test_create_delivery_authorization" time="0.413" /><testcase classname="backend.tests.test_visitor_type_authorization.TestVisitorTypeAuthorization" name="test_create_maintenance_authorization" time="0.323" /><testcase classname="backend.tests.test_visitor_type_authorization.TestVisitorTypeAuthorization" name="test_create_technical_authorization" time="0.322" /><testcase classname="backend.tests.test_visitor_type_authorization.TestVisitorTypeAuthorization" name="test_create_cleaning_authorization" time="0.346" /><testcase classname="backend.tests.test_visitor_type_authorization.TestVisitorTypeAuthorization" name="test_create_other_authorization" time="0.333" /><testcase classname="backend.tests.test_visitor_type_authorization.TestVisitorTypeAuthorization" name="test_create_visitor_authorization_default_type" time="0.288" /><testcase classname="backend.tests.test_visitor_type_authorization.TestVisitorTypeAuthorization" name="test_get_authorization_returns_visitor_type_fields" time="0.358" /><testcase classname="backend.tests.test_visitor_type_authorization.TestVisitorTypeAuthorization" name="test_update_authorization_visitor_type" time="0.299"><failure message="AssertionError: Failed to update auth: {&quot;detail&quot;:&quot;Method Not Allowed&quot;}&#10;assert 405 == 200&#10; +  where 405 = &lt;Response [405]&gt;.status_code">backend/tests/test_visitor_type_authorization.py:267: in test_update_authorization_visitor_type
    assert update_response.status_code == 200, f"Failed to update auth: {update_response.text}"
E   AssertionError: Failed to update auth: {"detail":"Method Not Allowed"}
E   assert 405 == 200
E    +  where 405 = &lt;Response [405]&gt;.status_code</failure></testcase><testcase classname="backend.tests.test_visitor_type_authorization.TestGuardViewsVisitorTypeAuthorizations" name="test_guard_sees_visitor_type_in_authorizations" time="0.770"><failure message="assert 405 == 200&#10; +  where 405 = &lt;Response [405]&gt;.status_code">backend/tests/test_visitor_type_authorization.py:341: in test_guard_sees_visitor_type_in_authorizations
    assert guard_response.status_code == 200
E   assert 405 == 200
E    +  where 405 = &lt;Response [405]&gt;.status_code</failure></testcase></testsuite></testsuites>