<?xml version="1.0" encoding="utf-8"?><testsuites name="pytest tests"><testsuite name="pytest" errors="0" failures="13" skipped="3" tests="25" time="21.682" timestamp="2026-01-31T02:02:28.407471+00:00" hostname="agent-env-d0567e0b-175a-44ca-83b1-39e6606feb48"><testcase classname="backend.tests.test_visitor_authorizations.TestVisitorAuthorizationSystem" name="test_01_admin_login" time="1.152" /><testcase classname="backend.tests.test_visitor_authorizations.TestVisitorAuthorizationSystem" name="test_02_guard_login" time="1.062" /><testcase classname="backend.tests.test_visitor_authorizations.TestVisitorAuthorizationSystem" name="test_03_resident_login" time="1.061"><failure message="AssertionError: Resident login failed: {&quot;detail&quot;:&quot;Invalid email or password&quot;}&#10;assert 401 == 200&#10; +  where 401 = &lt;Response [401]&gt;.status_code">backend/tests/test_visitor_authorizations.py:83: in test_03_resident_login
    assert resp.status_code == 200, f"Resident login failed: {resp.text}"
E   AssertionError: Resident login failed: {"detail":"Invalid email or password"}
E   assert 401 == 200
E    +  where 401 = &lt;Response [401]&gt;.status_code</failure></testcase><testcase classname="backend.tests.test_visitor_authorizations.TestVisitorAuthorizationSystem" name="test_10_create_permanent_authorization" time="0.827"><failure message="AssertionError: Create permanent auth failed: {&quot;detail&quot;:&quot;Invalid or expired token&quot;}&#10;assert 401 == 200&#10; +  where 401 = &lt;Response [401]&gt;.status_code">backend/tests/test_visitor_authorizations.py:105: in test_10_create_permanent_authorization
    assert resp.status_code == 200, f"Create permanent auth failed: {resp.text}"
E   AssertionError: Create permanent auth failed: {"detail":"Invalid or expired token"}
E   assert 401 == 200
E    +  where 401 = &lt;Response [401]&gt;.status_code</failure></testcase><testcase classname="backend.tests.test_visitor_authorizations.TestVisitorAuthorizationSystem" name="test_11_create_recurring_authorization" time="0.819"><failure message="AssertionError: Create recurring auth failed: {&quot;detail&quot;:&quot;Invalid or expired token&quot;}&#10;assert 401 == 200&#10; +  where 401 = &lt;Response [401]&gt;.status_code">backend/tests/test_visitor_authorizations.py:132: in test_11_create_recurring_authorization
    assert resp.status_code == 200, f"Create recurring auth failed: {resp.text}"
E   AssertionError: Create recurring auth failed: {"detail":"Invalid or expired token"}
E   assert 401 == 200
E    +  where 401 = &lt;Response [401]&gt;.status_code</failure></testcase><testcase classname="backend.tests.test_visitor_authorizations.TestVisitorAuthorizationSystem" name="test_12_create_temporary_authorization" time="0.848"><failure message="AssertionError: Create temporary auth failed: {&quot;detail&quot;:&quot;Invalid or expired token&quot;}&#10;assert 401 == 200&#10; +  where 401 = &lt;Response [401]&gt;.status_code">backend/tests/test_visitor_authorizations.py:161: in test_12_create_temporary_authorization
    assert resp.status_code == 200, f"Create temporary auth failed: {resp.text}"
E   AssertionError: Create temporary auth failed: {"detail":"Invalid or expired token"}
E   assert 401 == 200
E    +  where 401 = &lt;Response [401]&gt;.status_code</failure></testcase><testcase classname="backend.tests.test_visitor_authorizations.TestVisitorAuthorizationSystem" name="test_13_create_extended_authorization" time="0.823"><failure message="AssertionError: Create extended auth failed: {&quot;detail&quot;:&quot;Invalid or expired token&quot;}&#10;assert 401 == 200&#10; +  where 401 = &lt;Response [401]&gt;.status_code">backend/tests/test_visitor_authorizations.py:192: in test_13_create_extended_authorization
    assert resp.status_code == 200, f"Create extended auth failed: {resp.text}"
E   AssertionError: Create extended auth failed: {"detail":"Invalid or expired token"}
E   assert 401 == 200
E    +  where 401 = &lt;Response [401]&gt;.status_code</failure></testcase><testcase classname="backend.tests.test_visitor_authorizations.TestVisitorAuthorizationSystem" name="test_20_resident_get_my_authorizations" time="0.822"><failure message="AssertionError: Get my authorizations failed: {&quot;detail&quot;:&quot;Invalid or expired token&quot;}&#10;assert 401 == 200&#10; +  where 401 = &lt;Response [401]&gt;.status_code">backend/tests/test_visitor_authorizations.py:211: in test_20_resident_get_my_authorizations
    assert resp.status_code == 200, f"Get my authorizations failed: {resp.text}"
E   AssertionError: Get my authorizations failed: {"detail":"Invalid or expired token"}
E   assert 401 == 200
E    +  where 401 = &lt;Response [401]&gt;.status_code</failure></testcase><testcase classname="backend.tests.test_visitor_authorizations.TestVisitorAuthorizationSystem" name="test_21_resident_get_active_authorizations" time="0.823"><failure message="assert 401 == 200&#10; +  where 401 = &lt;Response [401]&gt;.status_code">backend/tests/test_visitor_authorizations.py:232: in test_21_resident_get_active_authorizations
    assert resp.status_code == 200
E   assert 401 == 200
E    +  where 401 = &lt;Response [401]&gt;.status_code</failure></testcase><testcase classname="backend.tests.test_visitor_authorizations.TestVisitorAuthorizationSystem" name="test_30_guard_search_by_name" time="0.825"><failure message="assert 0 &gt;= 1&#10; +  where 0 = len([])">backend/tests/test_visitor_authorizations.py:253: in test_30_guard_search_by_name
    assert len(data) &gt;= 1
E   assert 0 &gt;= 1
E    +  where 0 = len([])</failure></testcase><testcase classname="backend.tests.test_visitor_authorizations.TestVisitorAuthorizationSystem" name="test_31_guard_search_by_plate" time="0.818"><failure message="AssertionError: assert 'ABC123' in []">backend/tests/test_visitor_authorizations.py:270: in test_31_guard_search_by_plate
    assert "ABC123" in plates
E   AssertionError: assert 'ABC123' in []</failure></testcase><testcase classname="backend.tests.test_visitor_authorizations.TestVisitorAuthorizationSystem" name="test_32_guard_search_by_id" time="0.844"><failure message="AssertionError: assert 'V-12345678' in []">backend/tests/test_visitor_authorizations.py:285: in test_32_guard_search_by_id
    assert "V-12345678" in ids
E   AssertionError: assert 'V-12345678' in []</failure></testcase><testcase classname="backend.tests.test_visitor_authorizations.TestVisitorAuthorizationSystem" name="test_40_guard_checkin_with_authorization" time="0.795"><skipped type="pytest.skip" message="No authorizations created">/app/backend/tests/test_visitor_authorizations.py:295: No authorizations created</skipped></testcase><testcase classname="backend.tests.test_visitor_authorizations.TestVisitorAuthorizationSystem" name="test_41_guard_checkin_manual" time="0.828" /><testcase classname="backend.tests.test_visitor_authorizations.TestVisitorAuthorizationSystem" name="test_50_guard_get_visitors_inside" time="0.827"><failure message="AssertionError: Expected at least 2 test visitors inside, got 1&#10;assert 1 &gt;= 2&#10; +  where 1 = len([{'authorization_id': None, 'authorization_type': 'manual', 'color_code': 'gray', 'condominium_id': 'c09e4070-b602-438f-9ee0-e8ea31e23045', ...}])">backend/tests/test_visitor_authorizations.py:358: in test_50_guard_get_visitors_inside
    assert len(test_visitors) &gt;= 2, f"Expected at least 2 test visitors inside, got {len(test_visitors)}"
E   AssertionError: Expected at least 2 test visitors inside, got 1
E   assert 1 &gt;= 2
E    +  where 1 = len([{'authorization_id': None, 'authorization_type': 'manual', 'color_code': 'gray', 'condominium_id': 'c09e4070-b602-438f-9ee0-e8ea31e23045', ...}])</failure></testcase><testcase classname="backend.tests.test_visitor_authorizations.TestVisitorAuthorizationSystem" name="test_60_guard_checkout" time="0.842" /><testcase classname="backend.tests.test_visitor_authorizations.TestVisitorAuthorizationSystem" name="test_61_checkout_already_exited_fails" time="0.810" /><testcase classname="backend.tests.test_visitor_authorizations.TestVisitorAuthorizationSystem" name="test_70_resident_gets_notifications" time="0.841"><failure message="AssertionError: Get notifications failed: {&quot;detail&quot;:&quot;Invalid or expired token&quot;}&#10;assert 401 == 200&#10; +  where 401 = &lt;Response [401]&gt;.status_code">backend/tests/test_visitor_authorizations.py:413: in test_70_resident_gets_notifications
    assert resp.status_code == 200, f"Get notifications failed: {resp.text}"
E   AssertionError: Get notifications failed: {"detail":"Invalid or expired token"}
E   assert 401 == 200
E    +  where 401 = &lt;Response [401]&gt;.status_code</failure></testcase><testcase classname="backend.tests.test_visitor_authorizations.TestVisitorAuthorizationSystem" name="test_80_get_authorization_history" time="0.868" /><testcase classname="backend.tests.test_visitor_authorizations.TestVisitorAuthorizationSystem" name="test_81_get_authorization_stats" time="0.876" /><testcase classname="backend.tests.test_visitor_authorizations.TestVisitorAuthorizationSystem" name="test_90_resident_update_authorization" time="0.788"><skipped type="pytest.skip" message="Not enough authorizations created">/app/backend/tests/test_visitor_authorizations.py:466: Not enough authorizations created</skipped></testcase><testcase classname="backend.tests.test_visitor_authorizations.TestVisitorAuthorizationSystem" name="test_91_resident_delete_authorization" time="0.793"><skipped type="pytest.skip" message="Not enough authorizations created">/app/backend/tests/test_visitor_authorizations.py:490: Not enough authorizations created</skipped></testcase><testcase classname="backend.tests.test_visitor_authorizations.TestVisitorAuthorizationSystem" name="test_95_guard_cannot_create_authorization" time="0.827" /><testcase classname="backend.tests.test_visitor_authorizations.TestVisitorAuthorizationSystem" name="test_96_resident_cannot_access_guard_endpoints" time="0.844"><failure message="AssertionError: Expected 403, got 401&#10;assert 401 == 403&#10; +  where 401 = &lt;Response [401]&gt;.status_code">backend/tests/test_visitor_authorizations.py:535: in test_96_resident_cannot_access_guard_endpoints
    assert resp.status_code == 403, f"Expected 403, got {resp.status_code}"
E   AssertionError: Expected 403, got 401
E   assert 401 == 403
E    +  where 401 = &lt;Response [401]&gt;.status_code</failure></testcase><testcase classname="backend.tests.test_visitor_authorizations.TestVisitorAuthorizationSystem" name="test_99_cleanup_test_data" time="0.827" /></testsuite></testsuites>