<?xml version="1.0" encoding="utf-8"?><testsuites name="pytest tests"><testsuite name="pytest" errors="0" failures="0" skipped="2" tests="17" time="5.373" timestamp="2026-02-17T10:56:23.335735+00:00" hostname="agent-env-7e275610-be01-4c70-addb-fd1961c52c11"><testcase classname="backend.tests.test_admin_password_reset.TestAdminPasswordResetEndpoint" name="test_reset_password_for_resident_returns_success" time="1.173" /><testcase classname="backend.tests.test_admin_password_reset.TestAdminPasswordResetEndpoint" name="test_reset_password_for_guard_returns_success" time="0.437" /><testcase classname="backend.tests.test_admin_password_reset.TestAdminPasswordResetEndpoint" name="test_cannot_reset_own_password" time="0.447" /><testcase classname="backend.tests.test_admin_password_reset.TestAdminPasswordResetEndpoint" name="test_cannot_reset_superadmin_password" time="0.102"><skipped type="pytest.skip" message="No SuperAdmin found in user list">/app/backend/tests/test_admin_password_reset.py:151: No SuperAdmin found in user list</skipped></testcase><testcase classname="backend.tests.test_admin_password_reset.TestAdminPasswordResetEndpoint" name="test_admin_cannot_reset_other_admin_password" time="0.203"><skipped type="pytest.skip" message="No other admin found">/app/backend/tests/test_admin_password_reset.py:180: No other admin found</skipped></testcase><testcase classname="backend.tests.test_admin_password_reset.TestAdminPasswordResetEndpoint" name="test_resident_cannot_access_reset_endpoint" time="0.511" /><testcase classname="backend.tests.test_admin_password_reset.TestAdminPasswordResetEndpoint" name="test_reset_nonexistent_user_returns_404" time="0.113" /><testcase classname="backend.tests.test_admin_password_reset.TestVerifyResetTokenEndpoint" name="test_verify_invalid_token_returns_invalid" time="0.140" /><testcase classname="backend.tests.test_admin_password_reset.TestVerifyResetTokenEndpoint" name="test_verify_empty_token_returns_invalid" time="0.134" /><testcase classname="backend.tests.test_admin_password_reset.TestVerifyResetTokenEndpoint" name="test_verify_malformed_jwt_returns_invalid" time="0.105" /><testcase classname="backend.tests.test_admin_password_reset.TestCompletePasswordResetEndpoint" name="test_complete_with_invalid_token_returns_error" time="0.109" /><testcase classname="backend.tests.test_admin_password_reset.TestCompletePasswordResetEndpoint" name="test_complete_with_weak_password_returns_error" time="0.150" /><testcase classname="backend.tests.test_admin_password_reset.TestCompletePasswordResetEndpoint" name="test_complete_without_token_returns_validation_error" time="0.098" /><testcase classname="backend.tests.test_admin_password_reset.TestCompletePasswordResetEndpoint" name="test_complete_without_password_returns_validation_error" time="0.115" /><testcase classname="backend.tests.test_admin_password_reset.TestPasswordResetFullFlow" name="test_reset_invalidates_existing_sessions" time="0.519" /><testcase classname="backend.tests.test_admin_password_reset.TestPasswordResetFullFlow" name="test_reset_sets_password_reset_required_flag" time="0.509" /><testcase classname="backend.tests.test_admin_password_reset.TestAuditLogging" name="test_reset_creates_audit_log" time="0.433" /></testsuite></testsuites>