<?xml version="1.0" encoding="utf-8"?><testsuites name="pytest tests"><testsuite name="pytest" errors="0" failures="1" skipped="0" tests="31" time="11.039" timestamp="2026-01-29T08:19:48.506227+00:00" hostname="agent-env-a8da02f4-967b-4dbd-aeff-1909fb1e185f"><testcase classname="backend.tests.test_genturix_consolidation.TestAuthentication" name="test_admin_login" time="0.310" /><testcase classname="backend.tests.test_genturix_consolidation.TestAuthentication" name="test_guard_login" time="0.266" /><testcase classname="backend.tests.test_genturix_consolidation.TestAuthentication" name="test_resident_login" time="0.264" /><testcase classname="backend.tests.test_genturix_consolidation.TestAuthentication" name="test_superadmin_login" time="0.272" /><testcase classname="backend.tests.test_genturix_consolidation.TestPart1ProfileSystem" name="test_get_profile_admin" time="0.298" /><testcase classname="backend.tests.test_genturix_consolidation.TestPart1ProfileSystem" name="test_update_profile_photo" time="0.366" /><testcase classname="backend.tests.test_genturix_consolidation.TestPart1ProfileSystem" name="test_profile_has_condominium_info" time="0.306" /><testcase classname="backend.tests.test_genturix_consolidation.TestPart2GuardNavigation" name="test_guard_can_access_panic_events" time="0.306" /><testcase classname="backend.tests.test_genturix_consolidation.TestPart2GuardNavigation" name="test_guard_can_access_pending_visitors" time="0.294" /><testcase classname="backend.tests.test_genturix_consolidation.TestPart2GuardNavigation" name="test_guard_can_access_my_shift" time="0.332" /><testcase classname="backend.tests.test_genturix_consolidation.TestPart2GuardNavigation" name="test_guard_can_access_my_absences" time="0.308" /><testcase classname="backend.tests.test_genturix_consolidation.TestPart2GuardNavigation" name="test_guard_can_access_history" time="0.305" /><testcase classname="backend.tests.test_genturix_consolidation.TestPart2GuardNavigation" name="test_guard_can_access_profile" time="0.301" /><testcase classname="backend.tests.test_genturix_consolidation.TestPart2GuardNavigation" name="test_guard_can_access_directory" time="0.291" /><testcase classname="backend.tests.test_genturix_consolidation.TestPart3ModuleVisibility" name="test_get_condominium_modules" time="0.297" /><testcase classname="backend.tests.test_genturix_consolidation.TestPart3ModuleVisibility" name="test_module_toggle_school_disable" time="0.324" /><testcase classname="backend.tests.test_genturix_consolidation.TestPart3ModuleVisibility" name="test_module_toggle_reservations_enable" time="0.391" /><testcase classname="backend.tests.test_genturix_consolidation.TestPart3ModuleVisibility" name="test_disabled_module_returns_403" time="0.586" /><testcase classname="backend.tests.test_genturix_consolidation.TestPart4ReservationsModule" name="test_admin_can_get_areas" time="0.290" /><testcase classname="backend.tests.test_genturix_consolidation.TestPart4ReservationsModule" name="test_admin_can_create_area" time="0.628"><failure message="assert None == 'TEST_Piscina Principal'&#10; +  where None = &lt;built-in method get of dict object at 0xfc109baca240&gt;('name')&#10; +    where &lt;built-in method get of dict object at 0xfc109baca240&gt; = {'area_id': '8a84651d-6023-4052-bd1f-f894b6d66a60', 'message': &quot;Área 'TEST_Piscina Principal' creada exitosamente&quot;}.get">backend/tests/test_genturix_consolidation.py:334: in test_admin_can_create_area
    assert data.get("name") == area_data["name"]
E   assert None == 'TEST_Piscina Principal'
E    +  where None = &lt;built-in method get of dict object at 0xfc109baca240&gt;('name')
E    +    where &lt;built-in method get of dict object at 0xfc109baca240&gt; = {'area_id': '8a84651d-6023-4052-bd1f-f894b6d66a60', 'message': "Área 'TEST_Piscina Principal' creada exitosamente"}.get</failure></testcase><testcase classname="backend.tests.test_genturix_consolidation.TestPart4ReservationsModule" name="test_resident_can_view_areas" time="0.661" /><testcase classname="backend.tests.test_genturix_consolidation.TestPart4ReservationsModule" name="test_guard_can_view_today_reservations" time="0.290" /><testcase classname="backend.tests.test_genturix_consolidation.TestPart5SchoolToggle" name="test_school_module_can_be_disabled" time="0.327" /><testcase classname="backend.tests.test_genturix_consolidation.TestPart5SchoolToggle" name="test_school_module_can_be_enabled" time="0.327" /><testcase classname="backend.tests.test_genturix_consolidation.TestPart5SchoolToggle" name="test_school_toggle_persists" time="0.368" /><testcase classname="backend.tests.test_genturix_consolidation.TestPart6DataConsistency" name="test_panic_events_scoped_by_condominium" time="0.294" /><testcase classname="backend.tests.test_genturix_consolidation.TestPart6DataConsistency" name="test_visitors_scoped_by_condominium" time="0.295" /><testcase classname="backend.tests.test_genturix_consolidation.TestPart6DataConsistency" name="test_guards_scoped_by_condominium" time="0.294" /><testcase classname="backend.tests.test_genturix_consolidation.TestPart6DataConsistency" name="test_directory_scoped_by_condominium" time="0.294" /><testcase classname="backend.tests.test_genturix_consolidation.TestPart6DataConsistency" name="test_reservations_scoped_by_condominium" time="0.660" /><testcase classname="backend.tests.test_genturix_consolidation.TestCleanup" name="test_cleanup_test_areas" time="0.328" /></testsuite></testsuites>