<?xml version="1.0" encoding="utf-8"?><testsuites name="pytest tests"><testsuite name="pytest" errors="0" failures="0" skipped="0" tests="33" time="6.460" timestamp="2026-01-31T02:51:16.373051+00:00" hostname="agent-env-d0567e0b-175a-44ca-83b1-39e6606feb48"><testcase classname="backend.tests.test_crud_forms.TestAuthentication" name="test_admin_login" time="0.381" /><testcase classname="backend.tests.test_crud_forms.TestAuthentication" name="test_hr_login" time="0.268" /><testcase classname="backend.tests.test_crud_forms.TestAuthentication" name="test_guard_login" time="0.262" /><testcase classname="backend.tests.test_crud_forms.TestAuthentication" name="test_resident_login" time="0.277" /><testcase classname="backend.tests.test_crud_forms.TestUserManagementCRUD" name="test_create_resident_user_validation" time="0.582" /><testcase classname="backend.tests.test_crud_forms.TestUserManagementCRUD" name="test_create_guard_user_validation" time="0.306" /><testcase classname="backend.tests.test_crud_forms.TestUserManagementCRUD" name="test_update_user_status" time="0.078" /><testcase classname="backend.tests.test_crud_forms.TestAreasCRUD" name="test_create_area" time="0.345" /><testcase classname="backend.tests.test_crud_forms.TestAreasCRUD" name="test_get_areas" time="0.038" /><testcase classname="backend.tests.test_crud_forms.TestAreasCRUD" name="test_update_area" time="0.144" /><testcase classname="backend.tests.test_crud_forms.TestAreasCRUD" name="test_delete_area" time="0.082" /><testcase classname="backend.tests.test_crud_forms.TestReservationsCRUD" name="test_resident_creates_reservation" time="0.613" /><testcase classname="backend.tests.test_crud_forms.TestReservationsCRUD" name="test_admin_approves_reservation" time="0.041" /><testcase classname="backend.tests.test_crud_forms.TestVisitorAuthorizationsCRUD" name="test_create_single_visit_authorization" time="0.299" /><testcase classname="backend.tests.test_crud_forms.TestVisitorAuthorizationsCRUD" name="test_create_recurring_authorization" time="0.043" /><testcase classname="backend.tests.test_crud_forms.TestVisitorAuthorizationsCRUD" name="test_create_temporary_authorization" time="0.042" /><testcase classname="backend.tests.test_crud_forms.TestVisitorAuthorizationsCRUD" name="test_create_permanent_authorization" time="0.040" /><testcase classname="backend.tests.test_crud_forms.TestVisitorAuthorizationsCRUD" name="test_get_my_authorizations" time="0.039" /><testcase classname="backend.tests.test_crud_forms.TestVisitorAuthorizationsCRUD" name="test_update_authorization" time="0.078" /><testcase classname="backend.tests.test_crud_forms.TestVisitorAuthorizationsCRUD" name="test_deactivate_authorization" time="0.081" /><testcase classname="backend.tests.test_crud_forms.TestVisitorAuthorizationsCRUD" name="test_guard_checkin_flow" time="0.342" /><testcase classname="backend.tests.test_crud_forms.TestVisitorAuthorizationsCRUD" name="test_guard_checkout_flow" time="0.075" /><testcase classname="backend.tests.test_crud_forms.TestHRModuleCRUD" name="test_hr_creates_absence_request" time="0.301" /><testcase classname="backend.tests.test_crud_forms.TestHRModuleCRUD" name="test_hr_approves_absence" time="0.041" /><testcase classname="backend.tests.test_crud_forms.TestHRModuleCRUD" name="test_hr_creates_evaluation" time="0.037" /><testcase classname="backend.tests.test_crud_forms.TestHRModuleCRUD" name="test_guard_clock_in" time="0.397" /><testcase classname="backend.tests.test_crud_forms.TestHRModuleCRUD" name="test_guard_clock_out" time="0.073" /><testcase classname="backend.tests.test_crud_forms.TestSecurityModule" name="test_resident_triggers_panic_alert" time="0.299" /><testcase classname="backend.tests.test_crud_forms.TestSecurityModule" name="test_guard_resolves_panic_alert" time="0.296" /><testcase classname="backend.tests.test_crud_forms.TestSecurityModule" name="test_get_alert_history" time="0.078" /><testcase classname="backend.tests.test_crud_forms.TestErrorHandling" name="test_missing_required_fields" time="0.302" /><testcase classname="backend.tests.test_crud_forms.TestErrorHandling" name="test_invalid_email_format" time="0.046" /><testcase classname="backend.tests.test_crud_forms.TestErrorHandling" name="test_short_password" time="0.038" /></testsuite></testsuites>