<?xml version="1.0" encoding="utf-8"?><testsuites name="pytest tests"><testsuite name="pytest" errors="0" failures="0" skipped="0" tests="12" time="3.343" timestamp="2026-02-17T23:51:02.398730+00:00" hostname="agent-env-7e275610-be01-4c70-addb-fd1961c52c11"><testcase classname="backend.tests.test_demo_production_environment.TestBillingInfoEnvironmentFields" name="test_billing_info_includes_environment_field" time="0.557" /><testcase classname="backend.tests.test_demo_production_environment.TestBillingInfoEnvironmentFields" name="test_billing_info_includes_is_demo_field" time="0.142" /><testcase classname="backend.tests.test_demo_production_environment.TestBillingInfoEnvironmentFields" name="test_billing_info_includes_billing_enabled_field" time="0.152" /><testcase classname="backend.tests.test_demo_production_environment.TestBillingInfoEnvironmentFields" name="test_demo_condo_has_billing_disabled" time="0.121" /><testcase classname="backend.tests.test_demo_production_environment.TestDemoCondoCannotUpgradeSeats" name="test_upgrade_seats_rejected_for_demo_condo" time="0.303" /><testcase classname="backend.tests.test_demo_production_environment.TestDemoCondoCannotUpgradeSeats" name="test_upgrade_seats_error_message_contains_demo" time="0.257" /><testcase classname="backend.tests.test_demo_production_environment.TestCondominiumCreationWithEnvironment" name="test_create_demo_condominium_has_10_seats_hardcoded" time="0.586" /><testcase classname="backend.tests.test_demo_production_environment.TestCondominiumCreationWithEnvironment" name="test_create_demo_condominium_has_billing_disabled" time="0.270" /><testcase classname="backend.tests.test_demo_production_environment.TestCondominiumCreationWithEnvironment" name="test_create_production_condominium_has_billing_enabled" time="0.303" /><testcase classname="backend.tests.test_demo_production_environment.TestCondominiumCreationWithEnvironment" name="test_create_production_condominium_uses_max_users_as_paid_seats" time="0.313" /><testcase classname="backend.tests.test_demo_production_environment.TestCondominiumListEnvironmentBadges" name="test_condominiums_list_includes_environment" time="0.133" /><testcase classname="backend.tests.test_demo_production_environment.TestTenantEnvironmentEndpoint" name="test_tenant_environment_returns_correct_format" time="0.148" /></testsuite></testsuites>