<?xml version="1.0" encoding="utf-8"?><testsuites name="pytest tests"><testsuite name="pytest" errors="1" failures="0" skipped="0" tests="13" time="9.408" timestamp="2026-02-19T09:33:51.023692+00:00" hostname="agent-env-be5c1e54-6faa-408e-9443-708466aa6f22"><testcase classname="backend.tests.test_duplicate_visitor_entry_prevention.TestHealthAndLogin" name="test_health_endpoint" time="0.203" /><testcase classname="backend.tests.test_duplicate_visitor_entry_prevention.TestHealthAndLogin" name="test_guard_login" time="0.329" /><testcase classname="backend.tests.test_duplicate_visitor_entry_prevention.TestHealthAndLogin" name="test_resident_login" time="0.331" /><testcase classname="backend.tests.test_duplicate_visitor_entry_prevention.TestPhase1AuthorizationDuplicatePrevention" name="test_create_authorization_and_checkin_success" time="1.128" /><testcase classname="backend.tests.test_duplicate_visitor_entry_prevention.TestPhase1AuthorizationDuplicatePrevention" name="test_checkin_after_checkout_allowed_for_recurring" time="1.193" /><testcase classname="backend.tests.test_duplicate_visitor_entry_prevention.TestPhase2ManualEntryDuplicatePrevention" name="test_manual_entry_duplicate_blocked" time="0.672" /><testcase classname="backend.tests.test_duplicate_visitor_entry_prevention.TestPhase2ManualEntryDuplicatePrevention" name="test_different_names_allowed" time="0.750" /><testcase classname="backend.tests.test_duplicate_visitor_entry_prevention.TestPhase2ManualEntryDuplicatePrevention" name="test_manual_entry_after_checkout_allowed" time="1.100" /><testcase classname="backend.tests.test_duplicate_visitor_entry_prevention.TestPhase3IsVisitorInsideFlag" name="test_is_visitor_inside_flag_in_response" time="0.748" /><testcase classname="backend.tests.test_duplicate_visitor_entry_prevention.TestPhase3IsVisitorInsideFlag" name="test_is_visitor_inside_true_when_checked_in" time="1.866" /><testcase classname="backend.tests.test_duplicate_visitor_entry_prevention.TestVisitorsInsideEndpoint" name="test_get_visitors_inside" time="0.443" /><testcase classname="backend.tests.test_duplicate_visitor_entry_prevention.TestErrorHandling" name="test_checkin_nonexistent_authorization" time="0.454" /><testcase classname="backend.tests.test_duplicate_visitor_entry_prevention.TestErrorHandling" name="test_checkin_empty_visitor_name_manual" time="0.097"><error message="failed on setup with &quot;AssertionError: Login failed for guarda1@genturix.com: {&quot;error&quot;:&quot;Too many login attempts. Please try again later.&quot;,&quot;detail&quot;:&quot;Too many login attempts. Please try again later.&quot;,&quot;request_id&quot;:&quot;94b0c444-67bd-4a61-a968-b1cf95e0e8cf&quot;}&#10;assert 429 == 200&#10; +  where 429 = &lt;Response [429]&gt;.status_code&quot;">backend/tests/test_duplicate_visitor_entry_prevention.py:542: in setup
    self.guard_token = TestSetup.get_auth_token(GUARD_EMAIL, GUARD_PASSWORD)
                       ^^^^^^^^^^^^^^^^^^^^^^^^^^^^^^^^^^^^^^^^^^^^^^^^^^^^^
backend/tests/test_duplicate_visitor_entry_prevention.py:40: in get_auth_token
    assert response.status_code == 200, f"Login failed for {email}: {response.text}"
E   AssertionError: Login failed for guarda1@genturix.com: {"error":"Too many login attempts. Please try again later.","detail":"Too many login attempts. Please try again later.","request_id":"94b0c444-67bd-4a61-a968-b1cf95e0e8cf"}
E   assert 429 == 200
E    +  where 429 = &lt;Response [429]&gt;.status_code</error></testcase></testsuite></testsuites>