<?xml version="1.0" encoding="utf-8"?><testsuites name="pytest tests"><testsuite name="pytest" errors="0" failures="0" skipped="0" tests="9" time="7.918" timestamp="2026-01-30T23:06:09.279651+00:00" hostname="agent-env-cddfb830-adaf-4673-ba72-fdf691377269"><testcase classname="backend.tests.test_email_credentials.TestEmailCredentialsFeature" name="test_create_user_without_email_credentials" time="0.801" /><testcase classname="backend.tests.test_email_credentials.TestEmailCredentialsFeature" name="test_create_user_with_email_credentials" time="0.776" /><testcase classname="backend.tests.test_email_credentials.TestEmailCredentialsFeature" name="test_login_returns_password_reset_required_flag" time="0.506" /><testcase classname="backend.tests.test_email_credentials.TestEmailCredentialsFeature" name="test_change_password_endpoint" time="1.781" /><testcase classname="backend.tests.test_email_credentials.TestEmailCredentialsFeature" name="test_change_password_clears_reset_flag" time="1.449" /><testcase classname="backend.tests.test_email_credentials.TestEmailCredentialsFeature" name="test_change_password_validation" time="1.214" /><testcase classname="backend.tests.test_email_credentials.TestEmailCredentialsFeature" name="test_generate_temporary_password_format" time="0.544" /><testcase classname="backend.tests.test_email_credentials.TestEmailCredentialsFeature" name="test_email_status_in_response" time="0.496" /><testcase classname="backend.tests.test_email_credentials.TestEmailCredentialsAuditLog" name="test_user_created_audit_log" time="0.296" /></testsuite></testsuites>