<?xml version="1.0" encoding="utf-8"?><testsuites name="pytest tests"><testsuite name="pytest" errors="0" failures="1" skipped="1" tests="14" time="4.070" timestamp="2026-01-31T08:40:13.342256+00:00" hostname="agent-env-74a9ce5f-4472-4da4-9994-bf365e4f0714"><testcase classname="backend.tests.test_final_hardening.TestEmailNormalization" name="test_login_lowercase_email" time="0.365" /><testcase classname="backend.tests.test_final_hardening.TestEmailNormalization" name="test_login_uppercase_email" time="0.266" /><testcase classname="backend.tests.test_final_hardening.TestEmailNormalization" name="test_login_mixed_case_email" time="0.266" /><testcase classname="backend.tests.test_final_hardening.TestEmailNormalization" name="test_login_superadmin_uppercase" time="0.266" /><testcase classname="backend.tests.test_final_hardening.TestSuperAdminModuleToggle" name="test_get_condominiums" time="0.305" /><testcase classname="backend.tests.test_final_hardening.TestSuperAdminModuleToggle" name="test_toggle_module_hr" time="0.346" /><testcase classname="backend.tests.test_final_hardening.TestSuperAdminModuleToggle" name="test_refresh_condo_data" time="0.305" /><testcase classname="backend.tests.test_final_hardening.TestHRShiftDeletion" name="test_create_and_delete_shift" time="0.299"><skipped type="pytest.skip" message="No guards available">/app/backend/tests/test_final_hardening.py:162: No guards available</skipped></testcase><testcase classname="backend.tests.test_final_hardening.TestHRShiftDeletion" name="test_delete_nonexistent_shift" time="0.293" /><testcase classname="backend.tests.test_final_hardening.TestResidentReservations" name="test_get_reservation_areas" time="0.302" /><testcase classname="backend.tests.test_final_hardening.TestResidentReservations" name="test_create_reservation" time="0.601"><failure message="AssertionError: Create reservation failed: {&quot;detail&quot;:&quot;Ya existe una reservaciÃ³n en ese horario&quot;}&#10;assert 409 in [200, 201]&#10; +  where 409 = &lt;Response [409]&gt;.status_code">backend/tests/test_final_hardening.py:286: in test_create_reservation
    assert response.status_code in [200, 201], f"Create reservation failed: {response.text}"
E   AssertionError: Create reservation failed: {"detail":"Ya existe una reservaciÃ³n en ese horario"}
E   assert 409 in [200, 201]
E    +  where 409 = &lt;Response [409]&gt;.status_code</failure></testcase><testcase classname="backend.tests.test_final_hardening.TestGuardLogin" name="test_guard_login_lowercase" time="0.044" /><testcase classname="backend.tests.test_final_hardening.TestGuardLogin" name="test_guard_login_uppercase" time="0.033" /><testcase classname="backend.tests.test_final_hardening.TestProfileLogout" name="test_logout_endpoint" time="0.294" /></testsuite></testsuites>