<?xml version="1.0" encoding="utf-8"?><testsuites name="pytest tests"><testsuite name="pytest" errors="0" failures="0" skipped="0" tests="17" time="6.092" timestamp="2026-01-29T05:20:14.290634+00:00" hostname="agent-env-33d14462-7d32-49aa-83b7-cbafd413ab9e"><testcase classname="backend.tests.test_guard_absence_requests.TestGuardAbsenceRequests" name="test_01_guard_login_success" time="0.330" /><testcase classname="backend.tests.test_guard_absence_requests.TestGuardAbsenceRequests" name="test_02_hr_login_success" time="0.260" /><testcase classname="backend.tests.test_guard_absence_requests.TestGuardAbsenceRequests" name="test_03_guard_can_create_absence_request" time="0.277" /><testcase classname="backend.tests.test_guard_absence_requests.TestGuardAbsenceRequests" name="test_04_guard_absence_has_correct_source_field" time="0.270" /><testcase classname="backend.tests.test_guard_absence_requests.TestGuardAbsenceRequests" name="test_05_guard_can_view_own_absences" time="0.271" /><testcase classname="backend.tests.test_guard_absence_requests.TestGuardAbsenceRequests" name="test_06_guard_my_absences_scoped_by_user" time="0.273" /><testcase classname="backend.tests.test_guard_absence_requests.TestGuardAbsenceRequests" name="test_07_hr_can_view_all_absences" time="0.278" /><testcase classname="backend.tests.test_guard_absence_requests.TestGuardAbsenceRequests" name="test_08_hr_can_approve_absence" time="0.537" /><testcase classname="backend.tests.test_guard_absence_requests.TestGuardAbsenceRequests" name="test_09_hr_can_reject_absence" time="0.564" /><testcase classname="backend.tests.test_guard_absence_requests.TestGuardAbsenceRequests" name="test_10_hr_cannot_approve_already_processed" time="0.512" /><testcase classname="backend.tests.test_guard_absence_requests.TestGuardAbsenceRequests" name="test_11_absence_requires_reason" time="0.291" /><testcase classname="backend.tests.test_guard_absence_requests.TestGuardAbsenceRequests" name="test_12_absence_date_validation" time="0.274" /><testcase classname="backend.tests.test_guard_absence_requests.TestGuardAbsenceRequests" name="test_13_absence_request_creates_audit_log" time="0.271" /><testcase classname="backend.tests.test_guard_absence_requests.TestGuardAbsenceRequests" name="test_14_guard_sees_updated_status" time="0.745" /><testcase classname="backend.tests.test_guard_absence_requests.TestGuardAbsencePermissions" name="test_guard_cannot_approve_absences" time="0.291" /><testcase classname="backend.tests.test_guard_absence_requests.TestGuardAbsencePermissions" name="test_guard_cannot_reject_absences" time="0.304" /><testcase classname="backend.tests.test_guard_absence_requests.TestGuardAbsencePermissions" name="test_hr_can_access_approve_endpoint" time="0.272" /></testsuite></testsuites>