<?xml version="1.0" encoding="utf-8"?><testsuites name="pytest tests"><testsuite name="pytest" errors="0" failures="0" skipped="0" tests="7" time="2.477" timestamp="2026-02-02T15:50:06.814102+00:00" hostname="agent-env-d71c44a0-98c8-4b40-b36e-ca3c0e2376c2"><testcase classname="backend.tests.test_guard_manual_checkin.TestGuardManualCheckIn" name="test_01_guard_login" time="0.301" /><testcase classname="backend.tests.test_guard_manual_checkin.TestGuardManualCheckIn" name="test_02_manual_checkin_creates_real_record" time="0.600" /><testcase classname="backend.tests.test_guard_manual_checkin.TestGuardManualCheckIn" name="test_03_verify_entry_in_visitors_inside" time="0.313" /><testcase classname="backend.tests.test_guard_manual_checkin.TestGuardManualCheckIn" name="test_04_verify_entry_in_history" time="0.342" /><testcase classname="backend.tests.test_guard_manual_checkin.TestGuardManualCheckIn" name="test_05_checkout_visitor" time="0.307" /><testcase classname="backend.tests.test_guard_manual_checkin.TestGuardManualCheckIn" name="test_06_entries_today_shows_entry" time="0.277" /><testcase classname="backend.tests.test_guard_manual_checkin.TestGuardCheckInWithToast" name="test_manual_checkin_response_message" time="0.270" /></testsuite></testsuites>