<?xml version="1.0" encoding="utf-8"?><testsuites name="pytest tests"><testsuite name="pytest" errors="0" failures="0" skipped="0" tests="11" time="3.946" timestamp="2026-01-29T03:59:10.428936+00:00" hostname="agent-env-33d14462-7d32-49aa-83b7-cbafd413ab9e"><testcase classname="backend.tests.test_guard_clock_flow.TestGuardClockFlow" name="test_01_admin_login" time="0.406" /><testcase classname="backend.tests.test_guard_clock_flow.TestGuardClockFlow" name="test_02_guard_login" time="0.275" /><testcase classname="backend.tests.test_guard_clock_flow.TestGuardClockFlow" name="test_03_create_shift_for_guard" time="0.321" /><testcase classname="backend.tests.test_guard_clock_flow.TestGuardClockFlow" name="test_04_guard_my_shift_returns_current_shift" time="0.271" /><testcase classname="backend.tests.test_guard_clock_flow.TestGuardClockFlow" name="test_05_clock_in_updates_shift_to_in_progress" time="0.574" /><testcase classname="backend.tests.test_guard_clock_flow.TestGuardClockFlow" name="test_06_clock_out_marks_shift_completed" time="0.526" /><testcase classname="backend.tests.test_guard_clock_flow.TestGuardClockFlow" name="test_07_overlap_validation_excludes_completed_shifts" time="0.278" /><testcase classname="backend.tests.test_guard_clock_flow.TestGuardClockFlow" name="test_08_my_shift_after_clock_out_shows_no_current_shift" time="0.277" /><testcase classname="backend.tests.test_guard_clock_flow.TestClockInWithoutShift" name="test_clock_in_without_shift_returns_400" time="0.277" /><testcase classname="backend.tests.test_guard_clock_flow.TestDoubleClockIn" name="test_double_clock_in_returns_400" time="0.304" /><testcase classname="backend.tests.test_guard_clock_flow.TestClockOutWithoutClockIn" name="test_clock_out_without_clock_in_returns_400" time="0.331" /></testsuite></testsuites>