<?xml version="1.0" encoding="utf-8"?><testsuites name="pytest tests"><testsuite name="pytest" errors="0" failures="0" skipped="0" tests="14" time="3.906" timestamp="2026-01-30T22:14:17.694301+00:00" hostname="agent-env-45247bc9-54d6-46b0-b966-e7570a12466c"><testcase classname="backend.tests.test_hr_evaluations.TestHRPerformanceEvaluations" name="test_01_admin_login" time="0.355" /><testcase classname="backend.tests.test_hr_evaluations.TestHRPerformanceEvaluations" name="test_02_get_evaluable_employees" time="0.282" /><testcase classname="backend.tests.test_hr_evaluations.TestHRPerformanceEvaluations" name="test_03_get_evaluations_list" time="0.325" /><testcase classname="backend.tests.test_hr_evaluations.TestHRPerformanceEvaluations" name="test_04_create_evaluation_success" time="0.296" /><testcase classname="backend.tests.test_hr_evaluations.TestHRPerformanceEvaluations" name="test_05_get_specific_evaluation" time="0.288" /><testcase classname="backend.tests.test_hr_evaluations.TestHRPerformanceEvaluations" name="test_06_evaluation_categories_validation" time="0.341" /><testcase classname="backend.tests.test_hr_evaluations.TestHRPerformanceEvaluations" name="test_07_cannot_evaluate_self" time="0.282" /><testcase classname="backend.tests.test_hr_evaluations.TestHRPerformanceEvaluations" name="test_08_audit_log_records_evaluation" time="0.312" /><testcase classname="backend.tests.test_hr_evaluations.TestHRPerformanceEvaluations" name="test_09_employee_evaluation_summary" time="0.301" /><testcase classname="backend.tests.test_hr_evaluations.TestHRPerformanceEvaluations" name="test_10_guards_endpoint_returns_employees" time="0.313" /><testcase classname="backend.tests.test_hr_evaluations.TestEvaluationPermissions" name="test_01_superadmin_can_access_evaluations" time="0.275" /><testcase classname="backend.tests.test_hr_evaluations.TestEvaluationPermissions" name="test_02_unauthenticated_cannot_access" time="0.035" /><testcase classname="backend.tests.test_hr_evaluations.TestEvaluationPermissions" name="test_03_invalid_token_rejected" time="0.038" /><testcase classname="backend.tests.test_hr_evaluations.TestEvaluationDataIntegrity" name="test_01_create_and_verify_persistence" time="0.326" /></testsuite></testsuites>