<?xml version="1.0" encoding="utf-8"?><testsuites name="pytest tests"><testsuite name="pytest" errors="0" failures="0" skipped="0" tests="16" time="4.135" timestamp="2026-02-01T11:22:42.581348+00:00" hostname="agent-env-d95a81bd-5912-4844-b673-c65fe18aa0c2"><testcase classname="backend.tests.test_hr_integrity_validation.TestHRIntegrityValidation" name="test_01_validate_integrity_endpoint_exists" time="0.095" /><testcase classname="backend.tests.test_hr_integrity_validation.TestHRIntegrityValidation" name="test_02_validate_integrity_returns_structure" time="0.324" /><testcase classname="backend.tests.test_hr_integrity_validation.TestHRIntegrityValidation" name="test_03_validate_integrity_detects_issues" time="0.279" /><testcase classname="backend.tests.test_hr_integrity_validation.TestHRIntegrityValidation" name="test_04_cleanup_requires_superadmin" time="0.270" /><testcase classname="backend.tests.test_hr_integrity_validation.TestHRIntegrityValidation" name="test_05_cleanup_dry_run_mode" time="0.271" /><testcase classname="backend.tests.test_hr_integrity_validation.TestHRIntegrityValidation" name="test_06_evaluable_employees_endpoint_exists" time="0.269" /><testcase classname="backend.tests.test_hr_integrity_validation.TestHRIntegrityValidation" name="test_07_evaluable_employees_returns_valid_only" time="0.308" /><testcase classname="backend.tests.test_hr_integrity_validation.TestHRIntegrityValidation" name="test_08_evaluable_employees_no_duplicates" time="0.267" /><testcase classname="backend.tests.test_hr_integrity_validation.TestHRIntegrityValidation" name="test_09_get_guards_default_filters_invalid" time="0.307" /><testcase classname="backend.tests.test_hr_integrity_validation.TestHRIntegrityValidation" name="test_10_get_guards_include_invalid_flag" time="0.312" /><testcase classname="backend.tests.test_hr_integrity_validation.TestHRIntegrityValidation" name="test_11_guards_have_validation_status" time="0.261" /><testcase classname="backend.tests.test_hr_integrity_validation.TestHRIntegrityValidation" name="test_12_can_create_evaluation_for_valid_employee" time="0.291" /><testcase classname="backend.tests.test_hr_integrity_validation.TestHRIntegrityValidation" name="test_13_api_service_methods_exist" time="0.000" /><testcase classname="backend.tests.test_hr_integrity_validation.TestFrontendNoEmployeeDuplicates" name="test_01_no_duplicate_employees_in_guards_list" time="0.263" /><testcase classname="backend.tests.test_hr_integrity_validation.TestFrontendNoEmployeeDuplicates" name="test_02_no_duplicate_employees_in_evaluable_list" time="0.267" /><testcase classname="backend.tests.test_hr_integrity_validation.TestFrontendNoEmployeeDuplicates" name="test_03_all_evaluable_employees_have_evaluar_button" time="0.271" /></testsuite></testsuites>