<?xml version="1.0" encoding="utf-8"?><testsuites name="pytest tests"><testsuite name="pytest" errors="0" failures="0" skipped="0" tests="30" time="7.506" timestamp="2026-01-28T18:59:41.697956+00:00" hostname="agent-env-2f098034-c741-4bd7-8c39-be0cd21df305"><testcase classname="backend.tests.test_hr_recruitment.TestAuth" name="test_super_admin_login" time="0.331" /><testcase classname="backend.tests.test_hr_recruitment.TestAuth" name="test_admin_login" time="0.269" /><testcase classname="backend.tests.test_hr_recruitment.TestHRCandidates" name="test_create_candidate_success" time="0.310" /><testcase classname="backend.tests.test_hr_recruitment.TestHRCandidates" name="test_create_candidate_supervisor_position" time="0.039" /><testcase classname="backend.tests.test_hr_recruitment.TestHRCandidates" name="test_get_candidates_list" time="0.046" /><testcase classname="backend.tests.test_hr_recruitment.TestHRCandidates" name="test_get_candidates_filter_by_status" time="0.039" /><testcase classname="backend.tests.test_hr_recruitment.TestHRCandidates" name="test_get_candidates_filter_by_position" time="0.039" /><testcase classname="backend.tests.test_hr_recruitment.TestHRCandidates" name="test_get_candidate_by_id" time="0.079" /><testcase classname="backend.tests.test_hr_recruitment.TestHRCandidates" name="test_get_candidate_not_found" time="0.054" /><testcase classname="backend.tests.test_hr_recruitment.TestHRCandidates" name="test_update_candidate_status_to_interview" time="0.085" /><testcase classname="backend.tests.test_hr_recruitment.TestHRCandidates" name="test_update_candidate_invalid_status" time="0.082" /><testcase classname="backend.tests.test_hr_recruitment.TestHireCandidateFlow" name="test_hire_candidate_full_flow" time="0.604" /><testcase classname="backend.tests.test_hr_recruitment.TestHireCandidateFlow" name="test_hire_candidate_already_hired" time="0.377" /><testcase classname="backend.tests.test_hr_recruitment.TestHireCandidateFlow" name="test_hire_candidate_duplicate_badge" time="0.368" /><testcase classname="backend.tests.test_hr_recruitment.TestRejectCandidate" name="test_reject_candidate_success" time="0.110" /><testcase classname="backend.tests.test_hr_recruitment.TestRejectCandidate" name="test_reject_already_hired" time="0.339" /><testcase classname="backend.tests.test_hr_recruitment.TestEmployeeManagement" name="test_create_employee_directly" time="0.267" /><testcase classname="backend.tests.test_hr_recruitment.TestEmployeeManagement" name="test_create_employee_duplicate_email" time="0.295" /><testcase classname="backend.tests.test_hr_recruitment.TestEmployeeManagement" name="test_deactivate_employee" time="0.331" /><testcase classname="backend.tests.test_hr_recruitment.TestEmployeeManagement" name="test_activate_employee" time="0.383" /><testcase classname="backend.tests.test_hr_recruitment.TestAdminUserCreation" name="test_admin_create_resident" time="0.262" /><testcase classname="backend.tests.test_hr_recruitment.TestAdminUserCreation" name="test_admin_create_hr_user" time="0.266" /><testcase classname="backend.tests.test_hr_recruitment.TestAdminUserCreation" name="test_admin_create_guard_user" time="0.261" /><testcase classname="backend.tests.test_hr_recruitment.TestAdminUserCreation" name="test_admin_create_invalid_role" time="0.055" /><testcase classname="backend.tests.test_hr_recruitment.TestAdminUserCreation" name="test_admin_get_users" time="0.036" /><testcase classname="backend.tests.test_hr_recruitment.TestAdminUserCreation" name="test_admin_get_users_filter_by_role" time="0.035" /><testcase classname="backend.tests.test_hr_recruitment.TestSuperAdminCondoAdmin" name="test_super_admin_create_condo_admin" time="0.874" /><testcase classname="backend.tests.test_hr_recruitment.TestSuperAdminCondoAdmin" name="test_super_admin_create_condo_admin_invalid_condo" time="0.039" /><testcase classname="backend.tests.test_hr_recruitment.TestHRRole" name="test_hr_role_in_enum" time="0.525" /><testcase classname="backend.tests.test_hr_recruitment.TestHRRole" name="test_hr_user_can_access_candidates" time="0.559" /></testsuite></testsuites>