<?xml version="1.0" encoding="utf-8"?><testsuites name="pytest tests"><testsuite name="pytest" errors="0" failures="0" skipped="0" tests="18" time="2.268" timestamp="2026-02-02T20:32:34.568972+00:00" hostname="agent-env-50680b83-78be-477e-85a6-d801b83bca32"><testcase classname="tests.test_invitation_access_requests.TestInvitationAccessRequests" name="test_create_invitation_7_days_single_use" time="0.372" /><testcase classname="tests.test_invitation_access_requests.TestInvitationAccessRequests" name="test_create_invitation_30_days_unlimited" time="0.043" /><testcase classname="tests.test_invitation_access_requests.TestInvitationAccessRequests" name="test_create_invitation_90_days_fixed_uses" time="0.046" /><testcase classname="tests.test_invitation_access_requests.TestInvitationAccessRequests" name="test_create_invitation_365_days" time="0.042" /><testcase classname="tests.test_invitation_access_requests.TestInvitationAccessRequests" name="test_get_invitations_list" time="0.045" /><testcase classname="tests.test_invitation_access_requests.TestInvitationAccessRequests" name="test_revoke_invitation" time="0.166" /><testcase classname="tests.test_invitation_access_requests.TestInvitationAccessRequests" name="test_get_public_invitation_info" time="0.077" /><testcase classname="tests.test_invitation_access_requests.TestInvitationAccessRequests" name="test_invalid_token_returns_404" time="0.034" /><testcase classname="tests.test_invitation_access_requests.TestInvitationAccessRequests" name="test_revoked_invitation_returns_error" time="0.133" /><testcase classname="tests.test_invitation_access_requests.TestInvitationAccessRequests" name="test_submit_access_request" time="0.127" /><testcase classname="tests.test_invitation_access_requests.TestInvitationAccessRequests" name="test_duplicate_email_rejected" time="0.127" /><testcase classname="tests.test_invitation_access_requests.TestInvitationAccessRequests" name="test_access_requests_count" time="0.039" /><testcase classname="tests.test_invitation_access_requests.TestInvitationAccessRequests" name="test_get_access_requests_list" time="0.037" /><testcase classname="tests.test_invitation_access_requests.TestInvitationAccessRequests" name="test_filter_access_requests_by_status" time="0.039" /><testcase classname="tests.test_invitation_access_requests.TestInvitationAccessRequests" name="test_approve_access_request" time="0.404" /><testcase classname="tests.test_invitation_access_requests.TestInvitationAccessRequests" name="test_reject_access_request" time="0.158" /><testcase classname="tests.test_invitation_access_requests.TestInvitationAccessRequests" name="test_check_request_status" time="0.118" /><testcase classname="tests.test_invitation_access_requests.TestInvitationAccessRequests" name="test_single_use_invitation_limit" time="0.167" /></testsuite></testsuites>