<?xml version="1.0" encoding="utf-8"?><testsuites name="pytest tests"><testsuite name="pytest" errors="0" failures="0" skipped="0" tests="12" time="4.656" timestamp="2026-02-01T12:38:50.270783+00:00" hostname="agent-env-cd896623-9f4c-4aaa-8860-c3f5a22c2883"><testcase classname="backend.tests.test_manual_access_log_fix.TestManualAccessLogFix" name="test_admin_login_success" time="0.644" /><testcase classname="backend.tests.test_manual_access_log_fix.TestManualAccessLogFix" name="test_guard_login_success" time="0.520" /><testcase classname="backend.tests.test_manual_access_log_fix.TestManualAccessLogFix" name="test_admin_creates_access_log_persists" time="0.586" /><testcase classname="backend.tests.test_manual_access_log_fix.TestManualAccessLogFix" name="test_guard_creates_access_log_persists" time="0.579" /><testcase classname="backend.tests.test_manual_access_log_fix.TestManualAccessLogFix" name="test_audit_log_created_for_manual_access" time="0.598" /><testcase classname="backend.tests.test_manual_access_log_fix.TestManualAccessLogFix" name="test_no_duplicate_records_created" time="0.578" /><testcase classname="backend.tests.test_manual_access_log_fix.TestManualAccessLogFix" name="test_multi_tenant_isolation_admin_sees_own_condo_logs" time="0.039" /><testcase classname="backend.tests.test_manual_access_log_fix.TestManualAccessLogFix" name="test_guard_sees_admin_created_logs_same_condo" time="0.579" /><testcase classname="backend.tests.test_manual_access_log_fix.TestManualAccessLogFix" name="test_exit_access_type_sets_status_outside" time="0.043" /><testcase classname="backend.tests.test_manual_access_log_fix.TestAccessLogEndpointValidation" name="test_create_access_log_requires_auth" time="0.031" /><testcase classname="backend.tests.test_manual_access_log_fix.TestAccessLogEndpointValidation" name="test_create_access_log_requires_valid_role" time="0.333" /><testcase classname="backend.tests.test_manual_access_log_fix.TestAccessLogEndpointValidation" name="test_get_access_logs_returns_list" time="0.044" /></testsuite></testsuites>