<?xml version="1.0" encoding="utf-8"?><testsuites name="pytest tests"><testsuite name="pytest" errors="0" failures="0" skipped="1" tests="13" time="4.077" timestamp="2026-02-01T10:39:52.472420+00:00" hostname="agent-env-d95a81bd-5912-4844-b673-c65fe18aa0c2"><testcase classname="backend.tests.test_notifications_badge.TestNotificationsBadge" name="test_01_get_notifications_returns_list" time="0.353" /><testcase classname="backend.tests.test_notifications_badge.TestNotificationsBadge" name="test_02_notifications_have_read_field" time="0.276" /><testcase classname="backend.tests.test_notifications_badge.TestNotificationsBadge" name="test_03_notifications_unread_only_filter" time="0.310" /><testcase classname="backend.tests.test_notifications_badge.TestNotificationsBadge" name="test_04_get_unread_count_returns_count" time="0.277" /><testcase classname="backend.tests.test_notifications_badge.TestNotificationsBadge" name="test_05_unread_count_matches_filtered_list" time="0.325" /><testcase classname="backend.tests.test_notifications_badge.TestNotificationsBadge" name="test_06_mark_single_notification_as_read" time="0.317"><skipped type="pytest.skip" message="No unread notifications to test">/app/backend/tests/test_notifications_badge.py:145: No unread notifications to test</skipped></testcase><testcase classname="backend.tests.test_notifications_badge.TestNotificationsBadge" name="test_07_marked_notification_has_read_true" time="0.270" /><testcase classname="backend.tests.test_notifications_badge.TestNotificationsBadge" name="test_08_mark_all_notifications_as_read" time="0.359" /><testcase classname="backend.tests.test_notifications_badge.TestNotificationsBadge" name="test_09_unread_list_empty_after_mark_all" time="0.321" /><testcase classname="backend.tests.test_notifications_badge.TestNotificationsBadge" name="test_10_read_status_persists_after_refresh" time="0.578" /><testcase classname="backend.tests.test_notifications_badge.TestNotificationsBadge" name="test_11_superadmin_can_access_notifications" time="0.320" /><testcase classname="backend.tests.test_notifications_badge.TestNotificationsBadge" name="test_12_mark_nonexistent_notification_returns_404" time="0.267" /><testcase classname="backend.tests.test_notifications_badge.TestNotificationsBadge" name="test_13_unauthenticated_access_returns_401" time="0.038" /></testsuite></testsuites>