<?xml version="1.0" encoding="utf-8"?><testsuites name="pytest tests"><testsuite name="pytest" errors="0" failures="0" skipped="0" tests="11" time="11.403" timestamp="2026-02-17T08:56:09.177129+00:00" hostname="agent-env-d553b5dc-53d4-4be6-a97d-14890b5e7f0c"><testcase classname="backend.tests.test_p0_panic_module_access.TestPanicAlertSending" name="test_resident_can_trigger_panic_alert" time="1.469" /><testcase classname="backend.tests.test_p0_panic_module_access.TestPanicAlertSending" name="test_panic_works_without_gps" time="1.183" /><testcase classname="backend.tests.test_p0_panic_module_access.TestPanicAlertSending" name="test_panic_works_with_gps" time="1.306" /><testcase classname="backend.tests.test_p0_panic_module_access.TestPanicBypassesSecurityModule" name="test_panic_works_when_security_module_disabled" time="1.300" /><testcase classname="backend.tests.test_p0_panic_module_access.TestHRModuleAccessControl" name="test_hr_guards_returns_403_when_hr_disabled" time="0.859" /><testcase classname="backend.tests.test_p0_panic_module_access.TestHRModuleAccessControl" name="test_hr_guards_works_when_hr_enabled" time="0.809" /><testcase classname="backend.tests.test_p0_panic_module_access.TestHRModuleAccessControl" name="test_hr_shifts_returns_403_when_hr_disabled" time="0.845" /><testcase classname="backend.tests.test_p0_panic_module_access.TestSecurityModuleAccessControl" name="test_security_access_logs_returns_403_when_disabled" time="1.215" /><testcase classname="backend.tests.test_p0_panic_module_access.TestSecurityModuleAccessControl" name="test_security_access_logs_works_when_enabled" time="1.502" /><testcase classname="backend.tests.test_p0_panic_module_access.TestTokenStorageIntegration" name="test_login_returns_valid_tokens" time="0.391" /><testcase classname="backend.tests.test_p0_panic_module_access.TestTokenStorageIntegration" name="test_token_works_for_authenticated_requests" time="0.441" /></testsuite></testsuites>