<?xml version="1.0" encoding="utf-8"?><testsuites name="pytest tests"><testsuite name="pytest" errors="0" failures="0" skipped="0" tests="12" time="4.100" timestamp="2026-01-29T04:44:10.366886+00:00" hostname="agent-env-33d14462-7d32-49aa-83b7-cbafd413ab9e"><testcase classname="backend.tests.test_panic_hr_features.TestAuthentication" name="test_guard_login" time="0.309" /><testcase classname="backend.tests.test_panic_hr_features.TestAuthentication" name="test_hr_login" time="0.263" /><testcase classname="backend.tests.test_panic_hr_features.TestPanicAlertFeatures" name="test_get_panic_events" time="0.298" /><testcase classname="backend.tests.test_panic_hr_features.TestPanicAlertFeatures" name="test_panic_event_has_location_data" time="0.297" /><testcase classname="backend.tests.test_panic_hr_features.TestPanicAlertFeatures" name="test_resolve_panic_with_notes" time="0.371" /><testcase classname="backend.tests.test_panic_hr_features.TestPanicAlertFeatures" name="test_resolution_saved_to_guard_history" time="0.293" /><testcase classname="backend.tests.test_panic_hr_features.TestHRClockHistory" name="test_hr_can_access_clock_history" time="0.304" /><testcase classname="backend.tests.test_panic_hr_features.TestHRClockHistory" name="test_hr_can_access_clock_status" time="0.293" /><testcase classname="backend.tests.test_panic_hr_features.TestHRClockHistory" name="test_clock_history_scoped_by_condominium" time="0.669" /><testcase classname="backend.tests.test_panic_hr_features.TestHRAbsences" name="test_hr_can_view_absences" time="0.300" /><testcase classname="backend.tests.test_panic_hr_features.TestHRAbsences" name="test_guard_can_create_absence_request" time="0.292" /><testcase classname="backend.tests.test_panic_hr_features.TestHRAbsences" name="test_hr_cannot_create_absence" time="0.289" /></testsuite></testsuites>