<?xml version="1.0" encoding="utf-8"?><testsuites name="pytest tests"><testsuite name="pytest" errors="0" failures="0" skipped="0" tests="14" time="10.219" timestamp="2026-02-18T00:10:02.455584+00:00" hostname="agent-env-7e275610-be01-4c70-addb-fd1961c52c11"><testcase classname="backend.tests.test_password_change_all_roles.TestPasswordChangeEndpoint" name="test_change_password_endpoint_exists" time="0.278" /><testcase classname="backend.tests.test_password_change_all_roles.TestPasswordChangeEndpoint" name="test_guard_can_login" time="0.591" /><testcase classname="backend.tests.test_password_change_all_roles.TestPasswordChangeEndpoint" name="test_resident_can_login" time="0.457" /><testcase classname="backend.tests.test_password_change_all_roles.TestPasswordChangeEndpoint" name="test_admin_can_login" time="0.396" /><testcase classname="backend.tests.test_password_change_all_roles.TestPasswordChangeEndpoint" name="test_change_password_wrong_current_password" time="0.715" /><testcase classname="backend.tests.test_password_change_all_roles.TestPasswordChangeEndpoint" name="test_change_password_mismatched_passwords" time="0.778" /><testcase classname="backend.tests.test_password_change_all_roles.TestPasswordChangeEndpoint" name="test_change_password_same_as_current" time="0.831" /><testcase classname="backend.tests.test_password_change_all_roles.TestPasswordChangeEndpoint" name="test_change_password_too_short" time="0.447" /><testcase classname="backend.tests.test_password_change_all_roles.TestPasswordChangeEndpoint" name="test_change_password_missing_uppercase" time="0.583" /><testcase classname="backend.tests.test_password_change_all_roles.TestPasswordChangeEndpoint" name="test_change_password_missing_number" time="0.584" /><testcase classname="backend.tests.test_password_change_all_roles.TestPasswordChangeEndpoint" name="test_change_password_success_and_revert" time="2.315" /><testcase classname="backend.tests.test_password_change_all_roles.TestPasswordChangeAllRoles" name="test_guard_has_access_to_change_password" time="0.829" /><testcase classname="backend.tests.test_password_change_all_roles.TestPasswordChangeAllRoles" name="test_resident_has_access_to_change_password" time="0.648" /><testcase classname="backend.tests.test_password_change_all_roles.TestPasswordChangeAllRoles" name="test_admin_has_access_to_change_password" time="0.672" /></testsuite></testsuites>