<?xml version="1.0" encoding="utf-8"?><testsuites name="pytest tests"><testsuite name="pytest" errors="0" failures="0" skipped="0" tests="9" time="10.386" timestamp="2026-02-17T10:16:23.454061+00:00" hostname="agent-env-7e275610-be01-4c70-addb-fd1961c52c11"><testcase classname="backend.tests.test_password_change.TestPasswordChangeValidations" name="test_incorrect_current_password" time="0.946" /><testcase classname="backend.tests.test_password_change.TestPasswordChangeValidations" name="test_new_password_same_as_current" time="0.730" /><testcase classname="backend.tests.test_password_change.TestPasswordChangeValidations" name="test_password_missing_uppercase" time="0.905" /><testcase classname="backend.tests.test_password_change.TestPasswordChangeValidations" name="test_password_missing_number" time="0.504" /><testcase classname="backend.tests.test_password_change.TestPasswordChangeValidations" name="test_password_too_short" time="1.069" /><testcase classname="backend.tests.test_password_change.TestPasswordChangeValidations" name="test_passwords_do_not_match" time="0.759" /><testcase classname="backend.tests.test_password_change.TestPasswordChangeValidations" name="test_unauthenticated_request" time="0.104" /><testcase classname="backend.tests.test_password_change.TestPasswordChangeSuccessAndSessionInvalidation" name="test_successful_password_change_and_session_invalidation" time="3.459" /><testcase classname="backend.tests.test_password_change.TestDatabaseUpdate" name="test_password_changed_at_updated_in_db" time="1.841" /></testsuite></testsuites>