<?xml version="1.0" encoding="utf-8"?><testsuites name="pytest tests"><testsuite name="pytest" errors="0" failures="0" skipped="0" tests="35" time="11.099" timestamp="2026-01-29T08:49:42.694139+00:00" hostname="agent-env-a8da02f4-967b-4dbd-aeff-1909fb1e185f"><testcase classname="backend.tests.test_pre_deployment_consolidation.TestAuthentication" name="test_admin_login" time="1.343" /><testcase classname="backend.tests.test_pre_deployment_consolidation.TestAuthentication" name="test_guard_login" time="0.000" /><testcase classname="backend.tests.test_pre_deployment_consolidation.TestAuthentication" name="test_hr_login" time="0.000" /><testcase classname="backend.tests.test_pre_deployment_consolidation.TestAuthentication" name="test_resident_login" time="0.000" /><testcase classname="backend.tests.test_pre_deployment_consolidation.TestProfileSystem" name="test_get_profile_admin" time="0.295" /><testcase classname="backend.tests.test_pre_deployment_consolidation.TestProfileSystem" name="test_get_profile_guard" time="0.291" /><testcase classname="backend.tests.test_pre_deployment_consolidation.TestProfileSystem" name="test_update_profile" time="0.039" /><testcase classname="backend.tests.test_pre_deployment_consolidation.TestDirectoryForAllRoles" name="test_admin_can_access_directory" time="1.072" /><testcase classname="backend.tests.test_pre_deployment_consolidation.TestDirectoryForAllRoles" name="test_guard_can_access_directory" time="0.035" /><testcase classname="backend.tests.test_pre_deployment_consolidation.TestDirectoryForAllRoles" name="test_hr_can_access_directory" time="0.033" /><testcase classname="backend.tests.test_pre_deployment_consolidation.TestDirectoryForAllRoles" name="test_resident_can_access_directory" time="0.041" /><testcase classname="backend.tests.test_pre_deployment_consolidation.TestGuardNavigation" name="test_guard_panic_events" time="0.306" /><testcase classname="backend.tests.test_pre_deployment_consolidation.TestGuardNavigation" name="test_guard_pending_visitors" time="0.037" /><testcase classname="backend.tests.test_pre_deployment_consolidation.TestGuardNavigation" name="test_guard_my_shift" time="0.035" /><testcase classname="backend.tests.test_pre_deployment_consolidation.TestGuardNavigation" name="test_guard_my_absences" time="0.039" /><testcase classname="backend.tests.test_pre_deployment_consolidation.TestGuardNavigation" name="test_guard_history" time="0.033" /><testcase classname="backend.tests.test_pre_deployment_consolidation.TestGuardNavigation" name="test_guard_profile" time="0.034" /><testcase classname="backend.tests.test_pre_deployment_consolidation.TestGuardNavigation" name="test_guard_directory" time="0.036" /><testcase classname="backend.tests.test_pre_deployment_consolidation.TestHRNavigation" name="test_hr_guards" time="0.289" /><testcase classname="backend.tests.test_pre_deployment_consolidation.TestHRNavigation" name="test_hr_shifts" time="0.032" /><testcase classname="backend.tests.test_pre_deployment_consolidation.TestHRNavigation" name="test_hr_absences" time="0.031" /><testcase classname="backend.tests.test_pre_deployment_consolidation.TestHRNavigation" name="test_hr_candidates" time="0.033" /><testcase classname="backend.tests.test_pre_deployment_consolidation.TestHRNavigation" name="test_hr_profile" time="0.036" /><testcase classname="backend.tests.test_pre_deployment_consolidation.TestHRNavigation" name="test_hr_directory" time="0.035" /><testcase classname="backend.tests.test_pre_deployment_consolidation.TestNotifications" name="test_admin_can_get_panic_events" time="0.298" /><testcase classname="backend.tests.test_pre_deployment_consolidation.TestNotifications" name="test_guard_can_get_panic_events" time="0.293" /><testcase classname="backend.tests.test_pre_deployment_consolidation.TestModuleVisibility" name="test_get_condominium_modules" time="0.289" /><testcase classname="backend.tests.test_pre_deployment_consolidation.TestReservationsModule" name="test_admin_can_get_areas" time="0.309" /><testcase classname="backend.tests.test_pre_deployment_consolidation.TestReservationsModule" name="test_admin_can_create_area" time="0.034" /><testcase classname="backend.tests.test_pre_deployment_consolidation.TestReservationsModule" name="test_resident_can_get_areas" time="0.294" /><testcase classname="backend.tests.test_pre_deployment_consolidation.TestReservationsModule" name="test_admin_can_get_reservations" time="0.036" /><testcase classname="backend.tests.test_pre_deployment_consolidation.TestRoleSecurity" name="test_users_have_condominium_id" time="0.560" /><testcase classname="backend.tests.test_pre_deployment_consolidation.TestRoleSecurity" name="test_directory_scoped_by_condominium" time="0.034" /><testcase classname="backend.tests.test_pre_deployment_consolidation.TestRoleSecurity" name="test_resident_cannot_access_admin_endpoints" time="0.074" /><testcase classname="backend.tests.test_pre_deployment_consolidation.TestE2EGuardFlow" name="test_guard_full_flow" time="4.652" /></testsuite></testsuites>