<?xml version="1.0" encoding="utf-8"?><testsuites name="pytest tests"><testsuite name="pytest" errors="1" failures="0" skipped="0" tests="8" time="4.875" timestamp="2026-02-20T19:15:27.568899+00:00" hostname="agent-env-c85a4ff1-4c5b-4b77-9090-2b4f2c7a0cc1"><testcase classname="backend.tests.test_pricing_ui_feature.TestPricingFeature" name="test_get_global_pricing_returns_current_pricing" time="0.715" /><testcase classname="backend.tests.test_pricing_ui_feature.TestPricingFeature" name="test_put_global_pricing_updates_successfully" time="0.784" /><testcase classname="backend.tests.test_pricing_ui_feature.TestPricingFeature" name="test_get_condominiums_pricing_returns_list" time="0.631" /><testcase classname="backend.tests.test_pricing_ui_feature.TestPricingFeature" name="test_patch_set_price_override" time="0.840" /><testcase classname="backend.tests.test_pricing_ui_feature.TestPricingFeature" name="test_patch_remove_price_override" time="0.665" /><testcase classname="backend.tests.test_pricing_ui_feature.TestPricingFeature" name="test_put_global_rejects_zero_price" time="0.493" /><testcase classname="backend.tests.test_pricing_ui_feature.TestPricingFeature" name="test_put_global_rejects_negative_price" time="0.538" /><testcase classname="backend.tests.test_pricing_ui_feature.TestPricingFeature" name="test_put_global_rejects_invalid_currency" time="0.127"><error message="failed on setup with &quot;AssertionError: Login failed: {&quot;error&quot;:&quot;Too many login attempts. Please try again later.&quot;,&quot;detail&quot;:&quot;Too many login attempts. Please try again later.&quot;,&quot;request_id&quot;:&quot;eb9301dd-b3a6-4ebc-b63a-3b6e4963094a&quot;}&#10;assert 429 == 200&#10; +  where 429 = &lt;Response [429]&gt;.status_code&quot;">backend/tests/test_pricing_ui_feature.py:32: in setup
    assert response.status_code == 200, f"Login failed: {response.text}"
E   AssertionError: Login failed: {"error":"Too many login attempts. Please try again later.","detail":"Too many login attempts. Please try again later.","request_id":"eb9301dd-b3a6-4ebc-b63a-3b6e4963094a"}
E   assert 429 == 200
E    +  where 429 = &lt;Response [429]&gt;.status_code</error></testcase></testsuite></testsuites>