<?xml version="1.0" encoding="utf-8"?><testsuites name="pytest tests"><testsuite name="pytest" errors="0" failures="0" skipped="0" tests="17" time="3.105" timestamp="2026-02-19T08:56:07.394569+00:00" hostname="agent-env-be5c1e54-6faa-408e-9443-708466aa6f22"><testcase classname="backend.tests.test_production_hardening.TestHealthEndpoint" name="test_health_endpoint_returns_200" time="0.178" /><testcase classname="backend.tests.test_production_hardening.TestHealthEndpoint" name="test_health_endpoint_has_status_ok" time="0.144" /><testcase classname="backend.tests.test_production_hardening.TestHealthEndpoint" name="test_health_endpoint_database_connected" time="0.120" /><testcase classname="backend.tests.test_production_hardening.TestHealthEndpoint" name="test_health_endpoint_has_version" time="0.106" /><testcase classname="backend.tests.test_production_hardening.TestLoginWithValidCredentials" name="test_login_superadmin_success" time="0.334" /><testcase classname="backend.tests.test_production_hardening.TestLoginWithValidCredentials" name="test_login_admin_success" time="0.329" /><testcase classname="backend.tests.test_production_hardening.TestLoginWithValidCredentials" name="test_login_guard_success" time="0.339" /><testcase classname="backend.tests.test_production_hardening.TestLoginWithValidCredentials" name="test_login_resident_success" time="0.328" /><testcase classname="backend.tests.test_production_hardening.TestLoginWithValidCredentials" name="test_login_invalid_password_returns_401" time="0.329" /><testcase classname="backend.tests.test_production_hardening.TestLoginWithValidCredentials" name="test_login_invalid_email_returns_401" time="0.104" /><testcase classname="backend.tests.test_production_hardening.TestRateLimitingLocalhost" name="test_rate_limiting_blocks_after_5_failed_attempts_localhost" time="0.014" /><testcase classname="backend.tests.test_production_hardening.TestRateLimitingLocalhost" name="test_rate_limiting_message_content_localhost" time="0.013" /><testcase classname="backend.tests.test_production_hardening.TestRateLimitingLocalhost" name="test_rate_limiting_7th_attempt_still_blocked" time="0.014" /><testcase classname="backend.tests.test_production_hardening.TestJWTSecurityHeaders" name="test_login_returns_request_id_header" time="0.349" /><testcase classname="backend.tests.test_production_hardening.TestJWTSecurityHeaders" name="test_error_response_includes_request_id" time="0.118" /><testcase classname="backend.tests.test_production_hardening.TestEnvironmentConfiguration" name="test_health_endpoint_works_without_auth" time="0.105" /><testcase classname="backend.tests.test_production_hardening.TestEnvironmentConfiguration" name="test_protected_endpoint_requires_auth" time="0.114" /></testsuite></testsuites>