<?xml version="1.0" encoding="utf-8"?><testsuites name="pytest tests"><testsuite name="pytest" errors="0" failures="0" skipped="0" tests="14" time="5.191" timestamp="2026-01-29T06:32:33.406636+00:00" hostname="agent-env-a8da02f4-967b-4dbd-aeff-1909fb1e185f"><testcase classname="backend.tests.test_profile_module.TestProfileModule" name="test_get_own_profile_success" time="0.367" /><testcase classname="backend.tests.test_profile_module.TestProfileModule" name="test_get_own_profile_unauthorized" time="0.078" /><testcase classname="backend.tests.test_profile_module.TestProfileModule" name="test_update_profile_full_name" time="0.913" /><testcase classname="backend.tests.test_profile_module.TestProfileModule" name="test_update_profile_phone" time="0.293" /><testcase classname="backend.tests.test_profile_module.TestProfileModule" name="test_update_profile_public_description" time="0.305" /><testcase classname="backend.tests.test_profile_module.TestProfileModule" name="test_update_profile_multiple_fields" time="0.300" /><testcase classname="backend.tests.test_profile_module.TestProfileModule" name="test_update_profile_empty_body_fails" time="0.296" /><testcase classname="backend.tests.test_profile_module.TestProfileModule" name="test_get_public_profile_same_condo" time="0.290" /><testcase classname="backend.tests.test_profile_module.TestProfileModule" name="test_get_public_profile_different_condo_forbidden" time="0.607" /><testcase classname="backend.tests.test_profile_module.TestProfileModule" name="test_superadmin_can_view_any_profile" time="0.040" /><testcase classname="backend.tests.test_profile_module.TestProfileModule" name="test_get_public_profile_nonexistent_user" time="0.036" /><testcase classname="backend.tests.test_profile_module.TestProfileModule" name="test_get_public_profile_unauthorized" time="0.035" /><testcase classname="backend.tests.test_profile_module.TestProfileModule" name="test_public_profile_response_structure" time="1.174" /><testcase classname="backend.tests.test_profile_module.TestProfileWithExistingUsers" name="test_superadmin_profile" time="0.323" /></testsuite></testsuites>