<?xml version="1.0" encoding="utf-8"?><testsuites name="pytest tests"><testsuite name="pytest" errors="0" failures="0" skipped="2" tests="15" time="4.518" timestamp="2026-02-19T11:28:35.819414+00:00" hostname="agent-env-be5c1e54-6faa-408e-9443-708466aa6f22"><testcase classname="backend.tests.test_push_notification_hardening.TestPushNotificationHardening" name="test_health_endpoint" time="0.131" /><testcase classname="backend.tests.test_push_notification_hardening.TestPushNotificationHardening" name="test_vapid_key_available" time="0.123" /><testcase classname="backend.tests.test_push_notification_hardening.TestPushNotificationHardening" name="test_push_subscribe_requires_auth" time="0.117" /><testcase classname="backend.tests.test_push_notification_hardening.TestPushNotificationHardening" name="test_push_subscribe_with_guard_auth" time="0.391" /><testcase classname="backend.tests.test_push_notification_hardening.TestPushNotificationHardening" name="test_push_subscribe_cleanup_inactive" time="0.440" /><testcase classname="backend.tests.test_push_notification_hardening.TestPushNotificationHardening" name="test_push_subscribe_duplicate_endpoint_updates" time="0.541" /><testcase classname="backend.tests.test_push_notification_hardening.TestPushNotificationHardening" name="test_panic_button_triggers_notifications" time="0.377" /><testcase classname="backend.tests.test_push_notification_hardening.TestPushNotificationHardening" name="test_panic_list_after_trigger" time="0.394" /><testcase classname="backend.tests.test_push_notification_hardening.TestPushNotificationHardening" name="test_push_unsubscribe_all_logged" time="0.408" /><testcase classname="backend.tests.test_push_notification_hardening.TestSendPushNotificationWithCleanup" name="test_targeted_push_returns_structured_result" time="0.383" /><testcase classname="backend.tests.test_push_notification_hardening.TestUniqueCompoundIndex" name="test_index_prevents_duplicate_subscriptions" time="0.545" /><testcase classname="backend.tests.test_push_notification_hardening.TestCleanupOnSubscribe" name="test_subscribe_cleans_invalid_entries" time="0.387" /><testcase classname="backend.tests.test_push_notification_hardening.TestParallelDelivery" name="test_panic_uses_parallel_delivery" time="0.110"><skipped type="pytest.skip" message="Could not login as guard">/app/backend/tests/test_push_notification_hardening.py:414: Could not login as guard</skipped></testcase><testcase classname="backend.tests.test_push_notification_hardening.TestStructuredLogging" name="test_panic_response_includes_notification_stats" time="0.103"><skipped type="pytest.skip" message="Could not login as guard">/app/backend/tests/test_push_notification_hardening.py:451: Could not login as guard</skipped></testcase><testcase classname="backend.tests.test_push_notification_hardening.TestInvalidSubscriptionRemoval" name="test_404_410_cleanup_documented" time="0.000" /></testsuite></testsuites>