<?xml version="1.0" encoding="utf-8"?><testsuites name="pytest tests"><testsuite name="pytest" errors="0" failures="0" skipped="2" tests="19" time="3.528" timestamp="2026-02-01T14:18:15.583747+00:00" hostname="agent-env-d71c44a0-98c8-4b40-b36e-ca3c0e2376c2"><testcase classname="backend.tests.test_reservations_p0_bug.TestAdminAreaCRUD" name="test_admin_login_success" time="0.403" /><testcase classname="backend.tests.test_reservations_p0_bug.TestAdminAreaCRUD" name="test_get_areas_list" time="0.050" /><testcase classname="backend.tests.test_reservations_p0_bug.TestAdminAreaCRUD" name="test_create_area_success" time="0.047" /><testcase classname="backend.tests.test_reservations_p0_bug.TestAdminAreaCRUD" name="test_create_area_error_handling" time="0.056" /><testcase classname="backend.tests.test_reservations_p0_bug.TestAdminAreaCRUD" name="test_update_area_success" time="0.128" /><testcase classname="backend.tests.test_reservations_p0_bug.TestAdminAreaCRUD" name="test_delete_area_success" time="0.109" /><testcase classname="backend.tests.test_reservations_p0_bug.TestResidentReservations" name="test_resident_login_success" time="0.269" /><testcase classname="backend.tests.test_reservations_p0_bug.TestResidentReservations" name="test_resident_get_areas" time="0.037" /><testcase classname="backend.tests.test_reservations_p0_bug.TestResidentReservations" name="test_resident_get_reservations" time="0.073" /><testcase classname="backend.tests.test_reservations_p0_bug.TestResidentReservations" name="test_resident_create_reservation_success" time="0.080" /><testcase classname="backend.tests.test_reservations_p0_bug.TestResidentReservations" name="test_resident_create_reservation_error_handling" time="0.089" /><testcase classname="backend.tests.test_reservations_p0_bug.TestResidentReservations" name="test_resident_cancel_reservation" time="0.048"><skipped type="pytest.skip" message="No pending reservations to cancel">/app/backend/tests/test_reservations_p0_bug.py:281: No pending reservations to cancel</skipped></testcase><testcase classname="backend.tests.test_reservations_p0_bug.TestAdminReservationManagement" name="test_admin_get_all_reservations" time="0.307" /><testcase classname="backend.tests.test_reservations_p0_bug.TestAdminReservationManagement" name="test_admin_approve_reservation" time="0.059"><skipped type="pytest.skip" message="No pending reservations to approve">/app/backend/tests/test_reservations_p0_bug.py:315: No pending reservations to approve</skipped></testcase><testcase classname="backend.tests.test_reservations_p0_bug.TestAdminReservationManagement" name="test_admin_reject_reservation" time="0.380" /><testcase classname="backend.tests.test_reservations_p0_bug.TestSmartAvailability" name="test_get_smart_availability" time="0.328" /><testcase classname="backend.tests.test_reservations_p0_bug.TestErrorMessageFormat" name="test_invalid_area_id_error" time="0.332" /><testcase classname="backend.tests.test_reservations_p0_bug.TestErrorMessageFormat" name="test_past_date_error" time="0.076" /><testcase classname="backend.tests.test_reservations_p0_bug.TestErrorMessageFormat" name="test_capacity_exceeded_error" time="0.406" /></testsuite></testsuites>