<?xml version="1.0" encoding="utf-8"?><testsuites name="pytest tests"><testsuite name="pytest" errors="0" failures="0" skipped="0" tests="27" time="2.592" timestamp="2026-02-19T09:16:17.773821+00:00" hostname="agent-env-be5c1e54-6faa-408e-9443-708466aa6f22"><testcase classname="backend.tests.test_resident_direct_push_notifications.TestHealthAndLogin" name="test_health_endpoint" time="0.157" /><testcase classname="backend.tests.test_resident_direct_push_notifications.TestHealthAndLogin" name="test_guard_login" time="0.333" /><testcase classname="backend.tests.test_resident_direct_push_notifications.TestHealthAndLogin" name="test_admin_login" time="0.333" /><testcase classname="backend.tests.test_resident_direct_push_notifications.TestHealthAndLogin" name="test_resident_login" time="0.351" /><testcase classname="backend.tests.test_resident_direct_push_notifications.TestCodeAnalysisCheckinNotification" name="test_checkin_uses_send_targeted_push_notification" time="0.001" /><testcase classname="backend.tests.test_resident_direct_push_notifications.TestCodeAnalysisCheckinNotification" name="test_checkin_exclude_user_ids" time="0.001" /><testcase classname="backend.tests.test_resident_direct_push_notifications.TestCodeAnalysisCheckinNotification" name="test_checkin_create_and_send_notification_send_push_false" time="0.001" /><testcase classname="backend.tests.test_resident_direct_push_notifications.TestCodeAnalysisCheckoutNotification" name="test_checkout_uses_send_targeted_push_notification" time="0.001" /><testcase classname="backend.tests.test_resident_direct_push_notifications.TestCodeAnalysisCheckoutNotification" name="test_checkout_target_resident_id" time="0.001" /><testcase classname="backend.tests.test_resident_direct_push_notifications.TestCodeAnalysisCheckoutNotification" name="test_checkout_exclude_current_user" time="0.001" /><testcase classname="backend.tests.test_resident_direct_push_notifications.TestCodeAnalysisCheckoutNotification" name="test_checkout_create_and_send_notification_send_push_false" time="0.001" /><testcase classname="backend.tests.test_resident_direct_push_notifications.TestCodeAnalysisReservationApprovalNotification" name="test_reservation_approved_uses_send_targeted_push_notification" time="0.001" /><testcase classname="backend.tests.test_resident_direct_push_notifications.TestCodeAnalysisReservationApprovalNotification" name="test_reservation_approved_target_resident_id" time="0.001" /><testcase classname="backend.tests.test_resident_direct_push_notifications.TestCodeAnalysisReservationApprovalNotification" name="test_reservation_approved_exclude_current_user" time="0.001" /><testcase classname="backend.tests.test_resident_direct_push_notifications.TestCodeAnalysisReservationApprovalNotification" name="test_reservation_approved_send_push_false" time="0.001" /><testcase classname="backend.tests.test_resident_direct_push_notifications.TestCodeAnalysisReservationRejectionNotification" name="test_reservation_rejected_uses_send_targeted_push_notification" time="0.001" /><testcase classname="backend.tests.test_resident_direct_push_notifications.TestCodeAnalysisReservationRejectionNotification" name="test_reservation_rejected_target_resident_id" time="0.001" /><testcase classname="backend.tests.test_resident_direct_push_notifications.TestCodeAnalysisReservationRejectionNotification" name="test_reservation_rejected_exclude_current_user" time="0.001" /><testcase classname="backend.tests.test_resident_direct_push_notifications.TestCodeAnalysisReservationRejectionNotification" name="test_reservation_rejected_send_push_false" time="0.001" /><testcase classname="backend.tests.test_resident_direct_push_notifications.TestFunctionalCheckinEndpoint" name="test_guard_checkin_endpoint_exists" time="0.431" /><testcase classname="backend.tests.test_resident_direct_push_notifications.TestFunctionalCheckoutEndpoint" name="test_guard_checkout_endpoint_exists" time="0.439" /><testcase classname="backend.tests.test_resident_direct_push_notifications.TestFunctionalReservationEndpoint" name="test_reservation_patch_endpoint_exists" time="0.446" /><testcase classname="backend.tests.test_resident_direct_push_notifications.TestNotifyGuardsOfPanicUnchanged" name="test_notify_guards_of_panic_exists" time="0.001" /><testcase classname="backend.tests.test_resident_direct_push_notifications.TestNotifyGuardsOfPanicUnchanged" name="test_notify_guards_of_panic_not_using_targeted_function" time="0.001" /><testcase classname="backend.tests.test_resident_direct_push_notifications.TestSendTargetedPushNotificationFunction" name="test_function_exists" time="0.001" /><testcase classname="backend.tests.test_resident_direct_push_notifications.TestSendTargetedPushNotificationFunction" name="test_function_has_target_user_ids_parameter" time="0.001" /><testcase classname="backend.tests.test_resident_direct_push_notifications.TestSendTargetedPushNotificationFunction" name="test_function_has_exclude_user_ids_parameter" time="0.001" /></testsuite></testsuites>