<?xml version="1.0" encoding="utf-8"?><testsuites name="pytest tests"><testsuite name="pytest" errors="0" failures="0" skipped="0" tests="16" time="8.730" timestamp="2026-01-28T21:09:49.548081+00:00" hostname="agent-env-8d4b8f77-424d-4f44-bd45-6f43dd054118"><testcase classname="backend.tests.test_role_validation_and_condo_admin.TestRoleValidationAndCondoAdmin" name="test_create_residente_requires_apartment_number" time="0.338" /><testcase classname="backend.tests.test_role_validation_and_condo_admin.TestRoleValidationAndCondoAdmin" name="test_create_residente_with_apartment_number_succeeds" time="0.536" /><testcase classname="backend.tests.test_role_validation_and_condo_admin.TestRoleValidationAndCondoAdmin" name="test_create_guarda_requires_badge_number" time="0.271" /><testcase classname="backend.tests.test_role_validation_and_condo_admin.TestRoleValidationAndCondoAdmin" name="test_create_guarda_with_badge_number_succeeds" time="0.507" /><testcase classname="backend.tests.test_role_validation_and_condo_admin.TestRoleValidationAndCondoAdmin" name="test_create_hr_optional_fields" time="0.495" /><testcase classname="backend.tests.test_role_validation_and_condo_admin.TestRoleValidationAndCondoAdmin" name="test_create_hr_without_optional_fields" time="0.500" /><testcase classname="backend.tests.test_role_validation_and_condo_admin.TestRoleValidationAndCondoAdmin" name="test_create_estudiante_optional_fields" time="0.493" /><testcase classname="backend.tests.test_role_validation_and_condo_admin.TestRoleValidationAndCondoAdmin" name="test_create_supervisor_optional_fields" time="0.512" /><testcase classname="backend.tests.test_role_validation_and_condo_admin.TestRoleValidationAndCondoAdmin" name="test_admin_cannot_create_admin" time="0.312" /><testcase classname="backend.tests.test_role_validation_and_condo_admin.TestRoleValidationAndCondoAdmin" name="test_admin_cannot_create_superadmin" time="0.267" /><testcase classname="backend.tests.test_role_validation_and_condo_admin.TestRoleValidationAndCondoAdmin" name="test_super_admin_create_condo_admin" time="0.535" /><testcase classname="backend.tests.test_role_validation_and_condo_admin.TestRoleValidationAndCondoAdmin" name="test_super_admin_create_condo_admin_invalid_condo" time="0.266" /><testcase classname="backend.tests.test_role_validation_and_condo_admin.TestRoleValidationAndCondoAdmin" name="test_new_user_can_login_immediately" time="0.786" /><testcase classname="backend.tests.test_role_validation_and_condo_admin.TestRoleValidationAndCondoAdmin" name="test_user_creation_logged_in_audit" time="0.572" /><testcase classname="backend.tests.test_role_validation_and_condo_admin.TestRoleValidationAndCondoAdmin" name="test_role_data_stored_in_user_document" time="0.737" /><testcase classname="backend.tests.test_role_validation_and_condo_admin.TestDynamicFormUI" name="test_available_roles_list" time="1.550" /></testsuite></testsuites>