<?xml version="1.0" encoding="utf-8"?><testsuites name="pytest tests"><testsuite name="pytest" errors="0" failures="0" skipped="0" tests="14" time="4.758" timestamp="2026-01-28T10:02:49.499279+00:00" hostname="agent-env-2f098034-c741-4bd7-8c39-be0cd21df305"><testcase classname="tests.test_super_admin.TestSuperAdminLogin" name="test_super_admin_login_success" time="0.307" /><testcase classname="tests.test_super_admin.TestSuperAdminLogin" name="test_super_admin_login_wrong_password" time="0.260" /><testcase classname="tests.test_super_admin.TestSuperAdminStats" name="test_get_platform_stats" time="0.299" /><testcase classname="tests.test_super_admin.TestSuperAdminStats" name="test_stats_requires_auth" time="0.293" /><testcase classname="tests.test_super_admin.TestSuperAdminStats" name="test_stats_requires_super_admin_role" time="0.561" /><testcase classname="tests.test_super_admin.TestCondominiumsList" name="test_list_condominiums" time="0.299" /><testcase classname="tests.test_super_admin.TestCondominiumsList" name="test_condominiums_have_modules" time="0.301" /><testcase classname="tests.test_super_admin.TestSuperAdminUsers" name="test_get_all_users" time="0.301" /><testcase classname="tests.test_super_admin.TestSuperAdminUsers" name="test_filter_users_by_role" time="0.308" /><testcase classname="tests.test_super_admin.TestSuperAdminUsers" name="test_users_include_condominium_name" time="0.295" /><testcase classname="tests.test_super_admin.TestCondominiumStatusChange" name="test_change_status_to_demo" time="0.369" /><testcase classname="tests.test_super_admin.TestCondominiumStatusChange" name="test_update_condominium_status_via_patch" time="0.361" /><testcase classname="tests.test_super_admin.TestUserLockUnlock" name="test_lock_user" time="0.364" /><testcase classname="tests.test_super_admin.TestUserLockUnlock" name="test_unlock_user" time="0.365" /></testsuite></testsuites>