<?xml version="1.0" encoding="utf-8"?><testsuites name="pytest tests"><testsuite name="pytest" errors="0" failures="0" skipped="0" tests="20" time="1.700" timestamp="2026-02-19T09:07:24.056950+00:00" hostname="agent-env-be5c1e54-6faa-408e-9443-708466aa6f22"><testcase classname="backend.tests.test_targeted_push_notifications.TestHealthEndpoint" name="test_health_endpoint_returns_200" time="0.140" /><testcase classname="backend.tests.test_targeted_push_notifications.TestLoginWithCredentials" name="test_superadmin_login" time="0.329" /><testcase classname="backend.tests.test_targeted_push_notifications.TestLoginWithCredentials" name="test_admin_login" time="0.349" /><testcase classname="backend.tests.test_targeted_push_notifications.TestLoginWithCredentials" name="test_guard_login" time="0.323" /><testcase classname="backend.tests.test_targeted_push_notifications.TestLoginWithCredentials" name="test_resident_login" time="0.365" /><testcase classname="backend.tests.test_targeted_push_notifications.TestLoginWithCredentials" name="test_invalid_credentials_rejected" time="0.110" /><testcase classname="backend.tests.test_targeted_push_notifications.TestSendTargetedPushNotificationExists" name="test_function_exists_in_server_py" time="0.001" /><testcase classname="backend.tests.test_targeted_push_notifications.TestSendTargetedPushNotificationExists" name="test_function_has_correct_parameters" time="0.001" /><testcase classname="backend.tests.test_targeted_push_notifications.TestSendTargetedPushNotificationExists" name="test_function_returns_dict_with_expected_keys" time="0.001" /><testcase classname="backend.tests.test_targeted_push_notifications.TestLegacyPushFunctionsExist" name="test_send_push_to_user_exists" time="0.001" /><testcase classname="backend.tests.test_targeted_push_notifications.TestLegacyPushFunctionsExist" name="test_send_push_to_guards_exists" time="0.001" /><testcase classname="backend.tests.test_targeted_push_notifications.TestLegacyPushFunctionsExist" name="test_send_push_to_admins_exists" time="0.001" /><testcase classname="backend.tests.test_targeted_push_notifications.TestNotifyGuardsOfPanicUnchanged" name="test_notify_guards_of_panic_exists" time="0.001" /><testcase classname="backend.tests.test_targeted_push_notifications.TestNotifyGuardsOfPanicUnchanged" name="test_notify_guards_of_panic_signature_unchanged" time="0.001" /><testcase classname="backend.tests.test_targeted_push_notifications.TestNotifyGuardsOfPanicUnchanged" name="test_notify_guards_of_panic_not_using_targeted_function" time="0.001" /><testcase classname="backend.tests.test_targeted_push_notifications.TestTargetedPushUsedInPreRegistration" name="test_preregistration_uses_targeted_push" time="0.001" /><testcase classname="backend.tests.test_targeted_push_notifications.TestTargetedPushUsedInReservations" name="test_reservations_uses_targeted_push" time="0.001" /><testcase classname="backend.tests.test_targeted_push_notifications.TestTargetedPushValidations" name="test_vapid_key_validation" time="0.001" /><testcase classname="backend.tests.test_targeted_push_notifications.TestTargetedPushValidations" name="test_condominium_validation" time="0.001" /><testcase classname="backend.tests.test_targeted_push_notifications.TestTargetedPushValidations" name="test_targeting_requirement_validation" time="0.001" /></testsuite></testsuites>