<?xml version="1.0" encoding="utf-8"?><testsuites name="pytest tests"><testsuite name="pytest" errors="0" failures="0" skipped="0" tests="7" time="2.876" timestamp="2026-01-31T22:26:18.543184+00:00" hostname="agent-env-220287aa-8cef-48d9-8c3d-1fbc85704841"><testcase classname="backend.tests.test_user_creation_errors.TestUserCreationErrorMessages" name="test_duplicate_email_error" time="0.335" /><testcase classname="backend.tests.test_user_creation_errors.TestUserCreationErrorMessages" name="test_residente_without_apartment_error" time="0.317" /><testcase classname="backend.tests.test_user_creation_errors.TestUserCreationErrorMessages" name="test_guarda_without_badge_error" time="0.302" /><testcase classname="backend.tests.test_user_creation_errors.TestUserCreationErrorMessages" name="test_create_residente_success" time="0.525" /><testcase classname="backend.tests.test_user_creation_errors.TestUserCreationErrorMessages" name="test_create_guarda_success" time="0.526" /><testcase classname="backend.tests.test_user_creation_errors.TestUserCreationErrorMessages" name="test_create_hr_success" time="0.520" /><testcase classname="backend.tests.test_user_creation_errors.TestUserCreationErrorMessages" name="test_invalid_role_error" time="0.300" /></testsuite></testsuites>