<?xml version="1.0" encoding="utf-8"?><testsuites name="pytest tests"><testsuite name="pytest" errors="0" failures="0" skipped="0" tests="25" time="55.771" timestamp="2026-01-31T02:03:10.471817+00:00" hostname="agent-env-d0567e0b-175a-44ca-83b1-39e6606feb48"><testcase classname="backend.tests.test_visitor_authorizations.TestVisitorAuthorizationSystem" name="test_01_admin_login" time="12.370" /><testcase classname="backend.tests.test_visitor_authorizations.TestVisitorAuthorizationSystem" name="test_02_guard_login" time="4.158" /><testcase classname="backend.tests.test_visitor_authorizations.TestVisitorAuthorizationSystem" name="test_03_resident_login" time="20.493" /><testcase classname="backend.tests.test_visitor_authorizations.TestVisitorAuthorizationSystem" name="test_10_create_permanent_authorization" time="0.834" /><testcase classname="backend.tests.test_visitor_authorizations.TestVisitorAuthorizationSystem" name="test_11_create_recurring_authorization" time="0.834" /><testcase classname="backend.tests.test_visitor_authorizations.TestVisitorAuthorizationSystem" name="test_12_create_temporary_authorization" time="0.828" /><testcase classname="backend.tests.test_visitor_authorizations.TestVisitorAuthorizationSystem" name="test_13_create_extended_authorization" time="0.828" /><testcase classname="backend.tests.test_visitor_authorizations.TestVisitorAuthorizationSystem" name="test_20_resident_get_my_authorizations" time="0.822" /><testcase classname="backend.tests.test_visitor_authorizations.TestVisitorAuthorizationSystem" name="test_21_resident_get_active_authorizations" time="0.888" /><testcase classname="backend.tests.test_visitor_authorizations.TestVisitorAuthorizationSystem" name="test_30_guard_search_by_name" time="0.819" /><testcase classname="backend.tests.test_visitor_authorizations.TestVisitorAuthorizationSystem" name="test_31_guard_search_by_plate" time="0.822" /><testcase classname="backend.tests.test_visitor_authorizations.TestVisitorAuthorizationSystem" name="test_32_guard_search_by_id" time="0.858" /><testcase classname="backend.tests.test_visitor_authorizations.TestVisitorAuthorizationSystem" name="test_40_guard_checkin_with_authorization" time="0.825" /><testcase classname="backend.tests.test_visitor_authorizations.TestVisitorAuthorizationSystem" name="test_41_guard_checkin_manual" time="0.868" /><testcase classname="backend.tests.test_visitor_authorizations.TestVisitorAuthorizationSystem" name="test_50_guard_get_visitors_inside" time="0.847" /><testcase classname="backend.tests.test_visitor_authorizations.TestVisitorAuthorizationSystem" name="test_60_guard_checkout" time="0.829" /><testcase classname="backend.tests.test_visitor_authorizations.TestVisitorAuthorizationSystem" name="test_61_checkout_already_exited_fails" time="0.830" /><testcase classname="backend.tests.test_visitor_authorizations.TestVisitorAuthorizationSystem" name="test_70_resident_gets_notifications" time="0.819" /><testcase classname="backend.tests.test_visitor_authorizations.TestVisitorAuthorizationSystem" name="test_80_get_authorization_history" time="0.855" /><testcase classname="backend.tests.test_visitor_authorizations.TestVisitorAuthorizationSystem" name="test_81_get_authorization_stats" time="0.870" /><testcase classname="backend.tests.test_visitor_authorizations.TestVisitorAuthorizationSystem" name="test_90_resident_update_authorization" time="0.876" /><testcase classname="backend.tests.test_visitor_authorizations.TestVisitorAuthorizationSystem" name="test_91_resident_delete_authorization" time="0.912" /><testcase classname="backend.tests.test_visitor_authorizations.TestVisitorAuthorizationSystem" name="test_95_guard_cannot_create_authorization" time="0.837" /><testcase classname="backend.tests.test_visitor_authorizations.TestVisitorAuthorizationSystem" name="test_96_resident_cannot_access_guard_endpoints" time="0.815" /><testcase classname="backend.tests.test_visitor_authorizations.TestVisitorAuthorizationSystem" name="test_99_cleanup_test_data" time="0.934" /></testsuite></testsuites>