<?xml version="1.0" encoding="utf-8"?><testsuites name="pytest tests"><testsuite name="pytest" errors="0" failures="0" skipped="0" tests="9" time="3.613" timestamp="2026-02-02T18:05:28.164451+00:00" hostname="agent-env-ad4944af-3ee8-420d-b772-6d1717e3713e"><testcase classname="backend.tests.test_visitor_type_authorization.TestVisitorTypeAuthorization" name="test_create_delivery_authorization" time="0.405" /><testcase classname="backend.tests.test_visitor_type_authorization.TestVisitorTypeAuthorization" name="test_create_maintenance_authorization" time="0.328" /><testcase classname="backend.tests.test_visitor_type_authorization.TestVisitorTypeAuthorization" name="test_create_technical_authorization" time="0.334" /><testcase classname="backend.tests.test_visitor_type_authorization.TestVisitorTypeAuthorization" name="test_create_cleaning_authorization" time="0.333" /><testcase classname="backend.tests.test_visitor_type_authorization.TestVisitorTypeAuthorization" name="test_create_other_authorization" time="0.285" /><testcase classname="backend.tests.test_visitor_type_authorization.TestVisitorTypeAuthorization" name="test_create_visitor_authorization_default_type" time="0.362" /><testcase classname="backend.tests.test_visitor_type_authorization.TestVisitorTypeAuthorization" name="test_get_authorization_returns_visitor_type_fields" time="0.361" /><testcase classname="backend.tests.test_visitor_type_authorization.TestVisitorTypeAuthorization" name="test_update_authorization_visitor_type" time="0.377" /><testcase classname="backend.tests.test_visitor_type_authorization.TestGuardViewsVisitorTypeAuthorizations" name="test_guard_sees_visitor_type_in_authorizations" time="0.760" /></testsuite></testsuites>